

================================================================
== Vivado HLS Report for 'SHA1ProcessMessageBlock_SHA1CircularShift'
================================================================
* Date:           Tue Sep 13 17:20:30 2016

* Version:        2016.1 (Build 1538259 on Fri Apr 08 16:12:49 MDT 2016)
* Project:        sha1_hls
* Solution:       base
* Product family: zynq
* Target device:  xc7z020clg484-1


================================================================
== Performance Estimates
================================================================
+ Timing (ns): 
    * Summary: 
    +--------+-------+----------+------------+
    |  Clock | Target| Estimated| Uncertainty|
    +--------+-------+----------+------------+
    |ap_clk  |  10.00|      5.80|        1.25|
    +--------+-------+----------+------------+

+ Latency (clock cycles): 
    * Summary: 
    +-----+-----+-----+-----+---------+
    |  Latency  |  Interval | Pipeline|
    | min | max | min | max |   Type  |
    +-----+-----+-----+-----+---------+
    |    0|    0|    0|    0|   none  |
    +-----+-----+-----+-----+---------+

    + Detail: 
        * Instance: 
        N/A

        * Loop: 
        N/A



================================================================
== Utilization Estimates
================================================================
* Summary: 
+-----------------+---------+-------+--------+-------+
|       Name      | BRAM_18K| DSP48E|   FF   |  LUT  |
+-----------------+---------+-------+--------+-------+
|DSP              |        -|      -|       -|      -|
|Expression       |        -|      -|       0|    227|
|FIFO             |        -|      -|       -|      -|
|Instance         |        -|      -|       -|      -|
|Memory           |        -|      -|       -|      -|
|Multiplexer      |        -|      -|       -|      -|
|Register         |        -|      -|       -|      -|
+-----------------+---------+-------+--------+-------+
|Total            |        0|      0|       0|    227|
+-----------------+---------+-------+--------+-------+
|Available        |      280|    220|  106400|  53200|
+-----------------+---------+-------+--------+-------+
|Utilization (%)  |        0|      0|       0|   ~0  |
+-----------------+---------+-------+--------+-------+

+ Detail: 
    * Instance: 
    N/A

    * DSP48: 
    N/A

    * Memory: 
    N/A

    * FIFO: 
    N/A

    * Expression: 
    +-----------------+----------+-------+---+----+------------+------------+
    |  Variable Name  | Operation| DSP48E| FF| LUT| Bitwidth P0| Bitwidth P1|
    +-----------------+----------+-------+---+----+------------+------------+
    |tmp_60_fu_32_p2  |     -    |      0|  0|   7|           7|           6|
    |tmp_61_fu_42_p2  |   lshr   |      0|  0|  88|          32|          32|
    |ap_return        |    or    |      0|  0|  44|          32|          32|
    |tmp_s_fu_26_p2   |    shl   |      0|  0|  88|          32|          32|
    +-----------------+----------+-------+---+----+------------+------------+
    |Total            |          |      0|  0| 227|         103|         102|
    +-----------------+----------+-------+---+----+------------+------------+

    * Multiplexer: 
    N/A

    * Register: 
    N/A



================================================================
== Interface
================================================================
* Summary: 
+-----------+-----+-----+------------+-------------------------------------------+--------------+
| RTL Ports | Dir | Bits|  Protocol  |               Source Object               |    C Type    |
+-----------+-----+-----+------------+-------------------------------------------+--------------+
|bits       |  in |    6|   ap_none  |                    bits                   |    scalar    |
|word       |  in |   32|   ap_none  |                    word                   |    scalar    |
|ap_return  | out |   32| ap_ctrl_hs | SHA1ProcessMessageBlock_SHA1CircularShift | return value |
+-----------+-----+-----+------------+-------------------------------------------+--------------+

============================================================
+ Verbose Summary: Synthesis Manager
============================================================
InlineROM: 1
ExposeGlobal: 0
============================================================
+ Verbose Summary: CDFG Model
============================================================
IsTopModel: 0
ResetActiveHigh: 1
IsCombinational: 1
IsDatapathOnly: 2
HasWiredReturn: 1
HasMFsm: 0
HasVarLatency: 0
IsPipeline: 0
IsRtlPipelined: 0
IsInstanceOverlapped: 0
IsDontTouch: 0
HasImplIP: 0
IsGatedGlobalClock: 0


============================================================
+ Verbose Summary: Schedule
============================================================
* Number of FSM states: 1
* Pipeline: 0
* Dataflow Pipeline: 0

* FSM state transitions: 
1 --> 
* FSM state operations: 

 <State 1>: 5.80ns
ST_1: word_read [1/1] 1.28ns
:0  %word_read = call i32 @_ssdm_op_Read.ap_auto.i32(i32 %word)

ST_1: bits_read [1/1] 1.28ns
:1  %bits_read = call i6 @_ssdm_op_Read.ap_auto.i6(i6 %bits)

ST_1: tmp [1/1] 0.00ns (grouped into LUT with out node tmp_62)
:2  %tmp = zext i6 %bits_read to i32

ST_1: tmp_s [1/1] 0.00ns (grouped into LUT with out node tmp_62)
:3  %tmp_s = shl i32 %word_read, %tmp

ST_1: tmp_60 [1/1] 1.72ns
:4  %tmp_60 = sub i6 -32, %bits_read

ST_1: tmp_70_cast [1/1] 0.00ns (grouped into LUT with out node tmp_62)
:5  %tmp_70_cast = zext i6 %tmp_60 to i32

ST_1: tmp_61 [1/1] 0.00ns (grouped into LUT with out node tmp_62)
:6  %tmp_61 = lshr i32 %word_read, %tmp_70_cast

ST_1: tmp_62 [1/1] 2.80ns (out node of the LUT)
:7  %tmp_62 = or i32 %tmp_61, %tmp_s

ST_1: stg_10 [1/1] 0.00ns
:8  ret i32 %tmp_62



============================================================
+ Verbose Summary: Binding
============================================================
STG Binding: 
---------------- STG Properties BEGIN ----------------
- Is combinational: 1
- Is one-state seq: 0
- Is datapath-only: 0
- Is clock enabled: 0
- Is pipelined: 0
- Is top level: 0
Port [ Return ] is wired: 1; IO mode=ap_ctrl_hs:ce=0
Port [ bits]:  wired=1; compound=0; hidden=0; nouse=0; global=0; static=0; extern=0; dir=0; type=0; pingpong=0; private_global=0; IO mode=ap_none:ce=0
Port [ word]:  wired=1; compound=0; hidden=0; nouse=0; global=0; static=0; extern=0; dir=0; type=0; pingpong=0; private_global=0; IO mode=ap_none:ce=0
---------------- STG Properties END ------------------

---------------- Datapath Model BEGIN ----------------

<LifeTime>
<method=bitvector/>
word_read   (read) [ 00]
bits_read   (read) [ 00]
tmp         (zext) [ 00]
tmp_s       (shl ) [ 00]
tmp_60      (sub ) [ 00]
tmp_70_cast (zext) [ 00]
tmp_61      (lshr) [ 00]
tmp_62      (or  ) [ 00]
stg_10      (ret ) [ 00]
</LifeTime>

<model>

<comp_list>
<comp id="0" class="1000" name="bits">
<pin_list>
<pin id="1" dir="1" index="0" bw="1" slack="0"/>
</pin_list>
<bind>
<StgValue><ssdm name="bits"/></StgValue>
</bind>
</comp>

<comp id="2" class="1000" name="word">
<pin_list>
<pin id="3" dir="1" index="0" bw="1" slack="0"/>
</pin_list>
<bind>
<StgValue><ssdm name="word"/></StgValue>
</bind>
</comp>

<comp id="4" class="1001" name="const_4">
<pin_list>
<pin id="5" dir="1" index="0" bw="1" slack="0"/>
</pin_list>
<bind>
<StgValue><ssdm name="_ssdm_op_Read.ap_auto.i32"/></StgValue>
</bind>
</comp>

<comp id="6" class="1001" name="const_6">
<pin_list>
<pin id="7" dir="1" index="0" bw="1" slack="0"/>
</pin_list>
<bind>
<StgValue><ssdm name="_ssdm_op_Read.ap_auto.i6"/></StgValue>
</bind>
</comp>

<comp id="8" class="1001" name="const_8">
<pin_list>
<pin id="9" dir="1" index="0" bw="1" slack="0"/>
</pin_list>
<bind>
<StgValue><ssdm name=""/></StgValue>
</bind>
</comp>

<comp id="10" class="1004" name="word_read_read_fu_10">
<pin_list>
<pin id="11" dir="0" index="0" bw="32" slack="0"/>
<pin id="12" dir="0" index="1" bw="32" slack="0"/>
<pin id="13" dir="1" index="2" bw="32" slack="0"/>
</pin_list>
<bind>
<opcode="read(1150) " fcode="read"/>
<opset="word_read/1 "/>
</bind>
</comp>

<comp id="16" class="1004" name="bits_read_read_fu_16">
<pin_list>
<pin id="17" dir="0" index="0" bw="6" slack="0"/>
<pin id="18" dir="0" index="1" bw="6" slack="0"/>
<pin id="19" dir="1" index="2" bw="6" slack="0"/>
</pin_list>
<bind>
<opcode="read(1150) " fcode="read"/>
<opset="bits_read/1 "/>
</bind>
</comp>

<comp id="22" class="1004" name="tmp_fu_22">
<pin_list>
<pin id="23" dir="0" index="0" bw="6" slack="0"/>
<pin id="24" dir="1" index="1" bw="32" slack="0"/>
</pin_list>
<bind>
<opcode="zext(34) " fcode="zext"/>
<opset="tmp/1 "/>
</bind>
</comp>

<comp id="26" class="1004" name="tmp_s_fu_26">
<pin_list>
<pin id="27" dir="0" index="0" bw="32" slack="0"/>
<pin id="28" dir="0" index="1" bw="6" slack="0"/>
<pin id="29" dir="1" index="2" bw="32" slack="0"/>
</pin_list>
<bind>
<opcode="shl(20) " fcode="shl"/>
<opset="tmp_s/1 "/>
</bind>
</comp>

<comp id="32" class="1004" name="tmp_60_fu_32">
<pin_list>
<pin id="33" dir="0" index="0" bw="6" slack="0"/>
<pin id="34" dir="0" index="1" bw="6" slack="0"/>
<pin id="35" dir="1" index="2" bw="6" slack="0"/>
</pin_list>
<bind>
<opcode="sub(10) " fcode="sub"/>
<opset="tmp_60/1 "/>
</bind>
</comp>

<comp id="38" class="1004" name="tmp_70_cast_fu_38">
<pin_list>
<pin id="39" dir="0" index="0" bw="6" slack="0"/>
<pin id="40" dir="1" index="1" bw="32" slack="0"/>
</pin_list>
<bind>
<opcode="zext(34) " fcode="zext"/>
<opset="tmp_70_cast/1 "/>
</bind>
</comp>

<comp id="42" class="1004" name="tmp_61_fu_42">
<pin_list>
<pin id="43" dir="0" index="0" bw="32" slack="0"/>
<pin id="44" dir="0" index="1" bw="6" slack="0"/>
<pin id="45" dir="1" index="2" bw="32" slack="0"/>
</pin_list>
<bind>
<opcode="lshr(21) " fcode="lshr"/>
<opset="tmp_61/1 "/>
</bind>
</comp>

<comp id="48" class="1004" name="tmp_62_fu_48">
<pin_list>
<pin id="49" dir="0" index="0" bw="32" slack="0"/>
<pin id="50" dir="0" index="1" bw="32" slack="0"/>
<pin id="51" dir="1" index="2" bw="32" slack="2147483647"/>
</pin_list>
<bind>
<opcode="or(24) " fcode="or"/>
<opset="tmp_62/1 "/>
</bind>
</comp>

</comp_list>

<net_list>
<net id="14"><net_src comp="4" pin="0"/><net_sink comp="10" pin=0"/></net>

<net id="15"><net_src comp="2" pin="0"/><net_sink comp="10" pin=1"/></net>

<net id="20"><net_src comp="6" pin="0"/><net_sink comp="16" pin=0"/></net>

<net id="21"><net_src comp="0" pin="0"/><net_sink comp="16" pin=1"/></net>

<net id="25"><net_src comp="16" pin="2"/><net_sink comp="22" pin=0"/></net>

<net id="30"><net_src comp="10" pin="2"/><net_sink comp="26" pin=0"/></net>

<net id="31"><net_src comp="22" pin="1"/><net_sink comp="26" pin=1"/></net>

<net id="36"><net_src comp="8" pin="0"/><net_sink comp="32" pin=0"/></net>

<net id="37"><net_src comp="16" pin="2"/><net_sink comp="32" pin=1"/></net>

<net id="41"><net_src comp="32" pin="2"/><net_sink comp="38" pin=0"/></net>

<net id="46"><net_src comp="10" pin="2"/><net_sink comp="42" pin=0"/></net>

<net id="47"><net_src comp="38" pin="1"/><net_sink comp="42" pin=1"/></net>

<net id="52"><net_src comp="42" pin="2"/><net_sink comp="48" pin=0"/></net>

<net id="53"><net_src comp="26" pin="2"/><net_sink comp="48" pin=1"/></net>

</net_list>

</model> 
---------------- Datapath Model END ------------------

* FSMD analyzer results:
  - Output states:
 - Input state : 
	Port: SHA1ProcessMessageBlock_SHA1CircularShift : bits | {1 }
	Port: SHA1ProcessMessageBlock_SHA1CircularShift : word | {1 }
  - Chain level:
	State 1
		tmp_s : 1
		tmp_70_cast : 1
		tmp_61 : 2
		tmp_62 : 3
		stg_10 : 3


============================================================
+ Verbose Summary: Datapath Resource usage 
============================================================

* Functional unit list:
|----------|----------------------|---------|---------|
| Operation|    Functional Unit   |    FF   |   LUT   |
|----------|----------------------|---------|---------|
|    shl   |      tmp_s_fu_26     |    0    |    88   |
|----------|----------------------|---------|---------|
|   lshr   |     tmp_61_fu_42     |    0    |    88   |
|----------|----------------------|---------|---------|
|    or    |     tmp_62_fu_48     |    0    |    44   |
|----------|----------------------|---------|---------|
|    sub   |     tmp_60_fu_32     |    0    |    6    |
|----------|----------------------|---------|---------|
|   read   | word_read_read_fu_10 |    0    |    0    |
|          | bits_read_read_fu_16 |    0    |    0    |
|----------|----------------------|---------|---------|
|   zext   |       tmp_fu_22      |    0    |    0    |
|          |   tmp_70_cast_fu_38  |    0    |    0    |
|----------|----------------------|---------|---------|
|   Total  |                      |    0    |   226   |
|----------|----------------------|---------|---------|

Memories:
N/A

* Register list:
N/A

* Multiplexer (MUX) list: 
|--------|------|------|------|--------|
|  Comp  |  Pin | Size |  BW  | S x BW |
|--------|------|------|------|--------|
|  Total |      |      |      |    0   |
|--------|------|------|------|--------|



* Summary:
+-----------+--------+--------+
|           |   FF   |   LUT  |
+-----------+--------+--------+
|  Function |    0   |   226  |
|   Memory  |    -   |    -   |
|Multiplexer|    -   |    -   |
|  Register |    -   |    -   |
+-----------+--------+--------+
|   Total   |    0   |   226  |
+-----------+--------+--------+
