@I [HLS-0] Workspace /home/matt/workspace/sha1/solution2 opened at Thu Sep 01 15:07:50 ART 2016
@I [HLS-100] Command "config_clock -quiet -name default -period 10 -default=false "
@I [SYN-201] Setting up clock 'default' with a period of 10ns.
@I [HLS-100] Command 'config_clock' returned 0; elapsed 0.000426Total elapsed time: 0.864 sec.
@I [HLS-100] Command "open_platform DefaultPlatform "
@I [HLS-100] Command 'open_platform' returned 0; elapsed 0.000159Total elapsed time: 0.868 sec.
@I [HLS-100] Command "import_lib /opt/Xilinx/Vivado_HLS/2016.1/common/technology/xilinx/zynq/zynq "
@I [HLS-100] Command "source /opt/Xilinx/Vivado_HLS/2016.1/common/technology/xilinx/common/xilinx.lib "
@I [HLS-100] Command "source /opt/Xilinx/Vivado_HLS/2016.1/common/technology/xilinx/interface/xilinx_interface.lib "
@I [HLS-100] Command "source /opt/Xilinx/Vivado_HLS/2016.1/common/technology/xilinx/interface/plb46.lib "
@I [HLS-100] Command 'ap_source' returned 0; elapsed 0.001491Total elapsed time: 0.872 sec.
@I [HLS-100] Command "source /opt/Xilinx/Vivado_HLS/2016.1/common/technology/xilinx/interface/fsl.lib "
@I [HLS-100] Command 'ap_source' returned 0; elapsed 0.000557Total elapsed time: 0.873 sec.
@I [HLS-100] Command "source /opt/Xilinx/Vivado_HLS/2016.1/common/technology/xilinx/interface/axi4.lib "
@I [HLS-100] Command 'ap_source' returned 0; elapsed 0.000621Total elapsed time: 0.874 sec.
@I [HLS-100] Command "source /opt/Xilinx/Vivado_HLS/2016.1/common/technology/xilinx/interface/maxi.lib "
@I [HLS-100] Command 'ap_source' returned 0; elapsed 0.000509Total elapsed time: 0.875 sec.
@I [HLS-100] Command "source /opt/Xilinx/Vivado_HLS/2016.1/common/technology/xilinx/interface/saxilite.lib "
@I [HLS-100] Command 'ap_source' returned 0; elapsed 0.000384Total elapsed time: 0.876 sec.
@I [HLS-100] Command 'ap_source' returned 0; elapsed 0.007044Total elapsed time: 0.877 sec.
@I [HLS-100] Command "source /opt/Xilinx/Vivado_HLS/2016.1/common/technology/xilinx/common/dsp48.lib "
@I [HLS-100] Command 'ap_source' returned 0; elapsed 0.000578Total elapsed time: 0.878 sec.
@I [HLS-100] Command "source /opt/Xilinx/Vivado_HLS/2016.1/common/technology/xilinx/ip/xfir.lib "
@I [HLS-100] Command 'ap_source' returned 0; elapsed 0.000359Total elapsed time: 0.880 sec.
@I [HLS-100] Command "source /opt/Xilinx/Vivado_HLS/2016.1/common/technology/xilinx/ip/dds_compiler.lib "
@I [HLS-100] Command 'ap_source' returned 0; elapsed 0.000233Total elapsed time: 0.880 sec.
@I [HLS-100] Command "source /opt/Xilinx/Vivado_HLS/2016.1/common/technology/xilinx/ip/xfft.lib "
@I [HLS-100] Command 'ap_source' returned 0; elapsed 0.000218Total elapsed time: 0.881 sec.
@I [HLS-100] Command 'ap_source' returned 0; elapsed 0.018462Total elapsed time: 0.888 sec.
@I [HLS-100] Command "source /opt/Xilinx/Vivado_HLS/2016.1/common/technology/xilinx/common/xilinx_old.lib "
@I [HLS-100] Command 'ap_source' returned 0; elapsed 0.002261Total elapsed time: 0.895 sec.
@I [HLS-100] Command "source /opt/Xilinx/Vivado_HLS/2016.1/common/technology/xilinx/common/xilinx_vivado.lib "
@I [HLS-100] Command 'ap_source' returned 0; elapsed 0.002139Total elapsed time: 0.898 sec.
@I [HLS-100] Command "source /opt/Xilinx/Vivado_HLS/2016.1/common/technology/xilinx/common/xilinx.hlp "
@I [HLS-100] Command "source /opt/Xilinx/Vivado_HLS/2016.1/common/technology/xilinx/common/target_info.tcl "
@I [HLS-100] Command 'ap_source' returned 0; elapsed 0.000386Total elapsed time: 0.906 sec.
@I [HLS-100] Command "source /opt/Xilinx/Vivado_HLS/2016.1/common/technology/xilinx/interface/xilinx_interface.hlp "
@I [HLS-100] Command "source /opt/Xilinx/Vivado_HLS/2016.1/common/technology/xilinx/interface/maxi.hlp "
@I [HLS-100] Command 'ap_source' returned 0; elapsed 0.000335Total elapsed time: 0.907 sec.
@I [HLS-100] Command "source /opt/Xilinx/Vivado_HLS/2016.1/common/technology/xilinx/interface/saxilite.hlp "
@I [HLS-100] Command 'ap_source' returned 0; elapsed 0.00026Total elapsed time: 0.908 sec.
@I [HLS-100] Command 'ap_source' returned 0; elapsed 0.001589Total elapsed time: 0.908 sec.
@I [HLS-100] Command "source /opt/Xilinx/Vivado_HLS/2016.1/common/technology/xilinx/common/dsp48.hlp "
@I [HLS-100] Command 'ap_source' returned 0; elapsed 0.001733Total elapsed time: 0.911 sec.
@I [HLS-100] Command 'ap_source' returned 0; elapsed 0.008287Total elapsed time: 0.913 sec.
@I [HLS-100] Command "source /opt/Xilinx/Vivado_HLS/2016.1/common/technology/xilinx/zynq/dsp48e1.hlp "
@I [HLS-100] Command 'ap_source' returned 0; elapsed 0.000231Total elapsed time: 0.914 sec.
@I [HLS-100] Command "get_default_platform "
@I [HLS-100] Command 'get_default_platform' returned 0; elapsed 1.5e-05Total elapsed time: 0.914 sec.
@I [HLS-100] Command "config_chip_info -quiet -resource  {SLICE 13300}  {LUT 53200}     {FF 106400} {DSP48E 220}   {BRAM 280}  "
@I [HLS-100] Command 'config_chip_info' returned 0; elapsed 5.4e-05Total elapsed time: 0.915 sec.
@I [HLS-100] Command "config_chip_info -quiet -speed medium "
@I [HLS-100] Command 'config_chip_info' returned 0; elapsed 1.8e-05Total elapsed time: 0.916 sec.
@I [HLS-100] Command 'import_lib' returned 0; elapsed 0.052027Total elapsed time: 0.921 sec.
@I [HLS-100] Command "source /opt/Xilinx/Vivado_HLS/2016.1/common/technology/xilinx/zynq/zynq.gen "
@I [HLS-100] Command "source /opt/Xilinx/Vivado_HLS/2016.1/common/technology/xilinx/common/virtex.gen "
@I [HLS-100] Command "source /opt/Xilinx/Vivado_HLS/2016.1/common/technology/xilinx/common/xilinx.gen "
@I [HLS-100] Command "source /opt/Xilinx/Vivado_HLS/2016.1/common/technology/xilinx/interface/plb46.gen "
@I [HLS-100] Command 'ap_source' returned 0; elapsed 0.003366Total elapsed time: 0.926 sec.
@I [HLS-100] Command "source /opt/Xilinx/Vivado_HLS/2016.1/common/technology/xilinx/interface/fsl.gen "
@I [HLS-100] Command 'ap_source' returned 0; elapsed 0.001266Total elapsed time: 0.928 sec.
@I [HLS-100] Command "source /opt/Xilinx/Vivado_HLS/2016.1/common/technology/xilinx/interface/axi4.gen "
@I [HLS-100] Command 'ap_source' returned 0; elapsed 0.006035Total elapsed time: 0.935 sec.
@I [HLS-100] Command "source /opt/Xilinx/Vivado_HLS/2016.1/common/technology/xilinx/interface/nativeAXI4.gen "
@I [HLS-100] Command "source /opt/Xilinx/Vivado_HLS/2016.1/common/technology/xilinx/interface/saxilite.gen "
@I [HLS-100] Command 'ap_source' returned 0; elapsed 0.010394Total elapsed time: 0.946 sec.
@I [HLS-100] Command "source /opt/Xilinx/Vivado_HLS/2016.1/common/technology/xilinx/interface/maxi.gen "
@I [HLS-100] Command 'ap_source' returned 0; elapsed 0.022439Total elapsed time: 0.969 sec.
@I [HLS-100] Command 'ap_source' returned 0; elapsed 0.034228Total elapsed time: 0.970 sec.
@I [HLS-100] Command "source /opt/Xilinx/Vivado_HLS/2016.1/common/technology/xilinx/scripts/xilinxcoregen.gen "
@I [HLS-100] Command 'ap_source' returned 0; elapsed 0.031268Total elapsed time: 1.2 sec.
@I [HLS-100] Command "source /opt/Xilinx/Vivado_HLS/2016.1/common/technology/xilinx/interface/XilEDKCoreGen.gen "
@I [HLS-100] Command 'ap_source' returned 0; elapsed 0.02372Total elapsed time: 1.26 sec.
@I [HLS-100] Command "source /opt/Xilinx/Vivado_HLS/2016.1/common/technology/xilinx/ip/util.gen "
@I [HLS-100] Command 'ap_source' returned 0; elapsed 0.000404Total elapsed time: 1.27 sec.
@I [HLS-100] Command "source /opt/Xilinx/Vivado_HLS/2016.1/common/technology/xilinx/ip/xfir.gen "
@I [HLS-100] Command 'ap_source' returned 0; elapsed 0.002046Total elapsed time: 1.30 sec.
@I [HLS-100] Command "source /opt/Xilinx/Vivado_HLS/2016.1/common/technology/xilinx/ip/dds_compiler.gen "
@I [HLS-100] Command 'ap_source' returned 0; elapsed 0.009821Total elapsed time: 1.40 sec.
@I [HLS-100] Command "source /opt/Xilinx/Vivado_HLS/2016.1/common/technology/xilinx/ip/xfft.gen "
@I [HLS-100] Command 'ap_source' returned 0; elapsed 0.346663Total elapsed time: 1.388 sec.
@I [HLS-100] Command 'ap_source' returned 0; elapsed 0.464666Total elapsed time: 1.388 sec.
@I [HLS-100] Command "source /opt/Xilinx/Vivado_HLS/2016.1/common/technology/xilinx/common/dsp48.gen "
@I [HLS-100] Command 'ap_source' returned 0; elapsed 0.000376Total elapsed time: 1.393 sec.
@I [HLS-100] Command 'ap_source' returned 0; elapsed 0.471857Total elapsed time: 1.394 sec.
@I [HLS-100] Command 'ap_source' returned 0; elapsed 0.472543Total elapsed time: 1.395 sec.
@I [HLS-100] Command "open_platform DefaultPlatform "
@I [HLS-100] Command 'open_platform' returned 0; elapsed 1.9e-05Total elapsed time: 1.395 sec.
@I [HLS-100] Command "import_lib /opt/Xilinx/Vivado_HLS/2016.1/common/technology/xilinx/zynq/zynq_fpv6 "
@I [HLS-100] Command "source /opt/Xilinx/Vivado_HLS/2016.1/common/technology/xilinx/common/xilinx_fpv7.lib "
@I [HLS-100] Command "source /opt/Xilinx/Vivado_HLS/2016.1/common/technology/xilinx/common/xilinx_hp.lib "
@I [HLS-100] Command 'ap_source' returned 0; elapsed 0.001993Total elapsed time: 1.399 sec.
@I [HLS-100] Command 'ap_source' returned 0; elapsed 0.011319Total elapsed time: 1.408 sec.
@I [HLS-100] Command "source /opt/Xilinx/Vivado_HLS/2016.1/common/technology/xilinx/common/xilinx_fpv.hlp "
@I [HLS-100] Command "source /opt/Xilinx/Vivado_HLS/2016.1/common/technology/xilinx/common/xilinx.hlp "
@I [HLS-100] Command "source /opt/Xilinx/Vivado_HLS/2016.1/common/technology/xilinx/common/target_info.tcl "
@I [HLS-100] Command 'ap_source' returned 0; elapsed 0.000425Total elapsed time: 1.427 sec.
@I [HLS-100] Command "source /opt/Xilinx/Vivado_HLS/2016.1/common/technology/xilinx/interface/xilinx_interface.hlp "
@I [HLS-100] Command "source /opt/Xilinx/Vivado_HLS/2016.1/common/technology/xilinx/interface/maxi.hlp "
@I [HLS-100] Command 'ap_source' returned 0; elapsed 0.000335Total elapsed time: 1.428 sec.
@I [HLS-100] Command "source /opt/Xilinx/Vivado_HLS/2016.1/common/technology/xilinx/interface/saxilite.hlp "
@I [HLS-100] Command 'ap_source' returned 0; elapsed 0.000251Total elapsed time: 1.428 sec.
@I [HLS-100] Command 'ap_source' returned 0; elapsed 0.001426Total elapsed time: 1.429 sec.
@I [HLS-100] Command "source /opt/Xilinx/Vivado_HLS/2016.1/common/technology/xilinx/common/dsp48.hlp "
@I [HLS-100] Command 'ap_source' returned 0; elapsed 0.001629Total elapsed time: 1.431 sec.
@I [HLS-100] Command 'ap_source' returned 0; elapsed 0.007521Total elapsed time: 1.433 sec.
@I [HLS-100] Command 'ap_source' returned 0; elapsed 0.009304Total elapsed time: 1.434 sec.
@I [HLS-100] Command "source /opt/Xilinx/Vivado_HLS/2016.1/common/technology/xilinx/zynq/zynq_hp.hlp "
@I [HLS-100] Command 'ap_source' returned 0; elapsed 0.002401Total elapsed time: 1.437 sec.
@I [HLS-100] Command 'import_lib' returned 0; elapsed 0.056462Total elapsed time: 1.452 sec.
@I [HLS-100] Command "source /opt/Xilinx/Vivado_HLS/2016.1/common/technology/xilinx/zynq/zynq_fpv6.gen "
@I [HLS-100] Command "source /opt/Xilinx/Vivado_HLS/2016.1/common/technology/xilinx/common/xilinx_fpv6.gen "
@I [HLS-100] Command 'ap_source' returned 0; elapsed 0.004512Total elapsed time: 1.458 sec.
@I [HLS-100] Command 'ap_source' returned 0; elapsed 0.005208Total elapsed time: 1.458 sec.
@I [HLS-100] Command "set_part xc7z020clg484-1 "
@I [HLS-100] Command "add_library xilinx/zynq/zynq:xc7z020:clg484:-1 "
@I [HLS-100] Command "get_default_platform "
@I [HLS-100] Command 'get_default_platform' returned 0; elapsed 1.6e-05Total elapsed time: 1.470 sec.
@I [HLS-100] Command "license_isbetapart xc7z020 "
@I [HLS-100] Command 'license_isbetapart' returned 1; elapsed 0.019978Total elapsed time: 1.492 sec.
@I [HLS-100] Command "get_default_platform "
@I [HLS-100] Command 'get_default_platform' returned 0; elapsed 1.8e-05Total elapsed time: 1.494 sec.
@I [HLS-100] Command "config_chip_info -quiet -resource  {SLICE 13300}  {LUT 53200}     {FF 106400} {DSP48E 220}   {BRAM 280}  "
@I [HLS-100] Command 'config_chip_info' returned 0; elapsed 4e-05Total elapsed time: 1.495 sec.
@I [HLS-100] Command "config_chip_info -quiet -speed slow "
@I [HLS-100] Command 'config_chip_info' returned 0; elapsed 1.9e-05Total elapsed time: 1.495 sec.
@I [HLS-100] Command 'add_library' returned 0; elapsed 0.030059Total elapsed time: 1.498 sec.
@I [HLS-100] Command "add_library xilinx/zynq/zynq_fpv6 "
@I [HLS-100] Command "get_default_platform "
@I [HLS-100] Command 'get_default_platform' returned 0; elapsed 1.3e-05Total elapsed time: 1.500 sec.
@I [HLS-100] Command 'add_library' returned 0; elapsed 0.004257Total elapsed time: 1.503 sec.
@I [HLS-10] Setting target device to 'xc7z020clg484-1'
@I [HLS-100] Command 'set_part' returned 0; elapsed 0.043817Total elapsed time: 1.504 sec.
@I [HLS-100] Command "get_default_platform "
@I [HLS-100] Command 'get_default_platform' returned 0; elapsed 2.2e-05Total elapsed time: 1.504 sec.
@I [HLS-100] Command "config_chip_info -quiet -resource  {SLICE 13300}  {LUT 53200}     {FF 106400} {DSP48E 220}   {BRAM 280}  "
@I [HLS-100] Command 'config_chip_info' returned 0; elapsed 4.7e-05Total elapsed time: 1.505 sec.
@I [HLS-100] Command "config_chip_info -quiet -speed slow "
@I [HLS-100] Command 'config_chip_info' returned 0; elapsed 2.5e-05Total elapsed time: 1.506 sec.
@I [HLS-100] Command 'open_solution' returned 0; elapsed 0.660745Total elapsed time: 1.508 sec.
@I [HLS-100] Command "set_part xc7z020clg484-1 -tool vivado "
@I [HLS-100] Command "add_library xilinx/zynq/zynq:xc7z020:clg484:-1 "
@I [HLS-100] Command "get_default_platform "
@I [HLS-100] Command 'get_default_platform' returned 0; elapsed 1.5e-05Total elapsed time: 1.514 sec.
@I [HLS-100] Command "license_isbetapart xc7z020 "
@I [HLS-100] Command 'license_isbetapart' returned 1; elapsed 0.000129Total elapsed time: 1.516 sec.
@I [HLS-100] Command "get_default_platform "
@I [HLS-100] Command 'get_default_platform' returned 0; elapsed 1.2e-05Total elapsed time: 1.518 sec.
@I [HLS-100] Command "config_chip_info -quiet -resource  {SLICE 13300}  {LUT 53200}     {FF 106400} {DSP48E 220}   {BRAM 280}  "
@I [HLS-100] Command 'config_chip_info' returned 0; elapsed 3.6e-05Total elapsed time: 1.518 sec.
@I [HLS-100] Command "config_chip_info -quiet -speed slow "
@I [HLS-100] Command 'config_chip_info' returned 0; elapsed 1.5e-05Total elapsed time: 1.518 sec.
@I [HLS-100] Command 'add_library' returned 0; elapsed 0.008204Total elapsed time: 1.521 sec.
@I [HLS-100] Command "add_library xilinx/zynq/zynq_fpv6 "
@I [HLS-100] Command "get_default_platform "
@I [HLS-100] Command 'get_default_platform' returned 0; elapsed 1.5e-05Total elapsed time: 1.523 sec.
@I [HLS-100] Command 'add_library' returned 0; elapsed 0.004462Total elapsed time: 1.526 sec.
@I [HLS-100] Command 'set_part' returned 0; elapsed 0.018841Total elapsed time: 1.528 sec.
@I [HLS-100] Command "create_clock -period 10 -name default "
@I [HLS-100] Command 'create_clock' returned 0; elapsed 0.002991Total elapsed time: 1.531 sec.
@I [HLS-100] Command "source ./sha1/solution2/directives.tcl "
@I [HLS-100] Command "set_directive_dataflow SHA1ProcessMessageBlock "
@I [HLS-0] Setting directive 'DATAFLOW' 
@I [HLS-100] Command 'set_directive_dataflow' returned 0; elapsed 0.002326Total elapsed time: 1.534 sec.
@I [HLS-100] Command "set_directive_array_map -mode horizontal SHA1ProcessMessageBlock context->Message_Block "
@I [HLS-0] Setting directive 'DATAFLOW' 
@I [HLS-0] Setting directive 'ARRAY_MAP' map=positionBooleanCmd variable=positionBooleanTextRequiredcontext->Message_Block horizontal=positionBoolean0mode 
@I [HLS-100] Command 'set_directive_array_map' returned 0; elapsed 0.002677Total elapsed time: 1.537 sec.
@I [HLS-100] Command "set_directive_array_map -mode horizontal SHA1ProcessMessageBlock context->Intermediate_Hash "
@I [HLS-0] Setting directive 'DATAFLOW' 
@I [HLS-0] Setting directive 'ARRAY_MAP' map=positionBooleanCmd variable=positionBooleanTextRequiredcontext->Message_Block horizontal=positionBoolean0mode 
@I [HLS-0] Setting directive 'ARRAY_MAP' map=positionBooleanCmd variable=positionBooleanTextRequiredcontext->Intermediate_Hash horizontal=positionBoolean0mode 
@I [HLS-100] Command 'set_directive_array_map' returned 0; elapsed 0.002767Total elapsed time: 1.541 sec.
@I [HLS-100] Command "set_directive_stream -dim 1 SHA1ProcessMessageBlock K "
@I [HLS-0] Setting directive 'DATAFLOW' 
@I [HLS-0] Setting directive 'ARRAY_MAP' map=positionBooleanCmd variable=positionBooleanTextRequiredcontext->Message_Block horizontal=positionBoolean0mode 
@I [HLS-0] Setting directive 'ARRAY_MAP' map=positionBooleanCmd variable=positionBooleanTextRequiredcontext->Intermediate_Hash horizontal=positionBoolean0mode 
@I [HLS-0] Setting directive 'STREAM' variable=positionBooleanTextRequiredK dim=1 
@I [HLS-100] Command 'set_directive_stream' returned 0; elapsed 0.003379Total elapsed time: 1.545 sec.
@I [HLS-100] Command "set_directive_unroll -skip_exit_check SHA1ProcessMessageBlock/loop3 "
@I [HLS-0] Setting directive 'DATAFLOW' 
@I [HLS-0] Setting directive 'ARRAY_MAP' map=positionBooleanCmd variable=positionBooleanTextRequiredcontext->Message_Block horizontal=positionBoolean0mode 
@I [HLS-0] Setting directive 'ARRAY_MAP' map=positionBooleanCmd variable=positionBooleanTextRequiredcontext->Intermediate_Hash horizontal=positionBoolean0mode 
@I [HLS-0] Setting directive 'STREAM' variable=positionBooleanTextRequiredK dim=1 
@I [HLS-0] Setting directive 'UNROLL' skip_exit_check=positionBoolean1 
@I [HLS-100] Command 'set_directive_unroll' returned 0; elapsed 0.003648Total elapsed time: 1.549 sec.
@I [HLS-100] Command "set_directive_unroll -skip_exit_check SHA1ProcessMessageBlock/loop4 "
@I [HLS-0] Setting directive 'DATAFLOW' 
@I [HLS-0] Setting directive 'ARRAY_MAP' map=positionBooleanCmd variable=positionBooleanTextRequiredcontext->Message_Block horizontal=positionBoolean0mode 
@I [HLS-0] Setting directive 'ARRAY_MAP' map=positionBooleanCmd variable=positionBooleanTextRequiredcontext->Intermediate_Hash horizontal=positionBoolean0mode 
@I [HLS-0] Setting directive 'STREAM' variable=positionBooleanTextRequiredK dim=1 
@I [HLS-0] Setting directive 'UNROLL' skip_exit_check=positionBoolean1 
@I [HLS-0] Setting directive 'UNROLL' skip_exit_check=positionBoolean1 
@I [HLS-100] Command 'set_directive_unroll' returned 0; elapsed 0.004026Total elapsed time: 1.554 sec.
@I [HLS-100] Command "set_directive_unroll -skip_exit_check SHA1ProcessMessageBlock/loop5 "
@I [HLS-0] Setting directive 'DATAFLOW' 
@I [HLS-0] Setting directive 'ARRAY_MAP' map=positionBooleanCmd variable=positionBooleanTextRequiredcontext->Message_Block horizontal=positionBoolean0mode 
@I [HLS-0] Setting directive 'ARRAY_MAP' map=positionBooleanCmd variable=positionBooleanTextRequiredcontext->Intermediate_Hash horizontal=positionBoolean0mode 
@I [HLS-0] Setting directive 'STREAM' variable=positionBooleanTextRequiredK dim=1 
@I [HLS-0] Setting directive 'UNROLL' skip_exit_check=positionBoolean1 
@I [HLS-0] Setting directive 'UNROLL' skip_exit_check=positionBoolean1 
@I [HLS-0] Setting directive 'UNROLL' skip_exit_check=positionBoolean1 
@I [HLS-100] Command 'set_directive_unroll' returned 0; elapsed 0.004891Total elapsed time: 1.559 sec.
@I [HLS-100] Command "set_directive_unroll -skip_exit_check SHA1ProcessMessageBlock/loop2 "
@I [HLS-0] Setting directive 'DATAFLOW' 
@I [HLS-0] Setting directive 'ARRAY_MAP' map=positionBooleanCmd variable=positionBooleanTextRequiredcontext->Message_Block horizontal=positionBoolean0mode 
@I [HLS-0] Setting directive 'ARRAY_MAP' map=positionBooleanCmd variable=positionBooleanTextRequiredcontext->Intermediate_Hash horizontal=positionBoolean0mode 
@I [HLS-0] Setting directive 'STREAM' variable=positionBooleanTextRequiredK dim=1 
@I [HLS-0] Setting directive 'UNROLL' skip_exit_check=positionBoolean1 
@I [HLS-0] Setting directive 'UNROLL' skip_exit_check=positionBoolean1 
@I [HLS-0] Setting directive 'UNROLL' skip_exit_check=positionBoolean1 
@I [HLS-0] Setting directive 'UNROLL' skip_exit_check=positionBoolean1 
@I [HLS-100] Command 'set_directive_unroll' returned 0; elapsed 0.005057Total elapsed time: 1.565 sec.
@I [HLS-100] Command "set_directive_unroll -skip_exit_check SHA1ProcessMessageBlock/loop6 "
@I [HLS-0] Setting directive 'DATAFLOW' 
@I [HLS-0] Setting directive 'ARRAY_MAP' map=positionBooleanCmd variable=positionBooleanTextRequiredcontext->Message_Block horizontal=positionBoolean0mode 
@I [HLS-0] Setting directive 'ARRAY_MAP' map=positionBooleanCmd variable=positionBooleanTextRequiredcontext->Intermediate_Hash horizontal=positionBoolean0mode 
@I [HLS-0] Setting directive 'STREAM' variable=positionBooleanTextRequiredK dim=1 
@I [HLS-0] Setting directive 'UNROLL' skip_exit_check=positionBoolean1 
@I [HLS-0] Setting directive 'UNROLL' skip_exit_check=positionBoolean1 
@I [HLS-0] Setting directive 'UNROLL' skip_exit_check=positionBoolean1 
@I [HLS-0] Setting directive 'UNROLL' skip_exit_check=positionBoolean1 
@I [HLS-0] Setting directive 'UNROLL' skip_exit_check=positionBoolean1 
@I [HLS-100] Command 'set_directive_unroll' returned 0; elapsed 0.005448Total elapsed time: 1.571 sec.
@I [HLS-100] Command "set_directive_unroll -skip_exit_check SHA1ProcessMessageBlock/loop1 "
@I [HLS-0] Setting directive 'DATAFLOW' 
@I [HLS-0] Setting directive 'ARRAY_MAP' map=positionBooleanCmd variable=positionBooleanTextRequiredcontext->Message_Block horizontal=positionBoolean0mode 
@I [HLS-0] Setting directive 'ARRAY_MAP' map=positionBooleanCmd variable=positionBooleanTextRequiredcontext->Intermediate_Hash horizontal=positionBoolean0mode 
@I [HLS-0] Setting directive 'STREAM' variable=positionBooleanTextRequiredK dim=1 
@I [HLS-0] Setting directive 'UNROLL' skip_exit_check=positionBoolean1 
@I [HLS-0] Setting directive 'UNROLL' skip_exit_check=positionBoolean1 
@I [HLS-0] Setting directive 'UNROLL' skip_exit_check=positionBoolean1 
@I [HLS-0] Setting directive 'UNROLL' skip_exit_check=positionBoolean1 
@I [HLS-0] Setting directive 'UNROLL' skip_exit_check=positionBoolean1 
@I [HLS-0] Setting directive 'UNROLL' skip_exit_check=positionBoolean1 
@I [HLS-100] Command 'set_directive_unroll' returned 0; elapsed 0.005958Total elapsed time: 1.578 sec.
@I [HLS-100] Command 'ap_source' returned 0; elapsed 0.046404Total elapsed time: 1.578 sec.
@I [HLS-100] Command "csynth_design "
@I [HLS-100] Command "elaborate -effort=medium -skip_syncheck=0 -keep_printf=0 -lm=0 -skip_cdt=0 -skip_transform=0 -ng=0 -g=0 -opt_fp=0 "
@I [HLS-10] Analyzing design file 'sha1/sha1.c' ... 
@0 [HLS-0] Analyzing design file 'sha1/sha1.c' ... 
@I [HLS-0] Compiling one TU...
@I [HLS-0] 
Checking before pre-process: exec clang -fno-limit-debug-info -gcc-toolchain "/opt/Xilinx/Vivado_HLS/2016.1/lnx64/tools/gcc" -hls    -fno-math-errno -c -emit-llvm -O0  -mllvm -disable-llvm-optzns -std=gnu89   -DAESL_SYN -D__SYNTHESIS__ -D__HLS_SYN__ -I "/opt/Xilinx/Vivado_HLS/2016.1/common/technology/autopilot" -I "/opt/Xilinx/Vivado_HLS/2016.1/common/technology/autopilot/ap_sysc" -include etc/autopilot_ssdm_op.h  "sha1/sha1.c"  -o "/home/matt/workspace/sha1/solution2/.autopilot/db/sha1.pp.00.o"

@I [HLS-100] Command "is_encrypted /home/matt/workspace/sha1/solution2/.autopilot/db/sha1.pp.00.o "
@I [HLS-100] Command 'is_encrypted' returned 0; elapsed 0.000191Total elapsed time: 1.982 sec.
@I [HLS-0] Syntax Checker time: 0 seconds per iteration
@I [HLS-0] 
Source preprocessing: exec clang -fno-limit-debug-info -gcc-toolchain "/opt/Xilinx/Vivado_HLS/2016.1/lnx64/tools/gcc" -hls -fno-exceptions  -D__llvm__  -CC -E "sha1/sha1.c"     -fno-math-errno -c -emit-llvm -O0  -mllvm -disable-llvm-optzns -std=gnu89   -DAESL_SYN -D__SYNTHESIS__ -D__HLS_SYN__ -I "/opt/Xilinx/Vivado_HLS/2016.1/common/technology/autopilot" -I "/opt/Xilinx/Vivado_HLS/2016.1/common/technology/autopilot/ap_sysc" -include etc/autopilot_ssdm_op.h  -o "/home/matt/workspace/sha1/solution2/.autopilot/db/sha1.pp.0.c"

@I [HLS-0] GCC PP time: 0 seconds per iteration
@I [HLS-0] Setting directive 'DATAFLOW' 
@I [HLS-0] Setting directive 'ARRAY_MAP' map=positionBooleanCmd variable=positionBooleanTextRequiredcontext->Message_Block horizontal=positionBoolean0mode 
@I [HLS-0] Setting directive 'ARRAY_MAP' map=positionBooleanCmd variable=positionBooleanTextRequiredcontext->Intermediate_Hash horizontal=positionBoolean0mode 
@I [HLS-0] Setting directive 'STREAM' variable=positionBooleanTextRequiredK dim=1 
@I [HLS-0] Setting directive 'UNROLL' skip_exit_check=positionBoolean1 
@I [HLS-0] Setting directive 'UNROLL' skip_exit_check=positionBoolean1 
@I [HLS-0] Setting directive 'UNROLL' skip_exit_check=positionBoolean1 
@I [HLS-0] Setting directive 'UNROLL' skip_exit_check=positionBoolean1 
@I [HLS-0] Setting directive 'UNROLL' skip_exit_check=positionBoolean1 
@I [HLS-0] Setting directive 'UNROLL' skip_exit_check=positionBoolean1 
@I [HLS-100] Command "list_core -type functional_unit "
@I [HLS-100] Command 'list_core' returned 0; elapsed 0.000229Total elapsed time: 2.279 sec.
@I [HLS-0] Marker-Pragma convertor: /home/matt/workspace/sha1/solution2/.autopilot/db/sha1.pp.0.c /home/matt/workspace/sha1/solution2/.autopilot/db/sha1.pp.0.c.ap-line.c /home/matt/workspace/sha1/solution2/.autopilot/db/sha1.pp.0.c.ap-line.c.CXX 1
@I [HLS-0] 
Source processor: exec /opt/Xilinx/Vivado_HLS/2016.1/tps/lnx64/jre/bin/java -Xmx512m -classpath   "/opt/Xilinx/Vivado_HLS/2016.1/lib/classes/autopilot.sourceprocessor.jar:/opt/Xilinx/Vivado_HLS/2016.1/lib/classes/org.eclipse.cdt.core_5.3.0.xilinx_patch.jar:/opt/Xilinx/Vivado_HLS/2016.1/lib/classes/org.eclipse.core.runtime_3.7.0.v20110110.jar:/opt/Xilinx/Vivado_HLS/2016.1/lib/classes/org.eclipse.equinox.common_3.6.0.v20110523.jar:/opt/Xilinx/Vivado_HLS/2016.1/lib/classes/com.ibm.icu_4.4.2.v20110208.jar:/opt/Xilinx/Vivado_HLS/2016.1/lib/classes/jargs.jar:/opt/Xilinx/Vivado_HLS/2016.1/lnx64/tools/eclipse/plugins/org.eclipse.emf.common_2.10.1.v20150123-0348.jar:/opt/Xilinx/Vivado_HLS/2016.1/lnx64/tools/eclipse/plugins/org.eclipse.emf.ecore_2.10.2.v20150123-0348.jar:/opt/Xilinx/Vivado_HLS/2016.1/lnx64/tools/eclipse/plugins/org.eclipse.emf.ecore.xmi_2.10.2.v20150123-0348.jar:/opt/Xilinx/Vivado_HLS/2016.1/lnx64/tools/eclipse/plugins/com.autoesl.autopilot.ui.directiveFileModel_1.0.0.jar:/opt/Xilinx/Vivado_HLS/2016.1/lnx64/tools/eclipse/plugins/com.autoesl.autopilot.ui.common_1.0.0.jar"  autopilot.sourceprocessor.CParser  "/home/matt/workspace/sha1/solution2/.autopilot/db/sha1.pp.0.c.ap-line.c"  -m "SHA1ProcessMessageBlock" -o "/home/matt/workspace/sha1/solution2/.autopilot/db/sha1.pp.0.c.ap-cdt.c" -c --pp --directive /home/matt/workspace/sha1/solution2/solution2.directive --source /home/matt/workspace/sha1/sha1.c --error /home/matt/workspace/sha1/solution2/.autopilot/db --funcunit "AddSub AddSub_DSP AddSubnS DAddSub_fulldsp DAddSub_nodsp DDiv DExp_fulldsp DExp_meddsp DExp_nodsp DLog_fulldsp DLog_meddsp DLog_nodsp DMul_fulldsp DMul_maxdsp DMul_meddsp DMul_nodsp DRSqrt DRecip DSqrt DivnS FAddSub_fulldsp FAddSub_nodsp FDiv FExp_fulldsp FExp_meddsp FExp_nodsp FLog_fulldsp FLog_meddsp FLog_nodsp FMul_fulldsp FMul_maxdsp FMul_meddsp FMul_nodsp FRSqrt_fulldsp FRSqrt_nodsp FRecip_fulldsp FRecip_nodsp FSqrt HAddSub_nodsp HDiv HMul_fulldsp HMul_maxdsp HMul_nodsp HSqrt Mul Mul2S Mul3S Mul4S Mul5S Mul6S Mul_LUT MulnS MuxnS" --ca --gf --pd --p2d /home/matt/workspace/sha1/solution2/.autopilot/db --sd --scff /home/matt/workspace/sha1/solution2/.autopilot/db/.systemc_flag --ad

@I [HLS-0] Marker-Pragma convertor: /home/matt/workspace/sha1/solution2/.autopilot/db/sha1.pp.0.c.ap-cdt.c /home/matt/workspace/sha1/solution2/.autopilot/db/sha1.pragma.0.c /home/matt/workspace/sha1/solution2/.autopilot/db/sha1.pragma.0.c.ap-line.CXX 0
@I [HLS-100] Command "source /home/matt/workspace/sha1/solution2/.autopilot/db/pragma.status.tcl "
@I [HLS-100] Command 'ap_source' returned 0; elapsed 0.000539Total elapsed time: 7.31 sec.
@I [HLS-0] CDT processor time: 4 seconds per iteration
@I [HLS-0] Pragma handling time: 0 seconds per iteration
@I [HLS-0] 
Source preprocessing: exec clang -fno-limit-debug-info -gcc-toolchain "/opt/Xilinx/Vivado_HLS/2016.1/lnx64/tools/gcc" -hls -fno-exceptions  -D__llvm__  -CC -E "/home/matt/workspace/sha1/solution2/.autopilot/db/sha1.pragma.1.c"     -fno-math-errno -c -emit-llvm -O0  -mllvm -disable-llvm-optzns -std=gnu89   -DAESL_SYN -D__SYNTHESIS__ -D__HLS_SYN__ -I "/opt/Xilinx/Vivado_HLS/2016.1/common/technology/autopilot" -I "/opt/Xilinx/Vivado_HLS/2016.1/common/technology/autopilot/ap_sysc" -include etc/autopilot_ssdm_op.h  -o "/home/matt/workspace/sha1/solution2/.autopilot/db/sha1.pragma.2.c"

@I [HLS-0] exec clang -fno-limit-debug-info -gcc-toolchain /opt/Xilinx/Vivado_HLS/2016.1/lnx64/tools/gcc -hls -hls-analyze-label -hls-analyze-pragma -fno-exceptions  -D__llvm__  -w  "/home/matt/workspace/sha1/solution2/.autopilot/db/sha1.pragma.2.c"    -fno-math-errno -c -emit-llvm -O0  -mllvm -disable-llvm-optzns -std=gnu89  -DAESL_SYN -D__SYNTHESIS__ -D__HLS_SYN__ -I "/opt/Xilinx/Vivado_HLS/2016.1/common/technology/autopilot" -I "/opt/Xilinx/Vivado_HLS/2016.1/common/technology/autopilot/ap_sysc" -include etc/autopilot_ssdm_op.h -g -o "/home/matt/workspace/sha1/solution2/.autopilot/db/sha1.g.bc"
@I [HLS-10] Validating synthesis directives ...
@0 [HLS-0] Validating synthesis directives ...
@I [HLS-100] Command "source /home/matt/workspace/sha1/solution2/.autopilot/db/pragma.status.tcl "
@I [HLS-100] Command 'ap_source' returned 0; elapsed 0.000475Total elapsed time: 7.833 sec.
@I [HLS-0] Linking all ...
@I [HLS-0] exec llvm-ld  "/home/matt/workspace/sha1/solution2/.autopilot/db/sha1.bc"  -disable-opt  -L/opt/Xilinx/Vivado_HLS/2016.1/lnx64/lib -lm_basic -o "/home/matt/workspace/sha1/solution2/.autopilot/db/a.o.pre"
@I [HLS-0] Link time: 0 seconds per iteration
@I [HLS-0] Linking all ...
@I [HLS-0] exec llvm-ld  "/home/matt/workspace/sha1/solution2/.autopilot/db/sha1.g.bc"  -disable-opt  -L/opt/Xilinx/Vivado_HLS/2016.1/lnx64/lib -lm_basic -o "/home/matt/workspace/sha1/solution2/.autopilot/db/a.g.pre"
@I [HLS-0] Link time: 0 seconds per iteration
@I [HLS-100] Command "opt_and_import_c a -opt_level=2 -skip_syncheck=0 -ng=0 -keep_printf=0 "
@I [HLS-100] Command "cleanup_all_models "
@I [HLS-100] Command 'cleanup_all_models' returned 0; elapsed 3.6e-05Total elapsed time: 8.172 sec.
@I [HLS-10] Starting code transformations ...
@0 [HLS-0] Starting code transformations ...
@I [HLS-0] std xform: transform -hls -share-std-xform -always-inline -promote-dbg-pointer  -interface-preproc  -scalarrepl -mem2reg -keep-read-access -instcombine -dce  -promote-dbg-pointer  -bitop-raise  -indvars -loop-simplify -xunroll  -constprop -instcombine -simplifycfg -indvars  -simplifycfg -dce -globaldce  -basicaa  -simplifycfg -mem2reg -globalopt  -global-constprop -deadargelim -instcombine -simplifycfg  -prune-eh -simplifycfg  -scalarrepl -instcombine -reassociate -licm  -simplifycfg -loop-simplify -indvars -instcombine  -simplifycfg -mem2reg -loop-simplify -indvars -instcombine  -gvn -gvn -instcombine -adce  -break-crit-edges  -simplifycfg -loop-delete  -global-array-opt -dce -dse -adce  -find-syn-modules -top SHA1ProcessMessageBlock  -deadargelim  -mem2reg -instcombine -dce  -presyn-prepare -auto-rom-infer  -interface-preproc  -syn-check -check-rec-only  -find-region -simplifycfg -func-extr -function-inline  -globaldce -mem2reg -instcombine -dce   -gvn -globaldce -adce -adse  -constprop -instcombine -bit-constprop  -instcombine -dce -simplifycfg -bitop-raise  -simplifycfg -dce -loop-delete -reassociate  -globalopt -global-privatize -mem2reg -dce  -global-constprop -pointer-simplify -constprop -dce  -func-inst -deadargelim  -promote-dbg-pointer  -norm-name   /home/matt/workspace/sha1/solution2/.autopilot/db/a.g.0.bc -o /home/matt/workspace/sha1/solution2/.autopilot/db/a.g.1.bc -f  -phase std-opt
@I [HLS-0] Std xform time: 0 seconds per iteration
@I [HLS-100] Command "is_encrypted /home/matt/workspace/sha1/solution2/.autopilot/db/a.g.1.bc "
@I [HLS-100] Command 'is_encrypted' returned 0; elapsed 0.000158Total elapsed time: 8.561 sec.
@I [HLS-10] Checking synthesizability ...
@0 [HLS-0] Checking synthesizability ...
@I [HLS-0] syn check 1/2: transform -hls -syn-check -check-rec-only -disaggr -scalarrepl -norm-name -dce  -mem2reg -instcombine  -function-uniquify -directive-preproc -mem2reg -dse -dce -auto-rom-infer -dce  -array-normalize -instcombine -dce  -array-seg-normalize -instcombine -dce  -array-flatten -instcombine -dce  -array-burst -dce  -deadargelim -promote-global-argument  -simplifycfg -mem2reg -globaldce -resolve-double-ptr  -dce -deadargelim -dce -instcombine  -function-inline -globaldce -dce  -doublePtrSimplify -doublePtrElim -dce  -doublePtrSimplify -promote-dbg-pointer  -dce -scalarrepl -dse -adse -instcombine  -ptrLegalization  -simplifycfg -dce -instcombine  -pointer-simplify -ptrArgReplace -dce -instcombine   -disaggr -scalarrepl -norm-name -dce  -mem2reg -instcombine -ptrLegalization   -simplifycfg -deadargelim  -instcombine -dce -inst-simplify  -function-uniquify -directive-preproc -mem2reg -dse -dce  -globaldce    /home/matt/workspace/sha1/solution2/.autopilot/db/a.g.1.bc -o /home/matt/workspace/sha1/solution2/.autopilot/db/a.g.2.prechk.bc -f
@I [XFORM-602] Inlining function 'SHA1CircularShift' into 'Swapping' (sha1/sha1.c:10) automatically.
@I [HLS-0] Syn check 1/2 time: 0 seconds per iteration
@I [HLS-0] syn check 2/2: transform -syn-check   /home/matt/workspace/sha1/solution2/.autopilot/db/a.g.2.prechk.bc -o /home/matt/workspace/sha1/solution2/.autopilot/db/a.g.2.bc -f  -phase syn-check
@I [HLS-0] Syn check 2/2 time: 0 seconds per iteration
@I [HLS-0] Compiler optimizing ...
@I [HLS-0] Share syncheck's 1.bc for syn flow: copy /home/matt/workspace/sha1/solution2/.autopilot/db/a.g.1.bc to /home/matt/workspace/sha1/solution2/.autopilot/db/a.o.1.bc
@I [HLS-0] presyn 1: transform -hls -tmp /home/matt/workspace/sha1/solution2/.autopilot/db -type-info  -function-uniquify -directive-preproc -mem2reg -dse -dce  -disaggr -scalarrepl -norm-name -deadargelim  -mem2reg -instcombine -dce -auto-rom-infer -dce -function-uniquify  -resource-proc  -simplifycfg -mem2reg -globaldce -resolve-double-ptr -dce -deadargelim -dce -instcombine  -clib-intrinsic-prepare -dce  -func-buffer -dce -array-normalize  -func-legal -instcombine -gvn -constprop -dce   -ptrArgReplace -mem2reg -instcombine -dce  -array-seg-normalize -deadargelim  -instcombine -dce  -pointer-simplify -dce  -port-alignment -dce  -interface-preproc  -data-pack -instcombine -dce   -basicaa -aggr-aa -aggrmodref-aa -aggr-aa -gvn -gvn  -basicaa -aggr-aa -aggrmodref-aa -aggr-aa -dse -adse -adce  -loop-simplify -indvars -instcombine  -gvn -loop-simplify -mem2reg -dce -simplifycfg  -find-region -instcombine  -auto-loop-pipeline  -inst-simplify  -interface-preproc  -indvars -auto-loop-unroll -loop-simplify -loop-bound -xunroll  -constprop -instcombine -simplifycfg -indvars  -simplifycfg -dce -globaldce  -attach-range  -gvn -inst-simplify  -constprop -simplifycfg -dce  -pointer-simplify -dce  -globalopt -constprop -dce  -array-promote -constprop -instcombine -dce  -ptrArgReplace -mem2reg  -instcombine -simplifycfg -dce  -auto-par -instcombine -dce  -array-transform-check  -array-reshape -instcombine -simplifycfg -dce  -ptrArgReplace -deadargelim -mem2reg  -instcombine -simplifycfg -dce   -indvars -loop-simplify -loop-bound -xunroll  -constprop -instcombine -simplifycfg -indvars  -simplifycfg -dce -globaldce  -duplicate-dataflow-processes -globaldce  -array-partition -instcombine -simplifycfg -dce  -ptrArgReplace -global-constprop -deadargelim -mem2reg  -func-legal -instcombine -dce -global-constprop -deadargelim -mem2reg  -instcombine -simplifycfg -dce   -globalopt -constprop -dce  -array-promote -constprop -instcombine -dce  -ptrArgReplace -mem2reg  -instcombine -simplifycfg -dce   -mem-intrinsic-preproc -dce  -global-privatize  -mem2reg -globaldce  -promote-global-argument  -ptrArgReplace -mem2reg -instcombine -dce  -globalopt -mergereturn -simplify-global-access -mem2reg -dce  -pointer-simplify -dce  -functionattrs  -basicaa -aggr-aa -aggrmodref-aa -aggr-aa -gvn -gvn  -basicaa -aggr-aa -aggrmodref-aa -aggr-aa -dse -adse -adce  -inst-simplify -dce -norm-name  -function-inline -globaldce  -func-inst -constprop -instcombine -simplifycfg -dce  -func-legal -dce   -loop-bound  -arraycheck -bitwidthmin -on-by-dataflow  -loop-delete -instcombine -simplifycfg  -globaldce -dce -gvn -deadargelim -dce -loop-simplify -clean-region -simplifycfg -propagate-stable-arguments  -loop-stream -instcombine -simplifycfg -dce -globaldce  -stream-intrinsic-preproc -dce  -check-ap-stream -loop-simplify -eliminate-keepreads  -extract-dataflow-in-loop -loop-simplify -dce -gvn -deadargelim -dse  -check-dataflow-syntax  -legalize-stream-variable -legalize-global -legalize-global-1  -extract-subproc -dce -dead-channel-elimination  -canonicalize-gep -globaldce -dce -gvn -deadargelim  -scalar-propagation -deadargelim -globaldce -mem2reg  -check-dataflow-channels -function-stream -dce -globaldce  -prop-fifo-spec -internal-stream-gen  -canonicalize-gep -globaldce -dce -gvn -deadargelim   -mergereturn -indvars -loop-simplify -instcombine  -array-stream -instcombine -simplifycfg -dce  -bundle-memfifo-ops -deadargelim    -function-uniquify -directive-preproc -mem2reg -dse -dce  -group-axi-access    -licm -simplifycfg -dce -loop-delete  -norm-name  /home/matt/workspace/sha1/solution2/.autopilot/db/a.o.1.bc -o /home/matt/workspace/sha1/solution2/.autopilot/db/a.o.1.tmp.bc -f
@I [XFORM-501] Unrolling loop 'loop1' (sha1/sha1.c:54) in function 'SHA1ProcessMessageBlock' completely.
@I [XFORM-501] Unrolling loop 'loop2' (sha1/sha1.c:61) in function 'SHA1ProcessMessageBlock' completely.
@I [XFORM-501] Unrolling loop 'loop3' (sha1/sha1.c:72) in function 'SHA1ProcessMessageBlock' completely.
@I [XFORM-501] Unrolling loop 'loop4' (sha1/sha1.c:78) in function 'SHA1ProcessMessageBlock' completely.
@I [XFORM-501] Unrolling loop 'loop5' (sha1/sha1.c:84) in function 'SHA1ProcessMessageBlock' completely.
@I [XFORM-501] Unrolling loop 'loop6' (sha1/sha1.c:90) in function 'SHA1ProcessMessageBlock' completely.
@I [XFORM-602] Inlining function 'SHA1CircularShift' into 'Swapping69' (sha1/sha1.c:10) automatically.
@I [XFORM-602] Inlining function 'SHA1CircularShift' into 'Swapping71' (sha1/sha1.c:10) automatically.
@I [XFORM-602] Inlining function 'SHA1CircularShift' into 'Swapping73' (sha1/sha1.c:10) automatically.
@I [XFORM-602] Inlining function 'SHA1CircularShift' into 'Swapping75' (sha1/sha1.c:10) automatically.
@I [XFORM-602] Inlining function 'SHA1CircularShift' into 'Swapping77' (sha1/sha1.c:10) automatically.
@I [XFORM-602] Inlining function 'SHA1CircularShift' into 'Swapping79' (sha1/sha1.c:10) automatically.
@I [XFORM-602] Inlining function 'SHA1CircularShift' into 'Swapping81' (sha1/sha1.c:10) automatically.
@I [XFORM-602] Inlining function 'SHA1CircularShift' into 'Swapping83' (sha1/sha1.c:10) automatically.
@I [XFORM-602] Inlining function 'SHA1CircularShift' into 'Swapping85' (sha1/sha1.c:10) automatically.
@I [XFORM-602] Inlining function 'SHA1CircularShift' into 'Swapping87' (sha1/sha1.c:10) automatically.
@I [XFORM-602] Inlining function 'SHA1CircularShift' into 'Swapping89' (sha1/sha1.c:10) automatically.
@I [XFORM-602] Inlining function 'SHA1CircularShift' into 'Swapping91' (sha1/sha1.c:10) automatically.
@I [XFORM-602] Inlining function 'SHA1CircularShift' into 'Swapping93' (sha1/sha1.c:10) automatically.
@I [XFORM-602] Inlining function 'SHA1CircularShift' into 'Swapping95' (sha1/sha1.c:10) automatically.
@I [XFORM-602] Inlining function 'SHA1CircularShift' into 'Swapping97' (sha1/sha1.c:10) automatically.
@I [XFORM-602] Inlining function 'SHA1CircularShift' into 'Swapping99' (sha1/sha1.c:10) automatically.
@I [XFORM-602] Inlining function 'SHA1CircularShift' into 'Swapping101' (sha1/sha1.c:10) automatically.
@I [XFORM-602] Inlining function 'SHA1CircularShift' into 'Swapping103' (sha1/sha1.c:10) automatically.
@I [XFORM-602] Inlining function 'SHA1CircularShift' into 'Swapping105' (sha1/sha1.c:10) automatically.
@I [XFORM-602] Inlining function 'SHA1CircularShift' into 'Swapping107' (sha1/sha1.c:10) automatically.
@I [XFORM-602] Inlining function 'SHA1CircularShift' into 'Swapping109' (sha1/sha1.c:10) automatically.
@I [XFORM-602] Inlining function 'SHA1CircularShift' into 'Swapping111' (sha1/sha1.c:10) automatically.
@I [XFORM-602] Inlining function 'SHA1CircularShift' into 'Swapping113' (sha1/sha1.c:10) automatically.
@I [XFORM-602] Inlining function 'SHA1CircularShift' into 'Swapping115' (sha1/sha1.c:10) automatically.
@I [XFORM-602] Inlining function 'SHA1CircularShift' into 'Swapping117' (sha1/sha1.c:10) automatically.
@I [XFORM-602] Inlining function 'SHA1CircularShift' into 'Swapping119' (sha1/sha1.c:10) automatically.
@I [XFORM-602] Inlining function 'SHA1CircularShift' into 'Swapping121' (sha1/sha1.c:10) automatically.
@I [XFORM-602] Inlining function 'SHA1CircularShift' into 'Swapping123' (sha1/sha1.c:10) automatically.
@I [XFORM-602] Inlining function 'SHA1CircularShift' into 'Swapping125' (sha1/sha1.c:10) automatically.
@I [XFORM-602] Inlining function 'SHA1CircularShift' into 'Swapping127' (sha1/sha1.c:10) automatically.
@I [XFORM-602] Inlining function 'SHA1CircularShift' into 'Swapping129' (sha1/sha1.c:10) automatically.
@I [XFORM-602] Inlining function 'SHA1CircularShift' into 'Swapping131' (sha1/sha1.c:10) automatically.
@I [XFORM-602] Inlining function 'SHA1CircularShift' into 'Swapping133' (sha1/sha1.c:10) automatically.
@I [XFORM-602] Inlining function 'SHA1CircularShift' into 'Swapping135' (sha1/sha1.c:10) automatically.
@I [XFORM-602] Inlining function 'SHA1CircularShift' into 'Swapping137' (sha1/sha1.c:10) automatically.
@I [XFORM-602] Inlining function 'SHA1CircularShift' into 'Swapping139' (sha1/sha1.c:10) automatically.
@I [XFORM-602] Inlining function 'SHA1CircularShift' into 'Swapping141' (sha1/sha1.c:10) automatically.
@I [XFORM-602] Inlining function 'SHA1CircularShift' into 'Swapping143' (sha1/sha1.c:10) automatically.
@I [XFORM-602] Inlining function 'SHA1CircularShift' into 'Swapping145' (sha1/sha1.c:10) automatically.
@I [XFORM-602] Inlining function 'SHA1CircularShift' into 'Swapping147' (sha1/sha1.c:10) automatically.
@I [XFORM-602] Inlining function 'SHA1CircularShift' into 'Swapping149' (sha1/sha1.c:10) automatically.
@I [XFORM-602] Inlining function 'SHA1CircularShift' into 'Swapping151' (sha1/sha1.c:10) automatically.
@I [XFORM-602] Inlining function 'SHA1CircularShift' into 'Swapping153' (sha1/sha1.c:10) automatically.
@I [XFORM-602] Inlining function 'SHA1CircularShift' into 'Swapping155' (sha1/sha1.c:10) automatically.
@I [XFORM-602] Inlining function 'SHA1CircularShift' into 'Swapping157' (sha1/sha1.c:10) automatically.
@I [XFORM-602] Inlining function 'SHA1CircularShift' into 'Swapping159' (sha1/sha1.c:10) automatically.
@I [XFORM-602] Inlining function 'SHA1CircularShift' into 'Swapping161' (sha1/sha1.c:10) automatically.
@I [XFORM-602] Inlining function 'SHA1CircularShift' into 'Swapping163' (sha1/sha1.c:10) automatically.
@I [XFORM-602] Inlining function 'SHA1CircularShift' into 'Swapping165' (sha1/sha1.c:10) automatically.
@I [XFORM-602] Inlining function 'SHA1CircularShift' into 'Swapping167' (sha1/sha1.c:10) automatically.
@I [XFORM-602] Inlining function 'SHA1CircularShift' into 'Swapping169' (sha1/sha1.c:10) automatically.
@I [XFORM-602] Inlining function 'SHA1CircularShift' into 'Swapping171' (sha1/sha1.c:10) automatically.
@I [XFORM-602] Inlining function 'SHA1CircularShift' into 'Swapping173' (sha1/sha1.c:10) automatically.
@I [XFORM-602] Inlining function 'SHA1CircularShift' into 'Swapping175' (sha1/sha1.c:10) automatically.
@I [XFORM-602] Inlining function 'SHA1CircularShift' into 'Swapping177' (sha1/sha1.c:10) automatically.
@I [XFORM-602] Inlining function 'SHA1CircularShift' into 'Swapping179' (sha1/sha1.c:10) automatically.
@I [XFORM-602] Inlining function 'SHA1CircularShift' into 'Swapping181' (sha1/sha1.c:10) automatically.
@I [XFORM-602] Inlining function 'SHA1CircularShift' into 'Swapping183' (sha1/sha1.c:10) automatically.
@I [XFORM-602] Inlining function 'SHA1CircularShift' into 'Swapping185' (sha1/sha1.c:10) automatically.
@I [XFORM-602] Inlining function 'SHA1CircularShift' into 'Swapping187' (sha1/sha1.c:10) automatically.
@I [XFORM-602] Inlining function 'SHA1CircularShift' into 'Swapping189' (sha1/sha1.c:10) automatically.
@I [XFORM-602] Inlining function 'SHA1CircularShift' into 'Swapping191' (sha1/sha1.c:10) automatically.
@I [XFORM-602] Inlining function 'SHA1CircularShift' into 'Swapping193' (sha1/sha1.c:10) automatically.
@I [XFORM-602] Inlining function 'SHA1CircularShift' into 'Swapping195' (sha1/sha1.c:10) automatically.
@I [XFORM-602] Inlining function 'SHA1CircularShift' into 'Swapping197' (sha1/sha1.c:10) automatically.
@I [XFORM-602] Inlining function 'SHA1CircularShift' into 'Swapping199' (sha1/sha1.c:10) automatically.
@I [XFORM-602] Inlining function 'SHA1CircularShift' into 'Swapping201' (sha1/sha1.c:10) automatically.
@I [XFORM-602] Inlining function 'SHA1CircularShift' into 'Swapping203' (sha1/sha1.c:10) automatically.
@I [XFORM-602] Inlining function 'SHA1CircularShift' into 'Swapping205' (sha1/sha1.c:10) automatically.
@I [XFORM-602] Inlining function 'SHA1CircularShift' into 'Swapping207' (sha1/sha1.c:10) automatically.
@I [XFORM-602] Inlining function 'SHA1CircularShift' into 'Swapping209' (sha1/sha1.c:10) automatically.
@I [XFORM-602] Inlining function 'SHA1CircularShift' into 'Swapping211' (sha1/sha1.c:10) automatically.
@I [XFORM-602] Inlining function 'SHA1CircularShift' into 'Swapping213' (sha1/sha1.c:10) a