@I [HLS-0] Workspace /home/matt/workspace/sha1_hls/pipeline_balancingon opened at Tue Sep 13 00:15:03 ART 2016
@I [HLS-100] Command "config_clock -quiet -name default -period 10 -default=false "
@I [SYN-201] Setting up clock 'default' with a period of 10ns.
@I [HLS-100] Command 'config_clock' returned 0; elapsed 0.000545Total elapsed time: 0.962 sec.
@I [HLS-100] Command "open_platform DefaultPlatform "
@I [HLS-100] Command 'open_platform' returned 0; elapsed 0.000149Total elapsed time: 0.966 sec.
@I [HLS-100] Command "import_lib /opt/Xilinx/Vivado_HLS/2016.1/common/technology/xilinx/zynq/zynq "
@I [HLS-100] Command "source /opt/Xilinx/Vivado_HLS/2016.1/common/technology/xilinx/common/xilinx.lib "
@I [HLS-100] Command "source /opt/Xilinx/Vivado_HLS/2016.1/common/technology/xilinx/interface/xilinx_interface.lib "
@I [HLS-100] Command "source /opt/Xilinx/Vivado_HLS/2016.1/common/technology/xilinx/interface/plb46.lib "
@I [HLS-100] Command 'ap_source' returned 0; elapsed 0.000862Total elapsed time: 0.969 sec.
@I [HLS-100] Command "source /opt/Xilinx/Vivado_HLS/2016.1/common/technology/xilinx/interface/fsl.lib "
@I [HLS-100] Command 'ap_source' returned 0; elapsed 0.000408Total elapsed time: 0.970 sec.
@I [HLS-100] Command "source /opt/Xilinx/Vivado_HLS/2016.1/common/technology/xilinx/interface/axi4.lib "
@I [HLS-100] Command 'ap_source' returned 0; elapsed 0.000597Total elapsed time: 0.971 sec.
@I [HLS-100] Command "source /opt/Xilinx/Vivado_HLS/2016.1/common/technology/xilinx/interface/maxi.lib "
@I [HLS-100] Command 'ap_source' returned 0; elapsed 0.000498Total elapsed time: 0.972 sec.
@I [HLS-100] Command "source /opt/Xilinx/Vivado_HLS/2016.1/common/technology/xilinx/interface/saxilite.lib "
@I [HLS-100] Command 'ap_source' returned 0; elapsed 0.000349Total elapsed time: 0.972 sec.
@I [HLS-100] Command 'ap_source' returned 0; elapsed 0.005313Total elapsed time: 0.973 sec.
@I [HLS-100] Command "source /opt/Xilinx/Vivado_HLS/2016.1/common/technology/xilinx/common/dsp48.lib "
@I [HLS-100] Command 'ap_source' returned 0; elapsed 0.000341Total elapsed time: 0.974 sec.
@I [HLS-100] Command "source /opt/Xilinx/Vivado_HLS/2016.1/common/technology/xilinx/ip/xfir.lib "
@I [HLS-100] Command 'ap_source' returned 0; elapsed 0.000224Total elapsed time: 0.975 sec.
@I [HLS-100] Command "source /opt/Xilinx/Vivado_HLS/2016.1/common/technology/xilinx/ip/dds_compiler.lib "
@I [HLS-100] Command 'ap_source' returned 0; elapsed 0.000203Total elapsed time: 0.975 sec.
@I [HLS-100] Command "source /opt/Xilinx/Vivado_HLS/2016.1/common/technology/xilinx/ip/xfft.lib "
@I [HLS-100] Command 'ap_source' returned 0; elapsed 0.000199Total elapsed time: 0.976 sec.
@I [HLS-100] Command 'ap_source' returned 0; elapsed 0.0156Total elapsed time: 0.983 sec.
@I [HLS-100] Command "source /opt/Xilinx/Vivado_HLS/2016.1/common/technology/xilinx/common/xilinx_old.lib "
@I [HLS-100] Command 'ap_source' returned 0; elapsed 0.002396Total elapsed time: 0.990 sec.
@I [HLS-100] Command "source /opt/Xilinx/Vivado_HLS/2016.1/common/technology/xilinx/common/xilinx_vivado.lib "
@I [HLS-100] Command 'ap_source' returned 0; elapsed 0.002324Total elapsed time: 0.993 sec.
@I [HLS-100] Command "source /opt/Xilinx/Vivado_HLS/2016.1/common/technology/xilinx/common/xilinx.hlp "
@I [HLS-100] Command "source /opt/Xilinx/Vivado_HLS/2016.1/common/technology/xilinx/common/target_info.tcl "
@I [HLS-100] Command 'ap_source' returned 0; elapsed 0.000414Total elapsed time: 1.1 sec.
@I [HLS-100] Command "source /opt/Xilinx/Vivado_HLS/2016.1/common/technology/xilinx/interface/xilinx_interface.hlp "
@I [HLS-100] Command "source /opt/Xilinx/Vivado_HLS/2016.1/common/technology/xilinx/interface/maxi.hlp "
@I [HLS-100] Command 'ap_source' returned 0; elapsed 0.000338Total elapsed time: 1.3 sec.
@I [HLS-100] Command "source /opt/Xilinx/Vivado_HLS/2016.1/common/technology/xilinx/interface/saxilite.hlp "
@I [HLS-100] Command 'ap_source' returned 0; elapsed 0.000251Total elapsed time: 1.3 sec.
@I [HLS-100] Command 'ap_source' returned 0; elapsed 0.001625Total elapsed time: 1.4 sec.
@I [HLS-100] Command "source /opt/Xilinx/Vivado_HLS/2016.1/common/technology/xilinx/common/dsp48.hlp "
@I [HLS-100] Command 'ap_source' returned 0; elapsed 0.001746Total elapsed time: 1.6 sec.
@I [HLS-100] Command 'ap_source' returned 0; elapsed 0.008263Total elapsed time: 1.8 sec.
@I [HLS-100] Command "source /opt/Xilinx/Vivado_HLS/2016.1/common/technology/xilinx/zynq/dsp48e1.hlp "
@I [HLS-100] Command 'ap_source' returned 0; elapsed 0.000295Total elapsed time: 1.9 sec.
@I [HLS-100] Command "get_default_platform "
@I [HLS-100] Command 'get_default_platform' returned 0; elapsed 1.6e-05Total elapsed time: 1.10 sec.
@I [HLS-100] Command "config_chip_info -quiet -resource  {SLICE 13300}  {LUT 53200}     {FF 106400} {DSP48E 220}   {BRAM 280}  "
@I [HLS-100] Command 'config_chip_info' returned 0; elapsed 6.3e-05Total elapsed time: 1.11 sec.
@I [HLS-100] Command "config_chip_info -quiet -speed medium "
@I [HLS-100] Command 'config_chip_info' returned 0; elapsed 2.1e-05Total elapsed time: 1.11 sec.
@I [HLS-100] Command 'import_lib' returned 0; elapsed 0.05052Total elapsed time: 1.17 sec.
@I [HLS-100] Command "source /opt/Xilinx/Vivado_HLS/2016.1/common/technology/xilinx/zynq/zynq.gen "
@I [HLS-100] Command "source /opt/Xilinx/Vivado_HLS/2016.1/common/technology/xilinx/common/virtex.gen "
@I [HLS-100] Command "source /opt/Xilinx/Vivado_HLS/2016.1/common/technology/xilinx/common/xilinx.gen "
@I [HLS-100] Command "source /opt/Xilinx/Vivado_HLS/2016.1/common/technology/xilinx/interface/plb46.gen "
@I [HLS-100] Command 'ap_source' returned 0; elapsed 0.004961Total elapsed time: 1.25 sec.
@I [HLS-100] Command "source /opt/Xilinx/Vivado_HLS/2016.1/common/technology/xilinx/interface/fsl.gen "
@I [HLS-100] Command 'ap_source' returned 0; elapsed 0.001994Total elapsed time: 1.28 sec.
@I [HLS-100] Command "source /opt/Xilinx/Vivado_HLS/2016.1/common/technology/xilinx/interface/axi4.gen "
@I [HLS-100] Command 'ap_source' returned 0; elapsed 0.007416Total elapsed time: 1.36 sec.
@I [HLS-100] Command "source /opt/Xilinx/Vivado_HLS/2016.1/common/technology/xilinx/interface/nativeAXI4.gen "
@I [HLS-100] Command "source /opt/Xilinx/Vivado_HLS/2016.1/common/technology/xilinx/interface/saxilite.gen "
@I [HLS-100] Command 'ap_source' returned 0; elapsed 0.010872Total elapsed time: 1.48 sec.
@I [HLS-100] Command "source /opt/Xilinx/Vivado_HLS/2016.1/common/technology/xilinx/interface/maxi.gen "
@I [HLS-100] Command 'ap_source' returned 0; elapsed 0.02291Total elapsed time: 1.72 sec.
@I [HLS-100] Command 'ap_source' returned 0; elapsed 0.03522Total elapsed time: 1.72 sec.
@I [HLS-100] Command "source /opt/Xilinx/Vivado_HLS/2016.1/common/technology/xilinx/scripts/xilinxcoregen.gen "
@I [HLS-100] Command 'ap_source' returned 0; elapsed 0.028881Total elapsed time: 1.102 sec.
@I [HLS-100] Command "source /opt/Xilinx/Vivado_HLS/2016.1/common/technology/xilinx/interface/XilEDKCoreGen.gen "
@I [HLS-100] Command 'ap_source' returned 0; elapsed 0.025768Total elapsed time: 1.128 sec.
@I [HLS-100] Command "source /opt/Xilinx/Vivado_HLS/2016.1/common/technology/xilinx/ip/util.gen "
@I [HLS-100] Command 'ap_source' returned 0; elapsed 0.000484Total elapsed time: 1.130 sec.
@I [HLS-100] Command "source /opt/Xilinx/Vivado_HLS/2016.1/common/technology/xilinx/ip/xfir.gen "
@I [HLS-100] Command 'ap_source' returned 0; elapsed 0.002048Total elapsed time: 1.132 sec.
@I [HLS-100] Command "source /opt/Xilinx/Vivado_HLS/2016.1/common/technology/xilinx/ip/dds_compiler.gen "
@I [HLS-100] Command 'ap_source' returned 0; elapsed 0.010716Total elapsed time: 1.143 sec.
@I [HLS-100] Command "source /opt/Xilinx/Vivado_HLS/2016.1/common/technology/xilinx/ip/xfft.gen "
@I [HLS-100] Command 'ap_source' returned 0; elapsed 0.360947Total elapsed time: 1.505 sec.
@I [HLS-100] Command 'ap_source' returned 0; elapsed 0.485244Total elapsed time: 1.505 sec.
@I [HLS-100] Command "source /opt/Xilinx/Vivado_HLS/2016.1/common/technology/xilinx/common/dsp48.gen "
@I [HLS-100] Command 'ap_source' returned 0; elapsed 0.000392Total elapsed time: 1.511 sec.
@I [HLS-100] Command 'ap_source' returned 0; elapsed 0.493261Total elapsed time: 1.512 sec.
@I [HLS-100] Command 'ap_source' returned 0; elapsed 0.494007Total elapsed time: 1.512 sec.
@I [HLS-100] Command "open_platform DefaultPlatform "
@I [HLS-100] Command 'open_platform' returned 0; elapsed 2.1e-05Total elapsed time: 1.513 sec.
@I [HLS-100] Command "import_lib /opt/Xilinx/Vivado_HLS/2016.1/common/technology/xilinx/zynq/zynq_fpv6 "
@I [HLS-100] Command "source /opt/Xilinx/Vivado_HLS/2016.1/common/technology/xilinx/common/xilinx_fpv7.lib "
@I [HLS-100] Command "source /opt/Xilinx/Vivado_HLS/2016.1/common/technology/xilinx/common/xilinx_hp.lib "
@I [HLS-100] Command 'ap_source' returned 0; elapsed 0.00204Total elapsed time: 1.517 sec.
@I [HLS-100] Command 'ap_source' returned 0; elapsed 0.011183Total elapsed time: 1.525 sec.
@I [HLS-100] Command "source /opt/Xilinx/Vivado_HLS/2016.1/common/technology/xilinx/common/xilinx_fpv.hlp "
@I [HLS-100] Command "source /opt/Xilinx/Vivado_HLS/2016.1/common/technology/xilinx/common/xilinx.hlp "
@I [HLS-100] Command "source /opt/Xilinx/Vivado_HLS/2016.1/common/technology/xilinx/common/target_info.tcl "
@I [HLS-100] Command 'ap_source' returned 0; elapsed 0.000467Total elapsed time: 1.546 sec.
@I [HLS-100] Command "source /opt/Xilinx/Vivado_HLS/2016.1/common/technology/xilinx/interface/xilinx_interface.hlp "
@I [HLS-100] Command "source /opt/Xilinx/Vivado_HLS/2016.1/common/technology/xilinx/interface/maxi.hlp "
@I [HLS-100] Command 'ap_source' returned 0; elapsed 0.000333Total elapsed time: 1.547 sec.
@I [HLS-100] Command "source /opt/Xilinx/Vivado_HLS/2016.1/common/technology/xilinx/interface/saxilite.hlp "
@I [HLS-100] Command 'ap_source' returned 0; elapsed 0.000256Total elapsed time: 1.548 sec.
@I [HLS-100] Command 'ap_source' returned 0; elapsed 0.001436Total elapsed time: 1.548 sec.
@I [HLS-100] Command "source /opt/Xilinx/Vivado_HLS/2016.1/common/technology/xilinx/common/dsp48.hlp "
@I [HLS-100] Command 'ap_source' returned 0; elapsed 0.001699Total elapsed time: 1.551 sec.
@I [HLS-100] Command 'ap_source' returned 0; elapsed 0.007684Total elapsed time: 1.553 sec.
@I [HLS-100] Command 'ap_source' returned 0; elapsed 0.009552Total elapsed time: 1.554 sec.
@I [HLS-100] Command "source /opt/Xilinx/Vivado_HLS/2016.1/common/technology/xilinx/zynq/zynq_hp.hlp "
@I [HLS-100] Command 'ap_source' returned 0; elapsed 0.002559Total elapsed time: 1.557 sec.
@I [HLS-100] Command 'import_lib' returned 0; elapsed 0.060082Total elapsed time: 1.573 sec.
@I [HLS-100] Command "source /opt/Xilinx/Vivado_HLS/2016.1/common/technology/xilinx/zynq/zynq_fpv6.gen "
@I [HLS-100] Command "source /opt/Xilinx/Vivado_HLS/2016.1/common/technology/xilinx/common/xilinx_fpv6.gen "
@I [HLS-100] Command 'ap_source' returned 0; elapsed 0.004657Total elapsed time: 1.579 sec.
@I [HLS-100] Command 'ap_source' returned 0; elapsed 0.005454Total elapsed time: 1.580 sec.
@I [HLS-100] Command "set_part xc7z020clg484-1 "
@I [HLS-100] Command "add_library xilinx/zynq/zynq:xc7z020:clg484:-1 "
@I [HLS-100] Command "get_default_platform "
@I [HLS-100] Command 'get_default_platform' returned 0; elapsed 1.6e-05Total elapsed time: 1.592 sec.
@I [HLS-100] Command "license_isbetapart xc7z020 "
@I [HLS-100] Command 'license_isbetapart' returned 1; elapsed 0.018984Total elapsed time: 1.613 sec.
@I [HLS-100] Command "get_default_platform "
@I [HLS-100] Command 'get_default_platform' returned 0; elapsed 2e-05Total elapsed time: 1.615 sec.
@I [HLS-100] Command "config_chip_info -quiet -resource  {SLICE 13300}  {LUT 53200}     {FF 106400} {DSP48E 220}   {BRAM 280}  "
@I [HLS-100] Command 'config_chip_info' returned 0; elapsed 4e-05Total elapsed time: 1.616 sec.
@I [HLS-100] Command "config_chip_info -quiet -speed slow "
@I [HLS-100] Command 'config_chip_info' returned 0; elapsed 1.7e-05Total elapsed time: 1.616 sec.
@I [HLS-100] Command 'add_library' returned 0; elapsed 0.030236Total elapsed time: 1.621 sec.
@I [HLS-100] Command "add_library xilinx/zynq/zynq_fpv6 "
@I [HLS-100] Command "get_default_platform "
@I [HLS-100] Command 'get_default_platform' returned 0; elapsed 2.9e-05Total elapsed time: 1.624 sec.
@I [HLS-100] Command 'add_library' returned 0; elapsed 0.007499Total elapsed time: 1.629 sec.
@I [HLS-10] Setting target device to 'xc7z020clg484-1'
@I [HLS-100] Command 'set_part' returned 0; elapsed 0.048305Total elapsed time: 1.630 sec.
@I [HLS-100] Command "get_default_platform "
@I [HLS-100] Command 'get_default_platform' returned 0; elapsed 1.5e-05Total elapsed time: 1.630 sec.
@I [HLS-100] Command "config_chip_info -quiet -resource  {SLICE 13300}  {LUT 53200}     {FF 106400} {DSP48E 220}   {BRAM 280}  "
@I [HLS-100] Command 'config_chip_info' returned 0; elapsed 4.9e-05Total elapsed time: 1.631 sec.
@I [HLS-100] Command "config_chip_info -quiet -speed slow "
@I [HLS-100] Command 'config_chip_info' returned 0; elapsed 2.5e-05Total elapsed time: 1.632 sec.
@I [HLS-100] Command 'open_solution' returned 0; elapsed 0.692024Total elapsed time: 1.635 sec.
@I [HLS-100] Command "set_part xc7z020clg484-1 "
@I [HLS-100] Command "add_library xilinx/zynq/zynq:xc7z020:clg484:-1 "
@I [HLS-100] Command "get_default_platform "
@I [HLS-100] Command 'get_default_platform' returned 0; elapsed 1.7e-05Total elapsed time: 1.641 sec.
@I [HLS-100] Command "license_isbetapart xc7z020 "
@I [HLS-100] Command 'license_isbetapart' returned 1; elapsed 9.7e-05Total elapsed time: 1.643 sec.
@I [HLS-100] Command "get_default_platform "
@I [HLS-100] Command 'get_default_platform' returned 0; elapsed 1.5e-05Total elapsed time: 1.645 sec.
@I [HLS-100] Command "config_chip_info -quiet -resource  {SLICE 13300}  {LUT 53200}     {FF 106400} {DSP48E 220}   {BRAM 280}  "
@I [HLS-100] Command 'config_chip_info' returned 0; elapsed 3.9e-05Total elapsed time: 1.646 sec.
@I [HLS-100] Command "config_chip_info -quiet -speed slow "
@I [HLS-100] Command 'config_chip_info' returned 0; elapsed 1.6e-05Total elapsed time: 1.646 sec.
@I [HLS-100] Command 'add_library' returned 0; elapsed 0.008692Total elapsed time: 1.648 sec.
@I [HLS-100] Command "add_library xilinx/zynq/zynq_fpv6 "
@I [HLS-100] Command "get_default_platform "
@I [HLS-100] Command 'get_default_platform' returned 0; elapsed 1.6e-05Total elapsed time: 1.650 sec.
@I [HLS-100] Command 'add_library' returned 0; elapsed 0.004861Total elapsed time: 1.654 sec.
@I [HLS-100] Command 'set_part' returned 0; elapsed 0.018656Total elapsed time: 1.654 sec.
@I [HLS-100] Command "create_clock -period 10 -name default "
@I [HLS-100] Command 'create_clock' returned 0; elapsed 0.003317Total elapsed time: 1.658 sec.
@I [HLS-100] Command "source ./sha1_hls/pipeline_balancingon/directives.tcl "
@I [HLS-100] Command "set_directive_pipeline -II 4 Swapping "
@I [HLS-0] Setting directive 'PIPELINE' II=4 
@I [HLS-100] Command 'set_directive_pipeline' returned 0; elapsed 0.003538Total elapsed time: 1.663 sec.
@I [HLS-100] Command "set_directive_pipeline -II 4 SHA1ProcessMessageBlock "
@I [HLS-0] Setting directive 'PIPELINE' II=4 
@I [HLS-0] Setting directive 'PIPELINE' II=4 
@I [HLS-100] Command 'set_directive_pipeline' returned 0; elapsed 0.002477Total elapsed time: 1.666 sec.
@I [HLS-100] Command "set_directive_pipeline -II 4 SHA1CircularShift "
@I [HLS-0] Setting directive 'PIPELINE' II=4 
@I [HLS-0] Setting directive 'PIPELINE' II=4 
@I [HLS-0] Setting directive 'PIPELINE' II=4 
@I [HLS-100] Command 'set_directive_pipeline' returned 0; elapsed 0.002737Total elapsed time: 1.669 sec.
@I [HLS-100] Command "set_directive_expression_balance SHA1ProcessMessageBlock "
@I [HLS-0] Setting directive 'PIPELINE' II=4 
@I [HLS-0] Setting directive 'PIPELINE' II=4 
@I [HLS-0] Setting directive 'PIPELINE' II=4 
@I [HLS-0] Setting directive 'EXPRESSION_BALANCE' balance=positionBooleanCmd 
@I [HLS-100] Command 'set_directive_expression_balance' returned 0; elapsed 0.003309Total elapsed time: 1.673 sec.
@I [HLS-100] Command 'ap_source' returned 0; elapsed 0.015055Total elapsed time: 1.674 sec.
@I [HLS-100] Command "csynth_design "
@I [HLS-100] Command "elaborate -effort=medium -skip_syncheck=0 -keep_printf=0 -lm=0 -skip_cdt=0 -skip_transform=0 -ng=0 -g=0 -opt_fp=0 "
@I [HLS-10] Analyzing design file 'sha1_hls/sha1.c' ... 
@0 [HLS-0] Analyzing design file 'sha1_hls/sha1.c' ... 
@I [HLS-0] Compiling one TU...
@I [HLS-0] 
Checking before pre-process: exec clang -fno-limit-debug-info -gcc-toolchain "/opt/Xilinx/Vivado_HLS/2016.1/lnx64/tools/gcc" -hls    -fno-math-errno -c -emit-llvm -O0  -mllvm -disable-llvm-optzns -std=gnu89   -DAESL_SYN -D__SYNTHESIS__ -D__HLS_SYN__ -I "/opt/Xilinx/Vivado_HLS/2016.1/common/technology/autopilot" -I "/opt/Xilinx/Vivado_HLS/2016.1/common/technology/autopilot/ap_sysc" -include etc/autopilot_ssdm_op.h  "sha1_hls/sha1.c"  -o "/home/matt/workspace/sha1_hls/pipeline_balancingon/.autopilot/db/sha1.pp.00.o"

@I [HLS-100] Command "is_encrypted /home/matt/workspace/sha1_hls/pipeline_balancingon/.autopilot/db/sha1.pp.00.o "
@I [HLS-100] Command 'is_encrypted' returned 0; elapsed 0.000234Total elapsed time: 2.266 sec.
@I [HLS-0] Syntax Checker time: 0 seconds per iteration
@I [HLS-0] 
Source preprocessing: exec clang -fno-limit-debug-info -gcc-toolchain "/opt/Xilinx/Vivado_HLS/2016.1/lnx64/tools/gcc" -hls -fno-exceptions  -D__llvm__  -CC -E "sha1_hls/sha1.c"     -fno-math-errno -c -emit-llvm -O0  -mllvm -disable-llvm-optzns -std=gnu89   -DAESL_SYN -D__SYNTHESIS__ -D__HLS_SYN__ -I "/opt/Xilinx/Vivado_HLS/2016.1/common/technology/autopilot" -I "/opt/Xilinx/Vivado_HLS/2016.1/common/technology/autopilot/ap_sysc" -include etc/autopilot_ssdm_op.h  -o "/home/matt/workspace/sha1_hls/pipeline_balancingon/.autopilot/db/sha1.pp.0.c"

@I [HLS-0] GCC PP time: 0 seconds per iteration
@I [HLS-0] Setting directive 'PIPELINE' II=4 
@I [HLS-0] Setting directive 'PIPELINE' II=4 
@I [HLS-0] Setting directive 'PIPELINE' II=4 
@I [HLS-0] Setting directive 'EXPRESSION_BALANCE' balance=positionBooleanCmd 
@I [HLS-100] Command "list_core -type functional_unit "
@I [HLS-100] Command 'list_core' returned 0; elapsed 0.000285Total elapsed time: 2.677 sec.
@I [HLS-0] Marker-Pragma convertor: /home/matt/workspace/sha1_hls/pipeline_balancingon/.autopilot/db/sha1.pp.0.c /home/matt/workspace/sha1_hls/pipeline_balancingon/.autopilot/db/sha1.pp.0.c.ap-line.c /home/matt/workspace/sha1_hls/pipeline_balancingon/.autopilot/db/sha1.pp.0.c.ap-line.c.CXX 1
@I [HLS-0] 
Source processor: exec /opt/Xilinx/Vivado_HLS/2016.1/tps/lnx64/jre/bin/java -Xmx512m -classpath   "/opt/Xilinx/Vivado_HLS/2016.1/lib/classes/autopilot.sourceprocessor.jar:/opt/Xilinx/Vivado_HLS/2016.1/lib/classes/org.eclipse.cdt.core_5.3.0.xilinx_patch.jar:/opt/Xilinx/Vivado_HLS/2016.1/lib/classes/org.eclipse.core.runtime_3.7.0.v20110110.jar:/opt/Xilinx/Vivado_HLS/2016.1/lib/classes/org.eclipse.equinox.common_3.6.0.v20110523.jar:/opt/Xilinx/Vivado_HLS/2016.1/lib/classes/com.ibm.icu_4.4.2.v20110208.jar:/opt/Xilinx/Vivado_HLS/2016.1/lib/classes/jargs.jar:/opt/Xilinx/Vivado_HLS/2016.1/lnx64/tools/eclipse/plugins/org.eclipse.emf.common_2.10.1.v20150123-0348.jar:/opt/Xilinx/Vivado_HLS/2016.1/lnx64/tools/eclipse/plugins/org.eclipse.emf.ecore_2.10.2.v20150123-0348.jar:/opt/Xilinx/Vivado_HLS/2016.1/lnx64/tools/eclipse/plugins/org.eclipse.emf.ecore.xmi_2.10.2.v20150123-0348.jar:/opt/Xilinx/Vivado_HLS/2016.1/lnx64/tools/eclipse/plugins/com.autoesl.autopilot.ui.directiveFileModel_1.0.0.jar:/opt/Xilinx/Vivado_HLS/2016.1/lnx64/tools/eclipse/plugins/com.autoesl.autopilot.ui.common_1.0.0.jar"  autopilot.sourceprocessor.CParser  "/home/matt/workspace/sha1_hls/pipeline_balancingon/.autopilot/db/sha1.pp.0.c.ap-line.c"  -m "SHA1ProcessMessageBlock" -o "/home/matt/workspace/sha1_hls/pipeline_balancingon/.autopilot/db/sha1.pp.0.c.ap-cdt.c" -c --pp --directive /home/matt/workspace/sha1_hls/pipeline_balancingon/pipeline_balancingon.directive --source /home/matt/workspace/sha1_hls/sha1.c --error /home/matt/workspace/sha1_hls/pipeline_balancingon/.autopilot/db --funcunit "AddSub AddSub_DSP AddSubnS DAddSub_fulldsp DAddSub_nodsp DDiv DExp_fulldsp DExp_meddsp DExp_nodsp DLog_fulldsp DLog_meddsp DLog_nodsp DMul_fulldsp DMul_maxdsp DMul_meddsp DMul_nodsp DRSqrt DRecip DSqrt DivnS FAddSub_fulldsp FAddSub_nodsp FDiv FExp_fulldsp FExp_meddsp FExp_nodsp FLog_fulldsp FLog_meddsp FLog_nodsp FMul_fulldsp FMul_maxdsp FMul_meddsp FMul_nodsp FRSqrt_fulldsp FRSqrt_nodsp FRecip_fulldsp FRecip_nodsp FSqrt HAddSub_nodsp HDiv HMul_fulldsp HMul_maxdsp HMul_nodsp HSqrt Mul Mul2S Mul3S Mul4S Mul5S Mul6S Mul_LUT MulnS MuxnS" --ca --gf --pd --p2d /home/matt/workspace/sha1_hls/pipeline_balancingon/.autopilot/db --sd --scff /home/matt/workspace/sha1_hls/pipeline_balancingon/.autopilot/db/.systemc_flag --ad

@I [HLS-0] Marker-Pragma convertor: /home/matt/workspace/sha1_hls/pipeline_balancingon/.autopilot/db/sha1.pp.0.c.ap-cdt.c /home/matt/workspace/sha1_hls/pipeline_balancingon/.autopilot/db/sha1.pragma.0.c /home/matt/workspace/sha1_hls/pipeline_balancingon/.autopilot/db/sha1.pragma.0.c.ap-line.CXX 0
@I [HLS-100] Command "source /home/matt/workspace/sha1_hls/pipeline_balancingon/.autopilot/db/pragma.status.tcl "
@I [HLS-100] Command 'ap_source' returned 0; elapsed 0.000424Total elapsed time: 9.683 sec.
@I [HLS-0] CDT processor time: 7 seconds per iteration
@I [HLS-0] Pragma handling time: 0 seconds per iteration
@I [HLS-0] 
Source preprocessing: exec clang -fno-limit-debug-info -gcc-toolchain "/opt/Xilinx/Vivado_HLS/2016.1/lnx64/tools/gcc" -hls -fno-exceptions  -D__llvm__  -CC -E "/home/matt/workspace/sha1_hls/pipeline_balancingon/.autopilot/db/sha1.pragma.1.c"     -fno-math-errno -c -emit-llvm -O0  -mllvm -disable-llvm-optzns -std=gnu89   -DAESL_SYN -D__SYNTHESIS__ -D__HLS_SYN__ -I "/opt/Xilinx/Vivado_HLS/2016.1/common/technology/autopilot" -I "/opt/Xilinx/Vivado_HLS/2016.1/common/technology/autopilot/ap_sysc" -include etc/autopilot_ssdm_op.h  -o "/home/matt/workspace/sha1_hls/pipeline_balancingon/.autopilot/db/sha1.pragma.2.c"

@I [HLS-0] exec clang -fno-limit-debug-info -gcc-toolchain /opt/Xilinx/Vivado_HLS/2016.1/lnx64/tools/gcc -hls -hls-analyze-label -hls-analyze-pragma -fno-exceptions  -D__llvm__  -w  "/home/matt/workspace/sha1_hls/pipeline_balancingon/.autopilot/db/sha1.pragma.2.c"    -fno-math-errno -c -emit-llvm -O0  -mllvm -disable-llvm-optzns -std=gnu89  -DAESL_SYN -D__SYNTHESIS__ -D__HLS_SYN__ -I "/opt/Xilinx/Vivado_HLS/2016.1/common/technology/autopilot" -I "/opt/Xilinx/Vivado_HLS/2016.1/common/technology/autopilot/ap_sysc" -include etc/autopilot_ssdm_op.h -g -o "/home/matt/workspace/sha1_hls/pipeline_balancingon/.autopilot/db/sha1.g.bc"
@I [HLS-10] Analyzing design file 'sha1_hls/sha1_original.c' ... 
@0 [HLS-0] Analyzing design file 'sha1_hls/sha1_original.c' ... 
@I [HLS-0] Compiling one TU...
@I [HLS-0] 
Checking before pre-process: exec clang -fno-limit-debug-info -gcc-toolchain "/opt/Xilinx/Vivado_HLS/2016.1/lnx64/tools/gcc" -hls    -fno-math-errno -c -emit-llvm -O0  -mllvm -disable-llvm-optzns -std=gnu89   -DAESL_SYN -D__SYNTHESIS__ -D__HLS_SYN__ -I "/opt/Xilinx/Vivado_HLS/2016.1/common/technology/autopilot" -I "/opt/Xilinx/Vivado_HLS/2016.1/common/technology/autopilot/ap_sysc" -include etc/autopilot_ssdm_op.h  "sha1_hls/sha1_original.c"  -o "/home/matt/workspace/sha1_hls/pipeline_balancingon/.autopilot/db/sha1_original.pp.00.o"

@I [HLS-100] Command "is_encrypted /home/matt/workspace/sha1_hls/pipeline_balancingon/.autopilot/db/sha1_original.pp.00.o "
@I [HLS-100] Command 'is_encrypted' returned 0; elapsed 0.000262Total elapsed time: 10.726 sec.
@I [HLS-0] Syntax Checker time: 0 seconds per iteration
@I [HLS-0] 
Source preprocessing: exec clang -fno-limit-debug-info -gcc-toolchain "/opt/Xilinx/Vivado_HLS/2016.1/lnx64/tools/gcc" -hls -fno-exceptions  -D__llvm__  -CC -E "sha1_hls/sha1_original.c"     -fno-math-errno -c -emit-llvm -O0  -mllvm -disable-llvm-optzns -std=gnu89   -DAESL_SYN -D__SYNTHESIS__ -D__HLS_SYN__ -I "/opt/Xilinx/Vivado_HLS/2016.1/common/technology/autopilot" -I "/opt/Xilinx/Vivado_HLS/2016.1/common/technology/autopilot/ap_sysc" -include etc/autopilot_ssdm_op.h  -o "/home/matt/workspace/sha1_hls/pipeline_balancingon/.autopilot/db/sha1_original.pp.0.c"

@I [HLS-0] GCC PP time: 0 seconds per iteration
@I [HLS-0] Setting directive 'PIPELINE' II=4 
@I [HLS-0] Setting directive 'PIPELINE' II=4 
@I [HLS-0] Setting directive 'PIPELINE' II=4 
@I [HLS-0] Setting directive 'EXPRESSION_BALANCE' balance=positionBooleanCmd 
@I [HLS-100] Command "list_core -type functional_unit "
@I [HLS-100] Command 'list_core' returned 0; elapsed 0.000332Total elapsed time: 10.914 sec.
@I [HLS-0] Marker-Pragma convertor: /home/matt/workspace/sha1_hls/pipeline_balancingon/.autopilot/db/sha1_original.pp.0.c /home/matt/workspace/sha1_hls/pipeline_balancingon/.autopilot/db/sha1_original.pp.0.c.ap-line.c /home/matt/workspace/sha1_hls/pipeline_balancingon/.autopilot/db/sha1_original.pp.0.c.ap-line.c.CXX 1
@I [HLS-0] 
Source processor: exec /opt/Xilinx/Vivado_HLS/2016.1/tps/lnx64/jre/bin/java -Xmx512m -classpath   "/opt/Xilinx/Vivado_HLS/2016.1/lib/classes/autopilot.sourceprocessor.jar:/opt/Xilinx/Vivado_HLS/2016.1/lib/classes/org.eclipse.cdt.core_5.3.0.xilinx_patch.jar:/opt/Xilinx/Vivado_HLS/2016.1/lib/classes/org.eclipse.core.runtime_3.7.0.v20110110.jar:/opt/Xilinx/Vivado_HLS/2016.1/lib/classes/org.eclipse.equinox.common_3.6.0.v20110523.jar:/opt/Xilinx/Vivado_HLS/2016.1/lib/classes/com.ibm.icu_4.4.2.v20110208.jar:/opt/Xilinx/Vivado_HLS/2016.1/lib/classes/jargs.jar:/opt/Xilinx/Vivado_HLS/2016.1/lnx64/tools/eclipse/plugins/org.eclipse.emf.common_2.10.1.v20150123-0348.jar:/opt/Xilinx/Vivado_HLS/2016.1/lnx64/tools/eclipse/plugins/org.eclipse.emf.ecore_2.10.2.v20150123-0348.jar:/opt/Xilinx/Vivado_HLS/2016.1/lnx64/tools/eclipse/plugins/org.eclipse.emf.ecore.xmi_2.10.2.v20150123-0348.jar:/opt/Xilinx/Vivado_HLS/2016.1/lnx64/tools/eclipse/plugins/com.autoesl.autopilot.ui.directiveFileModel_1.0.0.jar:/opt/Xilinx/Vivado_HLS/2016.1/lnx64/tools/eclipse/plugins/com.autoesl.autopilot.ui.common_1.0.0.jar"  autopilot.sourceprocessor.CParser  "/home/matt/workspace/sha1_hls/pipeline_balancingon/.autopilot/db/sha1_original.pp.0.c.ap-line.c"  -m "SHA1ProcessMessageBlock" -o "/home/matt/workspace/sha1_hls/pipeline_balancingon/.autopilot/db/sha1_original.pp.0.c.ap-cdt.c" -c --pp --directive /home/matt/workspace/sha1_hls/pipeline_balancingon/pipeline_balancingon.directive --source /home/matt/workspace/sha1_hls/sha1_original.c --error /home/matt/workspace/sha1_hls/pipeline_balancingon/.autopilot/db --funcunit "AddSub AddSub_DSP AddSubnS DAddSub_fulldsp DAddSub_nodsp DDiv DExp_fulldsp DExp_meddsp DExp_nodsp DLog_fulldsp DLog_meddsp DLog_nodsp DMul_fulldsp DMul_maxdsp DMul_meddsp DMul_nodsp DRSqrt DRecip DSqrt DivnS FAddSub_fulldsp FAddSub_nodsp FDiv FExp_fulldsp FExp_meddsp FExp_nodsp FLog_fulldsp FLog_meddsp FLog_nodsp FMul_fulldsp FMul_maxdsp FMul_meddsp FMul_nodsp FRSqrt_fulldsp FRSqrt_nodsp FRecip_fulldsp FRecip_nodsp FSqrt HAddSub_nodsp HDiv HMul_fulldsp HMul_maxdsp HMul_nodsp HSqrt Mul Mul2S Mul3S Mul4S Mul5S Mul6S Mul_LUT MulnS MuxnS" --ca --gf --pd --p2d /home/matt/workspace/sha1_hls/pipeline_balancingon/.autopilot/db --sd --scff /home/matt/workspace/sha1_hls/pipeline_balancingon/.autopilot/db/.systemc_flag --ad

@I [HLS-0] Marker-Pragma convertor: /home/matt/workspace/sha1_hls/pipeline_balancingon/.autopilot/db/sha1_original.pp.0.c.ap-cdt.c /home/matt/workspace/sha1_hls/pipeline_balancingon/.autopilot/db/sha1_original.pragma.0.c /home/matt/workspace/sha1_hls/pipeline_balancingon/.autopilot/db/sha1_original.pragma.0.c.ap-line.CXX 0
@I [HLS-100] Command "source /home/matt/workspace/sha1_hls/pipeline_balancingon/.autopilot/db/pragma.status.tcl "
@I [HLS-100] Command 'ap_source' returned 0; elapsed 0.000469Total elapsed time: 14.488 sec.
@I [HLS-0] CDT processor time: 3 seconds per iteration
@I [HLS-0] Pragma handling time: 0 seconds per iteration
@I [HLS-0] 
Source preprocessing: exec clang -fno-limit-debug-info -gcc-toolchain "/opt/Xilinx/Vivado_HLS/2016.1/lnx64/tools/gcc" -hls -fno-exceptions  -D__llvm__  -CC -E "/home/matt/workspace/sha1_hls/pipeline_balancingon/.autopilot/db/sha1_original.pragma.1.c"     -fno-math-errno -c -emit-llvm -O0  -mllvm -disable-llvm-optzns -std=gnu89   -DAESL_SYN -D__SYNTHESIS__ -D__HLS_SYN__ -I "/opt/Xilinx/Vivado_HLS/2016.1/common/technology/autopilot" -I "/opt/Xilinx/Vivado_HLS/2016.1/common/technology/autopilot/ap_sysc" -include etc/autopilot_ssdm_op.h  -o "/home/matt/workspace/sha1_hls/pipeline_balancingon/.autopilot/db/sha1_original.pragma.2.c"

@I [HLS-0] exec clang -fno-limit-debug-info -gcc-toolchain /opt/Xilinx/Vivado_HLS/2016.1/lnx64/tools/gcc -hls -hls-analyze-label -hls-analyze-pragma -fno-exceptions  -D__llvm__  -w  "/home/matt/workspace/sha1_hls/pipeline_balancingon/.autopilot/db/sha1_original.pragma.2.c"    -fno-math-errno -c -emit-llvm -O0  -mllvm -disable-llvm-optzns -std=gnu89  -DAESL_SYN -D__SYNTHESIS__ -D__HLS_SYN__ -I "/opt/Xilinx/Vivado_HLS/2016.1/common/technology/autopilot" -I "/opt/Xilinx/Vivado_HLS/2016.1/common/technology/autopilot/ap_sysc" -include etc/autopilot_ssdm_op.h -g -o "/home/matt/workspace/sha1_hls/pipeline_balancingon/.autopilot/db/sha1_original.g.bc"
@I [HLS-10] Validating synthesis directives ...
@0 [HLS-0] Validating synthesis directives ...
@I [HLS-100] Command "source /home/matt/workspace/sha1_hls/pipeline_balancingon/.autopilot/db/pragma.status.tcl "
@I [HLS-100] Command 'ap_source' returned 0; elapsed 0.000657Total elapsed time: 14.909 sec.
@I [HLS-0] Linking all ...
@I [HLS-0] exec llvm-ld  "/home/matt/workspace/sha1_hls/pipeline_balancingon/.autopilot/db/sha1.bc" "/home/matt/workspace/sha1_hls/pipeline_balancingon/.autopilot/db/sha1_original.bc"  -disable-opt  -L/opt/Xilinx/Vivado_HLS/2016.1/lnx64/lib -lm_basic -o "/home/matt/workspace/sha1_hls/pipeline_balancingon/.autopilot/db/a.o.pre"
@I [HLS-0] Link time: 0 seconds per iteration
@I [HLS-0] Linking all ...
@I [HLS-0] exec llvm-ld  "/home/matt/workspace/sha1_hls/pipeline_balancingon/.autopilot/db/sha1.g.bc" "/home/matt/workspace/sha1_hls/pipeline_balancingon/.autopilot/db/sha1_original.g.bc"  -disable-opt  -L/opt/Xilinx/Vivado_HLS/2016.1/lnx64/lib -lm_basic -o "/home/matt/workspace/sha1_hls/pipeline_balancingon/.autopilot/db/a.g.pre"
@I [HLS-0] Link time: 0 seconds per iteration
@I [HLS-100] Command "opt_and_import_c a -opt_level=2 -skip_syncheck=0 -ng=0 -keep_printf=0 "
@I [HLS-100] Command "cleanup_all_models "
@I [HLS-100] Command 'cleanup_all_models' returned 0; elapsed 3.5e-05Total elapsed time: 15.361 sec.
@I [HLS-10] Starting code transformations ...
@0 [HLS-0] Starting code transformations ...
@I [HLS-0] std xform: transform -hls -share-std-xform -always-inline -promote-dbg-pointer  -interface-preproc  -scalarrepl -mem2reg -keep-read-access -instcombine -dce  -promote-dbg-pointer  -bitop-raise  -indvars -loop-simplify -xunroll  -constprop -instcombine -simplifycfg -indvars  -simplifycfg -dce -globaldce  -basicaa  -simplifycfg -mem2reg -globalopt  -global-constprop -deadargelim -instcombine -simplifycfg  -prune-eh -simplifycfg  -scalarrepl -instcombine -reassociate -licm  -simplifycfg -loop-simplify -indvars -instcombine  -simplifycfg -mem2reg -loop-simplify -indvars -instcombine  -gvn -gvn -instcombine -adce  -break-crit-edges  -simplifycfg -loop-delete  -global-array-opt -dce -dse -adce  -find-syn-modules -top SHA1ProcessMessageBlock  -deadargelim  -mem2reg -instcombine -dce  -presyn-prepare -auto-rom-infer  -interface-preproc  -syn-check -check-rec-only  -find-region -simplifycfg -func-extr -function-inline  -globaldce -mem2reg -instcombine -dce   -gvn -globaldce -adce -adse  -constprop -instcombine -bit-constprop  -instcombine -dce -simplifycfg -bitop-raise  -simplifycfg -dce -loop-delete -reassociate  -globalopt -global-privatize -mem2reg -dce  -global-constprop -pointer-simplify -constprop -dce  -func-inst -deadargelim  -promote-dbg-pointer  -norm-name   /home/matt/workspace/sha1_hls/pipeline_balancingon/.autopilot/db/a.g.0.bc -o /home/matt/workspace/sha1_hls/pipeline_balancingon/.autopilot/db/a.g.1.bc -f  -phase std-opt
@I [HLS-0] Std xform time: 0 seconds per iteration
@I [HLS-100] Command "is_encrypted /home/matt/workspace/sha1_hls/pipeline_balancingon/.autopilot/db/a.g.1.bc "
@I [HLS-100] Command 'is_encrypted' returned 0; elapsed 0.000194Total elapsed time: 15.878 sec.
@I [HLS-10] Checking synthesizability ...
@0 [HLS-0] Checking synthesizability ...
@I [HLS-0] syn check 1/2: transform -hls -syn-check -check-rec-only -disaggr -scalarrepl -norm-name -dce  -mem2reg -instcombine  -function-uniquify -directive-preproc -mem2reg -dse -dce -auto-rom-infer -dce  -array-normalize -instcombine -dce  -array-seg-normalize -instcombine -dce  -array-flatten -instcombine -dce  -array-burst -dce  -deadargelim -promote-global-argument  -simplifycfg -mem2reg -globaldce -resolve-double-ptr  -dce -deadargelim -dce -instcombine  -function-inline -globaldce -dce  -doublePtrSimplify -doublePtrElim -dce  -doublePtrSimplify -promote-dbg-pointer  -dce -scalarrepl -dse -adse -instcombine  -ptrLegalization  -simplifycfg -dce -instcombine  -pointer-simplify -ptrArgReplace -dce -instcombine   -disaggr -scalarrepl -norm-name -dce  -mem2reg -instcombine -ptrLegalization   -simplifycfg -deadargelim  -instcombine -dce -inst-simplify  -function-uniquify -directive-preproc -mem2reg -dse -dce  -globaldce    /home/matt/workspace/sha1_hls/pipeline_balancingon/.autopilot/db/a.g.1.bc -o /home/matt/workspace/sha1_hls/pipeline_balancingon/.autopilot/db/a.g.2.prechk.bc -f
@I [HLS-0] Syn check 1/2 time: 0 seconds per iteration
@I [HLS-0] syn check 2/2: transform -syn-check   /home/matt/workspace/sha1_hls/pipeline_balancingon/.autopilot/db/a.g.2.prechk.bc -o /home/matt/workspace/sha1_hls/pipeline_balancingon/.autopilot/db/a.g.2.bc -f  -phase syn-check
@I [HLS-0] Syn check 2/2 time: 0 seconds per iteration
@I [HLS-0] Compiler optimizing ...
@I [HLS-0] Share syncheck's 1.bc for syn flow: copy /home/matt/workspace/sha1_hls/pipeline_balancingon/.autopilot/db/a.g.1.bc to /home/matt/workspace/sha1_hls/pipeline_balancingon/.autopilot/db/a.o.1.bc
@I [HLS-0] presyn 1: transform -hls -tmp /home/matt/workspace/sha1_hls/pipeline_balancingon/.autopilot/db -type-info  -function-uniquify -directive-preproc -mem2reg -dse -dce  -disaggr -scalarrepl -norm-name -deadargelim  -mem2reg -instcombine -dce -auto-rom-infer -dce -function-uniquify  -resource-proc  -simplifycfg -mem2reg -globaldce -resolve-double-ptr -dce -deadargelim -dce -instcombine  -clib-intrinsic-prepare -dce  -func-buffer -dce -array-normalize  -func-legal -instcombine -gvn -constprop -dce   -ptrArgReplace -mem2reg -instcombine -dce  -array-seg-normalize -deadargelim  -instcombine -dce  -pointer-simplify -dce  -port-alignment -dce  -interface-preproc  -data-pack -instcombine -dce   -basicaa -aggr-aa -aggrmodref-aa -aggr-aa -gvn -gvn  -basicaa -aggr-aa -aggrmodref-aa -aggr-aa -dse -adse -adce  -loop-simplify -indvars -instcombine  -gvn -loop-simplify -mem2reg -dce -simplifycfg  -find-region -instcombine  -auto-loop-pipeline  -inst-simplify  -interface-preproc  -indvars -auto-loop-unroll -loop-simplify -loop-bound -xunroll  -constprop -instcombine -simplifycfg -indvars  -simplifycfg -dce -globaldce  -attach-range  -gvn -inst-simplify  -constprop -simplifycfg -dce  -pointer-simplify -dce  -globalopt -constprop -dce  -array-promote -constprop -instcombine -dce  -ptrArgReplace -mem2reg  -instcombine -simplifycfg -dce  -auto-par -instcombine -dce  -array-transform-check  -array-reshape -instcombine -simplifycfg -dce  -ptrArgReplace -deadargelim -mem2reg  -instcombine -simplifycfg -dce   -indvars -loop-simplify -loop-bound -xunroll  -constprop -instcombine -simplifycfg -indvars  -simplifycfg -dce -globaldce  -duplicate-dataflow-processes -globaldce  -array-partition -instcombine -simplifycfg -dce  -ptrArgReplace -global-constprop -deadargelim -mem2reg  -func-legal -instcombine -dce -global-constprop -deadargelim -mem2reg  -instcombine -simplifycfg -dce   -globalopt -constprop -dce  -array-promote -constprop -instcombine -dce  -ptrArgReplace -mem2reg  -instcombine -simplifycfg -dce   -mem-intrinsic-preproc -dce  -global-privatize  -mem2reg -globaldce  -promote-global-argument  -ptrArgReplace -mem2reg -instcombine -dce  -globalopt -mergereturn -simplify-global-access -mem2reg -dce  -pointer-simplify -dce  -functionattrs  -basicaa -aggr-aa -aggrmodref-aa -aggr-aa -gvn -gvn  -basicaa -aggr-aa -aggrmodref-aa -aggr-aa -dse -adse -adce  -inst-simplify -dce -norm-name  -function-inline -globaldce  -func-inst -constprop -instcombine -simplifycfg -dce  -func-legal -dce   -loop-bound  -arraycheck -bitwidthmin -on-by-dataflow  -loop-delete -instcombine -simplifycfg  -globaldce -dce -gvn -deadargelim -dce -loop-simplify -clean-region -simplifycfg -propagate-stable-arguments  -loop-stream -instcombine -simplifycfg -dce -globaldce  -stream-intrinsic-preproc -dce  -check-ap-stream -loop-simplify -eliminate-keepreads  -extract-dataflow-in-loop -loop-simplify -dce -gvn -deadargelim -dse  -check-dataflow-syntax  -legalize-stream-variable -legalize-global -legalize-global-1  -extract-subproc -dce -dead-channel-elimination  -canonicalize-gep -globaldce -dce -gvn -deadargelim  -scalar-propagation -deadargelim -globaldce -mem2reg  -check-dataflow-channels -function-stream -dce -globaldce  -prop-fifo-spec -internal-stream-gen  -canonicalize-gep -globaldce -dce -gvn -deadargelim   -mergereturn -indvars -loop-simplify -instcombine  -array-stream -instcombine -simplifycfg -dce  -bundle-memfifo-ops -deadargelim    -function-uniquify -directive-preproc -mem2reg -dse -dce  -group-axi-access    -licm -simplifycfg -dce -loop-delete  -norm-name  /home/matt/workspace/sha1_hls/pipeline_balancingon/.autopilot/db/a.o.1.bc -o /home/matt/workspace/sha1_hls/pipeline_balancingon/.autopilot/db/a.o.1.tmp.bc -f
@I [XFORM-502] Unrolling all loops for pipelining in function 'SHA1ProcessMessageBlock' (sha1_hls/sha1.c:37).
@I [XFORM-501] Unrolling loop 'loop1' (sha1_hls/sha1.c:54) in function 'SHA1ProcessMessageBlock' completely.
@I [XFORM-501] Unrolling loop 'loop2' (sha1_hls/sha1.c:62) in function 'SHA1ProcessMessageBlock' completely.
@I [XFORM-501] Unrolling loop 'loop3' (sha1_hls/sha1.c:73) in function 'SHA1ProcessMessageBlock' completely.
@I [XFORM-501] Unrolling loop 'loop4' (sha1_hls/sha1.c:79) in function 'SHA1ProcessMessageBlock' completely.
@I [XFORM-501] Unrolling loop 'loop5' (sha1_hls/sha1.c:85) in function 'SHA1ProcessMessageBlock' completely.
@I [XFORM-501] Unrolling loop 'loop6' (sha1_hls/sha1.c:91) in function 'SHA1ProcessMessageBlock' completely.
@I [HLS-0] Presyn 1 time: 22 seconds per iteration
@I [HLS-0] presyn 2: transform -hls -keep-callgraph -scalarrepl -mem2reg  -port-alignment -attach-range -dce  -pipe-mux-gen  -indvars -loop-bound  -inst-simplify -instcombine -dce  -merge-array-access -mem2reg -dce  -clean-region -mergereturn -if-conv  -instcombine -dce -constprop  -basicaa -aggr-aa -aggrmodref-aa -aggr-aa -gvn -gvn  -basicaa -aggr-aa -aggrmodref-aa -aggr-aa -dse -adse -adce  -scalarrepl -mem2reg  -global-constprop -deadargelim -deadargelim  -instcombine -dce -simplifycfg    -ptrArgReplace -mem2reg -function-inline  -globaldce -mem2reg -instcombine -dce -expr-balance  -instcombine -dce  -bitwidthmin  -interface-preproc -directive-preproc  -inst-rectify -instcombine -dce  -functionattrs  -constprop -instcombine -bit-constprop  -simplify-global-access  -globalopt -globaldce  -inst-simplify -instcombine -elimdeaddata -dce  -loop-delete -simplifycfg -loop-simplify -auto-burst   -norm-name /home/matt/workspace/sha1_hls/pipeline_balancingon/.autopilot/db/a.o.1.tmp.bc -o /home/matt/workspace/sha1_hls/pipeline_balancingon/.autopilot/db/a.o.2.bc -f  -phase presyn
@I [XFORM-11] Balancing expressions in function 'SHA1ProcessMessageBlock' (sha1_hls/sha1.c:37)...512 expression(s) balanced.
@I [HLS-0] Presyn 2 time: 3 seconds per iteration
@I [HLS-100] Command "is_encrypted /home/matt/workspace/sha1_hls/pipeline_balancingon/.autopilot/db/a.o.2.bc "
@I [HLS-100] Command 'is_encrypted' returned 0; elapsed 0.000173Total elapsed time: 41.781 sec.
@I [HLS-0] build ssdm: transform -hls  -function-uniquify -auto-function-inline -globaldce  -ptrArgReplace -mem2reg -instcombine -dce  -reset-lda  -loop-simplify -indvars -licm -loop-dep  -loop-bound -licm -loop-simplify -flattenloopnest  -array-flatten -gvn -instcombine -dce  -array-map -dce -func-legal  -gvn -adce -instcombine -cfgopt -simplifycfg -loop-simplify   -array-burst -promote-global-argument -dce  -axi4-lower -array-seg-normalize  -basicaa -aggrmodref-aa -globalsmodref-aa -aggr-aa -gvn -gvn  -basicaa -aggrmodref-aa -globalsmodref-aa -aggr-aa -dse -adse -adce -licm  -inst-simplify -dce  -globaldce -instcombine -array-stream -eliminate-keepreads -instcombine  -dce   -deadargelim -doublePtrSimplify  -doublePtrElim -dce -doublePtrSimplify -promote-dbg-pointer  -dce -scalarrepl -mem2reg -disaggr -norm-name -mem2reg  -instcombine  -dse -adse -adce -ptrLegalization -dce -auto-rom-infer -array-flatten -dce -instcombine  -loop-rot -constprop -cfgopt -simplifycfg -loop-simplify -indvars -pointer-simplify -dce -loop-bound  -loop-simplify -loop-preproc  -constprop -global-constprop -gvn -mem2reg -instcombine -dce  -loop-merge -dce  -bitwidthmin  -deadargelim -dce  -scalar-propagation -deadargelim -globaldce -mem2reg  -interface-preproc -interface-gen  -deadargelim -directive-preproc -inst-simplify -dce  -gvn -mem2reg -instcombine -dce -adse  -loop-bound  -instcombine -cfgopt -simplifycfg -loop-simplify  -clean-region -io-protocol  -find-region -mem2reg  -bitop-raise  -inst-simplify -inst-rectify -instcombine -adce -deadargelim  -loop-simplify -phi-opt -bitop-raise  -cfgopt -simplifycfg -strip-dead-prototypes  -interface-lower -bitop-lower -intrinsic-lower -auto-function-inline  -basicaa -aggrmodref-aa -globalsmodref-aa -aggr-aa  -inst-simplify -simplifycfg   -mergereturn -inst-simplify -inst-rectify  -dce -bitop-lower  -loop-rewind -pointer-simplify -dce -cfgopt  -read-loop-dep -dce -bitwidth -norm-name -legalize    -cdfg-build  /home/matt/workspace/sha1_hls/pipeline_balancingon/.autopilot/db/a.o.2.bc -o /home/matt/workspace/sha1_hls/pipeline_balancingon/.autopilot/db/a.o.3.bc -f  -phase build-ssdm
@I [HLS-0] Build ssdm time: 5 seconds per iteration
@I [HLS-100] Command "is_encrypted /home/matt/workspace/sha1_hls/pipeline_balancingon/.autopilot/db/a.o.3.bc "
@I [HLS-100] Command 'is_encrypted' returned 0; elapsed 0.000145Total elapsed time: 47.546 sec.
@I [HLS-0] Finish building internal data model.
@I [HLS-100] Command 'opt_and_import_c' returned 0; elapsed 31.9Total elapsed time: 47.646 sec.
@I [HLS-111] Elapsed time: 35.0468 seconds; current memory usage: 84 MB.
@I [HLS-100] Command 'elaborate' returned 0; elapsed 33.4763Total elapsed time: 47.648 sec.
@I [HLS-100] Command "autosyn "
@I [HLS-10] Starting hardware synthesis ...
@0 [HLS-0] Starting hardware synthesis ...
@I [HLS-0] Synthesizing C/C++ design ...
@I [HLS-10] Synthesizing 'SHA1ProcessMessageBlock' ...
@0 [HLS-0] Synthesizing 'SHA1ProcessMessageBlock' ...
@I [HLS-100] Command "ap_set_top_model SHA1ProcessMessageBlock "
@I [HLS-100] Command 'ap_set_top_model' returned 0; elapsed 0.000704Total elapsed time: 47.651 sec.
@I [HLS-100] Command "get_model_list SHA1ProcessMessageBlock -filter all-wo-channel -topdown "
@I [HLS-100] Command 'get_model_list' returned 0; elapsed 0.000345Total elapsed time: 47.652 sec.
@I [HLS-100] Command "preproc_iomode -model SHA1ProcessMessageBlock "
@I [HLS-100] Command 'preproc_iomode' returned 0; elapsed 0.002476Total elapsed time: 47.655 sec.
@I [HLS-100] Command "preproc_iomode -model SHA1ProcessMessageBlock_Swapping "
@I [HLS-100] Command 'preproc_iomode' returned 0; elapsed 0.00368Total elapsed time: 47.659 sec.
@I [HLS-100] Command "preproc_iomode -model SHA1ProcessMessageBlock_SHA1CircularShift "
@I [HLS-100] Command 'preproc_iomode' returned 0; elapsed 0.002422Total elapsed time: 47.663 sec.
@I [HLS-100] Command "get_model_list SHA1ProcessMessageBlock -filter all-wo-channel "
@I [HLS-100] Command 'get_model_list' returned 0; elapsed 0.000699Total elapsed time: 47.666 sec.
@I [HLS-0] Model list for configure: SHA1ProcessMessageBlock_SHA1CircularShift SHA1ProcessMessageBlock_Swapping SHA1ProcessMessageBlock
@I [HLS-0] Configuring Module : SHA1ProcessMessageBlock_SHA1CircularShift ...
@I [HLS-100] Command "set_default_model SHA1ProcessMessageBlock_SHA1CircularShift "
@I [HLS-100] Command 'set_default_model' returned 0; elapsed 5.3e-05Total elapsed time: 47.668 sec.
@I [HLS-100] Command "apply_spec_resource_limit SHA1ProcessMessageBlock_SHA1CircularShift "
@I [HLS-100] Command 'apply_spec_resource_limit' returned 0; elapsed 4.1e-05Total elapsed time: 47.669 sec.
@I [HLS-0] Configuring Module : SHA1ProcessMessageBlock_Swapping ...
@I [HLS-100] Command "set_default_model SHA1ProcessMessageBlock_Swapping "
@I [HLS-100] Command 'set_default_model' returned 0; elapsed 4.2e-05Total elapsed time: 47.670 sec.
@I [HLS-100] Command "apply_spec_resource_limit SHA1ProcessMessageBlock_Swapping "
@I [HLS-100] Command 'apply_spec_resource_limit' returned 0; elapsed 3.1e-05Total elapsed time: 47.671 sec.
@I [HLS-0] Configuring Module : SHA1ProcessMessageBlock ...
@I [HLS-100] Command "set_default_model SHA1ProcessMessageBlock "
@I [HLS-100] Command 'set_default_model' returned 0; elapsed 9.8e-05Total elapsed time: 47.672 sec.
@I [HLS-100] Command "apply_spec_resource_limit SHA1ProcessMessageBlock "
@I [HLS-100] Command 'apply_spec_resource_limit' returned 0; elapsed 0.001052Total elapsed time: 47.674 sec.
@I [HLS-0] Model list for preprocess: SHA1ProcessMessageBlock_SHA1CircularShift SHA1ProcessMessageBlock_Swapping SHA1ProcessMessageBlock
@I [HLS-0] Preprocessing Module: SHA1ProcessMessageBlock_SHA1CircularShift ...
@I [HLS-100] Command "set_default_model SHA1ProcessMessageBlock_SHA1CircularShift "
@I [HLS-100] Command 'set_default_model' returned 0; elapsed 4.8e-05Total elapsed time: 47.675 sec.
@I [HLS-100] Command "cdfg_preprocess -model SHA1ProcessMessageBlock_SHA1CircularShift "
@I [HLS-100] Command 'cdfg_preprocess' returned 0; elapsed 0.000512Total elapsed time: 47.676 sec.
@I [HLS-100] Command "rtl_gen_preprocess SHA1ProcessMessageBlock_SHA1CircularShift "
@I [HLS-100] Command 'rtl_gen_preprocess' returned 0; elapsed 0.004605Total elapsed time: 47.682 sec.
@I [HLS-0] Preprocessing Module: SHA1ProcessMessageBlock_Swapping ...
@I [HLS-100] Command "set_default_model SHA1ProcessMessageBlock_Swapping "
@I [HLS-100] Command 'set_default_model' returned 0; elapsed 5.1e-05Total elapsed time: 47.683 sec.
@I [HLS-100] Command "cdfg_preprocess -model SHA1ProcessMessageBlock_Swapping "
@I [HLS-100] Command 'cdfg_preprocess' returned 0; elapsed 0.000751Total elapsed time: 47.684 sec.
@I [HLS-100] Command "rtl_gen_preprocess SHA1ProcessMessageBlock_Swapping "
@I [HLS-100] Command 'rtl_gen_preprocess' returned 0; elapsed 0.005964Total elapsed time: 47.691 sec.
@I [HLS-0] Preprocessing Module: SHA1ProcessMessageBlock ...
@I [HLS-100] Command "set_default_model SHA1ProcessMessageBlock "
@I [HLS-100] Command 'set_default_model' returned 0; elapsed 8.7e-05Total elapsed time: 47.692 sec.
@I [HLS-100] Command "cdfg_preprocess -model SHA1ProcessMessageBlock "
@I [HLS-100] Command 'cdfg_preprocess' returned 0; elapsed 4.40604Total elapsed time: 52.101 sec.
@I [HLS-100] Command "rtl_gen_preprocess SHA1ProcessMessageBlock "
@I [HLS-100] Command 'rtl_gen_preprocess' returned 0; elapsed 0.004249Total elapsed time: 52.106 sec.
@I [HLS-0] Model list for synthesis: SHA1ProcessMessageBlock_SHA1CircularShift SHA1ProcessMessageBlock_Swapping SHA1ProcessMessageBlock
@I [HLS-10] ----------------------------------------------------------------
@0 [HLS-0] ----------------------------------------------------------------
@I [HLS-10] -- Scheduling module 'SHA1ProcessMessageBlock_SHA1CircularShift' 
@0 [HLS-0] -- Scheduling module 'SHA1ProcessMessageBlock_SHA1CircularShift' 
@I [HLS-10] ----------------------------------------------------------------
@0 [HLS-0] ----------------------------------------------------------------
@I [HLS-100] Command "set_default_model SHA1ProcessMessageBlock_SHA1CircularShift "
@I [HLS-100] Command 'set_default_model' returned 0; elapsed 4.6e-05Total elapsed time: 52.110 sec.
@I [HLS-100] Command "schedule -model SHA1ProcessMessageBlock_SHA1CircularShift "
@I [SCHED-11] Starting scheduling ...
@I [SCHED-61] Pipelining function 'SHA1ProcessMessageBlock_SHA1CircularShift'.
@I [SCHED-61] Pipelining result: Target II: 4, Final II: 1, Depth: 1.
@I [SCHED-11] Finished scheduling.
@I [HLS-100] Command 'schedule' returned 0; elapsed 0.046532Total elapsed time: 52.157 sec.
@I [HLS-111] Elapsed time: 4.50775 seconds; current memory usage: 84.3 MB.
@I [HLS-100] Command "report -o /home/matt/workspace/sha1_hls/pipeline_balancingon/.autopilot/db/SHA1ProcessMessageBlock_SHA1CircularShift.verbose.sched.rpt -verbose -f "
@I [HLS-100] Command 'report' returned 0; elapsed 0.007096Total elapsed time: 52.167 sec.
@I [HLS-100] Command "db_write -o /home/matt/workspace/sha1_hls/pipeline_balancingon/.autopilot/db/SHA1ProcessMessageBlock_SHA1CircularShift.sched.adb -f "
@I [HLS-100] Command 'db_write' returned 0; elapsed 0.006996Total elapsed time: 52.176 sec.
@I [HLS-0] Finish scheduling SHA1ProcessMessageBlock_SHA1CircularShift.
@I [HLS-10] ----------------------------------------------------------------
@0 [HLS-0] ----------------------------------------------------------------
@I [HLS-10] -- Exploring micro-architecture for module 'SHA1ProcessMessageBlock_SHA1CircularShift' 
@0 [HLS-0] -- Exploring micro-architecture for module 'SHA1ProcessMessageBlock_SHA1CircularShift' 
@I [HLS-10] ----------------------------------------------------------------
@0 [HLS-0] ----------------------------------------------------------------
@I [HLS-100] Command "set_default_model SHA1ProcessMessageBlock_SHA1CircularShift "
@I [HLS-100] Command 'set_default_model' returned 0; elapsed 4.2e-05Total elapsed time: 52.179 sec.
@I [HLS-100] Command "bind -model SHA1ProcessMessageBlock_SHA1CircularShift "
@I [BIND-110] clear=
@I [BIND-110] debug=
@I [BIND-110] drf=
@I [BIND-110] effort=
@I [BIND-110] fast_refine=
@I [BIND-110] fu_weight=[ 0.0 -- 1.0 ]
@I [BIND-110] global_opt=
@I [BIND-110] gsearch=
@I [BIND-110] help=
@I [BIND-110] help-hidden=
@I [BIND-110] min_mem_port=
@I [BIND-110] min_op=
@I [BIND-110] minreg=
@I [BIND-110] ml=
@I [BIND-110] model=SHA1ProcessMessageBlock_SHA1CircularShift
@I [BIND-110] no_false_path=
@I [BIND-110] no_min_op=
@I [BIND-110] normalize=
@I [BIND-110] quiet=
@I [BIND-110] refine=
@I [BIND-110] reg_weight=[ 0.0 -- 1.0 ]
@I [BIND-110] search=
@I [BIND-110] tight_delay=
@I [BIND-110] verbose=
@I [BIND-110] wFF=
@I [BIND-110] wFU=
@I [BIND-110] wMUX=
@I [BIND-110] wNET=
@I [BIND-100] Starting micro-architecture generation ...
@I [BIND-101] Performing variable lifetime analysis.
@I [BIND-101] Exploring resource sharing.
@I [BIND-101] Binding ...
@I [BIND-100] Finished micro-architecture generation.
@I [HLS-100] Command 'bind' returned 0; elapsed 0.014268Total elapsed time: 52.194 sec.
@I [HLS-111] Elapsed time: 0.035552 seconds; current memory usage: 84.4 MB.
@I [HLS-100] Command "report -o /home/matt/workspace/sha1_hls/pipeline_balancingon/.autopilot/db/SHA1ProcessMessageBlock_SHA1CircularShift.verbose.bind.rpt -verbose -f "
@I [HLS-100] Command 'report' returned 0; elapsed 0.030572Total elapsed time: 52.227 sec.
@I [HLS-100] Command "db_write -o /home/matt/workspace/sha1_hls/pipeline_balancingon/.autopilot/db/SHA1ProcessMessageBlock_SHA1CircularShift.bind.adb -f "
@I [HLS-100] Command 'db_write' returned 0; elapsed 0.010305Total elapsed time: 52.238 sec.
@I [HLS-0] Finish binding SHA1ProcessMessageBlock_SHA1CircularShift.
@I [HLS-10] ----------------------------------------------------------------
@0 [HLS-0] ----------------------------------------------------------------
@I [HLS-10] -- Scheduling module 'SHA1ProcessMessageBlock_Swapping' 
@0 [HLS-0] -- Scheduling module 'SHA1ProcessMessageBlock_Swapping' 
@I [HLS-10] ----------------------------------------------------------------
@0 [HLS-0] ----------------------------------------------------------------
@I [HLS-100] Command "set_default_model SHA1ProcessMessageBlock_Swapping "
@I [HLS-100] Command 'set_default_model' returned 0; elapsed 3.9e-05Total elapsed time: 52.240 sec.
@I [HLS-100] Command "schedule -model SHA1ProcessMessageBlock_Swapping "
@I [SCHED-11] Starting scheduling ...
@I [SCHED-61] Pipelining function 'SHA1ProcessMessageBlock_Swapping'.
@I [SCHED-61] Pipelining result: Target II: 4, Final II: 1, Depth: 1.
@I [SCHED-11] Finished scheduling.
@I [HLS-100] Command 'schedule' returned 0; elapsed 0.027309Total elapsed time: 52.268 sec.
@I [HLS-111] Elapsed time: 0.073755 seconds; current memory usage: 84.5 MB.
@I [HLS-100] Command "report -o /home/matt/workspace/sha1_hls/pipeline_balancingon/.autopilot/db/SHA1ProcessMessageBlock_Swapping.verbose.sched.rpt -verbose -f "
@I [HLS-100] Command 'report' returned 0; elapsed 0.005059Total elapsed time: 52.275 sec.
@I [HLS-100] Command "db_write -o /home/matt/workspace/sha1_hls/pipeline_balancingon/.autopilot/db/SHA1ProcessMessageBlock_Swapping.sched.adb -f "
@I [HLS-100] Command 'db_write' returned 0; elapsed 0.009354Total elapsed time: 52.286 sec.
@I [HLS-0] Finish scheduling SHA1ProcessMessageBlock_Swapping.
@I [HLS-10] ----------------------------------------------------------------
@0 [HLS-0] ----------------------------------------------------------------
@I [HLS-10] -- Exploring micro-architecture for module 'SHA1ProcessMessageBlock_Swapping' 
@0 [HLS-0] -- Exploring micro-architecture for module 'SHA1ProcessMessageBlock_Swapping' 
@I [HLS-10] ----------------------------------------------------------------
@0 [HLS-0] ----------------------------------------------------------------
@I [HLS-100] Command "set_default_model SHA1ProcessMessageBlock_Swapping "
@I [HLS-100] Command 'set_default_model' returned 0; elapsed 4e-05Total elapsed time: 52.289 sec.
@I [HLS-100] Command "bind -model SHA1ProcessMessageBlock_Swapping "
@I [BIND-110] clear=
@I [BIND-110] debug=
@I [BIND-110] drf=
@I [BIND-110] effort=
@I [BIND-110] fast_refine=
@I [BIND-110] fu_weight=[ 0.0 -- 1.0 ]
@I [BIND-110] global_opt=
@I [BIND-110] gsearch=
@I [BIND-110] help=
@I [BIND-110] help-hidden=
@I [BIND-110] min_mem_port=
@I [BIND-110] min_op=
@I [BIND-110] minreg=
@I [BIND-110] ml=
@I [BIND-110] model=SHA1ProcessMessageBlock_Swapping
@I [BIND-110] no_false_path=
@I [BIND-110] no_min_op=
@I [BIND-110] normalize=
@I [BIND-110] quiet=
@I [BIND-110] refine=
@I [BIND-110] reg_weight=[ 0.0 -- 1.0 ]
@I [BIND-110] search=
@I [BIND-110] tight_delay=
@I [BIND-110] verbose=
@I [BIND-110] wFF=
@I [BIND-110] wFU=
@I [BIND-110] wMUX=
@I [BIND-110] wNET=
@I [BIND-100] Starting micro-architecture generation ...
@I [BIND-101] Performing variable lifetime analysis.
@I [BIND-101] Exploring resource sharing.
@I [BIND-101] Binding ...
@I [BIND-100] Finished micro-architecture generation.
@I [HLS-100] Command 'bind' returned 0; elapsed 0.016096Total elapsed time: 52.306 sec.
@I [HLS-111] Elapsed time: 0.036798 seconds; current memory usage: 84.5 MB.
@I [HLS-100] Command "report -o /home/matt/workspace/sha1_hls/pipeline_balancingon/.autopilot/db/SHA1ProcessMessageBlock_Swapping.verbose.bind.rpt -verbose -f "
@I [HLS-100] Command 'report' returned 0; elapsed 0.038052Total elapsed time: 52.345 sec.
@I [HLS-100] Command "db_write -o /home/matt/workspace/sha1_hls/pipeline_balancingon/.autopilot/db/SHA1ProcessMessageBlock_Swapping.bind.adb -f "
@I [HLS-100] Command 'db_write' returned 0; elapsed 0.015895Total elapsed time: 52.362 sec.
@I [HLS-0] Finish binding SHA1ProcessMessageBlock_Swapping.
@I [HLS-10] ----------------------------------------------------------------
@0 [HLS-0] ----------------------------------------------------------------
@I [HLS-10] -- Scheduling module 'SHA1ProcessMessageBlock' 
@0 [HLS-0] -- Scheduling module 'SHA1ProcessMessageBlock' 
@I [HLS-10] ----------------------------------------------------------------
@0 [HLS-0] ----------------------------------------------------------------
@I [HLS-100] Command "set_default_model SHA1ProcessMessageBlock "
@I [HLS-100] Command 'set_default_model' returned 0; elapsed 9e-05Total elapsed time: 52.365 sec.
@I [HLS-100] Command "schedule -model SHA1ProcessMessageBlock "
@I [SCHED-11] Starting scheduling ...
@I [SCHED-61] Pipelining function 'SHA1ProcessMessageBlock'.
@W [SCHED-69] Unable to schedule 'load' operation ('context_Message_Block_load', sha1_hls/sha1.c:56) on array 'context_Message_Block' due to limited memory ports.
@I [SCHED-61] Pipelining result: Target II: 4, Final II: 166, Depth: 166.
@I [SCHED-11] Finished scheduling.
@I [HLS-100] Command 'schedule' returned 0; elapsed 152.121Total elapsed time: 204.687 sec.
@I [HLS-111] Elapsed time: 152.209 seconds; current memory usage: 89.2 MB.
@I [HLS-100] Command "report -o /home/matt/workspace/sha1_hls/pipeline_balancingon/.autopilot/db/SHA1ProcessMessageBlock.verbose.sched.rpt -verbose -f "
@I [HLS-100] Command 'report' returned 0; elapsed 0.793163Total elapsed time: 205.522 sec.
@I [HLS-100] Command "db_write -o /home/matt/workspace/sha1_hls/pipeline_balancingon/.autopilot/db/SHA1ProcessMessageBlock.sched.adb -f "
@I [HLS-100] Command 'db_write' returned 0; elapsed 0.591628Total elapsed time: 206.124 sec.
@I [HLS-0] Finish scheduling SHA1ProcessMessageBlock.
@I [HLS-10] ----------------------------------------------------------------
@0 [HLS-0] ----------------------------------------------------------------
@I [HLS-10] -- Exploring micro-architecture for module 'SHA1ProcessMessageBlock' 
@0 [HLS-0] -- Exploring micro-architecture for module 'SHA1ProcessMessageBlock' 
@I [HLS-10] ----------------------------------------------------------------
@0 [HLS-0] ----------------------------------------------------------------
@I [HLS-100] Command "set_default_model SHA1ProcessMessageBlock "
@I [HLS-100] Command 'set_default_model' returned 0; elapsed 5.6e-05Total elapsed time: 206.126 sec.
@I [HLS-100] Command "bind -model SHA1ProcessMessageBlock "
@I [BIND-110] clear=
@I [BIND-110] debug=
@I [BIND-110] drf=
@I [BIND-110] effort=
@I [BIND-110] fast_refine=
@I [BIND-110] fu_weight=[ 0.0 -- 1.0 ]
@I [BIND-110] global_opt=
@I [BIND-110] gsearch=
@I [BIND-110] help=
@I [BIND-110] help-hidden=
@I [BIND-110] min_mem_port=
@I [BIND-110] min_op=
@I [BIND-110] minreg=
@I [BIND-110] ml=
@I [BIND-110] model=SHA1ProcessMessageBlock
@I [BIND-110] no_false_path=
@I [BIND-110] no_min_op=
@I [BIND-110] normalize=
@I [BIND-110] quiet=
@I [BIND-110] refine=
@I [BIND-110] reg_weight=[ 0.0 -- 1.0 ]
@I [BIND-110] search=
@I [BIND-110] tight_delay=
@I [BIND-110] verbose=
@I [BIND-110] wFF=
@I [BIND-110] wFU=
@I [BIND-110] wMUX=
@I [BIND-110] wNET=
@I [BIND-100] Starting micro-architecture generation ...
@I [BIND-101] Performing variable lifetime analysis.
@I [BIND-101] Exploring resource sharing.
@I [BIND-101] Binding ...
@I [BIND-100] Finished micro-architecture generation.
@I [HLS-100] Command 'bind' returned 0; elapsed 4.80415Total elapsed time: 210.961 sec.
@I [HLS-111] Elapsed time: 6.19336 seconds; current memory usage: 93.4 MB.
@I [HLS-100] Command "report -o /home/matt/workspace/sha1_hls/pipeline_balancingon/.autopilot/db/SHA1ProcessMessageBlock.verbose.bind.rpt -verbose -f "
@I [HLS-100] Command 'report' returned 0; elapsed 1.69951Total elapsed time: 212.663 sec.
@I [HLS-100] Command "db_write -o /home/matt/workspace/sha1_hls/pipeline_balancingon/.autopilot/db/SHA1ProcessMessageBlock.bind.adb -f "
@I [HLS-100] Command 'db_write' returned 0; elapsed 0.806284Total elapsed time: 213.471 sec.
@I [HLS-0] Finish binding SHA1ProcessMessageBlock.
@I [HLS-100] Command "get_model_list SHA1ProcessMessageBlock -filter all-wo-channel "
@I [HLS-100] Command 'get_model_list' returned 0; elapsed 0.000552Total elapsed time: 213.472 sec.
@I [HLS-0] Preprocessing for RTLGen ...
@I [HLS-100] Command "rtl_gen_preprocess SHA1ProcessMessageBlock_SHA1CircularShift "
@I [HLS-100] Command 'rtl_gen_preprocess' returned 0; elapsed 0.003941Total elapsed time: 213.476 sec.
@I [HLS-100] Command "rtl_gen_preprocess SHA1ProcessMessageBlock_Swapping "
@I [HLS-100] Command 'rtl_gen_preprocess' returned 0; elapsed 0.00479Total elapsed time: 213.482 sec.
@I [HLS-100] Command "rtl_gen_preprocess SHA1ProcessMessageBlock "
@I [HLS-100] Command 'rtl_gen_preprocess' returned 0; elapsed 0.004184Total elapsed time: 213.486 sec.
@I [HLS-0] Model list for RTL generation: SHA1ProcessMessageBlock_SHA1CircularShift SHA1ProcessMessageBlock_Swapping SHA1ProcessMessageBlock
@I [HLS-10] ----------------------------------------------------------------
@0 [HLS-0] ----------------------------------------------------------------
@I [HLS-10] -- Generating RTL for module 'SHA1ProcessMessageBlock_SHA1CircularShift' 
@0 [HLS-0] -- Generating RTL for module 'SHA1ProcessMessageBlock_SHA1CircularShift' 
@I [HLS-10] ----------------------------------------------------------------
@0 [HLS-0] ----------------------------------------------------------------
@I [HLS-100] Command "create_rtl_model SHA1ProcessMessageBlock_SHA1CircularShift -vendor xilinx -mg_file /home/matt/workspace/sha1_hls/pipeline_balancingon/.autopilot/db/SHA1ProcessMessageBlock_SHA1CircularShift.compgen.tcl "
@I [RTGEN-100] Finished creating RTL model for 'SHA1ProcessMessageBlock_SHA1CircularShift'.
@I [HLS-100] Command 'create_rtl_model' returned 0; elapsed 0.014487Total elapsed time: 213.505 sec.
@I [HLS-111] Elapsed time: 2.54207 seconds; current memory usage: 93.6 MB.
@I [HLS-100] Command "source /home/matt/workspace/sha1_hls/pipeline_balancingon/.autopilot/db/SHA1ProcessMessageBlock.rtl_wrap.cfg.tcl "
@I [HLS-100] Command 'ap_source' returned 0; elapsed 0.000847Total elapsed time: 213.507 sec.
@I [HLS-100] Command "gen_rtl SHA1ProcessMessageBlock_SHA1CircularShift -style xilinx -tracefl mytrace -tracefmt vcd -traceopt all -f -lang sc -o /home/matt/workspace/sha1_hls/pipeline_balancingon/syn/systemc/SHA1ProcessMessageBlock_SHA1CircularShift -synmodules SHA1ProcessMessageBlock_SHA1CircularShift SHA1ProcessMessageBlock_Swapping SHA1ProcessMessageBlock "
@I [HLS-100] Command 'gen_rtl' returned 0; elapsed 0.000813Total elapsed time: 213.511 sec.
@I [HLS-100] Command "gen_rtl SHA1ProcessMessageBlock_SHA1CircularShift -style xilinx -f -lang vhdl -o /home/matt/workspace/sha1_hls/pipeline_balancingon/syn/vhdl/SHA1ProcessMessageBlock_SHA1CircularShift "
@I [HLS-100] Command 'gen_rtl' returned 0; elapsed 0.000449Total elapsed time: 213.512 sec.
@I [HLS-100] Command "gen_rtl SHA1ProcessMessageBlock_SHA1CircularShift -style xilinx -f -lang vlog -o /home/matt/workspace/sha1_hls/pipeline_balancingon/syn/verilog/SHA1ProcessMessageBlock_SHA1CircularShift "
@I [HLS-100] Command 'gen_rtl' returned 0; elapsed 0.000416Total elapsed time: 213.513 sec.
@I [HLS-100] Command "gen_tb_info SHA1ProcessMessageBlock_SHA1CircularShift -o /home/matt/workspace/sha1_hls/pipeline_balancingon/.autopilot/db/SHA1ProcessMessageBlock_SHA1CircularShift -p /home/matt/workspace/sha1_hls/pipeline_balancingon/.autopilot/db "
@I [HLS-100] Command 'gen_tb_info' returned 0; elapsed 0.01384Total elapsed time: 213.527 sec.
@I [HLS-100] Command "report -model SHA1ProcessMessageBlock_SHA1CircularShift -o /home/matt/workspace/sha1_hls/pipeline_balancingon/syn/report/SHA1ProcessMessageBlock_SHA1CircularShift_csynth.rpt -f "
@I [HLS-100] Command 'report' returned 0; elapsed 0.010483Total elapsed time: 213.539 sec.
@I [HLS-100] Command "report -model SHA1ProcessMessageBlock_SHA1CircularShift -o /home/matt/workspace/sha1_hls/pipeline_balancingon/syn/report/SHA1ProcessMessageBlock_SHA1CircularShift_csynth.xml -f -x "
@I [HLS-100] Command 'report' returned 0; elapsed 0.007826Total elapsed time: 213.547 sec.
@I [HLS-100] Command "report -model SHA1ProcessMessageBlock_SHA1CircularShift -o /home/matt/workspace/sha1_hls/pipeline_balancingon/.autopilot/db/SHA1ProcessMessageBlock_SHA1CircularShift.verbose.rpt -verbose -f "
@I [HLS-100] Command 'report' returned 0; elapsed 0.035919Total elapsed time: 213.584 sec.
@I [HLS-100] Command "db_write -model SHA1ProcessMessageBlock_SHA1CircularShift -o /home/matt/workspace/sha1_hls/pipeline_balancingon/.autopilot/db/SHA1ProcessMessageBlock_SHA1CircularShift.adb -f "
@I [HLS-100] Command 'db_write' returned 0; elapsed 0.019753Total elapsed time: 213.605 sec.
@I [HLS-10] ----------------------------------------------------------------
@0 [HLS-0] ----------------------------------------------------------------
@I [HLS-10] -- Generating RTL for module 'SHA1ProcessMessageBlock_Swapping' 
@0 [HLS-0] -- Generating RTL for module 'SHA1ProcessMessageBlock_Swapping' 
@I [HLS-10] ----------------------------------------------------------------
@0 [HLS-0] ----------------------------------------------------------------
@I [HLS-100] Command "create_rtl_model SHA1ProcessMessageBlock_Swapping -vendor xilinx -mg_file /home/matt/workspace/sha1_hls/pipeline_balancingon/.autopilot/db/SHA1ProcessMessageBlock_Swapping.compgen.tcl "
@I [RTGEN-100] Finished creating RTL model for 'SHA1ProcessMessageBlock_Swapping'.
@I [HLS-100] Command 'create_rtl_model' returned 0; elapsed 0.055377Total elapsed time: 213.686 sec.
@I [HLS-111] Elapsed time: 0.169758 seconds; current memory usage: 94 MB.
@I [HLS-100] Command "source /home/matt/workspace/sha1_hls/pipeline_balancingon/.autopilot/db/SHA1ProcessMessageBlock.rtl_wrap.cfg.tcl "
@I [HLS-100] Command 'ap_source' returned 0; elapsed 0.001321Total elapsed time: 213.689 sec.
@I [HLS-100] Command "gen_rtl SHA1ProcessMessageBlock_Swapping -style xilinx -tracefl mytrace -tracefmt vcd -traceopt all -f -lang sc -o /home/matt/workspace/sha1_hls/pipeline_balancingon/syn/systemc/SHA1ProcessMessageBlock_Swapping -synmodules SHA1ProcessMessageBlock_SHA1CircularShift SHA1ProcessMessageBlock_Swapping SHA1ProcessMessageBlock "
@I [HLS-100] Command 'gen_rtl' returned 0; elapsed 0.001167Total elapsed time: 213.693 sec.
@I [HLS-100] Command "gen_rtl SHA1ProcessMessageBlock_Swapping -style xilinx -f -lang vhdl -o /home/matt/workspace/sha1_hls/pipeline_balancingon/syn/vhdl/SHA1ProcessMessageBlock_Swapping "
@I [HLS-100] Command 'gen_rtl' returned 0; elapsed 0.000931Total elapsed time: 213.701 sec.
@I [HLS-100] Command "gen_rtl SHA1ProcessMessageBlock_Swapping -style xilinx -f -lang vlog -o /home/matt/workspace/sha1_hls/pipeline_balancingon/syn/verilog/SHA1ProcessMessageBlock_Swapping "
@I [HLS-100] Command 'gen_rtl' returned 0; elapsed 0.000726Total elapsed time: 213.703 sec.
@I [HLS-100] Command "gen_tb_info SHA1ProcessMessageBlock_Swapping -o /home/matt/workspace/sha1_hls/pipeline_balancingon/.autopilot/db/SHA1ProcessMessageBlock_Swapping -p /home/matt/workspace/sha1_hls/pipeline_balancingon/.autopilot/db "
@I [HLS-100] Command 'gen_tb_info' returned 0; elapsed 0.026628Total elapsed time: 213.733 sec.
@I [HLS-100] Command "report -model SHA1ProcessMessageBlock_Swapping -o /home/matt/workspace/sha1_hls/pipeline_balancingon/syn/report/SHA1ProcessMessageBlock_Swapping_csynth.rpt -f "
@I [HLS-100] Command 'report' returned 0; elapsed 0.012235Total elapsed time: 213.747 sec.
@I [HLS-100] Command "report -model SHA1ProcessMessageBlock_Swapping -o /home/matt/workspace/sha1_hls/pipeline_balancingon/syn/report/SHA1ProcessMessageBlock_Swapping_csynth.xml -f -x "
@I [HLS-100] Command 'report' returned 0; elapsed 0.007313Total elapsed time: 213.759 sec.
@I [HLS-100] Command "report -model SHA1ProcessMessageBlock_Swapping -o /home/matt/workspace/sha1_hls/pipeline_balancingon/.autopilot/db/SHA1ProcessMessageBlock_Swapping.verbose.rpt -verbose -f "
@I [HLS-100] Command 'report' returned 0; elapsed 0.071162Total elapsed time: 213.838 sec.
@I [HLS-100] Command "db_write -model SHA1ProcessMessageBlock_Swapping -o /home/matt/workspace/sha1_hls/pipeline_balancingon/.autopilot/db/SHA1ProcessMessageBlock_Swapping.adb -f "
@I [HLS-100] Command 'db_write' returned 0; elapsed 0.028344Total elapsed time: 213.869 sec.
@I [HLS-10] ----------------------------------------------------------------
@0 [HLS-0] ----------------------------------------------------------------
@I [HLS-10] -- Generating RTL for module 'SHA1ProcessMessageBlock' 
@0 [HLS-0] -- Generating RTL for module 'SHA1ProcessMessageBlock' 
@I [HLS-10] ----------------------------------------------------------------
@0 [HLS-0] ----------------------------------------------------------------
@I [HLS-100] Command "create_rtl_model SHA1ProcessMessageBlock -vendor xilinx -mg_file /home/matt/workspace/sha1_hls/pipeline_balancingon/.autopilot/db/SHA1ProcessMessageBlock.compgen.tcl "
@I [RTGEN-500] Setting interface mode on port 'SHA1ProcessMessageBlock/context_Intermediate_Hash' to 'ap_memory'.
@I [RTGEN-500] Setting interface mode on port 'SHA1ProcessMessageBlock/context_Message_Block_Index' to 'ap_vld'.
@I [RTGEN-500] Setting interface mode on port 'SHA1ProcessMessageBlock/context_Message_Block' to 'ap_memory'.
@I [RTGEN-500] Setting interface mode on function 'SHA1ProcessMessageBlock' to 'ap_ctrl_hs'.
@I [RTGEN-100] Finished creating RTL model for 'SHA1ProcessMessageBlock'.
@I [HLS-100] Command 'create_rtl_model' returned 0; elapsed 5.11669Total elapsed time: 219.148 sec.
@I [HLS-111] Elapsed time: 5.29219 seconds; current memory usage: 100 MB.
@I [HLS-100] Command "source /home/matt/workspace/sha1_hls/pipeline_balancingon/.autopilot/db/SHA1ProcessMessageBlock.rtl_wrap.cfg.tcl "
@I [HLS-100] Command 'ap_source' returned 0; elapsed 0.001031Total elapsed time: 219.151 sec.
@I [HLS-100] Command "gen_rtl SHA1ProcessMessageBlock -istop -style xilinx -tracefl mytrace -tracefmt vcd -traceopt all -f -lang sc -o /home/matt/workspace/sha1_hls/pipeline_balancingon/syn/systemc/SHA1ProcessMessageBlock -synmodules SHA1ProcessMessageBlock_SHA1CircularShift SHA1ProcessMessageBlock_Swapping SHA1ProcessMessageBlock "
@I [HLS-100] Command 'gen_rtl' returned 0; elapsed 0.088057Total elapsed time: 219.241 sec.
@I [HLS-100] Command "gen_rtl SHA1ProcessMessageBlock -istop -style xilinx -f -lang vhdl -o /home/matt/workspace/sha1_hls/pipeline_balancingon/syn/vhdl/SHA1ProcessMessageBlock "
@I [HLS-100] Command 'gen_rtl' returned 0; elapsed 0.986408Total elapsed time: 220.231 sec.
@I [HLS-100] Command "gen_rtl SHA1ProcessMessageBlock -istop -style xilinx -f -lang vlog -o /home/matt/workspace/sha1_hls/pipeline_balancingon/syn/verilog/SHA1ProcessMessageBlock "
@I [HLS-100] Command 'gen_rtl' returned 0; elapsed 0.504691Total elapsed time: 220.751 sec.
@I [HLS-100] Command "export_constraint_db -o /home/matt/workspace/sha1_hls/pipeline_balancingon/.autopilot/db/SHA1ProcessMessageBlock.constraint.tcl -f -tool general "
@I [HLS-100] Command 'export_constraint_db' returned 0; elapsed 0.000838Total elapsed time: 220.752 sec.
@I [HLS-100] Command "report -model SHA1ProcessMessageBlock -o /home/matt/workspace/sha1_hls/pipeline_balancingon/.autopilot/db/SHA1ProcessMessageBlock.design.xml -verbose -f -dv "
@I [HLS-100] Command 'report' returned 0; elapsed 0.833791Total elapsed time: 221.601 sec.
@I [HLS-100] Command "report -model SHA1ProcessMessageBlock -o /home/matt/workspace/sha1_hls/pipeline_balancingon/.autopilot/db/SHA1ProcessMessageBlock.sdaccel.xml -verbose -f -sdaccel "
@I [HLS-100] Command 'report' returned 0; elapsed 1.35797Total elapsed time: 222.972 sec.
@I [HLS-100] Command "gen_tb_info SHA1ProcessMessageBlock -o /home/matt/workspace/sha1_hls/pipeline_balancingon/.autopilot/db/SHA1ProcessMessageBlock -p /home/matt/workspace/sha1_hls/pipeline_balancingon/.autopilot/db "
@I [HLS-100] Command 'gen_tb_info' returned 0; elapsed 0.025039Total elapsed time: 222.998 sec.
@I [HLS-100] Command "report -model SHA1ProcessMessageBlock -o /home/matt/workspace/sha1_hls/pipeline_balancingon/syn/report/SHA1ProcessMessageBlock_csynth.rpt -f "
@I [HLS-100] Command 'report' returned 0; elapsed 0.393884Total elapsed time: 223.393 sec.
@I [HLS-100] Command "report -model SHA1ProcessMessageBlock -o /home/matt/workspace/sha1_hls/pipeline_balancingon/syn/report/SHA1ProcessMessageBlock_csynth.xml -f -x "
@I [HLS-100] Command 'report' returned 0; elapsed 0.430012Total elapsed time: 223.825 sec.
@I [HLS-100] Command "report -model SHA1ProcessMessageBlock -o /home/matt/workspace/sha1_hls/pipeline_balancingon/.autopilot/db/SHA1ProcessMessageBlock.verbose.rpt -verbose -f "
@I [HLS-100] Command 'report' returned 0; elapsed 2.08146Total elapsed time: 225.923 sec.
@I [HLS-100] Command "db_write -model SHA1ProcessMessageBlock -o /home/matt/workspace/sha1_hls/pipeline_balancingon/.autopilot/db/SHA1ProcessMessageBlock.adb -f "
@I [HLS-100] Command 'db_write' returned 0; elapsed 1.07807Total elapsed time: 227.4 sec.
@I [HLS-100] Command "sc_get_clocks SHA1ProcessMessageBlock "
@I [HLS-100] Command 'sc_get_clocks' returned 0; elapsed 1.9e-05Total elapsed time: 228.73 sec.
@I [HLS-100] Command "sc_get_portdomain SHA1ProcessMessageBlock "
@I [HLS-100] Command 'sc_get_portdomain' returned 0; elapsed 1.4e-05Total elapsed time: 228.74 sec.
@I [HLS-0] Model list for RTL component generation: SHA1ProcessMessageBlock_SHA1CircularShift SHA1ProcessMessageBlock_Swapping SHA1ProcessMessageBlock
@I [HLS-0] Handling components in module [SHA1ProcessMessageBlock_SHA1CircularShift] ... 
@I [HLS-100] Command "source /home/matt/workspace/sha1_hls/pipeline_balancingon/.autopilot/db/SHA1ProcessMessageBlock_SHA1CircularShift.compgen.tcl "
@I [HLS-100] Command 'ap_source' returned 0; elapsed 0.000333Total elapsed time: 228.81 sec.
@I [HLS-0] Handling components in module [SHA1ProcessMessageBlock_Swapping] ... 
@I [HLS-100] Command "source /home/matt/workspace/sha1_hls/pipeline_balancingon/.autopilot/db/SHA1ProcessMessageBlock_Swapping.compgen.tcl "
@I [HLS-100] Command 'ap_source' returned 0; elapsed 0.000344Total elapsed time: 228.83 sec.
@I [HLS-0] Handling components in module [SHA1ProcessMessageBlock] ... 
@I [HLS-100] Command "source /home/matt/workspace/sha1_hls/pipeline_balancingon/.autopilot/db/SHA1ProcessMessageBlock.compgen.tcl "
@I [HLS-0] Found component SHA1ProcessMessageBlock_W.
@I [HLS-0] Append model SHA1ProcessMessageBlock_W
@I [HLS-100] Command 'ap_source' returned 0; elapsed 0.000919Total elapsed time: 228.84 sec.
@I [HLS-0] Append model SHA1ProcessMessageBlock_SHA1CircularShift
@I [HLS-0] Append model SHA1ProcessMessageBlock_Swapping
@I [HLS-0] Append model SHA1ProcessMessageBlock
@I [HLS-0] Generating RTL model list ...
@I [HLS-0] All models in this session: SHA1ProcessMessageBlock_W SHA1ProcessMessageBlock_SHA1CircularShift SHA1ProcessMessageBlock_Swapping SHA1ProcessMessageBlock
@I [HLS-0] To file: write model SHA1ProcessMessageBlock_W
@I [HLS-0] To file: write model SHA1ProcessMessageBlock_SHA1CircularShift
@I [HLS-0] To file: write model SHA1ProcessMessageBlock_Swapping
@I [HLS-0] To file: write model SHA1ProcessMessageBlock
@I [HLS-0] Finished generating RTL model list.


@I [HLS-0] RTL Generation done.
@I [HLS-0] CAS Generation done.
@I [HLS-0] CBC Generation done.
@I [HLS-100] Command "export_ssdm /home/matt/workspace/sha1_hls/pipeline_balancingon/.autopilot/db/a.export.ll "
@I [HLS-100] Command 'export_ssdm' returned 0; elapsed 0.004311Total elapsed time: 228.91 sec.
@I [HLS-100] Command "source /home/matt/workspace/sha1_hls/pipeline_balancingon/.autopilot/db/global.setting.tcl "
@I [HLS-100] Command 'ap_source' returned 0; elapsed 0.000538Total elapsed time: 228.101 sec.
@I [HLS-100] Command "source /opt/Xilinx/Vivado_HLS/2016.1/common/technology/generic/autopilot/common.gen "
@I [HLS-100] Command "source /opt/Xilinx/Vivado_HLS/2016.1/common/technology/generic/autopilot/APCoreGen.gen "
@I [HLS-100] Command 'ap_source' returned 0; elapsed 0.001485Total elapsed time: 228.104 sec.
@I [HLS-100] Command 'ap_source' returned 0; elapsed 0.003242Total elapsed time: 228.105 sec.
@I [HLS-100] Command "source /opt/Xilinx/Vivado_HLS/2016.1/common/technology/generic/autopilot/op.gen "
@I [HLS-100] Command 'ap_source' returned 0; elapsed 0.000832Total elapsed time: 228.107 sec.
@I [HLS-100] Command "source /opt/Xilinx/Vivado_HLS/2016.1/common/technology/generic/autopilot/op_simcore.gen "
@I [HLS-100] Command 'ap_source' returned 0; elapsed 0.00236Total elapsed time: 228.110 sec.
@I [HLS-100] Command "source /opt/Xilinx/Vivado_HLS/2016.1/common/technology/generic/autopilot/interface.gen "
@I [HLS-100] Command 'ap_source' returned 0; elapsed 0.000203Total elapsed time: 228.110 sec.
@I [HLS-100] Command "source /home/matt/workspace/sha1_hls/pipeline_balancingon/.autopilot/db/global.setting.tcl "
@I [HLS-100] Command 'ap_source' returned 0; elapsed 0.000435Total elapsed time: 228.111 sec.
@I [HLS-100] Command "source /opt/Xilinx/Vivado_HLS/2016.1/common/technology/xilinx/zynq/zynq.gen "
@I [HLS-100] Command "source /opt/Xilinx/Vivado_HLS/2016.1/common/technology/xilinx/common/virtex.gen "
@I [HLS-100] Command "source /opt/Xilinx/Vivado_HLS/2016.1/common/technology/xilinx/common/xilinx.gen "
@I [HLS-100] Command "source /opt/Xilinx/Vivado_HLS/2016.1/common/technology/xilinx/interface/plb46.gen "
@I [HLS-100] Command 'ap_source' returned 0; elapsed 0.003098Total elapsed time: 228.116 sec.
@I [HLS-100] Command "source /opt/Xilinx/Vivado_HLS/2016.1/common/technology/xilinx/interface/fsl.gen "
@I [HLS-100] Command 'ap_source' returned 0; elapsed 0.001326Total elapsed time: 228.118 sec.
@I [HLS-100] Command "source /opt/Xilinx/Vivado_HLS/2016.1/common/technology/xilinx/interface/axi4.gen "
@I [HLS-100] Command 'ap_source' returned 0; elapsed 0.006017Total elapsed time: 228.125 sec.
@I [HLS-100] Command "source /opt/Xilinx/Vivado_HLS/2016.1/common/technology/xilinx/interface/nativeAXI4.gen "
@I [HLS-100] Command "source /opt/Xilinx/Vivado_HLS/2016.1/common/technology/xilinx/interface/saxilite.gen "
@I [HLS-100] Command 'ap_source' returned 0; elapsed 0.010216Total elapsed time: 228.136 sec.
@I [HLS-100] Command "source /opt/Xilinx/Vivado_HLS/2016.1/common/technology/xilinx/interface/maxi.gen "
@I [HLS-100] Command 'ap_source' returned 0; elapsed 0.021409Total elapsed time: 228.158 sec.
@I [HLS-100] Command 'ap_source' returned 0; elapsed 0.032852Total elapsed time: 228.158 sec.
@I [HLS-100] Command "source /opt/Xilinx/Vivado_HLS/2016.1/common/technology/xilinx/scripts/xilinxcoregen.gen "
@I [HLS-100] Command 'ap_source' returned 0; elapsed 0.028476Total elapsed time: 228.187 sec.
@I [HLS-100] Command "source /opt/Xilinx/Vivado_HLS/2016.1/common/technology/xilinx/interface/XilEDKCoreGen.gen "
@I [HLS-100] Command 'ap_source' returned 0; elapsed 0.023847Total elapsed time: 228.211 sec.
@I [HLS-100] Command "source /opt/Xilinx/Vivado_HLS/2016.1/common/technology/xilinx/ip/util.gen "
@I [HLS-100] Command 'ap_source' returned 0; elapsed 0.000458Total elapsed time: 228.213 sec.
@I [HLS-100] Command "source /opt/Xilinx/Vivado_HLS/2016.1/common/technology/xilinx/ip/xfir.gen "
@I [HLS-100] Command 'ap_source' returned 0; elapsed 0.002156Total elapsed time: 228.215 sec.
@I [HLS-100] Command "source /opt/Xilinx/Vivado_HLS/2016.1/common/technology/xilinx/ip/dds_compiler.gen "
@I [HLS-100] Command 'ap_source' returned 0; elapsed 0.010456Total elapsed time: 228.226 sec.
@I [HLS-100] Command "source /opt/Xilinx/Vivado_HLS/2016.1/common/technology/xilinx/ip/xfft.gen "
@I [HLS-100] Command 'ap_source' returned 0; elapsed 0.333079Total elapsed time: 228.560 sec.
@I [HLS-100] Command 'ap_source' returned 0; elapsed 0.447561Total elapsed time: 228.561 sec.
@I [HLS-100] Command "source /opt/Xilinx/Vivado_HLS/2016.1/common/technology/xilinx/common/dsp48.gen "
@I [HLS-100] Command 'ap_source' returned 0; elapsed 0.000601Total elapsed time: 228.568 sec.
@I [HLS-100] Command 'ap_source' returned 0; elapsed 0.457528Total elapsed time: 228.570 sec.
@I [HLS-100] Command 'ap_source' returned 0; elapsed 0.458978Total elapsed time: 228.571 sec.
@I [HLS-100] Command "source /opt/Xilinx/Vivado_HLS/2016.1/common/technology/xilinx/zynq/zynq_fpv6.gen "
@I [HLS-100] Command "source /opt/Xilinx/Vivado_HLS/2016.1/common/technology/xilinx/common/xilinx_fpv6.gen "
@I [HLS-100] Command 'ap_source' returned 0; elapsed 0.005545Total elapsed time: 228.578 sec.
@I [HLS-100] Command 'ap_source' returned 0; elapsed 0.006532Total elapsed time: 228.579 sec.
@I [HLS-100] Command "source /home/matt/workspace/sha1_hls/pipeline_balancingon/.autopilot/db/global.setting.tcl "
@I [HLS-100] Command 'ap_source' returned 0; elapsed 0.000526Total elapsed time: 228.581 sec.
@I [HLS-100] Command "source /home/matt/workspace/sha1_hls/pipeline_balancingon/.autopilot/db/global.setting.tcl "
@I [HLS-100] Command 'ap_source' returned 0; elapsed 0.000433Total elapsed time: 228.583 sec.
@I [HLS-100] Command "source /home/matt/workspace/sha1_hls/pipeline_balancingon/.autopilot/db/global.setting.tcl "
@I [HLS-100] Command 'ap_source' returned 0; elapsed 0.00041Total elapsed time: 228.585 sec.
@I [HLS-100] Command "source /home/matt/workspace/sha1_hls/pipeline_balancingon/.autopilot/db/global.setting.tcl "
@I [HLS-100] Command 'ap_source' returned 0; elapsed 0.000391Total elapsed time: 228.586 sec.
@I [HLS-100] Command "source /home/matt/workspace/sha1_hls/pipeline_balancingon/.autopilot/db/SHA1ProcessMessageBlock_SHA1CircularShift.compgen.tcl "
@I [HLS-100] Command 'ap_source' returned 0; elapsed 0.000267Total elapsed time: 228.587 sec.
@I [HLS-100] Command "source /home/matt/workspace/sha1_hls/pipeline_balancingon/.autopilot/db/SHA1ProcessMessageBlock_Swapping.compgen.tcl "
@I [HLS-100] Command 'ap_source' returned 0; elapsed 0.000319Total elapsed time: 228.588 sec.
@I [HLS-100] Command "source /home/matt/workspace/sha1_hls/pipeline_balancingon/.autopilot/db/SHA1ProcessMessageBlock.compgen.tcl "
@I [RTMG-278] Implementing memory 'SHA1ProcessMessageBlock_W_ram' using block RAMs.
@I [HLS-100] Command 'ap_source' returned 0; elapsed 0.044165Total elapsed time: 228.633 sec.
@I [HLS-10] Finished generating all RTL models.
@0 [HLS-0] Finished generating all RTL models.
@I [SYSC-301] Generating SystemC RTL for SHA1ProcessMessageBlock.
@I [VHDL-304] Generating VHDL RTL for SHA1ProcessMessageBlock.
@I [VLOG-307] Generating Verilog RTL for SHA1ProcessMessageBlock.
@I [HLS-100] Command 'autosyn' returned 0; elapsed 180.494Total elapsed time: 228.642 sec.
@I [HLS-100] Command 'csynth_design' returned 0; elapsed 213.971Total elapsed time: 228.642 sec.
@I [HLS-100] Command 'ap_source' returned 0; elapsed 214.759Total elapsed time: 228.643 sec.
@I [HLS-100] Command "cleanup_all "
@I [HLS-100] Command 'cleanup_all' returned 0; elapsed 0.064698Total elapsed time: 228.708 sec.
