

================================================================
== Vivado HLS Report for 'SHA1ProcessMessageBlock_SHA1CircularShift'
================================================================
* Date:           Mon Sep 12 23:57:23 2016

* Version:        2016.1 (Build 1538259 on Fri Apr 08 16:12:49 MDT 2016)
* Project:        sha1_hls
* Solution:       solution2
* Product family: zynq
* Target device:  xc7z020clg484-1


================================================================
== Performance Estimates
================================================================
+ Timing (ns): 
    * Summary: 
    +--------+-------+----------+------------+
    |  Clock | Target| Estimated| Uncertainty|
    +--------+-------+----------+------------+
    |ap_clk  |  10.00|      4.52|        1.25|
    +--------+-------+----------+------------+

+ Latency (clock cycles): 
    * Summary: 
    +-----+-----+-----+-----+----------+
    |  Latency  |  Interval | Pipeline |
    | min | max | min | max |   Type   |
    +-----+-----+-----+-----+----------+
    |    0|    0|    1|    1| function |
    +-----+-----+-----+-----+----------+

    + Detail: 
        * Instance: 
        N/A

        * Loop: 
        N/A



================================================================
== Utilization Estimates
================================================================
* Summary: 
+-----------------+---------+-------+--------+-------+
|       Name      | BRAM_18K| DSP48E|   FF   |  LUT  |
+-----------------+---------+-------+--------+-------+
|DSP              |        -|      -|       -|      -|
|Expression       |        -|      -|       0|    227|
|FIFO             |        -|      -|       -|      -|
|Instance         |        -|      -|       -|      -|
|Memory           |        -|      -|       -|      -|
|Multiplexer      |        -|      -|       -|      -|
|Register         |        -|      -|       -|      -|
+-----------------+---------+-------+--------+-------+
|Total            |        0|      0|       0|    227|
+-----------------+---------+-------+--------+-------+
|Available        |      280|    220|  106400|  53200|
+-----------------+---------+-------+--------+-------+
|Utilization (%)  |        0|      0|       0|   ~0  |
+-----------------+---------+-------+--------+-------+

+ Detail: 
    * Instance: 
    N/A

    * DSP48: 
    N/A

    * Memory: 
    N/A

    * FIFO: 
    N/A

    * Expression: 
    +-----------------+----------+-------+---+----+------------+------------+
    |  Variable Name  | Operation| DSP48E| FF| LUT| Bitwidth P0| Bitwidth P1|
    +-----------------+----------+-------+---+----+------------+------------+
    |tmp_37_fu_42_p2  |     -    |      0|  0|   7|           7|           6|
    |tmp_38_fu_52_p2  |   lshr   |      0|  0|  88|          32|          32|
    |ap_return        |    or    |      0|  0|  44|          32|          32|
    |tmp_s_fu_36_p2   |    shl   |      0|  0|  88|          32|          32|
    +-----------------+----------+-------+---+----+------------+------------+
    |Total            |          |      0|  0| 227|         103|         102|
    +-----------------+----------+-------+---+----+------------+------------+

    * Multiplexer: 
    N/A

    * Register: 
    N/A



================================================================
== Interface
================================================================
* Summary: 
+-----------+-----+-----+------------+-------------------------------------------+--------------+
| RTL Ports | Dir | Bits|  Protocol  |               Source Object               |    C Type    |
+-----------+-----+-----+------------+-------------------------------------------+--------------+
|bits       |  in |    6|   ap_none  |                    bits                   |    scalar    |
|word       |  in |   32|   ap_none  |                    word                   |    scalar    |
|ap_return  | out |   32| ap_ctrl_hs | SHA1ProcessMessageBlock_SHA1CircularShift | return value |
+-----------+-----+-----+------------+-------------------------------------------+--------------+

============================================================
+ Verbose Summary: Synthesis Manager
============================================================
InlineROM: 1
ExposeGlobal: 0
============================================================
+ Verbose Summary: CDFG Model
============================================================
IsTopModel: 0
ResetActiveHigh: 1
IsCombinational: 1
IsDatapathOnly: 2
HasWiredReturn: 1
HasMFsm: 2
HasVarLatency: 0
IsPipeline: 1
IsRtlPipelined: 0
IsInstanceOverlapped: 0
IsDontTouch: 0
HasImplIP: 0
IsGatedGlobalClock: 0

+ Individual pipeline summary: 
  * Pipeline-0: initiation interval (II) = 1, depth = 1


============================================================
+ Verbose Summary: Schedule
============================================================
* Number of FSM states: 1
* Pipeline: 1
  Pipeline-0: II = 1, D = 1, States = { 1 }
* Dataflow Pipeline: 0

* FSM state transitions: 
1 --> 
* FSM state operations: 

 <State 1>: 4.52ns
ST_1: word_read [1/1] 0.00ns
:0  %word_read = call i32 @_ssdm_op_Read.ap_auto.i32(i32 %word)

ST_1: bits_read [1/1] 0.00ns
:1  %bits_read = call i6 @_ssdm_op_Read.ap_auto.i6(i6 %bits)

ST_1: stg_4 [1/1] 0.00ns
:2  call void (...)* @_ssdm_op_SpecPipeline(i32 4, i32 1, i32 1, i32 0, [1 x i8]* @p_str) nounwind

ST_1: tmp [1/1] 0.00ns (grouped into LUT with out node tmp_39)
:3  %tmp = zext i6 %bits_read to i32

ST_1: tmp_s [1/1] 0.00ns (grouped into LUT with out node tmp_39)
:4  %tmp_s = shl i32 %word_read, %tmp

ST_1: tmp_37 [1/1] 1.72ns
:5  %tmp_37 = sub i6 -32, %bits_read

ST_1: tmp_61_cast [1/1] 0.00ns (grouped into LUT with out node tmp_39)
:6  %tmp_61_cast = zext i6 %tmp_37 to i32

ST_1: tmp_38 [1/1] 0.00ns (grouped into LUT with out node tmp_39)
:7  %tmp_38 = lshr i32 %word_read, %tmp_61_cast

ST_1: tmp_39 [1/1] 2.80ns (out node of the LUT)
:8  %tmp_39 = or i32 %tmp_38, %tmp_s

ST_1: stg_11 [1/1] 0.00ns
:9  ret i32 %tmp_39



============================================================
+ Verbose Summary: Binding
============================================================
STG Binding: 
---------------- STG Properties BEGIN ----------------
- Is combinational: 1
- Is one-state seq: 0
- Is datapath-only: 0
- Is clock enabled: 0
- Is pipelined: 1
- Is top level: 0
Port [ Return ] is wired: 1; IO mode=ap_ctrl_hs:ce=0
Port [ bits]:  wired=1; compound=0; hidden=0; nouse=0; global=0; static=0; extern=0; dir=0; type=0; pingpong=0; private_global=0; IO mode=ap_none:ce=0
Port [ word]:  wired=1; compound=0; hidden=0; nouse=0; global=0; static=0; extern=0; dir=0; type=0; pingpong=0; private_global=0; IO mode=ap_none:ce=0
---------------- STG Properties END ------------------

---------------- Datapath Model BEGIN ----------------

<LifeTime>
<method=bitvector/>
word_read   (read        ) [ 00]
bits_read   (read        ) [ 00]
stg_4       (specpipeline) [ 00]
tmp         (zext        ) [ 00]
tmp_s       (shl         ) [ 00]
tmp_37      (sub         ) [ 00]
tmp_61_cast (zext        ) [ 00]
tmp_38      (lshr        ) [ 00]
tmp_39      (or          ) [ 00]
stg_11      (ret         ) [ 00]
</LifeTime>

<model>

<comp_list>
<comp id="0" class="1000" name="bits">
<pin_list>
<pin id="1" dir="1" index="0" bw="1" slack="0"/>
</pin_list>
<bind>
<StgValue><ssdm name="bits"/></StgValue>
</bind>
</comp>

<comp id="2" class="1000" name="word">
<pin_list>
<pin id="3" dir="1" index="0" bw="1" slack="0"/>
</pin_list>
<bind>
<StgValue><ssdm name="word"/></StgValue>
</bind>
</comp>

<comp id="4" class="1001" name="const_4">
<pin_list>
<pin id="5" dir="1" index="0" bw="1" slack="0"/>
</pin_list>
<bind>
<StgValue><ssdm name="_ssdm_op_Read.ap_auto.i32"/></StgValue>
</bind>
</comp>

<comp id="6" class="1001" name="const_6">
<pin_list>
<pin id="7" dir="1" index="0" bw="1" slack="0"/>
</pin_list>
<bind>
<StgValue><ssdm name="_ssdm_op_Read.ap_auto.i6"/></StgValue>
</bind>
</comp>

<comp id="8" class="1001" name="const_8">
<pin_list>
<pin id="9" dir="1" index="0" bw="1" slack="2147483647"/>
</pin_list>
<bind>
<StgValue><ssdm name="_ssdm_op_SpecPipeline"/></StgValue>
</bind>
</comp>

<comp id="10" class="1001" name="const_10">
<pin_list>
<pin id="11" dir="1" index="0" bw="1" slack="2147483647"/>
</pin_list>
<bind>
<StgValue><ssdm name=""/></StgValue>
</bind>
</comp>

<comp id="12" class="1001" name="const_12">
<pin_list>
<pin id="13" dir="1" index="0" bw="1" slack="2147483647"/>
</pin_list>
<bind>
<StgValue><ssdm name=""/></StgValue>
</bind>
</comp>

<comp id="14" class="1001" name="const_14">
<pin_list>
<pin id="15" dir="1" index="0" bw="1" slack="2147483647"/>
</pin_list>
<bind>
<StgValue><ssdm name=""/></StgValue>
</bind>
</comp>

<comp id="16" class="1001" name="const_16">
<pin_list>
<pin id="17" dir="1" index="0" bw="1" slack="2147483647"/>
</pin_list>
<bind>
<StgValue><ssdm name="p_str"/></StgValue>
</bind>
</comp>

<comp id="18" class="1001" name="const_18">
<pin_list>
<pin id="19" dir="1" index="0" bw="1" slack="0"/>
</pin_list>
<bind>
<StgValue><ssdm name=""/></StgValue>
</bind>
</comp>

<comp id="20" class="1004" name="word_read_read_fu_20">
<pin_list>
<pin id="21" dir="0" index="0" bw="32" slack="0"/>
<pin id="22" dir="0" index="1" bw="32" slack="0"/>
<pin id="23" dir="1" index="2" bw="32" slack="0"/>
</pin_list>
<bind>
<opcode="read(1150) " fcode="read"/>
<opset="word_read/1 "/>
</bind>
</comp>

<comp id="26" class="1004" name="bits_read_read_fu_26">
<pin_list>
<pin id="27" dir="0" index="0" bw="6" slack="0"/>
<pin id="28" dir="0" index="1" bw="6" slack="0"/>
<pin id="29" dir="1" index="2" bw="6" slack="0"/>
</pin_list>
<bind>
<opcode="read(1150) " fcode="read"/>
<opset="bits_read/1 "/>
</bind>
</comp>

<comp id="32" class="1004" name="tmp_fu_32">
<pin_list>
<pin id="33" dir="0" index="0" bw="6" slack="0"/>
<pin id="34" dir="1" index="1" bw="32" slack="0"/>
</pin_list>
<bind>
<opcode="zext(34) " fcode="zext"/>
<opset="tmp/1 "/>
</bind>
</comp>

<comp id="36" class="1004" name="tmp_s_fu_36">
<pin_list>
<pin id="37" dir="0" index="0" bw="32" slack="0"/>
<pin id="38" dir="0" index="1" bw="6" slack="0"/>
<pin id="39" dir="1" index="2" bw="32" slack="0"/>
</pin_list>
<bind>
<opcode="shl(20) " fcode="shl"/>
<opset="tmp_s/1 "/>
</bind>
</comp>

<comp id="42" class="1004" name="tmp_37_fu_42">
<pin_list>
<pin id="43" dir="0" index="0" bw="6" slack="0"/>
<pin id="44" dir="0" index="1" bw="6" slack="0"/>
<pin id="45" dir="1" index="2" bw="6" slack="0"/>
</pin_list>
<bind>
<opcode="sub(10) " fcode="sub"/>
<opset="tmp_37/1 "/>
</bind>
</comp>

<comp id="48" class="1004" name="tmp_61_cast_fu_48">
<pin_list>
<pin id="49" dir="0" index="0" bw="6" slack="0"/>
<pin id="50" dir="1" index="1" bw="32" slack="0"/>
</pin_list>
<bind>
<opcode="zext(34) " fcode="zext"/>
<opset="tmp_61_cast/1 "/>
</bind>
</comp>

<comp id="52" class="1004" name="tmp_38_fu_52">
<pin_list>
<pin id="53" dir="0" index="0" bw="32" slack="0"/>
<pin id="54" dir="0" index="1" bw="6" slack="0"/>
<pin id="55" dir="1" index="2" bw="32" slack="0"/>
</pin_list>
<bind>
<opcode="lshr(21) " fcode="lshr"/>
<opset="tmp_38/1 "/>
</bind>
</comp>

<comp id="58" class="1004" name="tmp_39_fu_58">
<pin_list>
<pin id="59" dir="0" index="0" bw="32" slack="0"/>
<pin id="60" dir="0" index="1" bw="32" slack="0"/>
<pin id="61" dir="1" index="2" bw="32" slack="2147483647"/>
</pin_list>
<bind>
<opcode="or(24) " fcode="or"/>
<opset="tmp_39/1 "/>
</bind>
</comp>

</comp_list>

<net_list>
<net id="24"><net_src comp="4" pin="0"/><net_sink comp="20" pin=0"/></net>

<net id="25"><net_src comp="2" pin="0"/><net_sink comp="20" pin=1"/></net>

<net id="30"><net_src comp="6" pin="0"/><net_sink comp="26" pin=0"/></net>

<net id="31"><net_src comp="0" pin="0"/><net_sink comp="26" pin=1"/></net>

<net id="35"><net_src comp="26" pin="2"/><net_sink comp="32" pin=0"/></net>

<net id="40"><net_src comp="20" pin="2"/><net_sink comp="36" pin=0"/></net>

<net id="41"><net_src comp="32" pin="1"/><net_sink comp="36" pin=1"/></net>

<net id="46"><net_src comp="18" pin="0"/><net_sink comp="42" pin=0"/></net>

<net id="47"><net_src comp="26" pin="2"/><net_sink comp="42" pin=1"/></net>

<net id="51"><net_src comp="42" pin="2"/><net_sink comp="48" pin=0"/></net>

<net id="56"><net_src comp="20" pin="2"/><net_sink comp="52" pin=0"/></net>

<net id="57"><net_src comp="48" pin="1"/><net_sink comp="52" pin=1"/></net>

<net id="62"><net_src comp="52" pin="2"/><net_sink comp="58" pin=0"/></net>

<net id="63"><net_src comp="36" pin="2"/><net_sink comp="58" pin=1"/></net>

</net_list>

</model> 
---------------- Datapath Model END ------------------

* FSMD analyzer results:
  - Output states:
 - Input state : 
	Port: SHA1ProcessMessageBlock_SHA1CircularShift : bits | {1 }
	Port: SHA1ProcessMessageBlock_SHA1CircularShift : word | {1 }
  - Chain level:
	State 1
		tmp_s : 1
		tmp_61_cast : 1
		tmp_38 : 2
		tmp_39 : 3
		stg_11 : 3


============================================================
+ Verbose Summary: Datapath Resource usage 
============================================================

* Functional unit list:
|----------|----------------------|---------|---------|
| Operation|    Functional Unit   |    FF   |   LUT   |
|----------|----------------------|---------|---------|
|    shl   |      tmp_s_fu_36     |    0    |    88   |
|----------|----------------------|---------|---------|
|   lshr   |     tmp_38_fu_52     |    0    |    88   |
|----------|----------------------|---------|---------|
|    or    |     tmp_39_fu_58     |    0    |    44   |
|----------|----------------------|---------|---------|
|    sub   |     tmp_37_fu_42     |    0    |    6    |
|----------|----------------------|---------|---------|
|   read   | word_read_read_fu_20 |    0    |    0    |
|          | bits_read_read_fu_26 |    0    |    0    |
|----------|----------------------|---------|---------|
|   zext   |       tmp_fu_32      |    0    |    0    |
|          |   tmp_61_cast_fu_48  |    0    |    0    |
|----------|----------------------|---------|---------|
|   Total  |                      |    0    |   226   |
|----------|----------------------|---------|---------|

Memories:
N/A

* Register list:
N/A

* Multiplexer (MUX) list: 
|--------|------|------|------|--------|
|  Comp  |  Pin | Size |  BW  | S x BW |
|--------|------|------|------|--------|
|  Total |      |      |      |    0   |
|--------|------|------|------|--------|



* Summary:
+-----------+--------+--------+
|           |   FF   |   LUT  |
+-----------+--------+--------+
|  Function |    0   |   226  |
|   Memory  |    -   |    -   |
|Multiplexer|    -   |    -   |
|  Register |    -   |    -   |
+-----------+--------+--------+
|   Total   |    0   |   226  |
+-----------+--------+--------+
