

================================================================
== Vivado HLS Report for 'SHA1ProcessMessageBlock_Swapping'
================================================================
* Date:           Mon Sep 12 23:54:50 2016

* Version:        2016.1 (Build 1538259 on Fri Apr 08 16:12:49 MDT 2016)
* Project:        sha1_hls
* Solution:       solution2
* Product family: zynq
* Target device:  xc7z020clg484-1


================================================================
== Performance Estimates
================================================================
+ Timing (ns): 
    * Summary: 
    +--------+-------+----------+------------+
    |  Clock | Target| Estimated| Uncertainty|
    +--------+-------+----------+------------+
    |ap_clk  |  10.00|      4.52|        1.25|
    +--------+-------+----------+------------+

+ Latency (clock cycles): 
    * Summary: 
    +-----+-----+-----+-----+----------+
    |  Latency  |  Interval | Pipeline |
    | min | max | min | max |   Type   |
    +-----+-----+-----+-----+----------+
    |    0|    0|    1|    1| function |
    +-----+-----+-----+-----+----------+

    + Detail: 
        * Instance: 
        N/A

        * Loop: 
        N/A

============================================================
+ Verbose Summary: Synthesis Manager
============================================================
InlineROM: 1
ExposeGlobal: 0
============================================================
+ Verbose Summary: CDFG Model
============================================================
IsTopModel: 0
ResetActiveHigh: 1
IsCombinational: 0
IsDatapathOnly: 0
HasWiredReturn: 1
HasMFsm: 2
HasVarLatency: 0
IsPipeline: 1
IsRtlPipelined: 0
IsInstanceOverlapped: 0
IsDontTouch: 0
HasImplIP: 0
IsGatedGlobalClock: 0

+ Individual pipeline summary: 
  * Pipeline-0: initiation interval (II) = 1, depth = 1


============================================================
+ Verbose Summary: Schedule
============================================================
* Number of FSM states: 1
* Pipeline: 1
  Pipeline-0: II = 1, D = 1, States = { 1 }
* Dataflow Pipeline: 0

* FSM state transitions: 
1 --> 
* FSM state operations: 

 <State 1>: 4.52ns
ST_1: temp_read_1 [1/1] 0.00ns
:0  %temp_read_1 = call i32 @_ssdm_op_Read.ap_auto.i32(i32 %temp_read)

ST_1: D_read_1 [1/1] 0.00ns
:1  %D_read_1 = call i32 @_ssdm_op_Read.ap_auto.i32(i32 %D_read)

ST_1: C_read_1 [1/1] 0.00ns
:2  %C_read_1 = call i32 @_ssdm_op_Read.ap_auto.i32(i32 %C_read)

ST_1: B_read_1 [1/1] 0.00ns
:3  %B_read_1 = call i32 @_ssdm_op_Read.ap_auto.i32(i32 %B_r)

ST_1: A_read_1 [1/1] 0.00ns
:4  %A_read_1 = call i32 @_ssdm_op_Read.ap_auto.i32(i32 %A_read)

ST_1: stg_7 [1/1] 0.00ns
:5  call void (...)* @_ssdm_op_SpecPipeline(i32 4, i32 1, i32 1, i32 0, [1 x i8]* @p_str) nounwind

ST_1: C_write_assign [1/1] 4.52ns
:6  %C_write_assign = call fastcc i32 @SHA1ProcessMessageBlock_SHA1CircularShift(i6 zeroext 30, i32 %B_read_1)

ST_1: mrv [1/1] 0.00ns
:7  %mrv = insertvalue { i32, i32, i32, i32, i32 } undef, i32 %D_read_1, 0

ST_1: mrv_1 [1/1] 0.00ns
:8  %mrv_1 = insertvalue { i32, i32, i32, i32, i32 } %mrv, i32 %temp_read_1, 1

ST_1: mrv_2 [1/1] 0.00ns
:9  %mrv_2 = insertvalue { i32, i32, i32, i32, i32 } %mrv_1, i32 %A_read_1, 2

ST_1: mrv_3 [1/1] 0.00ns
:10  %mrv_3 = insertvalue { i32, i32, i32, i32, i32 } %mrv_2, i32 %C_write_assign, 3

ST_1: mrv_4 [1/1] 0.00ns
:11  %mrv_4 = insertvalue { i32, i32, i32, i32, i32 } %mrv_3, i32 %C_read_1, 4

ST_1: stg_14 [1/1] 0.00ns
:12  ret { i32, i32, i32, i32, i32 } %mrv_4



============================================================
+ Verbose Summary: Timing violations
============================================================
Target clock period: 10ns, clock uncertainty: 1.25ns.

 No timing violations. 


============================================================
+ Verbose Summary: Binding
============================================================
N/A
* FSMD analyzer results:
  - Output states:
 - Input state : 
  - Chain level:
	State 1


============================================================
+ Verbose Summary: Datapath Resource usage 
============================================================
N/A
