

================================================================
== Vivado HLS Report for 'SHA1ProcessMessageBlock'
================================================================
* Date:           Tue Sep 13 01:57:00 2016

* Version:        2016.1 (Build 1538259 on Fri Apr 08 16:12:49 MDT 2016)
* Project:        sha1_hls
* Solution:       old_solution7
* Product family: zynq
* Target device:  xc7z020clg484-1


================================================================
== Performance Estimates
================================================================
+ Timing (ns): 
    * Summary: 
    +--------+-------+----------+------------+
    |  Clock | Target| Estimated| Uncertainty|
    +--------+-------+----------+------------+
    |ap_clk  |  10.00|      8.40|        1.25|
    +--------+-------+----------+------------+

+ Latency (clock cycles): 
    * Summary: 
    +-----+-----+-----+-----+---------+
    |  Latency  |  Interval | Pipeline|
    | min | max | min | max |   Type  |
    +-----+-----+-----+-----+---------+
    |  160|  160|  161|  161|   none  |
    +-----+-----+-----+-----+---------+

    + Detail: 
        * Instance: 
        +------------------------------------------------------+-------------------------------------------+-----+-----+-----+-----+---------+
        |                                                      |                                           |  Latency  |  Interval | Pipeline|
        |                       Instance                       |                   Module                  | min | max | min | max |   Type  |
        +------------------------------------------------------+-------------------------------------------+-----+-----+-----+-----+---------+
        |grp_SHA1ProcessMessageBlock_SHA1CircularShift_fu_331  |SHA1ProcessMessageBlock_SHA1CircularShift  |    0|    0|    0|    0|   none  |
        |grp_SHA1ProcessMessageBlock_SHA1CircularShift_fu_339  |SHA1ProcessMessageBlock_SHA1CircularShift  |    0|    0|    0|    0|   none  |
        |grp_SHA1ProcessMessageBlock_SHA1CircularShift_fu_347  |SHA1ProcessMessageBlock_SHA1CircularShift  |    0|    0|    0|    0|   none  |
        |grp_SHA1ProcessMessageBlock_SHA1CircularShift_fu_354  |SHA1ProcessMessageBlock_SHA1CircularShift  |    0|    0|    0|    0|   none  |
        |grp_SHA1ProcessMessageBlock_Swapping_fu_362           |SHA1ProcessMessageBlock_Swapping           |    0|    0|    0|    0|   none  |
        +------------------------------------------------------+-------------------------------------------+-----+-----+-----+-----+---------+

        * Loop: 
        N/A



================================================================
== Utilization Estimates
================================================================
* Summary: 
+-----------------+---------+-------+--------+-------+
|       Name      | BRAM_18K| DSP48E|   FF   |  LUT  |
+-----------------+---------+-------+--------+-------+
|DSP              |        -|      -|       -|      -|
|Expression       |        -|      -|       0|  16524|
|FIFO             |        -|      -|       -|      -|
|Instance         |        -|      -|       0|    908|
|Memory           |        -|      -|       -|      -|
|Multiplexer      |        -|      -|       -|   1999|
|Register         |        -|      -|    5089|      -|
+-----------------+---------+-------+--------+-------+
|Total            |        0|      0|    5089|  19431|
+-----------------+---------+-------+--------+-------+
|Available        |      280|    220|  106400|  53200|
+-----------------+---------+-------+--------+-------+
|Utilization (%)  |        0|      0|       4|     36|
+-----------------+---------+-------+--------+-------+

+ Detail: 
    * Instance: 
    +------------------------------------------------------+-------------------------------------------+---------+-------+---+-----+
    |                       Instance                       |                   Module                  | BRAM_18K| DSP48E| FF| LUT |
    +------------------------------------------------------+-------------------------------------------+---------+-------+---+-----+
    |grp_SHA1ProcessMessageBlock_SHA1CircularShift_fu_331  |SHA1ProcessMessageBlock_SHA1CircularShift  |        0|      0|  0|  227|
    |grp_SHA1ProcessMessageBlock_SHA1CircularShift_fu_339  |SHA1ProcessMessageBlock_SHA1CircularShift  |        0|      0|  0|  227|
    |grp_SHA1ProcessMessageBlock_SHA1CircularShift_fu_347  |SHA1ProcessMessageBlock_SHA1CircularShift  |        0|      0|  0|  227|
    |grp_SHA1ProcessMessageBlock_SHA1CircularShift_fu_354  |SHA1ProcessMessageBlock_SHA1CircularShift  |        0|      0|  0|  227|
    |grp_SHA1ProcessMessageBlock_Swapping_fu_362           |SHA1ProcessMessageBlock_Swapping           |        0|      0|  0|    0|
    +------------------------------------------------------+-------------------------------------------+---------+-------+---+-----+
    |Total                                                 |                                           |        0|      0|  0|  908|
    +------------------------------------------------------+-------------------------------------------+---------+-------+---+-----+

    * DSP48: 
    N/A

    * Memory: 
    N/A

    * FIFO: 
    N/A

    * Expression: 
    +----------------------+----------+-------+---+-----+------------+------------+
    |     Variable Name    | Operation| DSP48E| FF| LUT | Bitwidth P0| Bitwidth P1|
    +----------------------+----------+-------+---+-----+------------+------------+
    |grp_fu_1301_p2        |     +    |      0|  0|   32|          32|          32|
    |grp_fu_1327_p2        |     +    |      0|  0|   32|          32|          32|
    |grp_fu_1333_p2        |     +    |      0|  0|   32|          32|          32|
    |grp_fu_1359_p2        |     +    |      0|  0|   32|          32|          32|
    |grp_fu_1385_p2        |     +    |      0|  0|   32|          32|          32|
    |grp_fu_1470_p2        |     +    |      0|  0|   32|          31|          32|
    |grp_fu_1476_p2        |     +    |      0|  0|   32|          31|          32|
    |grp_fu_1522_p2        |     +    |      0|  0|   16|          32|          32|
    |grp_fu_1528_p2        |     +    |      0|  0|   16|          32|          32|
    |grp_fu_1534_p2        |     +    |      0|  0|   16|          32|          32|
    |grp_fu_1540_p2        |     +    |      0|  0|   16|          32|          32|
    |grp_fu_1546_p2        |     +    |      0|  0|   16|          32|          32|
    |grp_fu_1566_p2        |     +    |      0|  0|   16|          32|          32|
    |grp_fu_1586_p2        |     +    |      0|  0|   16|          32|          32|
    |grp_fu_1606_p2        |     +    |      0|  0|   16|          32|          32|
    |grp_fu_1626_p2        |     +    |      0|  0|   16|          32|          32|
    |grp_fu_1632_p2        |     +    |      0|  0|   16|          32|          32|
    |grp_fu_719_p2         |     +    |      0|  0|   32|          31|          32|
    |grp_fu_971_p2         |     +    |      0|  0|   32|          31|          32|
    |grp_fu_977_p2         |     +    |      0|  0|   32|          31|          32|
    |grp_fu_983_p2         |     +    |      0|  0|   32|          31|          32|
    |temp_1_10_fu_2723_p2  |     +    |      0|  0|   16|          32|          32|
    |temp_1_11_fu_2755_p2  |     +    |      0|  0|   16|          32|          32|
    |temp_1_12_fu_2787_p2  |     +    |      0|  0|   16|          32|          32|
    |temp_1_13_fu_2819_p2  |     +    |      0|  0|   16|          32|          32|
    |temp_1_14_fu_2866_p2  |     +    |      0|  0|   16|          32|          32|
    |temp_1_15_fu_2911_p2  |     +    |      0|  0|   16|          32|          32|
    |temp_1_16_fu_2956_p2  |     +    |      0|  0|   16|          32|          32|
    |temp_1_17_fu_3002_p2  |     +    |      0|  0|   16|          32|          32|
    |temp_1_18_fu_3048_p2  |     +    |      0|  0|   16|          32|          32|
    |temp_1_1_fu_2403_p2   |     +    |      0|  0|   16|          32|          32|
    |temp_1_2_fu_2435_p2   |     +    |      0|  0|   16|          32|          32|
    |temp_1_3_fu_2467_p2   |     +    |      0|  0|   16|          32|          32|
    |temp_1_4_fu_2499_p2   |     +    |      0|  0|   16|          32|          32|
    |temp_1_5_fu_2531_p2   |     +    |      0|  0|   16|          32|          32|
    |temp_1_6_fu_2563_p2   |     +    |      0|  0|   16|          32|          32|
    |temp_1_7_fu_2595_p2   |     +    |      0|  0|   16|          32|          32|
    |temp_1_8_fu_2627_p2   |     +    |      0|  0|   16|          32|          32|
    |temp_1_9_fu_2659_p2   |     +    |      0|  0|   16|          32|          32|
    |temp_1_fu_2371_p2     |     +    |      0|  0|   16|          32|          32|
    |temp_1_s_fu_2691_p2   |     +    |      0|  0|   16|          32|          32|
    |temp_2_10_fu_3430_p2  |     +    |      0|  0|   16|          32|          32|
    |temp_2_11_fu_3454_p2  |     +    |      0|  0|   16|          32|          32|
    |temp_2_12_fu_3478_p2  |     +    |      0|  0|   16|          32|          32|
    |temp_2_13_fu_3502_p2  |     +    |      0|  0|   16|          32|          32|
    |temp_2_14_fu_3526_p2  |     +    |      0|  0|   16|          32|          32|
    |temp_2_15_fu_3539_p2  |     +    |      0|  0|   16|          32|          32|
    |temp_2_16_fu_3552_p2  |     +    |      0|  0|   16|          32|          32|
    |temp_2_17_fu_3565_p2  |     +    |      0|  0|   16|          32|          32|
    |temp_2_18_fu_3578_p2  |     +    |      0|  0|   16|          32|          32|
    |temp_2_1_fu_3106_p2   |     +    |      0|  0|   16|          32|          32|
    |temp_2_2_fu_3135_p2   |     +    |      0|  0|   16|          32|          32|
    |temp_2_3_fu_3159_p2   |     +    |      0|  0|   16|          32|          32|
    |temp_2_4_fu_3194_p2   |     +    |      0|  0|   16|          32|          32|
    |temp_2_5_fu_3229_p2   |     +    |      0|  0|   16|          32|          32|
    |temp_2_6_fu_3264_p2   |     +    |      0|  0|   16|          32|          32|
    |temp_2_7_fu_3299_p2   |     +    |      0|  0|   16|          32|          32|
    |temp_2_8_fu_3334_p2   |     +    |      0|  0|   16|          32|          32|
    |temp_2_9_fu_3370_p2   |     +    |      0|  0|   16|          32|          32|
    |temp_2_fu_3077_p2     |     +    |      0|  0|   16|          32|          32|
    |temp_2_s_fu_3406_p2   |     +    |      0|  0|   16|          32|          32|
    |temp_3_10_fu_3722_p2  |     +    |      0|  0|   16|          32|          32|
    |temp_3_11_fu_3740_p2  |     +    |      0|  0|   16|          32|          32|
    |temp_3_12_fu_3758_p2  |     +    |      0|  0|   16|          32|          32|
    |temp_3_13_fu_3776_p2  |     +    |      0|  0|   16|          32|          32|
    |temp_3_14_fu_3794_p2  |     +    |      0|  0|   16|          32|          32|
    |temp_3_15_fu_1559_p2  |     +    |      0|  0|   16|          32|          32|
    |temp_3_16_fu_1579_p2  |     +    |      0|  0|   16|          32|          32|
    |temp_3_17_fu_1599_p2  |     +    |      0|  0|   16|          32|          32|
    |temp_3_18_fu_1619_p2  |     +    |      0|  0|   16|          32|          32|
    |temp_3_1_fu_1572_p2   |     +    |      0|  0|   16|          32|          32|
    |temp_3_2_fu_1592_p2   |     +    |      0|  0|   16|          32|          32|
    |temp_3_3_fu_1612_p2   |     +    |      0|  0|   16|          32|          32|
    |temp_3_4_fu_3596_p2   |     +    |      0|  0|   16|          32|          32|
    |temp_3_5_fu_3614_p2   |     +    |      0|  0|   16|          32|          32|
    |temp_3_6_fu_3632_p2   |     +    |      0|  0|   16|          32|          32|
    |temp_3_7_fu_3650_p2   |     +    |      0|  0|   16|          32|          32|
    |temp_3_8_fu_3668_p2   |     +    |      0|  0|   16|          32|          32|
    |temp_3_9_fu_3686_p2   |     +    |      0|  0|   16|          32|          32|
    |temp_3_fu_1552_p2     |     +    |      0|  0|   16|          32|          32|
    |temp_3_s_fu_3704_p2   |     +    |      0|  0|   16|          32|          32|
    |temp_4_10_fu_4222_p2  |     +    |      0|  0|   16|          32|          32|
    |temp_4_11_fu_4245_p2  |     +    |      0|  0|   16|          32|          32|
    |temp_4_12_fu_4268_p2  |     +    |      0|  0|   16|          32|          32|
    |temp_4_13_fu_4281_p2  |     +    |      0|  0|   16|          32|          32|
    |temp_4_14_fu_4304_p2  |     +    |      0|  0|   16|          32|          32|
    |temp_4_15_fu_4327_p2  |     +    |      0|  0|   16|          32|          32|
    |temp_4_16_fu_4340_p2  |     +    |      0|  0|   16|          32|          32|
    |temp_4_17_fu_4353_p2  |     +    |      0|  0|   16|          32|          32|
    |temp_4_18_fu_4372_p2  |     +    |      0|  0|   16|          32|          32|
    |temp_4_1_fu_3842_p2   |     +    |      0|  0|   16|          32|          32|
    |temp_4_2_fu_3902_p2   |     +    |      0|  0|   16|          32|          32|
    |temp_4_3_fu_3986_p2   |     +    |      0|  0|   16|          32|          32|
    |temp_4_4_fu_4040_p2   |     +    |      0|  0|   16|          32|          32|
    |temp_4_5_fu_4092_p2   |     +    |      0|  0|   16|          32|          32|
    |temp_4_6_fu_4116_p2   |     +    |      0|  0|   16|          32|          32|
    |temp_4_7_fu_4139_p2   |     +    |      0|  0|   16|          32|          32|
    |temp_4_8_fu_4163_p2   |     +    |      0|  0|   16|          32|          32|
    |temp_4_9_fu_4186_p2   |     +    |      0|  0|   16|          32|          32|
    |temp_4_fu_3818_p2     |     +    |      0|  0|   16|          32|          32|
    |temp_4_s_fu_4209_p2   |     +    |      0|  0|   16|          32|          32|
    |tmp130_fu_2361_p2     |     +    |      0|  0|   32|          32|          32|
    |tmp131_fu_2335_p2     |     +    |      0|  0|   32|          31|          32|
    |tmp132_fu_2366_p2     |     +    |      0|  0|   16|          32|          32|
    |tmp133_fu_629_p2      |     +    |      0|  0|   32|          32|          32|
    |tmp134_fu_2386_p2     |     +    |      0|  0|   32|          31|          32|
    |tmp135_fu_2398_p2     |     +    |      0|  0|   16|          32|          32|
    |tmp136_fu_635_p2      |     +    |      0|  0|   32|          32|          32|
    |tmp137_fu_2418_p2     |     +    |      0|  0|   32|          31|          32|
    |tmp138_fu_2430_p2     |     +    |      0|  0|   16|          32|          32|
    |tmp139_fu_641_p2      |     +    |      0|  0|   32|          32|          32|
    |tmp140_fu_2450_p2     |     +    |      0|  0|   32|          31|          32|
    |tmp141_fu_2462_p2     |     +    |      0|  0|   16|          32|          32|
    |tmp142_fu_647_p2      |     +    |      0|  0|   32|          32|          32|
    |tmp143_fu_2482_p2     |     +    |      0|  0|   32|          31|          32|
    |tmp144_fu_2494_p2     |     +    |      0|  0|   16|          32|          32|
    |tmp145_fu_653_p2      |     +    |      0|  0|   32|          32|          32|
    |tmp146_fu_2514_p2     |     +    |      0|  0|   32|          31|          32|
    |tmp147_fu_2526_p2     |     +    |      0|  0|   16|          32|          32|
    |tmp148_fu_659_p2      |     +    |      0|  0|   32|          32|          32|
    |tmp149_fu_2546_p2     |     +    |      0|  0|   32|          31|          32|
    |tmp150_fu_2558_p2     |     +    |      0|  0|   16|          32|          32|
    |tmp151_fu_665_p2      |     +    |      0|  0|   32|          32|          32|
    |tmp152_fu_2578_p2     |     +    |      0|  0|   32|          31|          32|
    |tmp153_fu_2590_p2     |     +    |      0|  0|   16|          32|          32|
    |tmp154_fu_671_p2      |     +    |      0|  0|   32|          32|          32|
    |tmp155_fu_2610_p2     |     +    |      0|  0|   32|          31|          32|
    |tmp156_fu_2622_p2     |     +    |      0|  0|   16|          32|          32|
    |tmp157_fu_677_p2      |     +    |      0|  0|   32|          32|          32|
    |tmp158_fu_2642_p2     |     +    |      0|  0|   32|          31|          32|
    |tmp159_fu_2654_p2     |     +    |      0|  0|   16|          32|          32|
    |tmp160_fu_683_p2      |     +    |      0|  0|   32|          32|          32|
    |tmp161_fu_2674_p2     |     +    |      0|  0|   32|          31|          32|
    |tmp162_fu_2686_p2     |     +    |      0|  0|   16|          32|          32|
    |tmp163_fu_689_p2      |     +    |      0|  0|   32|          32|          32|
    |tmp164_fu_2706_p2     |     +    |      0|  0|   32|          31|          32|
    |tmp165_fu_2718_p2     |     +    |      0|  0|   16|          32|          32|
    |tmp166_fu_695_p2      |     +    |      0|  0|   32|          32|          32|
    |tmp167_fu_2738_p2     |     +    |      0|  0|   32|          31|          32|
    |tmp168_fu_2750_p2     |     +    |      0|  0|   16|          32|          32|
    |tmp169_fu_701_p2      |     +    |      0|  0|   32|          32|          32|
    |tmp170_fu_2770_p2     |     +    |      0|  0|   32|          31|          32|
    |tmp171_fu_2782_p2     |     +    |      0|  0|   16|          32|          32|
    |tmp172_fu_707_p2      |     +    |      0|  0|   32|          32|          32|
    |tmp173_fu_2802_p2     |     +    |      0|  0|   32|          31|          32|
    |tmp174_fu_2814_p2     |     +    |      0|  0|   16|          32|          32|
    |tmp175_fu_713_p2      |     +    |      0|  0|   32|          32|          32|
    |tmp176_fu_2834_p2     |     +    |      0|  0|   32|          31|          32|
    |tmp177_fu_2861_p2     |     +    |      0|  0|   16|          32|          32|
    |tmp178_fu_2900_p2     |     +    |      0|  0|   32|          32|          32|
    |tmp179_fu_2873_p2     |     +    |      0|  0|   32|          31|          32|
    |tmp180_fu_2906_p2     |     +    |      0|  0|   16|          32|          32|
    |tmp181_fu_2945_p2     |     +    |      0|  0|   32|          32|          32|
    |tmp182_fu_2918_p2     |     +    |      0|  0|   32|          31|          32|
    |tmp183_fu_2951_p2     |     +    |      0|  0|   16|          32|          32|
    |tmp184_fu_2991_p2     |     +    |      0|  0|   32|          32|          32|
    |tmp185_fu_2963_p2     |     +    |      0|  0|   32|          31|          32|
    |tmp186_fu_2997_p2     |     +    |      0|  0|   16|          32|          32|
    |tmp187_fu_3037_p2     |     +    |      0|  0|   32|          32|          32|
    |tmp188_fu_3009_p2     |     +    |      0|  0|   32|          31|          32|
    |tmp189_fu_3043_p2     |     +    |      0|  0|   16|          32|          32|
    |tmp191_fu_3071_p2     |     +    |      0|  0|   32|          32|          32|
    |tmp195_fu_3100_p2     |     +    |      0|  0|   32|          32|          32|
    |tmp199_fu_3129_p2     |     +    |      0|  0|   32|          32|          32|
    |tmp203_fu_3153_p2     |     +    |      0|  0|   32|          32|          32|
    |tmp207_fu_3183_p2     |     +    |      0|  0|   32|          32|          32|
    |tmp208_fu_3166_p2     |     +    |      0|  0|   32|          31|          32|
    |tmp209_fu_3189_p2     |     +    |      0|  0|   16|          32|          32|
    |tmp211_fu_3218_p2     |     +    |      0|  0|   32|          32|          32|
    |tmp212_fu_3201_p2     |     +    |      0|  0|   32|          31|          32|
    |tmp213_fu_3224_p2     |     +    |      0|  0|   16|          32|          32|
    |tmp215_fu_3253_p2     |     +    |      0|  0|   32|          32|          32|
    |tmp216_fu_3236_p2     |     +    |      0|  0|   32|          31|          32|
    |tmp217_fu_3259_p2     |     +    |      0|  0|   16|          32|          32|
    |tmp219_fu_3288_p2     |     +    |      0|  0|   32|          32|          32|
    |tmp220_fu_3271_p2     |     +    |      0|  0|   32|          31|          32|
    |tmp221_fu_3294_p2     |     +    |      0|  0|   16|          32|          32|
    |tmp223_fu_3323_p2     |     +    |      0|  0|   32|          32|          32|
    |tmp224_fu_3306_p2     |     +    |      0|  0|   32|          31|          32|
    |tmp225_fu_3329_p2     |     +    |      0|  0|   16|          32|          32|
    |tmp227_fu_3359_p2     |     +    |      0|  0|   32|          32|          32|
    |tmp228_fu_3341_p2     |     +    |      0|  0|   32|          31|          32|
    |tmp229_fu_3365_p2     |     +    |      0|  0|   16|          32|          32|
    |tmp231_fu_3395_p2     |     +    |      0|  0|   32|          32|          32|
    |tmp232_fu_3377_p2     |     +    |      0|  0|   32|          31|          32|
    |tmp233_fu_3401_p2     |     +    |      0|  0|   16|          32|          32|
    |tmp235_fu_3419_p2     |     +    |      0|  0|   32|          32|          32|
    |tmp236_fu_3413_p2     |     +    |      0|  0|   32|          31|          32|
    |tmp237_fu_3425_p2     |     +    |      0|  0|   16|          32|          32|
    |tmp239_fu_3443_p2     |     +    |      0|  0|   32|          32|          32|
    |tmp240_fu_3437_p2     |     +    |      0|  0|   32|          31|          32|
    |tmp241_fu_3449_p2     |     +    |      0|  0|   16|          32|          32|
    |tmp243_fu_3467_p2     |     +    |      0|  0|   32|          32|          32|
    |tmp244_fu_3461_p2     |     +    |      0|  0|   32|          31|          32|
    |tmp245_fu_3473_p2     |     +    |      0|  0|   16|          32|          32|
    |tmp247_fu_3491_p2     |     +    |      0|  0|   32|          32|          32|
    |tmp248_fu_3485_p2     |     +    |      0|  0|   32|          31|          32|
    |tmp249_fu_3497_p2     |     +    |      0|  0|   16|          32|          32|
    |tmp251_fu_3515_p2     |     +    |      0|  0|   32|          32|          32|
    |tmp252_fu_3509_p2     |     +    |      0|  0|   32|          31|          32|
    |tmp253_fu_3521_p2     |     +    |      0|  0|   16|          32|          32|
    |tmp255_fu_3533_p2     |     +    |      0|  0|   32|          32|          32|
    |tmp259_fu_3546_p2     |     +    |      0|  0|   32|          32|          32|
    |tmp263_fu_3559_p2     |     +    |      0|  0|   32|          32|          32|
    |tmp267_fu_3572_p2     |     +    |      0|  0|   32|          32|          32|
    |tmp283_fu_3585_p2     |     +    |      0|  0|   32|          32|          32|
    |tmp284_fu_3591_p2     |     +    |      0|  0|   16|          32|          32|
    |tmp286_fu_3603_p2     |     +    |      0|  0|   32|          32|          32|
    |tmp287_fu_3609_p2     |     +    |      0|  0|   16|          32|          32|
    |tmp289_fu_3621_p2     |     +    |      0|  0|   32|          32|          32|
    |tmp290_fu_3627_p2     |     +    |      0|  0|   16|          32|          32|
    |tmp292_fu_3639_p2     |     +    |      0|  0|   32|          32|          32|
    |tmp293_fu_3645_p2     |     +    |      0|  0|   16|          32|          32|
    |tmp295_fu_3657_p2     |     +    |      0|  0|   32|          32|          32|
    |tmp296_fu_3663_p2     |     +    |      0|  0|   16|          32|          32|
    |tmp298_fu_3675_p2     |     +    |      0|  0|   32|          32|          32|
    |tmp299_fu_3681_p2     |     +    |      0|  0|   16|          32|          32|
    |tmp301_fu_3693_p2     |     +    |      0|  0|   32|          32|          32|
    |tmp302_fu_3699_p2     |     +    |      0|  0|   16|          32|          32|
    |tmp304_fu_3711_p2     |     +    |      0|  0|   32|          32|          32|
    |tmp305_fu_3717_p2     |     +    |      0|  0|   16|          32|          32|
    |tmp307_fu_3729_p2     |     +    |      0|  0|   32|          32|          32|
    |tmp308_fu_3735_p2     |     +    |      0|  0|   16|          32|          32|
    |tmp310_fu_3747_p2     |     +    |      0|  0|   32|          32|          32|
    |tmp311_fu_3753_p2     |     +    |      0|  0|   16|          32|          32|
    |tmp313_fu_3765_p2     |     +    |      0|  0|   32|          32|          32|
    |tmp314_fu_3771_p2     |     +    |      0|  0|   16|          32|          32|
    |tmp316_fu_3783_p2     |     +    |      0|  0|   32|          32|          32|
    |tmp317_fu_3789_p2     |     +    |      0|  0|   16|          32|          32|
    |tmp331_fu_3807_p2     |     +    |      0|  0|   32|          32|          32|
    |tmp332_fu_3801_p2     |     +    |      0|  0|   32|          31|          32|
    |tmp333_fu_3813_p2     |     +    |      0|  0|   16|          32|          32|
    |tmp335_fu_3831_p2     |     +    |      0|  0|   32|          32|          32|
    |tmp336_fu_3825_p2     |     +    |      0|  0|   32|          31|          32|
    |tmp337_fu_3837_p2     |     +    |      0|  0|   16|          32|          32|
    |tmp339_fu_3891_p2     |     +    |      0|  0|   32|          32|          32|
    |tmp340_fu_3861_p2     |     +    |      0|  0|   32|          31|          32|
    |tmp341_fu_3897_p2     |     +    |      0|  0|   16|          32|          32|
    |tmp343_fu_3980_p2     |     +    |      0|  0|   32|          32|          32|
    |tmp347_fu_4034_p2     |     +    |      0|  0|   32|          32|          32|
    |tmp351_fu_4082_p2     |     +    |      0|  0|   32|          32|          32|
    |tmp352_fu_4076_p2     |     +    |      0|  0|   32|          31|          32|
    |tmp353_fu_4087_p2     |     +    |      0|  0|   16|          32|          32|
    |tmp355_fu_4105_p2     |     +    |      0|  0|   32|          32|          32|
    |tmp356_fu_4099_p2     |     +    |      0|  0|   32|          31|          32|
    |tmp357_fu_4111_p2     |     +    |      0|  0|   16|          32|          32|
    |tmp359_fu_4128_p2     |     +    |      0|  0|   32|          32|          32|
    |tmp360_fu_4123_p2     |     +    |      0|  0|   32|          31|          32|
    |tmp361_fu_4134_p2     |     +    |      0|  0|   16|          32|          32|
    |tmp363_fu_4152_p2     |     +    |      0|  0|   32|          32|          32|
    |tmp364_fu_4146_p2     |     +    |      0|  0|   32|          31|          32|
    |tmp365_fu_4158_p2     |     +    |      0|  0|   16|          32|          32|
    |tmp367_fu_4175_p2     |     +    |      0|  0|   32|          32|          32|
    |tmp368_fu_4170_p2     |     +    |      0|  0|   32|          31|          32|
    |tmp369_fu_4181_p2     |     +    |      0|  0|   16|          32|          32|
    |tmp371_fu_4198_p2     |     +    |      0|  0|   32|          32|          32|
    |tmp372_fu_4193_p2     |     +    |      0|  0|   32|          31|          32|
    |tmp373_fu_4204_p2     |     +    |      0|  0|   16|          32|          32|
    |tmp375_fu_4216_p2     |     +    |      0|  0|   32|          32|          32|
    |tmp379_fu_4234_p2     |     +    |      0|  0|   32|          32|          32|
    |tmp380_fu_4229_p2     |     +    |      0|  0|   32|          31|          32|
    |tmp381_fu_4240_p2     |     +    |      0|  0|   16|          32|          32|
    |tmp383_fu_4257_p2     |     +    |      0|  0|   32|          32|          32|
    |tmp384_fu_4252_p2     |     +    |      0|  0|   32|          31|          32|
    |tmp385_fu_4263_p2     |     +    |      0|  0|   16|          32|          32|
    |tmp387_fu_4275_p2     |     +    |      0|  0|   32|          32|          32|
    |tmp391_fu_4293_p2     |     +    |      0|  0|   32|          32|          32|
    |tmp392_fu_4288_p2     |     +    |      0|  0|   32|          31|          32|
    |tmp393_fu_4299_p2     |     +    |      0|  0|   16|          32|          32|
    |tmp395_fu_4316_p2     |     +    |      0|  0|   32|          32|          32|
    |tmp396_fu_4311_p2     |     +    |      0|  0|   32|          31|          32|
    |tmp397_fu_4322_p2     |     +    |      0|  0|   16|          32|          32|
    |tmp399_fu_4334_p2     |     +    |      0|  0|   32|          32|          32|
    |tmp403_fu_4347_p2     |     +    |      0|  0|   32|          32|          32|
    |tmp407_fu_4360_p2     |     +    |      0|  0|   32|          32|          32|
    |tmp409_fu_4366_p2     |     +    |      0|  0|   16|          32|          32|
    |tmp_58_fu_4378_p2     |     +    |      0|  0|   32|          32|          32|
    |tmp_59_fu_4383_p2     |     +    |      0|  0|   32|          32|          32|
    |tmp_60_fu_4388_p2     |     +    |      0|  0|   32|          32|          32|
    |tmp_61_fu_4393_p2     |     +    |      0|  0|   32|          32|          32|
    |tmp_62_fu_4398_p2     |     +    |      0|  0|   32|          32|          32|
    |grp_fu_1283_p2        |    and   |      0|  0|   44|          32|          32|
    |grp_fu_1289_p2        |    and   |      0|  0|   44|          32|          32|
    |grp_fu_503_p2         |    and   |      0|  0|   44|          32|          32|
    |tmp_36_10_fu_575_p2   |    and   |      0|  0|   44|          32|          32|
    |tmp_36_11_fu_581_p2   |    and   |      0|  0|   44|          32|          32|
    |tmp_36_12_fu_587_p2   |    and   |      0|  0|   44|          32|          32|
    |tmp_36_13_fu_593_p2   |    and   |      0|  0|   44|          32|          32|
    |tmp_36_14_fu_599_p2   |    and   |      0|  0|   44|          32|          32|
    |tmp_36_15_fu_605_p2   |    and   |      0|  0|   44|          32|          32|
    |tmp_36_16_fu_611_p2   |    and   |      0|  0|   44|          32|          32|
    |tmp_36_17_fu_617_p2   |    and   |      0|  0|   44|          32|          32|
    |tmp_36_18_fu_623_p2   |    and   |      0|  0|   44|          32|          32|
    |tmp_36_1_fu_515_p2    |    and   |      0|  0|   44|          32|          32|
    |tmp_36_2_fu_521_p2    |    and   |      0|  0|   44|          32|          32|
    |tmp_36_3_fu_527_p2    |    and   |      0|  0|   44|          32|          32|
    |tmp_36_4_fu_533_p2    |    and   |      0|  0|   44|          32|          32|
    |tmp_36_5_fu_539_p2    |    and   |      0|  0|   44|          32|          32|
    |tmp_36_6_fu_545_p2    |    and   |      0|  0|   44|          32|          32|
    |tmp_36_7_fu_551_p2    |    and   |      0|  0|   44|          32|          32|
    |tmp_36_8_fu_557_p2    |    and   |      0|  0|   44|          32|          32|
    |tmp_36_9_fu_563_p2    |    and   |      0|  0|   44|          32|          32|
    |tmp_36_s_fu_569_p2    |    and   |      0|  0|   44|          32|          32|
    |tmp_70_fu_2341_p2     |    and   |      0|  0|   44|          32|          32|
    |tmp_72_fu_2350_p2     |    and   |      0|  0|   44|          32|          32|
    |grp_fu_1277_p2        |    or    |      0|  0|   44|          32|          32|
    |grp_fu_1295_p2        |    or    |      0|  0|   44|          32|          32|
    |tmp_37_10_fu_2712_p2  |    or    |      0|  0|   44|          32|          32|
    |tmp_37_11_fu_2744_p2  |    or    |      0|  0|   44|          32|          32|
    |tmp_37_12_fu_2776_p2  |    or    |      0|  0|   44|          32|          32|
    |tmp_37_13_fu_2808_p2  |    or    |      0|  0|   44|          32|          32|
    |tmp_37_14_fu_2855_p2  |    or    |      0|  0|   44|          32|          32|
    |tmp_37_15_fu_2894_p2  |    or    |      0|  0|   44|          32|          32|
    |tmp_37_16_fu_2939_p2  |    or    |      0|  0|   44|          32|          32|
    |tmp_37_17_fu_2985_p2  |    or    |      0|  0|   44|          32|          32|
    |tmp_37_18_fu_3031_p2  |    or    |      0|  0|   44|          32|          32|
    |tmp_37_1_fu_2392_p2   |    or    |      0|  0|   44|          32|          32|
    |tmp_37_2_fu_2424_p2   |    or    |      0|  0|   44|          32|          32|
    |tmp_37_3_fu_2456_p2   |    or    |      0|  0|   44|          32|          32|
    |tmp_37_4_fu_2488_p2   |    or    |      0|  0|   44|          32|          32|
    |tmp_37_5_fu_2520_p2   |    or    |      0|  0|   44|          32|          32|
    |tmp_37_6_fu_2552_p2   |    or    |      0|  0|   44|          32|          32|
    |tmp_37_7_fu_2584_p2   |    or    |      0|  0|   44|          32|          32|
    |tmp_37_8_fu_2616_p2   |    or    |      0|  0|   44|          32|          32|
    |tmp_37_9_fu_2648_p2   |    or    |      0|  0|   44|          32|          32|
    |tmp_37_s_fu_2680_p2   |    or    |      0|  0|   44|          32|          32|
    |tmp_73_fu_2355_p2     |    or    |      0|  0|   44|          32|          32|
    |grp_fu_1001_p2        |    xor   |      0|  0|   44|          32|          32|
    |grp_fu_1007_p2        |    xor   |      0|  0|   44|          32|          32|
    |grp_fu_1013_p2        |    xor   |      0|  0|   44|          32|          32|
    |grp_fu_1019_p2        |    xor   |      0|  0|   44|          32|          32|
    |grp_fu_1025_p2        |    xor   |      0|  0|   44|          32|          32|
    |grp_fu_1031_p2        |    xor   |      0|  0|   44|          32|          32|
    |grp_fu_1037_p2        |    xor   |      0|  0|   44|          32|          32|
    |grp_fu_1043_p2        |    xor   |      0|  0|   44|          32|          32|
    |grp_fu_1069_p2        |    xor   |      0|  0|   44|          32|          32|
    |grp_fu_1075_p2        |    xor   |      0|  0|   44|          32|          32|
    |grp_fu_1101_p2        |    xor   |      0|  0|   44|          32|          32|
    |grp_fu_1107_p2        |    xor   |      0|  0|   44|          32|          32|
    |grp_fu_1127_p2        |    xor   |      0|  0|   44|          32|          32|
    |grp_fu_1133_p2        |    xor   |      0|  0|   44|          32|          32|
    |grp_fu_1153_p2        |    xor   |      0|  0|   44|          32|          32|
    |grp_fu_1159_p2        |    xor   |      0|  0|   44|          32|          32|
    |grp_fu_1179_p2        |    xor   |      0|  0|   44|          32|          32|
    |grp_fu_1185_p2        |    xor   |      0|  0|   44|          32|          32|
    |grp_fu_1205_p2        |    xor   |      0|  0|   44|          32|          32|
    |grp_fu_1211_p2        |    xor   |      0|  0|   44|          32|          32|
    |grp_fu_1231_p2        |    xor   |      0|  0|   44|          32|          32|
    |grp_fu_1237_p2        |    xor   |      0|  0|   44|          32|          32|
    |grp_fu_1257_p2        |    xor   |      0|  0|   44|          32|          32|
    |grp_fu_1307_p2        |    xor   |      0|  0|   44|          32|          32|
    |grp_fu_1339_p2        |    xor   |      0|  0|   44|          32|          32|
    |grp_fu_1365_p2        |    xor   |      0|  0|   44|          32|          32|
    |grp_fu_1391_p2        |    xor   |      0|  0|   44|          32|          32|
    |grp_fu_1411_p2        |    xor   |      0|  0|   44|          32|          32|
    |grp_fu_1431_p2        |    xor   |      0|  0|   44|          32|          32|
    |grp_fu_1451_p2        |    xor   |      0|  0|   44|          32|          32|
    |grp_fu_509_p2         |    xor   |      0|  0|   44|          32|           2|
    |grp_fu_725_p2         |    xor   |      0|  0|   44|          32|          32|
    |grp_fu_989_p2         |    xor   |      0|  0|   44|          32|          32|
    |grp_fu_995_p2         |    xor   |      0|  0|   44|          32|          32|
    |tmp101_fu_3849_p2     |    xor   |      0|  0|   44|          32|          32|
    |tmp103_fu_3867_p2     |    xor   |      0|  0|   44|          32|          32|
    |tmp105_fu_3909_p2     |    xor   |      0|  0|   44|          32|          32|
    |tmp107_fu_3879_p2     |    xor   |      0|  0|   44|          32|          32|
    |tmp109_fu_3921_p2     |    xor   |      0|  0|   44|          32|          32|
    |tmp10_fu_3020_p2      |    xor   |      0|  0|   44|          32|          32|
    |tmp111_fu_3945_p2     |    xor   |      0|  0|   44|          32|          32|
    |tmp113_fu_3933_p2     |    xor   |      0|  0|   44|          32|          32|
    |tmp115_fu_3957_p2     |    xor   |      0|  0|   44|          32|          32|
    |tmp117_fu_3993_p2     |    xor   |      0|  0|   44|          32|          32|
    |tmp119_fu_3969_p2     |    xor   |      0|  0|   44|          32|          32|
    |tmp11_fu_3055_p2      |    xor   |      0|  0|   44|          32|          32|
    |tmp121_fu_4005_p2     |    xor   |      0|  0|   44|          32|          32|
    |tmp123_fu_4047_p2     |    xor   |      0|  0|   44|          32|          32|
    |tmp124_fu_4052_p2     |    xor   |      0|  0|   44|          32|          32|
    |tmp125_fu_4017_p2     |    xor   |      0|  0|   44|          32|          32|
    |tmp126_fu_4022_p2     |    xor   |      0|  0|   44|          32|          32|
    |tmp127_fu_4064_p2     |    xor   |      0|  0|   44|          32|          32|
    |tmp12_fu_3060_p2      |    xor   |      0|  0|   44|          32|          32|
    |tmp13_fu_3084_p2      |    xor   |      0|  0|   44|          32|          32|
    |tmp14_fu_3089_p2      |    xor   |      0|  0|   44|          32|          32|
    |tmp15_fu_3113_p2      |    xor   |      0|  0|   44|          32|          32|
    |tmp16_fu_3118_p2      |    xor   |      0|  0|   44|          32|          32|
    |tmp18_fu_3142_p2      |    xor   |      0|  0|   44|          32|          32|
    |tmp1_fu_2840_p2       |    xor   |      0|  0|   44|          32|          32|
    |tmp20_fu_3172_p2      |    xor   |      0|  0|   44|          32|          32|
    |tmp22_fu_3207_p2      |    xor   |      0|  0|   44|          32|          32|
    |tmp24_fu_3242_p2      |    xor   |      0|  0|   44|          32|          32|
    |tmp26_fu_3277_p2      |    xor   |      0|  0|   44|          32|          32|
    |tmp28_fu_3312_p2      |    xor   |      0|  0|   44|          32|          32|
    |tmp2_fu_2844_p2       |    xor   |      0|  0|   44|          32|          32|
    |tmp30_fu_3347_p2      |    xor   |      0|  0|   44|          32|          32|
    |tmp32_fu_3383_p2      |    xor   |      0|  0|   44|          32|          32|
    |tmp3_fu_2879_p2       |    xor   |      0|  0|   44|          32|          32|
    |tmp4_fu_2883_p2       |    xor   |      0|  0|   44|          32|          32|
    |tmp5_fu_2924_p2       |    xor   |      0|  0|   44|          32|          32|
    |tmp6_fu_2928_p2       |    xor   |      0|  0|   44|          32|          32|
    |tmp7_fu_2969_p2       |    xor   |      0|  0|   44|          32|          32|
    |tmp8_fu_2974_p2       |    xor   |      0|  0|   44|          32|          32|
    |tmp9_fu_3015_p2       |    xor   |      0|  0|   44|          32|          32|
    |tmp_30_10_fu_3246_p2  |    xor   |      0|  0|   44|          32|          32|
    |tmp_30_11_fu_3281_p2  |    xor   |      0|  0|   44|          32|          32|
    |tmp_30_12_fu_3316_p2  |    xor   |      0|  0|   44|          32|          32|
    |tmp_30_13_fu_3352_p2  |    xor   |      0|  0|   44|          32|          32|
    |tmp_30_14_fu_3388_p2  |    xor   |      0|  0|   44|          32|          32|
    |tmp_30_15_fu_1049_p2  |    xor   |      0|  0|   44|          32|          32|
    |tmp_30_16_fu_1081_p2  |    xor   |      0|  0|   44|          32|          32|
    |tmp_30_17_fu_1113_p2  |    xor   |      0|  0|   44|          32|          32|
    |tmp_30_18_fu_1139_p2  |    xor   |      0|  0|   44|          32|          32|
    |tmp_30_19_fu_1165_p2  |    xor   |      0|  0|   44|          32|          32|
    |tmp_30_1_fu_2887_p2   |    xor   |      0|  0|   44|          32|          32|
    |tmp_30_20_fu_1191_p2  |    xor   |      0|  0|   44|          32|          32|
    |tmp_30_21_fu_1217_p2  |    xor   |      0|  0|   44|          32|          32|
    |tmp_30_22_fu_1243_p2  |    xor   |      0|  0|   44|          32|          32|
    |tmp_30_23_fu_1263_p2  |    xor   |      0|  0|   44|          32|          32|
    |tmp_30_24_fu_1313_p2  |    xor   |      0|  0|   44|          32|          32|
    |tmp_30_25_fu_1345_p2  |    xor   |      0|  0|   44|          32|          32|
    |tmp_30_26_fu_1371_p2  |    xor   |      0|  0|   44|          32|          32|
    |tmp_30_27_fu_1397_p2  |    xor   |      0|  0|   44|          32|          32|
    |tmp_30_28_fu_1417_p2  |    xor   |      0|  0|   44|          32|          32|
    |tmp_30_29_fu_1437_p2  |    xor   |      0|  0|   44|          32|          32|
    |tmp_30_2_fu_2932_p2   |    xor   |      0|  0|   44|          32|          32|
    |tmp_30_30_fu_1457_p2  |    xor   |      0|  0|   44|          32|          32|
    |tmp_30_31_fu_1056_p2  |    xor   |      0|  0|   44|          32|          32|
    |tmp_30_32_fu_1088_p2  |    xor   |      0|  0|   44|          32|          32|
    |tmp_30_33_fu_1120_p2  |    xor   |      0|  0|   44|          32|          32|
    |tmp_30_34_fu_1146_p2  |    xor   |      0|  0|   44|          32|          32|
    |tmp_30_35_fu_1172_p2  |    xor   |      0|  0|   44|          32|          32|
    |tmp_30_36_fu_1198_p2  |    xor   |      0|  0|   44|          32|          32|
    |tmp_30_37_fu_1224_p2  |    xor   |      0|  0|   44|          32|          32|
    |tmp_30_38_fu_1250_p2  |    xor   |      0|  0|   44|          32|          32|
    |tmp_30_39_fu_1270_p2  |    xor   |      0|  0|   44|          32|          32|
    |tmp_30_3_fu_2978_p2   |    xor   |      0|  0|   44|          32|          32|
    |tmp_30_40_fu_1320_p2  |    xor   |      0|  0|   44|          32|          32|
    |tmp_30_41_fu_1352_p2  |    xor   |      0|  0|   44|          32|          32|
    |tmp_30_42_fu_1378_p2  |    xor   |      0|  0|   44|          32|          32|
    |tmp_30_43_fu_1404_p2  |    xor   |      0|  0|   44|          32|          32|
    |tmp_30_44_fu_1424_p2  |    xor   |      0|  0|   44|          32|          32|
    |tmp_30_45_fu_1444_p2  |    xor   |      0|  0|   44|          32|          32|
    |tmp_30_46_fu_1464_p2  |    xor   |      0|  0|   44|          32|          32|
    |tmp_30_47_fu_1063_p2  |    xor   |      0|  0|   44|          32|          32|
    |tmp_30_48_fu_1095_p2  |    xor   |      0|  0|   44|          32|          32|
    |tmp_30_49_fu_3855_p2  |    xor   |      0|  0|   44|          32|          32|
    |tmp_30_4_fu_3024_p2   |    xor   |      0|  0|   44|          32|          32|
    |tmp_30_50_fu_3873_p2  |    xor   |      0|  0|   44|          32|          32|
    |tmp_30_51_fu_3915_p2  |    xor   |      0|  0|   44|          32|          32|
    |tmp_30_52_fu_3885_p2  |    xor   |      0|  0|   44|          32|          32|
    |tmp_30_53_fu_3927_p2  |    xor   |      0|  0|   44|          32|          32|
    |tmp_30_54_fu_3951_p2  |    xor   |      0|  0|   44|          32|          32|
    |tmp_30_55_fu_3939_p2  |    xor   |      0|  0|   44|          32|          32|
    |tmp_30_56_fu_3963_p2  |    xor   |      0|  0|   44|          32|          32|
    |tmp_30_57_fu_3999_p2  |    xor   |      0|  0|   44|          32|          32|
    |tmp_30_58_fu_3974_p2  |    xor   |      0|  0|   44|          32|          32|
    |tmp_30_59_fu_4011_p2  |    xor   |      0|  0|   44|          32|          32|
    |tmp_30_5_fu_3064_p2   |    xor   |      0|  0|   44|          32|          32|
    |tmp_30_60_fu_4058_p2  |    xor   |      0|  0|   44|          32|          32|
    |tmp_30_61_fu_4028_p2  |    xor   |      0|  0|   44|          32|          32|
    |tmp_30_62_fu_4070_p2  |    xor   |      0|  0|   44|          32|          32|
    |tmp_30_6_fu_3093_p2   |    xor   |      0|  0|   44|          32|          32|
    |tmp_30_7_fu_3122_p2   |    xor   |      0|  0|   44|          32|          32|
    |tmp_30_8_fu_3146_p2   |    xor   |      0|  0|   44|          32|          32|
    |tmp_30_9_fu_3176_p2   |    xor   |      0|  0|   44|          32|          32|
    |tmp_30_s_fu_3211_p2   |    xor   |      0|  0|   44|          32|          32|
    |tmp_44_10_fu_797_p2   |    xor   |      0|  0|   44|          32|          32|
    |tmp_44_11_fu_803_p2   |    xor   |      0|  0|   44|          32|          32|
    |tmp_44_12_fu_809_p2   |    xor   |      0|  0|   44|          32|          32|
    |tmp_44_13_fu_815_p2   |    xor   |      0|  0|   44|          32|          32|
    |tmp_44_14_fu_821_p2   |    xor   |      0|  0|   44|          32|          32|
    |tmp_44_15_fu_827_p2   |    xor   |      0|  0|   44|          32|          32|
    |tmp_44_16_fu_833_p2   |    xor   |      0|  0|   44|          32|          32|
    |tmp_44_17_fu_839_p2   |    xor   |      0|  0|   44|          32|          32|
    |tmp_44_18_fu_845_p2   |    xor   |      0|  0|   44|          32|          32|
    |tmp_44_1_fu_737_p2    |    xor   |      0|  0|   44|          32|          32|
    |tmp_44_2_fu_743_p2    |    xor   |      0|  0|   44|          32|          32|
    |tmp_44_3_fu_749_p2    |    xor   |      0|  0|   44|          32|          32|
    |tmp_44_4_fu_755_p2    |    xor   |      0|  0|   44|          32|          32|
    |tmp_44_5_fu_761_p2    |    xor   |      0|  0|   44|          32|          32|
    |tmp_44_6_fu_767_p2    |    xor   |      0|  0|   44|          32|          32|
    |tmp_44_7_fu_773_p2    |    xor   |      0|  0|   44|          32|          32|
    |tmp_44_8_fu_779_p2    |    xor   |      0|  0|   44|          32|          32|
    |tmp_44_9_fu_785_p2    |    xor   |      0|  0|   44|          32|          32|
    |tmp_44_s_fu_791_p2    |    xor   |      0|  0|   44|          32|          32|
    |tmp_65_10_fu_917_p2   |    xor   |      0|  0|   44|          32|          32|
    |tmp_65_11_fu_923_p2   |    xor   |      0|  0|   44|          32|          32|
    |tmp_65_12_fu_929_p2   |    xor   |      0|  0|   44|          32|          32|
    |tmp_65_13_fu_935_p2   |    xor   |      0|  0|   44|          32|          32|
    |tmp_65_14_fu_941_p2   |    xor   |      0|  0|   44|          32|          32|
    |tmp_65_15_fu_947_p2   |    xor   |      0|  0|   44|          32|          32|
    |tmp_65_16_fu_953_p2   |    xor   |      0|  0|   44|          32|          32|
    |tmp_65_17_fu_959_p2   |    xor   |      0|  0|   44|          32|          32|
    |tmp_65_18_fu_965_p2   |    xor   |      0|  0|   44|          32|          32|
    |tmp_65_1_fu_857_p2    |    xor   |      0|  0|   44|          32|          32|
    |tmp_65_2_fu_863_p2    |    xor   |      0|  0|   44|          32|          32|
    |tmp_65_3_fu_869_p2    |    xor   |      0|  0|   44|          32|          32|
    |tmp_65_4_fu_875_p2    |    xor   |      0|  0|   44|          32|          32|
    |tmp_65_5_fu_881_p2    |    xor   |      0|  0|   44|          32|          32|
    |tmp_65_6_fu_887_p2    |    xor   |      0|  0|   44|          32|          32|
    |tmp_65_7_fu_893_p2    |    xor   |      0|  0|   44|          32|          32|
    |tmp_65_8_fu_899_p2    |    xor   |      0|  0|   44|          32|          32|
    |tmp_65_9_fu_905_p2    |    xor   |      0|  0|   44|          32|          32|
    |tmp_65_s_fu_911_p2    |    xor   |      0|  0|   44|          32|          32|
    |tmp_68_fu_2848_p2     |    xor   |      0|  0|   44|          32|          32|
    |tmp_71_fu_2345_p2     |    xor   |      0|  0|   44|          32|           2|
    |tmp_75_fu_731_p2      |    xor   |      0|  0|   44|          32|          32|
    |tmp_82_fu_851_p2      |    xor   |      0|  0|   44|          32|          32|
    +----------------------+----------+-------+---+-----+------------+------------+
    |Total                 |          |      0|  0|16524|       16141|       16132|
    +----------------------+----------+-------+---+-----+------------+------------+

    * Multiplexer: 
    +-----------------------------------------------------------+-----+-----------+-----+-----------+
    |                            Name                           | LUT | Input Size| Bits| Total Bits|
    +-----------------------------------------------------------+-----+-----------+-----+-----------+
    |ap_NS_fsm                                                  |  416|        162|    1|        162|
    |grp_SHA1ProcessMessageBlock_SHA1CircularShift_fu_331_bits  |    5|          3|    5|         15|
    |grp_SHA1ProcessMessageBlock_SHA1CircularShift_fu_331_word  |  544|         59|   32|       1888|
    |grp_SHA1ProcessMessageBlock_SHA1CircularShift_fu_339_bits  |    5|          3|    5|         15|
    |grp_SHA1ProcessMessageBlock_SHA1CircularShift_fu_339_word  |   32|          7|   32|        224|
    |grp_SHA1ProcessMessageBlock_SHA1CircularShift_fu_347_bits  |    5|          3|    5|         15|
    |grp_SHA1ProcessMessageBlock_SHA1CircularShift_fu_347_word  |   32|          5|   32|        160|
    |grp_SHA1ProcessMessageBlock_Swapping_fu_362_A              |  832|         81|   32|       2592|
    |grp_SHA1ProcessMessageBlock_Swapping_fu_362_B              |   32|          3|   32|         96|
    |grp_SHA1ProcessMessageBlock_Swapping_fu_362_B_r            |   32|          3|   32|         96|
    |grp_SHA1ProcessMessageBlock_Swapping_fu_362_D              |   32|          3|   32|         96|
    |grp_SHA1ProcessMessageBlock_Swapping_fu_362_E              |   32|          3|   32|         96|
    +-----------------------------------------------------------+-----+-----------+-----+-----------+
    |Total                                                      | 1999|        335|  272|       5455|
    +-----------------------------------------------------------+-----+-----------+-----+-----------+

    * Register: 
    +--------------------+-----+----+-----+-----------+
    |        Name        |  FF | LUT| Bits| Const Bits|
    +--------------------+-----+----+-----+-----------+
    |A_reg_4741          |   32|   0|   32|          0|
    |B_reg_4747          |   32|   0|   32|          0|
    |C_reg_4755          |   32|   0|   32|          0|
    |D_reg_4762          |   32|   0|   32|          0|
    |E_reg_4769          |   32|   0|   32|          0|
    |W_0_reg_4436        |   32|   0|   32|          0|
    |W_10_reg_4880       |   32|   0|   32|          0|
    |W_11_reg_4892       |   32|   0|   32|          0|
    |W_12_reg_4904       |   32|   0|   32|          0|
    |W_13_reg_4916       |   32|   0|   32|          0|
    |W_14_reg_4929       |   32|   0|   32|          0|
    |W_15_reg_4942       |   32|   0|   32|          0|
    |W_1_reg_4780        |   32|   0|   32|          0|
    |W_2_reg_4790        |   32|   0|   32|          0|
    |W_3_reg_4801        |   32|   0|   32|          0|
    |W_4_reg_4812        |   32|   0|   32|          0|
    |W_5_reg_4823        |   32|   0|   32|          0|
    |W_67_reg_5140       |   32|   0|   32|          0|
    |W_69_reg_5151       |   32|   0|   32|          0|
    |W_6_reg_4834        |   32|   0|   32|          0|
    |W_70_reg_5167       |   32|   0|   32|          0|
    |W_72_reg_5178       |   32|   0|   32|          0|
    |W_73_reg_5193       |   32|   0|   32|          0|
    |W_75_reg_5203       |   32|   0|   32|          0|
    |W_76_reg_5218       |   32|   0|   32|          0|
    |W_7_reg_4845        |   32|   0|   32|          0|
    |W_8_reg_4856        |   32|   0|   32|          0|
    |W_9_reg_4868        |   32|   0|   32|          0|
    |ap_CS_fsm           |  161|   0|  161|          0|
    |reg_1482            |   32|   0|   32|          0|
    |reg_1486            |   32|   0|   32|          0|
    |reg_1490            |   32|   0|   32|          0|
    |reg_1494            |   32|   0|   32|          0|
    |reg_1498            |   32|   0|   32|          0|
    |reg_1502            |   32|   0|   32|          0|
    |reg_1506            |   32|   0|   32|          0|
    |reg_1510            |   32|   0|   32|          0|
    |reg_1514            |   32|   0|   32|          0|
    |reg_1518            |   32|   0|   32|          0|
    |reg_391             |   32|   0|   32|          0|
    |reg_395_0           |   32|   0|   32|          0|
    |reg_399             |   32|   0|   32|          0|
    |reg_408             |   32|   0|   32|          0|
    |reg_413             |   32|   0|   32|          0|
    |reg_418             |   32|   0|   32|          0|
    |reg_423             |   32|   0|   32|          0|
    |reg_427             |   32|   0|   32|          0|
    |reg_431             |   32|   0|   32|          0|
    |reg_435             |   32|   0|   32|          0|
    |reg_439             |   32|   0|   32|          0|
    |reg_443             |   32|   0|   32|          0|
    |reg_447             |   32|   0|   32|          0|
    |reg_451             |   32|   0|   32|          0|
    |reg_455             |   32|   0|   32|          0|
    |reg_459             |   32|   0|   32|          0|
    |reg_463             |   32|   0|   32|          0|
    |reg_467             |   32|   0|   32|          0|
    |reg_471             |   32|   0|   32|          0|
    |reg_475             |   32|   0|   32|          0|
    |reg_479             |   32|   0|   32|          0|
    |reg_483             |   32|   0|   32|          0|
    |reg_487             |   32|   0|   32|          0|
    |reg_491             |   32|   0|   32|          0|
    |reg_495             |   32|   0|   32|          0|
    |temp_4_18_reg_5288  |   32|   0|   32|          0|
    |tmp131_reg_4775     |   32|   0|   32|          0|
    |tmp134_reg_4785     |   32|   0|   32|          0|
    |tmp137_reg_4796     |   32|   0|   32|          0|
    |tmp140_reg_4807     |   32|   0|   32|          0|
    |tmp143_reg_4818     |   32|   0|   32|          0|
    |tmp146_reg_4829     |   32|   0|   32|          0|
    |tmp149_reg_4840     |   32|   0|   32|          0|
    |tmp152_reg_4851     |   32|   0|   32|          0|
    |tmp155_reg_4863     |   32|   0|   32|          0|
    |tmp158_reg_4875     |   32|   0|   32|          0|
    |tmp161_reg_4887     |   32|   0|   32|          0|
    |tmp164_reg_4899     |   32|   0|   32|          0|
    |tmp167_reg_4911     |   32|   0|   32|          0|
    |tmp170_reg_4924     |   32|   0|   32|          0|
    |tmp173_reg_4937     |   32|   0|   32|          0|
    |tmp176_reg_4950     |   32|   0|   32|          0|
    |tmp179_reg_4955     |   32|   0|   32|          0|
    |tmp182_reg_4960     |   32|   0|   32|          0|
    |tmp185_reg_4965     |   32|   0|   32|          0|
    |tmp188_reg_4970     |   32|   0|   32|          0|
    |tmp208_reg_4975     |   32|   0|   32|          0|
    |tmp212_reg_4980     |   32|   0|   32|          0|
    |tmp216_reg_4985     |   32|   0|   32|          0|
    |tmp220_reg_4990     |   32|   0|   32|          0|
    |tmp224_reg_4995     |   32|   0|   32|          0|
    |tmp228_reg_5000     |   32|   0|   32|          0|
    |tmp232_reg_5005     |   32|   0|   32|          0|
    |tmp236_reg_5010     |   32|   0|   32|          0|
    |tmp240_reg_5015     |   32|   0|   32|          0|
    |tmp244_reg_5020     |   32|   0|   32|          0|
    |tmp248_reg_5025     |   32|   0|   32|          0|
    |tmp252_reg_5030     |   32|   0|   32|          0|
    |tmp283_reg_5035     |   32|   0|   32|          0|
    |tmp286_reg_5040     |   32|   0|   32|          0|
    |tmp289_reg_5045     |   32|   0|   32|          0|
    |tmp292_reg_5050     |   32|   0|   32|          0|
    |tmp295_reg_5055     |   32|   0|   32|          0|
    |tmp298_reg_5060     |   32|   0|   32|          0|
    |tmp301_reg_5065     |   32|   0|   32|          0|
    |tmp304_reg_5070     |   32|   0|   32|          0|
    |tmp307_reg_5075     |   32|   0|   32|          0|
    |tmp310_reg_5080     |   32|   0|   32|          0|
    |tmp313_reg_5085     |   32|   0|   32|          0|
    |tmp316_reg_5090     |   32|   0|   32|          0|
    |tmp332_reg_5095     |   32|   0|   32|          0|
    |tmp336_reg_5100     |   32|   0|   32|          0|
    |tmp340_reg_5120     |   32|   0|   32|          0|
    |tmp352_reg_5238     |   32|   0|   32|          0|
    |tmp356_reg_5243     |   32|   0|   32|          0|
    |tmp360_reg_5248     |   32|   0|   32|          0|
    |tmp364_reg_5253     |   32|   0|   32|          0|
    |tmp368_reg_5258     |   32|   0|   32|          0|
    |tmp372_reg_5263     |   32|   0|   32|          0|
    |tmp380_reg_5268     |   32|   0|   32|          0|
    |tmp384_reg_5273     |   32|   0|   32|          0|
    |tmp392_reg_5278     |   32|   0|   32|          0|
    |tmp396_reg_5283     |   32|   0|   32|          0|
    |tmp_10_reg_4476     |    8|   0|    8|          0|
    |tmp_11_reg_4481     |    8|   0|    8|          0|
    |tmp_12_reg_4486     |    8|   0|    8|          0|
    |tmp_13_reg_4491     |    8|   0|    8|          0|
    |tmp_14_reg_4496     |    8|   0|    8|          0|
    |tmp_15_reg_4501     |    8|   0|    8|          0|
    |tmp_16_reg_4506     |    8|   0|    8|          0|
    |tmp_17_reg_4511     |    8|   0|    8|          0|
    |tmp_18_reg_4516     |    8|   0|    8|          0|
    |tmp_19_reg_4521     |    8|   0|    8|          0|
    |tmp_20_reg_4526     |    8|   0|    8|          0|
    |tmp_21_reg_4531     |    8|   0|    8|          0|
    |tmp_22_reg_4536     |    8|   0|    8|          0|
    |tmp_23_reg_4541     |    8|   0|    8|          0|
    |tmp_24_reg_4546     |    8|   0|    8|          0|
    |tmp_25_reg_4551     |    8|   0|    8|          0|
    |tmp_26_reg_4556     |    8|   0|    8|          0|
    |tmp_27_reg_4561     |    8|   0|    8|          0|
    |tmp_28_reg_4566     |    8|   0|    8|          0|
    |tmp_29_reg_4571     |    8|   0|    8|          0|
    |tmp_30_46_reg_5105  |   32|   0|   32|          0|
    |tmp_30_47_reg_5110  |   32|   0|   32|          0|
    |tmp_30_48_reg_5125  |   32|   0|   32|          0|
    |tmp_30_49_reg_5115  |   32|   0|   32|          0|
    |tmp_30_50_reg_5130  |   32|   0|   32|          0|
    |tmp_30_51_reg_5146  |   32|   0|   32|          0|
    |tmp_30_52_reg_5135  |   32|   0|   32|          0|
    |tmp_30_53_reg_5157  |   32|   0|   32|          0|
    |tmp_30_54_reg_5173  |   32|   0|   32|          0|
    |tmp_30_55_reg_5162  |   32|   0|   32|          0|
    |tmp_30_56_reg_5183  |   32|   0|   32|          0|
    |tmp_30_57_reg_5198  |   32|   0|   32|          0|
    |tmp_30_58_reg_5188  |   32|   0|   32|          0|
    |tmp_30_59_reg_5208  |   32|   0|   32|          0|
    |tmp_30_60_reg_5223  |   32|   0|   32|          0|
    |tmp_30_61_reg_5213  |   32|   0|   32|          0|
    |tmp_30_62_reg_5228  |   32|   0|   32|          0|
    |tmp_30_reg_4576     |    8|   0|    8|          0|
    |tmp_31_reg_4581     |    8|   0|    8|          0|
    |tmp_32_reg_4586     |    8|   0|    8|          0|
    |tmp_33_reg_4591     |    8|   0|    8|          0|
    |tmp_34_reg_4596     |    8|   0|    8|          0|
    |tmp_35_reg_4601     |    8|   0|    8|          0|
    |tmp_36_reg_4606     |    8|   0|    8|          0|
    |tmp_37_reg_4611     |    8|   0|    8|          0|
    |tmp_38_reg_4616     |    8|   0|    8|          0|
    |tmp_39_reg_4621     |    8|   0|    8|          0|
    |tmp_3_reg_4441      |    8|   0|    8|          0|
    |tmp_40_reg_4626     |    8|   0|    8|          0|
    |tmp_41_reg_4631     |    8|   0|    8|          0|
    |tmp_42_reg_4636     |    8|   0|    8|          0|
    |tmp_43_reg_4641     |    8|   0|    8|          0|
    |tmp_44_reg_4646     |    8|   0|    8|          0|
    |tmp_45_reg_4651     |    8|   0|    8|          0|
    |tmp_46_reg_4656     |    8|   0|    8|          0|
    |tmp_47_reg_4661     |    8|   0|    8|          0|
    |tmp_48_reg_4666     |    8|   0|    8|          0|
    |tmp_49_reg_4671     |    8|   0|    8|          0|
    |tmp_4_reg_4446      |    8|   0|    8|          0|
    |tmp_50_reg_4676     |    8|   0|    8|          0|
    |tmp_51_reg_4681     |    8|   0|    8|          0|
    |tmp_52_reg_4686     |    8|   0|    8|          0|
    |tmp_53_reg_4691     |    8|   0|    8|          0|
    |tmp_54_reg_4696     |    8|   0|    8|          0|
    |tmp_55_reg_4701     |    8|   0|    8|          0|
    |tmp_56_reg_4706     |    8|   0|    8|          0|
    |tmp_57_reg_4711     |    8|   0|    8|          0|
    |tmp_5_reg_4456      |    8|   0|    8|          0|
    |tmp_63_5_reg_5233   |   32|   0|   32|          0|
    |tmp_63_reg_4716     |    8|   0|    8|          0|
    |tmp_64_reg_4721     |    8|   0|    8|          0|
    |tmp_65_reg_4726     |    8|   0|    8|          0|
    |tmp_66_reg_4731     |    8|   0|    8|          0|
    |tmp_67_reg_4736     |    8|   0|    8|          0|
    |tmp_7_reg_4461      |    8|   0|    8|          0|
    |tmp_8_reg_4466      |    8|   0|    8|          0|
    |tmp_9_reg_4471      |    8|   0|    8|          0|
    |tmp_s_reg_4451      |    8|   0|    8|          0|
    +--------------------+-----+----+-----+-----------+
    |Total               | 5089|   0| 5089|          0|
    +--------------------+-----+----+-----+-----------+



================================================================
== Interface
================================================================
* Summary: 
+------------------+-----+-----+------------+-------------------------+--------------+
|     RTL Ports    | Dir | Bits|  Protocol  |      Source Object      |    C Type    |
+------------------+-----+-----+------------+-------------------------+--------------+
|ap_clk            |  in |    1| ap_ctrl_hs | SHA1ProcessMessageBlock | return value |
|ap_rst            |  in |    1| ap_ctrl_hs | SHA1ProcessMessageBlock | return value |
|ap_start          |  in |    1| ap_ctrl_hs | SHA1ProcessMessageBlock | return value |
|ap_done           | out |    1| ap_ctrl_hs | SHA1ProcessMessageBlock | return value |
|ap_idle           | out |    1| ap_ctrl_hs | SHA1ProcessMessageBlock | return value |
|ap_ready          | out |    1| ap_ctrl_hs | SHA1ProcessMessageBlock | return value |
|context_i         |  in |  688|   ap_ovld  |         context         |    pointer   |
|context_o         | out |  688|   ap_ovld  |         context         |    pointer   |
|context_o_ap_vld  | out |    1|   ap_ovld  |         context         |    pointer   |
+------------------+-----+-----+------------+-------------------------+--------------+

