

================================================================
== Vivado HLS Report for 'SHA1ProcessMessageBlock'
================================================================
* Date:           Thu Sep  1 14:18:31 2016

* Version:        2016.1 (Build 1538259 on Fri Apr 08 16:12:49 MDT 2016)
* Project:        sha1
* Solution:       solution9
* Product family: zynq
* Target device:  xc7z020clg484-1


================================================================
== Performance Estimates
================================================================
+ Timing (ns): 
    * Summary: 
    +--------+-------+----------+------------+
    |  Clock | Target| Estimated| Uncertainty|
    +--------+-------+----------+------------+
    |ap_clk  |  10.00|      8.35|        1.25|
    +--------+-------+----------+------------+

+ Latency (clock cycles): 
    * Summary: 
    +-----+-----+-----+-----+---------+
    |  Latency  |  Interval | Pipeline|
    | min | max | min | max |   Type  |
    +-----+-----+-----+-----+---------+
    |   48|   48|   49|   49|   none  |
    +-----+-----+-----+-----+---------+

    + Detail: 
        * Instance: 
        N/A

        * Loop: 
        N/A



================================================================
== Utilization Estimates
================================================================
* Summary: 
+-----------------+---------+-------+--------+-------+
|       Name      | BRAM_18K| DSP48E|   FF   |  LUT  |
+-----------------+---------+-------+--------+-------+
|DSP              |        -|      -|       -|      -|
|Expression       |        -|      -|       0|  26816|
|FIFO             |        -|      -|       -|      -|
|Instance         |        -|      -|       -|      -|
|Memory           |        3|      -|       0|      0|
|Multiplexer      |        -|      -|       -|   1042|
|Register         |        -|      -|   11377|      -|
+-----------------+---------+-------+--------+-------+
|Total            |        3|      0|   11377|  27858|
+-----------------+---------+-------+--------+-------+
|Available        |      280|    220|  106400|  53200|
+-----------------+---------+-------+--------+-------+
|Utilization (%)  |        1|      0|      10|     52|
+-----------------+---------+-------+--------+-------+

+ Detail: 
    * Instance: 
    N/A

    * DSP48: 
    N/A

    * Memory: 
    +-------+---------------------------+---------+---+----+------+-----+------+-------------+
    | Memory|           Module          | BRAM_18K| FF| LUT| Words| Bits| Banks| W*Bits*Banks|
    +-------+---------------------------+---------+---+----+------+-----+------+-------------+
    |K_U    |SHA1ProcessMessageBlock_K  |        1|  0|   0|     4|   32|     1|          128|
    |W_U    |SHA1ProcessMessageBlock_W  |        2|  0|   0|    80|   32|     1|         2560|
    +-------+---------------------------+---------+---+----+------+-----+------+-------------+
    |Total  |                           |        3|  0|   0|    84|   64|     2|         2688|
    +-------+---------------------------+---------+---+----+------+-----+------+-------------+

    * FIFO: 
    N/A

    * Expression: 
    +---------------------------+----------+-------+---+-----+------------+------------+
    |       Variable Name       | Operation| DSP48E| FF| LUT | Bitwidth P0| Bitwidth P1|
    +---------------------------+----------+-------+---+-----+------------+------------+
    |temp_10_fu_5387_p2         |     +    |      0|  0|   16|          32|          32|
    |temp_11_fu_5452_p2         |     +    |      0|  0|   16|          32|          32|
    |temp_12_fu_5559_p2         |     +    |      0|  0|   16|          32|          32|
    |temp_13_fu_5623_p2         |     +    |      0|  0|   16|          32|          32|
    |temp_14_fu_5720_p2         |     +    |      0|  0|   16|          32|          32|
    |temp_15_fu_5784_p2         |     +    |      0|  0|   16|          32|          32|
    |temp_16_fu_5896_p2         |     +    |      0|  0|   16|          32|          32|
    |temp_17_fu_5961_p2         |     +    |      0|  0|   16|          32|          32|
    |temp_18_fu_6074_p2         |     +    |      0|  0|   16|          32|          32|
    |temp_19_fu_6121_p2         |     +    |      0|  0|   16|          32|          32|
    |temp_1_10_fu_6956_p2       |     +    |      0|  0|   16|          32|          32|
    |temp_1_11_fu_7009_p2       |     +    |      0|  0|   16|          32|          32|
    |temp_1_12_fu_7103_p2       |     +    |      0|  0|   16|          32|          32|
    |temp_1_13_fu_7156_p2       |     +    |      0|  0|   16|          32|          32|
    |temp_1_14_fu_7251_p2       |     +    |      0|  0|   16|          32|          32|
    |temp_1_15_fu_7304_p2       |     +    |      0|  0|   16|          32|          32|
    |temp_1_16_fu_7398_p2       |     +    |      0|  0|   16|          32|          32|
    |temp_1_17_fu_7451_p2       |     +    |      0|  0|   16|          32|          32|
    |temp_1_18_fu_7546_p2       |     +    |      0|  0|   16|          32|          32|
    |temp_1_1_fu_6216_p2        |     +    |      0|  0|   16|          32|          32|
    |temp_1_2_fu_6269_p2        |     +    |      0|  0|   16|          32|          32|
    |temp_1_3_fu_6364_p2        |     +    |      0|  0|   16|          32|          32|
    |temp_1_4_fu_6417_p2        |     +    |      0|  0|   16|          32|          32|
    |temp_1_5_fu_6512_p2        |     +    |      0|  0|   16|          32|          32|
    |temp_1_6_fu_6565_p2        |     +    |      0|  0|   16|          32|          32|
    |temp_1_7_fu_6660_p2        |     +    |      0|  0|   16|          32|          32|
    |temp_1_8_fu_6713_p2        |     +    |      0|  0|   16|          32|          32|
    |temp_1_9_fu_6808_p2        |     +    |      0|  0|   16|          32|          32|
    |temp_1_fu_3822_p2          |     +    |      0|  0|   16|          32|          32|
    |temp_1_s_fu_6861_p2        |     +    |      0|  0|   16|          32|          32|
    |temp_20_fu_7608_p2         |     +    |      0|  0|   16|          32|          32|
    |temp_21_fu_9279_p2         |     +    |      0|  0|   16|          32|          32|
    |temp_2_10_fu_8549_p2       |     +    |      0|  0|   16|          32|          32|
    |temp_2_11_fu_8612_p2       |     +    |      0|  0|   16|          32|          32|
    |temp_2_12_fu_8717_p2       |     +    |      0|  0|   16|          32|          32|
    |temp_2_13_fu_8780_p2       |     +    |      0|  0|   16|          32|          32|
    |temp_2_14_fu_8877_p2       |     +    |      0|  0|   16|          32|          32|
    |temp_2_15_fu_8940_p2       |     +    |      0|  0|   16|          32|          32|
    |temp_2_16_fu_9045_p2       |     +    |      0|  0|   16|          32|          32|
    |temp_2_17_fu_9118_p2       |     +    |      0|  0|   16|          32|          32|
    |temp_2_18_fu_9232_p2       |     +    |      0|  0|   16|          32|          32|
    |temp_2_1_fu_7704_p2        |     +    |      0|  0|   16|          32|          32|
    |temp_2_2_fu_7775_p2        |     +    |      0|  0|   16|          32|          32|
    |temp_2_3_fu_7879_p2        |     +    |      0|  0|   16|          32|          32|
    |temp_2_4_fu_7942_p2        |     +    |      0|  0|   16|          32|          32|
    |temp_2_5_fu_8046_p2        |     +    |      0|  0|   16|          32|          32|
    |temp_2_6_fu_8109_p2        |     +    |      0|  0|   16|          32|          32|
    |temp_2_7_fu_8214_p2        |     +    |      0|  0|   16|          32|          32|
    |temp_2_8_fu_8277_p2        |     +    |      0|  0|   16|          32|          32|
    |temp_2_9_fu_8381_p2        |     +    |      0|  0|   16|          32|          32|
    |temp_2_fu_4310_p2          |     +    |      0|  0|   16|          32|          32|
    |temp_2_s_fu_8444_p2        |     +    |      0|  0|   16|          32|          32|
    |temp_3_10_fu_10145_p2      |     +    |      0|  0|   16|          32|          32|
    |temp_3_11_fu_10213_p2      |     +    |      0|  0|   16|          32|          32|
    |temp_3_12_fu_10281_p2      |     +    |      0|  0|   16|          32|          32|
    |temp_3_13_fu_10349_p2      |     +    |      0|  0|   16|          32|          32|
    |temp_3_14_fu_10417_p2      |     +    |      0|  0|   16|          32|          32|
    |temp_3_15_fu_10495_p2      |     +    |      0|  0|   16|          32|          32|
    |temp_3_16_fu_10576_p2      |     +    |      0|  0|   16|          32|          32|
    |temp_3_17_fu_10648_p2      |     +    |      0|  0|   16|          32|          32|
    |temp_3_1_fu_9423_p2        |     +    |      0|  0|   16|          32|          32|
    |temp_3_2_fu_9476_p2        |     +    |      0|  0|   16|          32|          32|
    |temp_3_3_fu_9562_p2        |     +    |      0|  0|   16|          32|          32|
    |temp_3_4_fu_9615_p2        |     +    |      0|  0|   16|          32|          32|
    |temp_3_5_fu_9716_p2        |     +    |      0|  0|   16|          32|          32|
    |temp_3_6_fu_9770_p2        |     +    |      0|  0|   16|          32|          32|
    |temp_3_7_fu_9866_p2        |     +    |      0|  0|   16|          32|          32|
    |temp_3_8_fu_9919_p2        |     +    |      0|  0|   16|          32|          32|
    |temp_3_9_fu_10009_p2       |     +    |      0|  0|   16|          32|          32|
    |temp_3_fu_5260_p2          |     +    |      0|  0|   16|          32|          32|
    |temp_3_s_fu_10077_p2       |     +    |      0|  0|   16|          32|          32|
    |temp_4_fu_4381_p2          |     +    |      0|  0|   16|          32|          32|
    |temp_5_fu_4634_p2          |     +    |      0|  0|   16|          32|          32|
    |temp_6_fu_4699_p2          |     +    |      0|  0|   16|          32|          32|
    |temp_7_fu_4903_p2          |     +    |      0|  0|   16|          32|          32|
    |temp_8_fu_4967_p2          |     +    |      0|  0|   16|          32|          32|
    |temp_9_fu_5196_p2          |     +    |      0|  0|   16|          32|          32|
    |temp_fu_3021_p2            |     +    |      0|  0|   16|          32|          32|
    |temp_s_fu_3757_p2          |     +    |      0|  0|   16|          32|          32|
    |tmp190_fu_3006_p2          |     +    |      0|  0|   32|          32|          32|
    |tmp191_fu_3012_p2          |     +    |      0|  0|   32|          32|          32|
    |tmp192_fu_3016_p2          |     +    |      0|  0|   16|          32|          32|
    |tmp193_fu_3747_p2          |     +    |      0|  0|   32|          32|          32|
    |tmp194_fu_3049_p2          |     +    |      0|  0|   32|          32|          32|
    |tmp195_fu_3753_p2          |     +    |      0|  0|   16|          32|          32|
    |tmp196_fu_3806_p2          |     +    |      0|  0|   32|          32|          32|
    |tmp197_fu_3812_p2          |     +    |      0|  0|   32|          32|          32|
    |tmp198_fu_3816_p2          |     +    |      0|  0|   16|          32|          32|
    |tmp199_fu_4300_p2          |     +    |      0|  0|   32|          32|          32|
    |tmp200_fu_3850_p2          |     +    |      0|  0|   32|          32|          32|
    |tmp201_fu_4306_p2          |     +    |      0|  0|   16|          32|          32|
    |tmp202_fu_4365_p2          |     +    |      0|  0|   32|          32|          32|
    |tmp203_fu_4371_p2          |     +    |      0|  0|   32|          32|          32|
    |tmp204_fu_4375_p2          |     +    |      0|  0|   16|          32|          32|
    |tmp205_fu_4624_p2          |     +    |      0|  0|   32|          32|          32|
    |tmp206_fu_4409_p2          |     +    |      0|  0|   32|          32|          32|
    |tmp207_fu_4630_p2          |     +    |      0|  0|   16|          32|          32|
    |tmp208_fu_4683_p2          |     +    |      0|  0|   32|          32|          32|
    |tmp209_fu_4689_p2          |     +    |      0|  0|   32|          32|          32|
    |tmp210_fu_4693_p2          |     +    |      0|  0|   16|          32|          32|
    |tmp211_fu_4893_p2          |     +    |      0|  0|   32|          32|          32|
    |tmp212_fu_4727_p2          |     +    |      0|  0|   32|          32|          32|
    |tmp213_fu_4899_p2          |     +    |      0|  0|   16|          32|          32|
    |tmp214_fu_4951_p2          |     +    |      0|  0|   32|          32|          32|
    |tmp215_fu_4957_p2          |     +    |      0|  0|   32|          32|          32|
    |tmp216_fu_4961_p2          |     +    |      0|  0|   16|          32|          32|
    |tmp217_fu_5185_p2          |     +    |      0|  0|   32|          32|          32|
    |tmp218_fu_4987_p2          |     +    |      0|  0|   32|          32|          32|
    |tmp219_fu_5191_p2          |     +    |      0|  0|   16|          32|          32|
    |tmp220_fu_5244_p2          |     +    |      0|  0|   32|          32|          32|
    |tmp221_fu_5250_p2          |     +    |      0|  0|   32|          32|          32|
    |tmp222_fu_5254_p2          |     +    |      0|  0|   16|          32|          32|
    |tmp223_fu_5377_p2          |     +    |      0|  0|   32|          32|          32|
    |tmp224_fu_5288_p2          |     +    |      0|  0|   32|          32|          32|
    |tmp225_fu_5383_p2          |     +    |      0|  0|   16|          32|          32|
    |tmp226_fu_5436_p2          |     +    |      0|  0|   32|          32|          32|
    |tmp227_fu_5442_p2          |     +    |      0|  0|   32|          32|          32|
    |tmp228_fu_5446_p2          |     +    |      0|  0|   16|          32|          32|
    |tmp229_fu_5549_p2          |     +    |      0|  0|   32|          32|          32|
    |tmp230_fu_5480_p2          |     +    |      0|  0|   32|          32|          32|
    |tmp231_fu_5555_p2          |     +    |      0|  0|   16|          32|          32|
    |tmp232_fu_5607_p2          |     +    |      0|  0|   32|          32|          32|
    |tmp233_fu_5613_p2          |     +    |      0|  0|   32|          32|          32|
    |tmp234_fu_5617_p2          |     +    |      0|  0|   16|          32|          32|
    |tmp235_fu_5709_p2          |     +    |      0|  0|   32|          32|          32|
    |tmp236_fu_5643_p2          |     +    |      0|  0|   32|          32|          32|
    |tmp237_fu_5715_p2          |     +    |      0|  0|   16|          32|          32|
    |tmp238_fu_5768_p2          |     +    |      0|  0|   32|          32|          32|
    |tmp239_fu_5774_p2          |     +    |      0|  0|   32|          32|          32|
    |tmp240_fu_5778_p2          |     +    |      0|  0|   16|          32|          32|
    |tmp241_fu_5885_p2          |     +    |      0|  0|   32|          32|          32|
    |tmp242_fu_5804_p2          |     +    |      0|  0|   32|          32|          32|
    |tmp243_fu_5891_p2          |     +    |      0|  0|   16|          32|          32|
    |tmp244_fu_5945_p2          |     +    |      0|  0|   32|          32|          32|
    |tmp245_fu_5951_p2          |     +    |      0|  0|   32|          32|          32|
    |tmp246_fu_5955_p2          |     +    |      0|  0|   16|          32|          32|
    |tmp247_fu_6011_p2          |     +    |      0|  0|   32|          32|          32|
    |tmp248_fu_6017_p2          |     +    |      0|  0|   32|          32|          32|
    |tmp249_fu_6070_p2          |     +    |      0|  0|   16|          32|          32|
    |tmp251_fu_6110_p2          |     +    |      0|  0|   32|          32|          32|
    |tmp252_fu_6044_p2          |     +    |      0|  0|   32|          32|          32|
    |tmp253_fu_6116_p2          |     +    |      0|  0|   16|          32|          32|
    |tmp255_fu_6206_p2          |     +    |      0|  0|   32|          32|          32|
    |tmp256_fu_6149_p2          |     +    |      0|  0|   32|          32|          32|
    |tmp257_fu_6212_p2          |     +    |      0|  0|   16|          32|          32|
    |tmp259_fu_6253_p2          |     +    |      0|  0|   32|          32|          32|
    |tmp260_fu_6259_p2          |     +    |      0|  0|   32|          32|          32|
    |tmp261_fu_6263_p2          |     +    |      0|  0|   16|          32|          32|
    |tmp263_fu_6354_p2          |     +    |      0|  0|   32|          32|          32|
    |tmp264_fu_6297_p2          |     +    |      0|  0|   32|          32|          32|
    |tmp265_fu_6360_p2          |     +    |      0|  0|   16|          32|          32|
    |tmp267_fu_6401_p2          |     +    |      0|  0|   32|          32|          32|
    |tmp268_fu_6407_p2          |     +    |      0|  0|   32|          32|          32|
    |tmp269_fu_6411_p2          |     +    |      0|  0|   16|          32|          32|
    |tmp271_fu_6502_p2          |     +    |      0|  0|   32|          32|          32|
    |tmp272_fu_6445_p2          |     +    |      0|  0|   32|          32|          32|
    |tmp273_fu_6508_p2          |     +    |      0|  0|   16|          32|          32|
    |tmp275_fu_6549_p2          |     +    |      0|  0|   32|          32|          32|
    |tmp276_fu_6555_p2          |     +    |      0|  0|   32|          32|          32|
    |tmp277_fu_6559_p2          |     +    |      0|  0|   16|          32|          32|
    |tmp279_fu_6650_p2          |     +    |      0|  0|   32|          32|          32|
    |tmp280_fu_6593_p2          |     +    |      0|  0|   32|          32|          32|
    |tmp281_fu_6656_p2          |     +    |      0|  0|   16|          32|          32|
    |tmp283_fu_6697_p2          |     +    |      0|  0|   32|          32|          32|
    |tmp284_fu_6703_p2          |     +    |      0|  0|   32|          32|          32|
    |tmp285_fu_6707_p2          |     +    |      0|  0|   16|          32|          32|
    |tmp287_fu_6798_p2          |     +    |      0|  0|   32|          32|          32|
    |tmp288_fu_6741_p2          |     +    |      0|  0|   32|          32|          32|
    |tmp289_fu_6804_p2          |     +    |      0|  0|   16|          32|          32|
    |tmp291_fu_6845_p2          |     +    |      0|  0|   32|          32|          32|
    |tmp292_fu_6851_p2          |     +    |      0|  0|   32|          32|          32|
    |tmp293_fu_6855_p2          |     +    |      0|  0|   16|          32|          32|
    |tmp295_fu_6946_p2          |     +    |      0|  0|   32|          32|          32|
    |tmp296_fu_6889_p2          |     +    |      0|  0|   32|          32|          32|
    |tmp297_fu_6952_p2          |     +    |      0|  0|   16|          32|          32|
    |tmp299_fu_6993_p2          |     +    |      0|  0|   32|          32|          32|
    |tmp300_fu_6999_p2          |     +    |      0|  0|   32|          32|          32|
    |tmp301_fu_7003_p2          |     +    |      0|  0|   16|          32|          32|
    |tmp303_fu_7092_p2          |     +    |      0|  0|   32|          32|          32|
    |tmp304_fu_7029_p2          |     +    |      0|  0|   32|          32|          32|
    |tmp305_fu_7098_p2          |     +    |      0|  0|   16|          32|          32|
    |tmp307_fu_7140_p2          |     +    |      0|  0|   32|          32|          32|
    |tmp308_fu_7146_p2          |     +    |      0|  0|   32|          32|          32|
    |tmp309_fu_7150_p2          |     +    |      0|  0|   16|          32|          32|
    |tmp311_fu_7241_p2          |     +    |      0|  0|   32|          32|          32|
    |tmp312_fu_7184_p2          |     +    |      0|  0|   32|          32|          32|
    |tmp313_fu_7247_p2          |     +    |      0|  0|   16|          32|          32|
    |tmp315_fu_7288_p2          |     +    |      0|  0|   32|          32|          32|
    |tmp316_fu_7294_p2          |     +    |      0|  0|   32|          32|          32|
    |tmp317_fu_7298_p2          |     +    |      0|  0|   16|          32|          32|
    |tmp319_fu_7387_p2          |     +    |      0|  0|   32|          32|          32|
    |tmp320_fu_7324_p2          |     +    |      0|  0|   32|          32|          32|
    |tmp321_fu_7393_p2          |     +    |      0|  0|   16|          32|          32|
    |tmp323_fu_7435_p2          |     +    |      0|  0|   32|          32|          32|
    |tmp324_fu_7441_p2          |     +    |      0|  0|   32|          32|          32|
    |tmp325_fu_7445_p2          |     +    |      0|  0|   16|          32|          32|
    |tmp327_fu_7481_p2          |     +    |      0|  0|   32|          32|          32|
    |tmp328_fu_7487_p2          |     +    |      0|  0|   32|          32|          32|
    |tmp329_fu_7541_p2          |     +    |      0|  0|   16|          32|          32|
    |tmp330_fu_7592_p2          |     +    |      0|  0|   32|          32|          32|
    |tmp331_fu_7598_p2          |     +    |      0|  0|   32|          32|          32|
    |tmp332_fu_7602_p2          |     +    |      0|  0|   16|          32|          32|
    |tmp333_fu_7693_p2          |     +    |      0|  0|   32|          32|          32|
    |tmp334_fu_7628_p2          |     +    |      0|  0|   32|          32|          32|
    |tmp335_fu_7699_p2          |     +    |      0|  0|   16|          32|          32|
    |tmp336_fu_7759_p2          |     +    |      0|  0|   32|          32|          32|
    |tmp337_fu_7765_p2          |     +    |      0|  0|   32|          32|          32|
    |tmp338_fu_7769_p2          |     +    |      0|  0|   16|          32|          32|
    |tmp339_fu_7868_p2          |     +    |      0|  0|   32|          32|          32|
    |tmp340_fu_7795_p2          |     +    |      0|  0|   32|          32|          32|
    |tmp341_fu_7874_p2          |     +    |      0|  0|   16|          32|          32|
    |tmp342_fu_7926_p2          |     +    |      0|  0|   32|          32|          32|
    |tmp343_fu_7932_p2          |     +    |      0|  0|   32|          32|          32|
    |tmp344_fu_7936_p2          |     +    |      0|  0|   16|          32|          32|
    |tmp345_fu_8035_p2          |     +    |      0|  0|   32|          32|          32|
    |tmp346_fu_7962_p2          |     +    |      0|  0|   32|          32|          32|
    |tmp347_fu_8041_p2          |     +    |      0|  0|   16|          32|          32|
    |tmp348_fu_8093_p2          |     +    |      0|  0|   32|          32|          32|
    |tmp349_fu_8099_p2          |     +    |      0|  0|   32|          32|          32|
    |tmp350_fu_8103_p2          |     +    |      0|  0|   16|          32|          32|
    |tmp351_fu_8204_p2          |     +    |      0|  0|   32|          32|          32|
    |tmp352_fu_8137_p2          |     +    |      0|  0|   32|          32|          32|
    |tmp353_fu_8210_p2          |     +    |      0|  0|   16|          32|          32|
    |tmp354_fu_8261_p2          |     +    |      0|  0|   32|          32|          32|
    |tmp355_fu_8267_p2          |     +    |      0|  0|   32|          32|          32|
    |tmp356_fu_8271_p2          |     +    |      0|  0|   16|          32|          32|
    |tmp357_fu_8370_p2          |     +    |      0|  0|   32|          32|          32|
    |tmp358_fu_8297_p2          |     +    |      0|  0|   32|          32|          32|
    |tmp359_fu_8376_p2          |     +    |      0|  0|   16|          32|          32|
    |tmp360_fu_8428_p2          |     +    |      0|  0|   32|          32|          32|
    |tmp361_fu_8434_p2          |     +    |      0|  0|   32|          32|          32|
    |tmp362_fu_8438_p2          |     +    |      0|  0|   16|          32|          32|
    |tmp363_fu_8539_p2          |     +    |      0|  0|   32|          32|          32|
    |tmp364_fu_8472_p2          |     +    |      0|  0|   32|          32|          32|
    |tmp365_fu_8545_p2          |     +    |      0|  0|   16|          32|          32|
    |tmp366_fu_8596_p2          |     +    |      0|  0|   32|          32|          32|
    |tmp367_fu_8602_p2          |     +    |      0|  0|   32|          32|          32|
    |tmp368_fu_8606_p2          |     +    |      0|  0|   16|          32|          32|
    |tmp369_fu_8707_p2          |     +    |      0|  0|   32|          32|          32|
    |tmp370_fu_8640_p2          |     +    |      0|  0|   32|          32|          32|
    |tmp371_fu_8713_p2          |     +    |      0|  0|   16|          32|          32|
    |tmp372_fu_8764_p2          |     +    |      0|  0|   32|          32|          32|
    |tmp373_fu_8770_p2          |     +    |      0|  0|   32|          32|          32|
    |tmp374_fu_8774_p2          |     +    |      0|  0|   16|          32|          32|
    |tmp375_fu_8867_p2          |     +    |      0|  0|   32|          32|          32|
    |tmp376_fu_8808_p2          |     +    |      0|  0|   32|          32|          32|
    |tmp377_fu_8873_p2          |     +    |      0|  0|   16|          32|          32|
    |tmp378_fu_8924_p2          |     +    |      0|  0|   32|          32|          32|
    |tmp379_fu_8930_p2          |     +    |      0|  0|   32|          32|          32|
    |tmp380_fu_8934_p2          |     +    |      0|  0|   16|          32|          32|
    |tmp381_fu_9035_p2          |     +    |      0|  0|   32|          32|          32|
    |tmp382_fu_8968_p2          |     +    |      0|  0|   32|          32|          32|
    |tmp383_fu_9041_p2          |     +    |      0|  0|   16|          32|          32|
    |tmp384_fu_9102_p2          |     +    |      0|  0|   32|          32|          32|
    |tmp385_fu_9108_p2          |     +    |      0|  0|   32|          32|          32|
    |tmp386_fu_9112_p2          |     +    |      0|  0|   16|          32|          32|
    |tmp387_fu_9168_p2          |     +    |      0|  0|   32|          32|          32|
    |tmp388_fu_9174_p2          |     +    |      0|  0|   32|          32|          32|
    |tmp389_fu_9228_p2          |     +    |      0|  0|   16|          32|          32|
    |tmp391_fu_9268_p2          |     +    |      0|  0|   32|          32|          32|
    |tmp392_fu_9201_p2          |     +    |      0|  0|   32|          32|          32|
    |tmp393_fu_9274_p2          |     +    |      0|  0|   16|          32|          32|
    |tmp395_fu_9412_p2          |     +    |      0|  0|   32|          32|          32|
    |tmp396_fu_9299_p2          |     +    |      0|  0|   32|          32|          32|
    |tmp397_fu_9418_p2          |     +    |      0|  0|   16|          32|          32|
    |tmp399_fu_9460_p2          |     +    |      0|  0|   32|          32|          32|
    |tmp400_fu_9466_p2          |     +    |      0|  0|   32|          32|          32|
    |tmp401_fu_9470_p2          |     +    |      0|  0|   16|          32|          32|
    |tmp403_fu_9551_p2          |     +    |      0|  0|   32|          32|          32|
    |tmp404_fu_9496_p2          |     +    |      0|  0|   32|          32|          32|
    |tmp405_fu_9557_p2          |     +    |      0|  0|   16|          32|          32|
    |tmp407_fu_9599_p2          |     +    |      0|  0|   32|          32|          32|
    |tmp408_fu_9605_p2          |     +    |      0|  0|   32|          32|          32|
    |tmp409_fu_9609_p2          |     +    |      0|  0|   16|          32|          32|
    |tmp411_fu_9705_p2          |     +    |      0|  0|   32|          32|          32|
    |tmp412_fu_9635_p2          |     +    |      0|  0|   32|          32|          32|
    |tmp413_fu_9711_p2          |     +    |      0|  0|   16|          32|          32|
    |tmp415_fu_9754_p2          |     +    |      0|  0|   32|          32|          32|
    |tmp416_fu_9760_p2          |     +    |      0|  0|   32|          32|          32|
    |tmp417_fu_9764_p2          |     +    |      0|  0|   16|          32|          32|
    |tmp419_fu_9856_p2          |     +    |      0|  0|   32|          32|          32|
    |tmp420_fu_9798_p2          |     +    |      0|  0|   32|          32|          32|
    |tmp421_fu_9862_p2          |     +    |      0|  0|   16|          32|          32|
    |tmp423_fu_9903_p2          |     +    |      0|  0|   32|          32|          32|
    |tmp424_fu_9909_p2          |     +    |      0|  0|   32|          32|          32|
    |tmp425_fu_9913_p2          |     +    |      0|  0|   16|          32|          32|
    |tmp427_fu_9347_p2          |     +    |      0|  0|   32|          32|          32|
    |tmp428_fu_9998_p2          |     +    |      0|  0|   32|          32|          32|
    |tmp429_fu_10003_p2         |     +    |      0|  0|   16|          32|          32|
    |tmp431_fu_9352_p2          |     +    |      0|  0|   32|          32|          32|
    |tmp432_fu_10067_p2         |     +    |      0|  0|   32|          32|          32|
    |tmp433_fu_10071_p2         |     +    |      0|  0|   16|          32|          32|
    |tmp435_fu_9357_p2          |     +    |      0|  0|   32|          32|          32|
    |tmp436_fu_10135_p2         |     +    |      0|  0|   32|          32|          32|
    |tmp437_fu_10139_p2         |     +    |      0|  0|   16|          32|          32|
    |tmp439_fu_9362_p2          |     +    |      0|  0|   32|          32|          32|
    |tmp440_fu_10203_p2         |     +    |      0|  0|   32|          32|          32|
    |tmp441_fu_10207_p2         |     +    |      0|  0|   16|          32|          32|
    |tmp443_fu_9367_p2          |     +    |      0|  0|   32|          32|          32|
    |tmp444_fu_10271_p2         |     +    |      0|  0|   32|          32|          32|
    |tmp445_fu_10275_p2         |     +    |      0|  0|   16|          32|          32|
    |tmp447_fu_9372_p2          |     +    |      0|  0|   32|          32|          32|
    |tmp448_fu_10339_p2         |     +    |      0|  0|   32|          32|          32|
    |tmp449_fu_10343_p2         |     +    |      0|  0|   16|          32|          32|
    |tmp451_fu_9377_p2          |     +    |      0|  0|   32|          32|          32|
    |tmp452_fu_10407_p2         |     +    |      0|  0|   32|          32|          32|
    |tmp453_fu_10411_p2         |     +    |      0|  0|   16|          32|          32|
    |tmp455_fu_9382_p2          |     +    |      0|  0|   32|          32|          32|
    |tmp456_fu_10485_p2         |     +    |      0|  0|   32|          32|          32|
    |tmp457_fu_10489_p2         |     +    |      0|  0|   16|          32|          32|
    |tmp459_fu_9387_p2          |     +    |      0|  0|   32|          32|          32|
    |tmp460_fu_10567_p2         |     +    |      0|  0|   32|          32|          32|
    |tmp461_fu_10571_p2         |     +    |      0|  0|   16|          32|          32|
    |tmp463_fu_9392_p2          |     +    |      0|  0|   32|          32|          32|
    |tmp464_fu_10639_p2         |     +    |      0|  0|   32|          32|          32|
    |tmp465_fu_10643_p2         |     +    |      0|  0|   16|          32|          32|
    |tmp467_fu_10466_p2         |     +    |      0|  0|   16|          32|          32|
    |tmp468_fu_10470_p2         |     +    |      0|  0|   16|          32|          32|
    |tmp469_fu_10679_p2         |     +    |      0|  0|   32|          32|          32|
    |tmp470_fu_10683_p2         |     +    |      0|  0|   16|          32|          32|
    |tmp_71_fu_10688_p2         |     +    |      0|  0|   16|          32|          32|
    |tmp_72_fu_10693_p2         |     +    |      0|  0|   32|          32|          32|
    |tmp_73_fu_10675_p2         |     +    |      0|  0|   32|          32|          32|
    |tmp_74_fu_10635_p2         |     +    |      0|  0|   32|          32|          32|
    |tmp_75_fu_10563_p2         |     +    |      0|  0|   32|          32|          32|
    |tmp_100_fu_2986_p2         |    and   |      0|  0|   44|          32|          32|
    |tmp_102_fu_2995_p2         |    and   |      0|  0|   44|          32|          32|
    |tmp_119_fu_7577_p2         |    and   |      0|  0|   44|          32|          32|
    |tmp_120_fu_7582_p2         |    and   |      0|  0|   44|          32|          32|
    |tmp_37_10_fu_5356_p2       |    and   |      0|  0|   44|          32|          32|
    |tmp_37_11_fu_5415_p2       |    and   |      0|  0|   44|          32|          32|
    |tmp_37_12_fu_5529_p2       |    and   |      0|  0|   44|          32|          32|
    |tmp_37_13_fu_5587_p2       |    and   |      0|  0|   44|          32|          32|
    |tmp_37_14_fu_5689_p2       |    and   |      0|  0|   44|          32|          32|
    |tmp_37_15_fu_5748_p2       |    and   |      0|  0|   44|          32|          32|
    |tmp_37_16_fu_5864_p2       |    and   |      0|  0|   44|          32|          32|
    |tmp_37_17_fu_5924_p2       |    and   |      0|  0|   44|          32|          32|
    |tmp_37_18_fu_5989_p2       |    and   |      0|  0|   44|          32|          32|
    |tmp_37_1_fu_3726_p2        |    and   |      0|  0|   44|          32|          32|
    |tmp_37_2_fu_3785_p2        |    and   |      0|  0|   44|          32|          32|
    |tmp_37_3_fu_4280_p2        |    and   |      0|  0|   44|          32|          32|
    |tmp_37_4_fu_4344_p2        |    and   |      0|  0|   44|          32|          32|
    |tmp_37_5_fu_4603_p2        |    and   |      0|  0|   44|          32|          32|
    |tmp_37_6_fu_4662_p2        |    and   |      0|  0|   44|          32|          32|
    |tmp_37_7_fu_4873_p2        |    and   |      0|  0|   44|          32|          32|
    |tmp_37_8_fu_4931_p2        |    and   |      0|  0|   44|          32|          32|
    |tmp_37_9_fu_5165_p2        |    and   |      0|  0|   44|          32|          32|
    |tmp_37_s_fu_5224_p2        |    and   |      0|  0|   44|          32|          32|
    |tmp_39_10_fu_5366_p2       |    and   |      0|  0|   44|          32|          32|
    |tmp_39_11_fu_5424_p2       |    and   |      0|  0|   44|          32|          32|
    |tmp_39_12_fu_5538_p2       |    and   |      0|  0|   44|          32|          32|
    |tmp_39_13_fu_5596_p2       |    and   |      0|  0|   44|          32|          32|
    |tmp_39_14_fu_5698_p2       |    and   |      0|  0|   44|          32|          32|
    |tmp_39_15_fu_5757_p2       |    and   |      0|  0|   44|          32|          32|
    |tmp_39_16_fu_5874_p2       |    and   |      0|  0|   44|          32|          32|
    |tmp_39_17_fu_5933_p2       |    and   |      0|  0|   44|          32|          32|
    |tmp_39_18_fu_6000_p2       |    and   |      0|  0|   44|          32|          32|
    |tmp_39_1_fu_3736_p2        |    and   |      0|  0|   44|          32|          32|
    |tmp_39_2_fu_3794_p2        |    and   |      0|  0|   44|          32|          32|
    |tmp_39_3_fu_4289_p2        |    and   |      0|  0|   44|          32|          32|
    |tmp_39_4_fu_4354_p2        |    and   |      0|  0|   44|          32|          32|
    |tmp_39_5_fu_4613_p2        |    and   |      0|  0|   44|          32|          32|
    |tmp_39_6_fu_4671_p2        |    and   |      0|  0|   44|          32|          32|
    |tmp_39_7_fu_4882_p2        |    and   |      0|  0|   44|          32|          32|
    |tmp_39_8_fu_4940_p2        |    and   |      0|  0|   44|          32|          32|
    |tmp_39_9_fu_5174_p2        |    and   |      0|  0|   44|          32|          32|
    |tmp_39_s_fu_5233_p2        |    and   |      0|  0|   44|          32|          32|
    |tmp_62_10_fu_8524_p2       |    and   |      0|  0|   44|          32|          32|
    |tmp_62_11_fu_8581_p2       |    and   |      0|  0|   44|          32|          32|
    |tmp_62_12_fu_8692_p2       |    and   |      0|  0|   44|          32|          32|
    |tmp_62_13_fu_8749_p2       |    and   |      0|  0|   44|          32|          32|
    |tmp_62_14_fu_8852_p2       |    and   |      0|  0|   44|          32|          32|
    |tmp_62_15_fu_8909_p2       |    and   |      0|  0|   44|          32|          32|
    |tmp_62_16_fu_9019_p2       |    and   |      0|  0|   44|          32|          32|
    |tmp_62_17_fu_9085_p2       |    and   |      0|  0|   44|          32|          32|
    |tmp_62_18_fu_9151_p2       |    and   |      0|  0|   44|          32|          32|
    |tmp_62_1_fu_7678_p2        |    and   |      0|  0|   44|          32|          32|
    |tmp_62_2_fu_7743_p2        |    and   |      0|  0|   44|          32|          32|
    |tmp_62_3_fu_7853_p2        |    and   |      0|  0|   44|          32|          32|
    |tmp_62_4_fu_7911_p2        |    and   |      0|  0|   44|          32|          32|
    |tmp_62_5_fu_8020_p2        |    and   |      0|  0|   44|          32|          32|
    |tmp_62_6_fu_8078_p2        |    and   |      0|  0|   44|          32|          32|
    |tmp_62_7_fu_8189_p2        |    and   |      0|  0|   44|          32|          32|
    |tmp_62_8_fu_8246_p2        |    and   |      0|  0|   44|          32|          32|
    |tmp_62_9_fu_8355_p2        |    and   |      0|  0|   44|          32|          32|
    |tmp_62_s_fu_8413_p2        |    and   |      0|  0|   44|          32|          32|
    |tmp_63_10_fu_8529_p2       |    and   |      0|  0|   44|          32|          32|
    |tmp_63_11_fu_8586_p2       |    and   |      0|  0|   44|          32|          32|
    |tmp_63_12_fu_8697_p2       |    and   |      0|  0|   44|          32|          32|
    |tmp_63_13_fu_8754_p2       |    and   |      0|  0|   44|          32|          32|
    |tmp_63_14_fu_8857_p2       |    and   |      0|  0|   44|          32|          32|
    |tmp_63_15_fu_8914_p2       |    and   |      0|  0|   44|          32|          32|
    |tmp_63_16_fu_9024_p2       |    and   |      0|  0|   44|          32|          32|
    |tmp_63_17_fu_9090_p2       |    and   |      0|  0|   44|          32|          32|
    |tmp_63_18_fu_9157_p2       |    and   |      0|  0|   44|          32|          32|
    |tmp_63_1_fu_7683_p2        |    and   |      0|  0|   44|          32|          32|
    |tmp_63_2_fu_7748_p2        |    and   |      0|  0|   44|          32|          32|
    |tmp_63_3_fu_7858_p2        |    and   |      0|  0|   44|          32|          32|
    |tmp_63_4_fu_7916_p2        |    and   |      0|  0|   44|          32|          32|
    |tmp_63_5_fu_8025_p2        |    and   |      0|  0|   44|          32|          32|
    |tmp_63_6_fu_8083_p2        |    and   |      0|  0|   44|          32|          32|
    |tmp_63_7_fu_8194_p2        |    and   |      0|  0|   44|          32|          32|
    |tmp_63_8_fu_8251_p2        |    and   |      0|  0|   44|          32|          32|
    |tmp_63_9_fu_8360_p2        |    and   |      0|  0|   44|          32|          32|
    |tmp_63_s_fu_8418_p2        |    and   |      0|  0|   44|          32|          32|
    |tmp_103_fu_3000_p2         |    or    |      0|  0|   44|          32|          32|
    |tmp_117_fu_7573_p2         |    or    |      0|  0|   44|          32|          32|
    |tmp_122_fu_7586_p2         |    or    |      0|  0|   44|          32|          32|
    |tmp_40_10_fu_5371_p2       |    or    |      0|  0|   44|          32|          32|
    |tmp_40_11_fu_5430_p2       |    or    |      0|  0|   44|          32|          32|
    |tmp_40_12_fu_5543_p2       |    or    |      0|  0|   44|          32|          32|
    |tmp_40_13_fu_5601_p2       |    or    |      0|  0|   44|          32|          32|
    |tmp_40_14_fu_5703_p2       |    or    |      0|  0|   44|          32|          32|
    |tmp_40_15_fu_5762_p2       |    or    |      0|  0|   44|          32|          32|
    |tmp_40_16_fu_5879_p2       |    or    |      0|  0|   44|          32|          32|
    |tmp_40_17_fu_5939_p2       |    or    |      0|  0|   44|          32|          32|
    |tmp_40_18_fu_6005_p2       |    or    |      0|  0|   44|          32|          32|
    |tmp_40_1_fu_3741_p2        |    or    |      0|  0|   44|          32|          32|
    |tmp_40_2_fu_3800_p2        |    or    |      0|  0|   44|          32|          32|
    |tmp_40_3_fu_4294_p2        |    or    |      0|  0|   44|          32|          32|
    |tmp_40_4_fu_4359_p2        |    or    |      0|  0|   44|          32|          32|
    |tmp_40_5_fu_4618_p2        |    or    |      0|  0|   44|          32|          32|
    |tmp_40_6_fu_4677_p2        |    or    |      0|  0|   44|          32|          32|
    |tmp_40_7_fu_4887_p2        |    or    |      0|  0|   44|          32|          32|
    |tmp_40_8_fu_4945_p2        |    or    |      0|  0|   44|          32|          32|
    |tmp_40_9_fu_5179_p2        |    or    |      0|  0|   44|          32|          32|
    |tmp_40_s_fu_5238_p2        |    or    |      0|  0|   44|          32|          32|
    |tmp_61_10_fu_8520_p2       |    or    |      0|  0|   44|          32|          32|
    |tmp_61_11_fu_8577_p2       |    or    |      0|  0|   44|          32|          32|
    |tmp_61_12_fu_8688_p2       |    or    |      0|  0|   44|          32|          32|
    |tmp_61_13_fu_8745_p2       |    or    |      0|  0|   44|          32|          32|
    |tmp_61_14_fu_8848_p2       |    or    |      0|  0|   44|          32|          32|
    |tmp_61_15_fu_8905_p2       |    or    |      0|  0|   44|          32|          32|
    |tmp_61_16_fu_9014_p2       |    or    |      0|  0|   44|          32|          32|
    |tmp_61_17_fu_9079_p2       |    or    |      0|  0|   44|          32|          32|
    |tmp_61_18_fu_9146_p2       |    or    |      0|  0|   44|          32|          32|
    |tmp_61_1_fu_7674_p2        |    or    |      0|  0|   44|          32|          32|
    |tmp_61_2_fu_7738_p2        |    or    |      0|  0|   44|          32|          32|
    |tmp_61_3_fu_7849_p2        |    or    |      0|  0|   44|          32|          32|
    |tmp_61_4_fu_7907_p2        |    or    |      0|  0|   44|          32|          32|
    |tmp_61_5_fu_8016_p2        |    or    |      0|  0|   44|          32|          32|
    |tmp_61_6_fu_8074_p2        |    or    |      0|  0|   44|          32|          32|
    |tmp_61_7_fu_8185_p2        |    or    |      0|  0|   44|          32|          32|
    |tmp_61_8_fu_8242_p2        |    or    |      0|  0|   44|          32|          32|
    |tmp_61_9_fu_8351_p2        |    or    |      0|  0|   44|          32|          32|
    |tmp_61_s_fu_8409_p2        |    or    |      0|  0|   44|          32|          32|
    |tmp_64_10_fu_8533_p2       |    or    |      0|  0|   44|          32|          32|
    |tmp_64_11_fu_8590_p2       |    or    |      0|  0|   44|          32|          32|
    |tmp_64_12_fu_8701_p2       |    or    |      0|  0|   44|          32|          32|
    |tmp_64_13_fu_8758_p2       |    or    |      0|  0|   44|          32|          32|
    |tmp_64_14_fu_8861_p2       |    or    |      0|  0|   44|          32|          32|
    |tmp_64_15_fu_8918_p2       |    or    |      0|  0|   44|          32|          32|
    |tmp_64_16_fu_9029_p2       |    or    |      0|  0|   44|          32|          32|
    |tmp_64_17_fu_9096_p2       |    or    |      0|  0|   44|          32|          32|
    |tmp_64_18_fu_9162_p2       |    or    |      0|  0|   44|          32|          32|
    |tmp_64_1_fu_7687_p2        |    or    |      0|  0|   44|          32|          32|
    |tmp_64_2_fu_7753_p2        |    or    |      0|  0|   44|          32|          32|
    |tmp_64_3_fu_7862_p2        |    or    |      0|  0|   44|          32|          32|
    |tmp_64_4_fu_7920_p2        |    or    |      0|  0|   44|          32|          32|
    |tmp_64_5_fu_8029_p2        |    or    |      0|  0|   44|          32|          32|
    |tmp_64_6_fu_8087_p2        |    or    |      0|  0|   44|          32|          32|
    |tmp_64_7_fu_8198_p2        |    or    |      0|  0|   44|          32|          32|
    |tmp_64_8_fu_8255_p2        |    or    |      0|  0|   44|          32|          32|
    |tmp_64_9_fu_8364_p2        |    or    |      0|  0|   44|          32|          32|
    |tmp_64_s_fu_8422_p2        |    or    |      0|  0|   44|          32|          32|
    |tmp101_fu_3219_p2          |    xor   |      0|  0|   44|          32|          32|
    |tmp102_fu_3224_p2          |    xor   |      0|  0|   44|          32|          32|
    |tmp104_fu_3254_p2          |    xor   |      0|  0|   44|          32|          32|
    |tmp105_fu_3259_p2          |    xor   |      0|  0|   44|          32|          32|
    |tmp107_fu_3289_p2          |    xor   |      0|  0|   44|          32|          32|
    |tmp108_fu_3294_p2          |    xor   |      0|  0|   44|          32|          32|
    |tmp110_fu_3325_p2          |    xor   |      0|  0|   44|          32|          32|
    |tmp111_fu_3330_p2          |    xor   |      0|  0|   44|          32|          32|
    |tmp113_fu_3360_p2          |    xor   |      0|  0|   44|          32|          32|
    |tmp114_fu_3365_p2          |    xor   |      0|  0|   44|          32|          32|
    |tmp116_fu_3396_p2          |    xor   |      0|  0|   44|          32|          32|
    |tmp117_fu_3401_p2          |    xor   |      0|  0|   44|          32|          32|
    |tmp119_fu_3432_p2          |    xor   |      0|  0|   44|          32|          32|
    |tmp120_fu_3437_p2          |    xor   |      0|  0|   44|          32|          32|
    |tmp122_fu_3468_p2          |    xor   |      0|  0|   44|          32|          32|
    |tmp123_fu_3473_p2          |    xor   |      0|  0|   44|          32|          32|
    |tmp125_fu_3504_p2          |    xor   |      0|  0|   44|          32|          32|
    |tmp126_fu_3510_p2          |    xor   |      0|  0|   44|          32|          32|
    |tmp128_fu_3541_p2          |    xor   |      0|  0|   44|          32|          32|
    |tmp129_fu_3546_p2          |    xor   |      0|  0|   44|          32|          32|
    |tmp131_fu_3577_p2          |    xor   |      0|  0|   44|          32|          32|
    |tmp132_fu_3583_p2          |    xor   |      0|  0|   44|          32|          32|
    |tmp134_fu_3615_p2          |    xor   |      0|  0|   44|          32|          32|
    |tmp135_fu_3621_p2          |    xor   |      0|  0|   44|          32|          32|
    |tmp137_fu_3883_p2          |    xor   |      0|  0|   44|          32|          32|
    |tmp138_fu_3887_p2          |    xor   |      0|  0|   44|          32|          32|
    |tmp140_fu_3652_p2          |    xor   |      0|  0|   44|          32|          32|
    |tmp141_fu_3658_p2          |    xor   |      0|  0|   44|          32|          32|
    |tmp143_fu_3690_p2          |    xor   |      0|  0|   44|          32|          32|
    |tmp144_fu_3696_p2          |    xor   |      0|  0|   44|          32|          32|
    |tmp146_fu_3923_p2          |    xor   |      0|  0|   44|          32|          32|
    |tmp147_fu_3928_p2          |    xor   |      0|  0|   44|          32|          32|
    |tmp149_fu_3958_p2          |    xor   |      0|  0|   44|          32|          32|
    |tmp150_fu_3962_p2          |    xor   |      0|  0|   44|          32|          32|
    |tmp152_fu_3992_p2          |    xor   |      0|  0|   44|          32|          32|
    |tmp153_fu_3997_p2          |    xor   |      0|  0|   44|          32|          32|
    |tmp154_fu_4027_p2          |    xor   |      0|  0|   44|          32|          32|
    |tmp155_fu_4032_p2          |    xor   |      0|  0|   44|          32|          32|
    |tmp156_fu_4062_p2          |    xor   |      0|  0|   44|          32|          32|
    |tmp157_fu_4067_p2          |    xor   |      0|  0|   44|          32|          32|
    |tmp158_fu_4097_p2          |    xor   |      0|  0|   44|          32|          32|
    |tmp159_fu_4102_p2          |    xor   |      0|  0|   44|          32|          32|
    |tmp160_fu_4457_p2          |    xor   |      0|  0|   44|          32|          32|
    |tmp161_fu_4461_p2          |    xor   |      0|  0|   44|          32|          32|
    |tmp162_fu_4133_p2          |    xor   |      0|  0|   44|          32|          32|
    |tmp163_fu_4138_p2          |    xor   |      0|  0|   44|          32|          32|
    |tmp164_fu_4169_p2          |    xor   |      0|  0|   44|          32|          32|
    |tmp165_fu_4174_p2          |    xor   |      0|  0|   44|          32|          32|
    |tmp166_fu_4491_p2          |    xor   |      0|  0|   44|          32|          32|
    |tmp167_fu_4496_p2          |    xor   |      0|  0|   44|          32|          32|
    |tmp168_fu_4205_p2          |    xor   |      0|  0|   44|          32|          32|
    |tmp169_fu_4210_p2          |    xor   |      0|  0|   44|          32|          32|
    |tmp170_fu_4242_p2          |    xor   |      0|  0|   44|          32|          32|
    |tmp171_fu_4248_p2          |    xor   |      0|  0|   44|          32|          32|
    |tmp172_fu_4526_p2          |    xor   |      0|  0|   44|          32|          32|
    |tmp173_fu_4531_p2          |    xor   |      0|  0|   44|          32|          32|
    |tmp174_fu_4562_p2          |    xor   |      0|  0|   44|          32|          32|
    |tmp175_fu_4566_p2          |    xor   |      0|  0|   44|          32|          32|
    |tmp176_fu_4776_p2          |    xor   |      0|  0|   44|          32|          32|
    |tmp177_fu_4780_p2          |    xor   |      0|  0|   44|          32|          32|
    |tmp178_fu_4811_p2          |    xor   |      0|  0|   44|          32|          32|
    |tmp179_fu_4815_p2          |    xor   |      0|  0|   44|          32|          32|
    |tmp180_fu_5027_p2          |    xor   |      0|  0|   44|          32|          32|
    |tmp181_fu_5031_p2          |    xor   |      0|  0|   44|          32|          32|
    |tmp182_fu_5062_p2          |    xor   |      0|  0|   44|          32|          32|
    |tmp183_fu_5066_p2          |    xor   |      0|  0|   44|          32|          32|
    |tmp184_fu_4846_p2          |    xor   |      0|  0|   44|          32|          32|
    |tmp185_fu_4851_p2          |    xor   |      0|  0|   44|          32|          32|
    |tmp186_fu_5097_p2          |    xor   |      0|  0|   44|          32|          32|
    |tmp187_fu_5102_p2          |    xor   |      0|  0|   44|          32|          32|
    |tmp188_fu_5124_p2          |    xor   |      0|  0|   44|          32|          32|
    |tmp189_fu_5129_p2          |    xor   |      0|  0|   44|          32|          32|
    |tmp1_fu_2014_p2            |    xor   |      0|  0|   44|          32|          32|
    |tmp20_fu_2052_p2           |    xor   |      0|  0|   44|          32|          32|
    |tmp21_fu_2058_p2           |    xor   |      0|  0|   44|          32|          32|
    |tmp23_fu_2090_p2           |    xor   |      0|  0|   44|          32|          32|
    |tmp24_fu_2096_p2           |    xor   |      0|  0|   44|          32|          32|
    |tmp250_fu_6101_p2          |    xor   |      0|  0|   44|          32|          32|
    |tmp254_fu_6197_p2          |    xor   |      0|  0|   44|          32|          32|
    |tmp258_fu_6244_p2          |    xor   |      0|  0|   44|          32|          32|
    |tmp262_fu_6345_p2          |    xor   |      0|  0|   44|          32|          32|
    |tmp266_fu_6392_p2          |    xor   |      0|  0|   44|          32|          32|
    |tmp26_fu_2128_p2           |    xor   |      0|  0|   44|          32|          32|
    |tmp270_fu_6493_p2          |    xor   |      0|  0|   44|          32|          32|
    |tmp274_fu_6540_p2          |    xor   |      0|  0|   44|          32|          32|
    |tmp278_fu_6641_p2          |    xor   |      0|  0|   44|          32|          32|
    |tmp27_fu_2134_p2           |    xor   |      0|  0|   44|          32|          32|
    |tmp282_fu_6688_p2          |    xor   |      0|  0|   44|          32|          32|
    |tmp286_fu_6789_p2          |    xor   |      0|  0|   44|          32|          32|
    |tmp290_fu_6836_p2          |    xor   |      0|  0|   44|          32|          32|
    |tmp294_fu_6937_p2          |    xor   |      0|  0|   44|          32|          32|
    |tmp298_fu_6984_p2          |    xor   |      0|  0|   44|          32|          32|
    |tmp29_fu_2350_p2           |    xor   |      0|  0|   44|          32|          32|
    |tmp2_fu_2020_p2            |    xor   |      0|  0|   44|          32|          32|
    |tmp302_fu_7083_p2          |    xor   |      0|  0|   44|          32|          32|
    |tmp306_fu_7131_p2          |    xor   |      0|  0|   44|          32|          32|
    |tmp30_fu_2354_p2           |    xor   |      0|  0|   44|          32|          32|
    |tmp310_fu_7232_p2          |    xor   |      0|  0|   44|          32|          32|
    |tmp314_fu_7279_p2          |    xor   |      0|  0|   44|          32|          32|
    |tmp318_fu_7378_p2          |    xor   |      0|  0|   44|          32|          32|
    |tmp322_fu_7426_p2          |    xor   |      0|  0|   44|          32|          32|
    |tmp326_fu_7471_p2          |    xor   |      0|  0|   44|          32|          32|
    |tmp32_fu_2166_p2           |    xor   |      0|  0|   44|          32|          32|
    |tmp33_fu_2172_p2           |    xor   |      0|  0|   44|          32|          32|
    |tmp35_fu_2204_p2           |    xor   |      0|  0|   44|          32|          32|
    |tmp36_fu_2210_p2           |    xor   |      0|  0|   44|          32|          32|
    |tmp38_fu_2384_p2           |    xor   |      0|  0|   44|          32|          32|
    |tmp390_fu_9259_p2          |    xor   |      0|  0|   44|          32|          32|
    |tmp394_fu_9403_p2          |    xor   |      0|  0|   44|          32|          32|
    |tmp398_fu_9451_p2          |    xor   |      0|  0|   44|          32|          32|
    |tmp39_fu_2389_p2           |    xor   |      0|  0|   44|          32|          32|
    |tmp402_fu_9542_p2          |    xor   |      0|  0|   44|          32|          32|
    |tmp406_fu_9590_p2          |    xor   |      0|  0|   44|          32|          32|
    |tmp410_fu_9695_p2          |    xor   |      0|  0|   44|          32|          32|
    |tmp414_fu_9744_p2          |    xor   |      0|  0|   44|          32|          32|
    |tmp418_fu_9847_p2          |    xor   |      0|  0|   44|          32|          32|
    |tmp41_fu_2419_p2           |    xor   |      0|  0|   44|          32|          32|
    |tmp422_fu_9894_p2          |    xor   |      0|  0|   44|          32|          32|
    |tmp426_fu_9989_p2          |    xor   |      0|  0|   44|          32|          32|
    |tmp42_fu_2423_p2           |    xor   |      0|  0|   44|          32|          32|
    |tmp430_fu_10058_p2         |    xor   |      0|  0|   44|          32|          32|
    |tmp434_fu_10126_p2         |    xor   |      0|  0|   44|          32|          32|
    |tmp438_fu_10194_p2         |    xor   |      0|  0|   44|          32|          32|
    |tmp442_fu_10262_p2         |    xor   |      0|  0|   44|          32|          32|
    |tmp446_fu_10330_p2         |    xor   |      0|  0|   44|          32|          32|
    |tmp44_fu_2453_p2           |    xor   |      0|  0|   44|          32|          32|
    |tmp450_fu_10398_p2         |    xor   |      0|  0|   44|          32|          32|
    |tmp454_fu_10476_p2         |    xor   |      0|  0|   44|          32|          32|
    |tmp458_fu_10522_p2         |    xor   |      0|  0|   44|          32|          32|
    |tmp45_fu_2457_p2           |    xor   |      0|  0|   44|          32|          32|
    |tmp462_fu_10531_p2         |    xor   |      0|  0|   44|          32|          32|
    |tmp466_fu_10603_p2         |    xor   |      0|  0|   44|          32|          32|
    |tmp47_fu_2487_p2           |    xor   |      0|  0|   44|          32|          32|
    |tmp48_fu_2492_p2           |    xor   |      0|  0|   44|          32|          32|
    |tmp50_fu_2522_p2           |    xor   |      0|  0|   44|          32|          32|
    |tmp51_fu_2527_p2           |    xor   |      0|  0|   44|          32|          32|
    |tmp53_fu_2557_p2           |    xor   |      0|  0|   44|          32|          32|
    |tmp54_fu_2562_p2           |    xor   |      0|  0|   44|          32|          32|
    |tmp56_fu_2593_p2           |    xor   |      0|  0|   44|          32|          32|
    |tmp57_fu_2598_p2           |    xor   |      0|  0|   44|          32|          32|
    |tmp59_fu_2628_p2           |    xor   |      0|  0|   44|          32|          32|
    |tmp60_fu_2633_p2           |    xor   |      0|  0|   44|          32|          32|
    |tmp62_fu_2663_p2           |    xor   |      0|  0|   44|          32|          32|
    |tmp63_fu_2668_p2           |    xor   |      0|  0|   44|          32|          32|
    |tmp65_fu_2699_p2           |    xor   |      0|  0|   44|          32|          32|
    |tmp66_fu_2704_p2           |    xor   |      0|  0|   44|          32|          32|
    |tmp68_fu_2735_p2           |    xor   |      0|  0|   44|          32|          32|
    |tmp69_fu_2740_p2           |    xor   |      0|  0|   44|          32|          32|
    |tmp71_fu_2771_p2           |    xor   |      0|  0|   44|          32|          32|
    |tmp72_fu_2777_p2           |    xor   |      0|  0|   44|          32|          32|
    |tmp74_fu_2808_p2           |    xor   |      0|  0|   44|          32|          32|
    |tmp75_fu_2813_p2           |    xor   |      0|  0|   44|          32|          32|
    |tmp77_fu_2844_p2           |    xor   |      0|  0|   44|          32|          32|
    |tmp78_fu_2849_p2           |    xor   |      0|  0|   44|          32|          32|
    |tmp80_fu_2881_p2           |    xor   |      0|  0|   44|          32|          32|
    |tmp81_fu_2887_p2           |    xor   |      0|  0|   44|          32|          32|
    |tmp83_fu_3075_p2           |    xor   |      0|  0|   44|          32|          32|
    |tmp84_fu_3079_p2           |    xor   |      0|  0|   44|          32|          32|
    |tmp86_fu_2918_p2           |    xor   |      0|  0|   44|          32|          32|
    |tmp87_fu_2924_p2           |    xor   |      0|  0|   44|          32|          32|
    |tmp89_fu_2956_p2           |    xor   |      0|  0|   44|          32|          32|
    |tmp90_fu_2962_p2           |    xor   |      0|  0|   44|          32|          32|
    |tmp92_fu_3115_p2           |    xor   |      0|  0|   44|          32|          32|
    |tmp93_fu_3120_p2           |    xor   |      0|  0|   44|          32|          32|
    |tmp95_fu_3150_p2           |    xor   |      0|  0|   44|          32|          32|
    |tmp96_fu_3154_p2           |    xor   |      0|  0|   44|          32|          32|
    |tmp98_fu_3184_p2           |    xor   |      0|  0|   44|          32|          32|
    |tmp99_fu_3189_p2           |    xor   |      0|  0|   44|          32|          32|
    |tmp_101_fu_2990_p2         |    xor   |      0|  0|   44|          32|           2|
    |tmp_111_fu_6105_p2         |    xor   |      0|  0|   44|          32|          32|
    |tmp_126_fu_9263_p2         |    xor   |      0|  0|   44|          32|          32|
    |tmp_38_10_fu_5361_p2       |    xor   |      0|  0|   44|          32|           2|
    |tmp_38_11_fu_5419_p2       |    xor   |      0|  0|   44|          32|           2|
    |tmp_38_12_fu_5533_p2       |    xor   |      0|  0|   44|          32|           2|
    |tmp_38_13_fu_5591_p2       |    xor   |      0|  0|   44|          32|           2|
    |tmp_38_14_fu_5693_p2       |    xor   |      0|  0|   44|          32|           2|
    |tmp_38_15_fu_5752_p2       |    xor   |      0|  0|   44|          32|           2|
    |tmp_38_16_fu_5869_p2       |    xor   |      0|  0|   44|          32|           2|
    |tmp_38_17_fu_5928_p2       |    xor   |      0|  0|   44|          32|           2|
    |tmp_38_18_fu_5994_p2       |    xor   |      0|  0|   44|          32|           2|
    |tmp_38_1_fu_3731_p2        |    xor   |      0|  0|   44|          32|           2|
    |tmp_38_2_fu_3789_p2        |    xor   |      0|  0|   44|          32|           2|
    |tmp_38_3_fu_4284_p2        |    xor   |      0|  0|   44|          32|           2|
    |tmp_38_4_fu_4349_p2        |    xor   |      0|  0|   44|          32|           2|
    |tmp_38_5_fu_4608_p2        |    xor   |      0|  0|   44|          32|           2|
    |tmp_38_6_fu_4666_p2        |    xor   |      0|  0|   44|          32|           2|
    |tmp_38_7_fu_4877_p2        |    xor   |      0|  0|   44|          32|           2|
    |tmp_38_8_fu_4935_p2        |    xor   |      0|  0|   44|          32|           2|
    |tmp_38_9_fu_5169_p2        |    xor   |      0|  0|   44|          32|           2|
    |tmp_38_s_fu_5228_p2        |    xor   |      0|  0|   44|          32|           2|
    |tmp_51_10_fu_6941_p2       |    xor   |      0|  0|   44|          32|          32|
    |tmp_51_11_fu_6988_p2       |    xor   |      0|  0|   44|          32|          32|
    |tmp_51_12_fu_7087_p2       |    xor   |      0|  0|   44|          32|          32|
    |tmp_51_13_fu_7135_p2       |    xor   |      0|  0|   44|          32|          32|
    |tmp_51_14_fu_7236_p2       |    xor   |      0|  0|   44|          32|          32|
    |tmp_51_15_fu_7283_p2       |    xor   |      0|  0|   44|          32|          32|
    |tmp_51_16_fu_7382_p2       |    xor   |      0|  0|   44|          32|          32|
    |tmp_51_17_fu_7430_p2       |    xor   |      0|  0|   44|          32|          32|
    |tmp_51_18_fu_7476_p2       |    xor   |      0|  0|   44|          32|          32|
    |tmp_51_1_fu_6201_p2        |    xor   |      0|  0|   44|          32|          32|
    |tmp_51_2_fu_6248_p2        |    xor   |      0|  0|   44|          32|          32|
    |tmp_51_3_fu_6349_p2        |    xor   |      0|  0|   44|          32|          32|
    |tmp_51_4_fu_6396_p2        |    xor   |      0|  0|   44|          32|          32|
    |tmp_51_5_fu_6497_p2        |    xor   |      0|  0|   44|          32|          32|
    |tmp_51_6_fu_6544_p2        |    xor   |      0|  0|   44|          32|          32|
    |tmp_51_7_fu_6645_p2        |    xor   |      0|  0|   44|          32|          32|
    |tmp_51_8_fu_6692_p2        |    xor   |      0|  0|   44|          32|          32|
    |tmp_51_9_fu_6793_p2        |    xor   |      0|  0|   44|          32|          32|
    |tmp_51_s_fu_6840_p2        |    xor   |      0|  0|   44|          32|          32|
    |tmp_80_10_fu_10130_p2      |    xor   |      0|  0|   44|          32|          32|
    |tmp_80_11_fu_10198_p2      |    xor   |      0|  0|   44|          32|          32|
    |tmp_80_12_fu_10266_p2      |    xor   |      0|  0|   44|          32|          32|
    |tmp_80_13_fu_10334_p2      |    xor   |      0|  0|   44|          32|          32|
    |tmp_80_14_fu_10402_p2      |    xor   |      0|  0|   44|          32|          32|
    |tmp_80_15_fu_10480_p2      |    xor   |      0|  0|   44|          32|          32|
    |tmp_80_16_fu_10526_p2      |    xor   |      0|  0|   44|          32|          32|
    |tmp_80_17_fu_10536_p2      |    xor   |      0|  0|   44|          32|          32|
    |tmp_80_18_fu_10608_p2      |    xor   |      0|  0|   44|          32|          32|
    |tmp_80_1_fu_9407_p2        |    xor   |      0|  0|   44|          32|          32|
    |tmp_80_2_fu_9455_p2        |    xor   |      0|  0|   44|          32|          32|
    |tmp_80_3_fu_9546_p2        |    xor   |      0|  0|   44|          32|          32|
    |tmp_80_4_fu_9594_p2        |    xor   |      0|  0|   44|          32|          32|
    |tmp_80_5_fu_9699_p2        |    xor   |      0|  0|   44|          32|          32|
    |tmp_80_6_fu_9749_p2        |    xor   |      0|  0|   44|          32|          32|
    |tmp_80_7_fu_9851_p2        |    xor   |      0|  0|   44|          32|          32|
    |tmp_80_8_fu_9898_p2        |    xor   |      0|  0|   44|          32|          32|
    |tmp_80_9_fu_9993_p2        |    xor   |      0|  0|   44|          32|          32|
    |tmp_80_s_fu_10062_p2       |    xor   |      0|  0|   44|          32|          32|
    |word_assign_10_fu_2531_p2  |    xor   |      0|  0|   44|          32|          32|
    |word_assign_11_fu_2567_p2  |    xor   |      0|  0|   44|          32|          32|
    |word_assign_12_fu_2602_p2  |    xor   |      0|  0|   44|          32|          32|
    |word_assign_13_fu_2637_p2  |    xor   |      0|  0|   44|          32|          32|
    |word_assign_14_fu_2673_p2  |    xor   |      0|  0|   44|          32|          32|
    |word_assign_15_fu_2709_p2  |    xor   |      0|  0|   44|          32|          32|
    |word_assign_16_fu_2745_p2  |    xor   |      0|  0|   44|          32|          32|
    |word_assign_17_fu_2782_p2  |    xor   |      0|  0|   44|          32|          32|
    |word_assign_18_fu_2818_p2  |    xor   |      0|  0|   44|          32|          32|
    |word_assign_19_fu_2855_p2  |    xor   |      0|  0|   44|          32|          32|
    |word_assign_1_fu_2064_p2   |    xor   |      0|  0|   44|          32|          32|
    |word_assign_20_fu_2892_p2  |    xor   |      0|  0|   44|          32|          32|
    |word_assign_21_fu_3083_p2  |    xor   |      0|  0|   44|          32|          32|
    |word_assign_22_fu_2930_p2  |    xor   |      0|  0|   44|          32|          32|
    |word_assign_23_fu_2968_p2  |    xor   |      0|  0|   44|          32|          32|
    |word_assign_24_fu_3124_p2  |    xor   |      0|  0|   44|          32|          32|
    |word_assign_25_fu_3158_p2  |    xor   |      0|  0|   44|          32|          32|
    |word_assign_26_fu_3193_p2  |    xor   |      0|  0|   44|          32|          32|
    |word_assign_27_fu_3228_p2  |    xor   |      0|  0|   44|          32|          32|
    |word_assign_28_fu_3263_p2  |    xor   |      0|  0|   44|          32|          32|
    |word_assign_29_fu_3299_p2  |    xor   |      0|  0|   44|          32|          32|
    |word_assign_2_fu_2358_p2   |    xor   |      0|  0|   44|          32|          32|
    |word_assign_30_fu_3334_p2  |    xor   |      0|  0|   44|          32|          32|
    |word_assign_31_fu_3370_p2  |    xor   |      0|  0|   44|          32|          32|
    |word_assign_32_fu_3406_p2  |    xor   |      0|  0|   44|          32|          32|
    |word_assign_33_fu_3442_p2  |    xor   |      0|  0|   44|          32|          32|
    |word_assign_34_fu_3478_p2  |    xor   |      0|  0|   44|          32|          32|
    |word_assign_35_fu_3515_p2  |    xor   |      0|  0|   44|          32|          32|
    |word_assign_36_fu_3551_p2  |    xor   |      0|  0|   44|          32|          32|
    |word_assign_37_fu_3589_p2  |    xor   |      0|  0|   44|          32|          32|
    |word_assign_38_fu_3626_p2  |    xor   |      0|  0|   44|          32|          32|
    |word_assign_39_fu_3891_p2  |    xor   |      0|  0|   44|          32|          32|
    |word_assign_3_fu_2140_p2   |    xor   |      0|  0|   44|          32|          32|
    |word_assign_40_fu_3664_p2  |    xor   |      0|  0|   44|          32|          32|
    |word_assign_41_fu_3702_p2  |    xor   |      0|  0|   44|          32|          32|
    |word_assign_42_fu_3932_p2  |    xor   |      0|  0|   44|          32|          32|
    |word_assign_43_fu_3966_p2  |    xor   |      0|  0|   44|          32|          32|
    |word_assign_44_fu_4001_p2  |    xor   |      0|  0|   44|          32|          32|
    |word_assign_45_fu_4036_p2  |    xor   |      0|  0|   44|          32|          32|
    |word_assign_46_fu_4071_p2  |    xor   |      0|  0|   44|          32|          32|
    |word_assign_47_fu_4107_p2  |    xor   |      0|  0|   44|          32|          32|
    |word_assign_48_fu_4465_p2  |    xor   |      0|  0|   44|          32|          32|
    |word_assign_49_fu_4143_p2  |    xor   |      0|  0|   44|          32|          32|
    |word_assign_4_fu_2216_p2   |    xor   |      0|  0|   44|          32|          32|
    |word_assign_50_fu_4179_p2  |    xor   |      0|  0|   44|          32|          32|
    |word_assign_51_fu_4500_p2  |    xor   |      0|  0|   44|          32|          32|
    |word_assign_52_fu_4215_p2  |    xor   |      0|  0|   44|          32|          32|
    |word_assign_53_fu_4253_p2  |    xor   |      0|  0|   44|          32|          32|
    |word_assign_54_fu_4535_p2  |    xor   |      0|  0|   44|          32|          32|
    |word_assign_55_fu_4570_p2  |    xor   |      0|  0|   44|          32|          32|
    |word_assign_56_fu_4784_p2  |    xor   |      0|  0|   44|          32|          32|
    |word_assign_57_fu_4819_p2  |    xor   |      0|  0|   44|          32|          32|
    |word_assign_58_fu_5035_p2  |    xor   |      0|  0|   44|          32|          32|
    |word_assign_59_fu_5070_p2  |    xor   |      0|  0|   44|          32|          32|
    |word_assign_5_fu_2178_p2   |    xor   |      0|  0|   44|          32|          32|
    |word_assign_60_fu_4855_p2  |    xor   |      0|  0|   44|          32|          32|
    |word_assign_61_fu_5106_p2  |    xor   |      0|  0|   44|          32|          32|
    |word_assign_62_fu_5133_p2  |    xor   |      0|  0|   44|          32|          32|
    |word_assign_6_fu_2427_p2   |    xor   |      0|  0|   44|          32|          32|
    |word_assign_7_fu_2393_p2   |    xor   |      0|  0|   44|          32|          32|
    |word_assign_8_fu_2461_p2   |    xor   |      0|  0|   44|          32|          32|
    |word_assign_9_fu_2496_p2   |    xor   |      0|  0|   44|          32|          32|
    |word_assign_fu_2026_p2     |    xor   |      0|  0|   44|          32|          32|
    |word_assign_s_fu_2102_p2   |    xor   |      0|  0|   44|          32|          32|
    +---------------------------+----------+-------+---+-----+------------+------------+
    |Total                      |          |      0|  0|26816|       24224|       23624|
    +---------------------------+----------+-------+---+-----+------------+------------+

    * Multiplexer: 
    +------------+-----+-----------+-----+-----------+
    |    Name    | LUT | Input Size| Bits| Total Bits|
    +------------+-----+-----------+-----+-----------+
    |K_address0  |    2|          5|    2|         10|
    |W_address0  |   91|         47|    7|        329|
    |W_address1  |   91|         46|    7|        322|
    |W_d0        |  384|         42|   32|       1344|
    |W_d1        |  384|         40|   32|       1280|
    |ap_NS_fsm   |   90|         50|    1|         50|
    +------------+-----+-----------+-----+-----------+
    |Total       | 1042|        230|   81|       3335|
    +------------+-----+-----------+-----+-----------+

    * Register: 
    +---------------------+-----+----+-----+-----------+
    |         Name        |  FF | LUT| Bits| Const Bits|
    +---------------------+-----+----+-----+-----------+
    |A_reg_10900          |   32|   0|   32|          0|
    |B_reg_10907          |   32|   0|   32|          0|
    |C_1_10_reg_11657     |   32|   0|   32|          0|
    |C_1_11_reg_11664     |   32|   0|   32|          0|
    |C_1_12_reg_11703     |   32|   0|   32|          0|
    |C_1_13_reg_11710     |   32|   0|   32|          0|
    |C_1_14_reg_11749     |   32|   0|   32|          0|
    |C_1_16_reg_11793     |   32|   0|   32|          0|
    |C_1_17_reg_11800     |   32|   0|   32|          0|
    |C_1_18_reg_11832     |   32|   0|   32|          0|
    |C_1_1_reg_10950      |   32|   0|   32|          0|
    |C_1_2_reg_11121      |   32|   0|   32|          0|
    |C_1_3_reg_11433      |   32|   0|   32|          0|
    |C_1_5_reg_11455      |   32|   0|   32|          0|
    |C_1_6_reg_11462      |   32|   0|   32|          0|
    |C_1_7_reg_11527      |   32|   0|   32|          0|
    |C_1_8_reg_11534      |   32|   0|   32|          0|
    |C_1_9_reg_11593      |   32|   0|   32|          0|
    |C_2_10_reg_12091     |   32|   0|   32|          0|
    |C_2_11_reg_12098     |   32|   0|   32|          0|
    |C_2_12_reg_12130     |   32|   0|   32|          0|
    |C_2_13_reg_12137     |   32|   0|   32|          0|
    |C_2_14_reg_12164     |   32|   0|   32|          0|
    |C_2_15_reg_12171     |   32|   0|   32|          0|
    |C_2_16_reg_12203     |   32|   0|   32|          0|
    |C_2_17_reg_12210     |   32|   0|   32|          0|
    |C_2_18_reg_12243     |   32|   0|   32|          0|
    |C_2_1_reg_11881      |   32|   0|   32|          0|
    |C_2_2_reg_11888      |   32|   0|   32|          0|
    |C_2_3_reg_11925      |   32|   0|   32|          0|
    |C_2_4_reg_11932      |   32|   0|   32|          0|
    |C_2_5_reg_11969      |   32|   0|   32|          0|
    |C_2_6_reg_11976      |   32|   0|   32|          0|
    |C_2_7_reg_12013      |   32|   0|   32|          0|
    |C_2_8_reg_12020      |   32|   0|   32|          0|
    |C_2_9_reg_12057      |   32|   0|   32|          0|
    |C_2_reg_11844        |   32|   0|   32|          0|
    |C_2_s_reg_12064      |   32|   0|   32|          0|
    |C_3_10_reg_12499     |   32|   0|   32|          0|
    |C_3_11_reg_12508     |   32|   0|   32|          0|
    |C_3_12_reg_12537     |   32|   0|   32|          0|
    |C_3_13_reg_12546     |   32|   0|   32|          0|
    |C_3_14_reg_12575     |   32|   0|   32|          0|
    |C_3_17_reg_12624     |   32|   0|   32|          0|
    |C_3_18_reg_12652     |   32|   0|   32|          0|
    |C_3_1_reg_12310      |   32|   0|   32|          0|
    |C_3_2_reg_12296      |   32|   0|   32|          0|
    |C_3_3_reg_12337      |   32|   0|   32|          0|
    |C_3_4_reg_12346      |   32|   0|   32|          0|
    |C_3_5_reg_12380      |   32|   0|   32|          0|
    |C_3_6_reg_12389      |   32|   0|   32|          0|
    |C_3_7_reg_12418      |   32|   0|   32|          0|
    |C_3_8_reg_12427      |   32|   0|   32|          0|
    |C_3_9_reg_12461      |   32|   0|   32|          0|
    |C_3_reg_12252        |   32|   0|   32|          0|
    |C_3_s_reg_12470      |   32|   0|   32|          0|
    |C_4_10_reg_12919     |   32|   0|   32|          0|
    |C_4_11_reg_12936     |   32|   0|   32|          0|
    |C_4_12_reg_12953     |   32|   0|   32|          0|
    |C_4_13_reg_12970     |   32|   0|   32|          0|
    |C_4_14_reg_12987     |   32|   0|   32|          0|
    |C_4_15_reg_13004     |   32|   0|   32|          0|
    |C_4_16_reg_13021     |   32|   0|   32|          0|
    |C_4_17_reg_13048     |   32|   0|   32|          0|
    |C_4_18_reg_13069     |   32|   0|   32|          0|
    |C_4_1_reg_12696      |   32|   0|   32|          0|
    |C_4_2_reg_12703      |   32|   0|   32|          0|
    |C_4_3_reg_12785      |   32|   0|   32|          0|
    |C_4_5_reg_12827      |   32|   0|   32|          0|
    |C_4_6_reg_12834      |   32|   0|   32|          0|
    |C_4_7_reg_12861      |   32|   0|   32|          0|
    |C_4_8_reg_12868      |   32|   0|   32|          0|
    |C_4_9_reg_12895      |   32|   0|   32|          0|
    |C_4_reg_12664        |   32|   0|   32|          0|
    |C_4_s_reg_12902      |   32|   0|   32|          0|
    |C_reg_10914          |   32|   0|   32|          0|
    |D_reg_10922          |   32|   0|   32|          0|
    |E_reg_10929          |   32|   0|   32|          0|
    |W_load_10_reg_12032  |   32|   0|   32|          0|
    |W_load_1_reg_11851   |   32|   0|   32|          0|
    |W_load_2_reg_11856   |   32|   0|   32|          0|
    |W_load_3_reg_11895   |   32|   0|   32|          0|
    |W_load_4_reg_11900   |   32|   0|   32|          0|
    |W_load_5_reg_11939   |   32|   0|   32|          0|
    |W_load_6_reg_11944   |   32|   0|   32|          0|
    |W_load_7_reg_11983   |   32|   0|   32|          0|
    |W_load_8_reg_11988   |   32|   0|   32|          0|
    |W_load_9_reg_12027   |   32|   0|   32|          0|
    |W_load_reg_11807     |   32|   0|   32|          0|
    |ap_CS_fsm            |   49|   0|   49|          0|
    |reg_1178             |   32|   0|   32|          0|
    |temp_10_reg_11681    |   32|   0|   32|          0|
    |temp_11_reg_11687    |   32|   0|   32|          0|
    |temp_12_reg_11722    |   32|   0|   32|          0|
    |temp_13_reg_11728    |   32|   0|   32|          0|
    |temp_14_reg_11766    |   32|   0|   32|          0|
    |temp_15_reg_11772    |   32|   0|   32|          0|
    |temp_17_reg_11812    |   32|   0|   32|          0|
    |temp_18_reg_11861    |   32|   0|   32|          0|
    |temp_19_reg_11866    |   32|   0|   32|          0|
    |temp_1_10_reg_12105  |   32|   0|   32|          0|
    |temp_1_11_reg_12110  |   32|   0|   32|          0|
    |temp_1_12_reg_12144  |   32|   0|   32|          0|
    |temp_1_13_reg_12149  |   32|   0|   32|          0|
    |temp_1_14_reg_12178  |   32|   0|   32|          0|
    |temp_1_15_reg_12183  |   32|   0|   32|          0|
    |temp_1_17_reg_12218  |   32|   0|   32|          0|
    |temp_1_18_reg_12261  |   32|   0|   32|          0|
    |temp_1_1_reg_11905   |   32|   0|   32|          0|
    |temp_1_2_reg_11910   |   32|   0|   32|          0|
    |temp_1_3_reg_11949   |   32|   0|   32|          0|
    |temp_1_4_reg_11954   |   32|   0|   32|          0|
    |temp_1_5_reg_11993   |   32|   0|   32|          0|
    |temp_1_6_reg_11998   |   32|   0|   32|          0|
    |temp_1_7_reg_12037   |   32|   0|   32|          0|
    |temp_1_8_reg_12042   |   32|   0|   32|          0|
    |temp_1_9_reg_12071   |   32|   0|   32|          0|
    |temp_1_reg_11289     |   32|   0|   32|          0|
    |temp_1_s_reg_12076   |   32|   0|   32|          0|
    |temp_20_reg_12266    |   32|   0|   32|          0|
    |temp_21_reg_12676    |   32|   0|   32|          0|
    |temp_2_10_reg_12517  |   32|   0|   32|          0|
    |temp_2_11_reg_12522  |   32|   0|   32|          0|
    |temp_2_12_reg_12555  |   32|   0|   32|          0|
    |temp_2_13_reg_12560  |   32|   0|   32|          0|
    |temp_2_14_reg_12594  |   32|   0|   32|          0|
    |temp_2_15_reg_12599  |   32|   0|   32|          0|
    |temp_2_17_reg_12632  |   32|   0|   32|          0|
    |temp_2_18_reg_12671  |   32|   0|   32|          0|
    |temp_2_1_reg_12305   |   32|   0|   32|          0|
    |temp_2_2_reg_12317   |   32|   0|   32|          0|
    |temp_2_3_reg_12355   |   32|   0|   32|          0|
    |temp_2_4_reg_12360   |   32|   0|   32|          0|
    |temp_2_5_reg_12398   |   32|   0|   32|          0|
    |temp_2_6_reg_12403   |   32|   0|   32|          0|
    |temp_2_7_reg_12436   |   32|   0|   32|          0|
    |temp_2_8_reg_12441   |   32|   0|   32|          0|
    |temp_2_9_reg_12479   |   32|   0|   32|          0|
    |temp_2_reg_11427     |   32|   0|   32|          0|
    |temp_2_s_reg_12484   |   32|   0|   32|          0|
    |temp_3_10_reg_12943  |   32|   0|   32|          0|
    |temp_3_11_reg_12960  |   32|   0|   32|          0|
    |temp_3_12_reg_12977  |   32|   0|   32|          0|
    |temp_3_13_reg_12994  |   32|   0|   32|          0|
    |temp_3_14_reg_13011  |   32|   0|   32|          0|
    |temp_3_17_reg_13079  |   32|   0|   32|          0|
    |temp_3_1_reg_12760   |   32|   0|   32|          0|
    |temp_3_2_reg_12765   |   32|   0|   32|          0|
    |temp_3_3_reg_12802   |   32|   0|   32|          0|
    |temp_3_4_reg_12807   |   32|   0|   32|          0|
    |temp_3_5_reg_12841   |   32|   0|   32|          0|
    |temp_3_6_reg_12846   |   32|   0|   32|          0|
    |temp_3_7_reg_12875   |   32|   0|   32|          0|
    |temp_3_8_reg_12880   |   32|   0|   32|          0|
    |temp_3_9_reg_12909   |   32|   0|   32|          0|
    |temp_3_reg_11641     |   32|   0|   32|          0|
    |temp_3_s_reg_12926   |   32|   0|   32|          0|
    |temp_4_reg_11439     |   32|   0|   32|          0|
    |temp_5_reg_11505     |   32|   0|   32|          0|
    |temp_6_reg_11511     |   32|   0|   32|          0|
    |temp_7_reg_11566     |   32|   0|   32|          0|
    |temp_8_reg_11572     |   32|   0|   32|          0|
    |temp_9_reg_11635     |   32|   0|   32|          0|
    |temp_reg_11105       |   32|   0|   32|          0|
    |temp_s_reg_11283     |   32|   0|   32|          0|
    |tmp194_reg_11116     |   32|   0|   32|          0|
    |tmp200_reg_11300     |   32|   0|   32|          0|
    |tmp206_reg_11450     |   32|   0|   32|          0|
    |tmp212_reg_11522     |   32|   0|   32|          0|
    |tmp218_reg_11588     |   32|   0|   32|          0|
    |tmp224_reg_11652     |   32|   0|   32|          0|
    |tmp230_reg_11698     |   32|   0|   32|          0|
    |tmp236_reg_11744     |   32|   0|   32|          0|
    |tmp242_reg_11788     |   32|   0|   32|          0|
    |tmp247_reg_11822     |   32|   0|   32|          0|
    |tmp248_reg_11827     |   32|   0|   32|          0|
    |tmp252_reg_11839     |   32|   0|   32|          0|
    |tmp256_reg_11876     |   32|   0|   32|          0|
    |tmp264_reg_11920     |   32|   0|   32|          0|
    |tmp272_reg_11964     |   32|   0|   32|          0|
    |tmp280_reg_12008     |   32|   0|   32|          0|
    |tmp288_reg_12052     |   32|   0|   32|          0|
    |tmp296_reg_12086     |   32|   0|   32|          0|
    |tmp304_reg_12125     |   32|   0|   32|          0|
    |tmp312_reg_12159     |   32|   0|   32|          0|
    |tmp320_reg_12198     |   32|   0|   32|          0|
    |tmp327_reg_12233     |   32|   0|   32|          0|
    |tmp328_reg_12238     |   32|   0|   32|          0|
    |tmp334_reg_12281     |   32|   0|   32|          0|
    |tmp340_reg_12332     |   32|   0|   32|          0|
    |tmp346_reg_12375     |   32|   0|   32|          0|
    |tmp352_reg_12413     |   32|   0|   32|          0|
    |tmp358_reg_12456     |   32|   0|   32|          0|
    |tmp364_reg_12494     |   32|   0|   32|          0|
    |tmp370_reg_12532     |   32|   0|   32|          0|
    |tmp376_reg_12570     |   32|   0|   32|          0|
    |tmp382_reg_12609     |   32|   0|   32|          0|
    |tmp387_reg_12642     |   32|   0|   32|          0|
    |tmp388_reg_12647     |   32|   0|   32|          0|
    |tmp392_reg_12659     |   32|   0|   32|          0|
    |tmp396_reg_12691     |   32|   0|   32|          0|
    |tmp404_reg_12780     |   32|   0|   32|          0|
    |tmp412_reg_12822     |   32|   0|   32|          0|
    |tmp420_reg_12856     |   32|   0|   32|          0|
    |tmp427_reg_12710     |   32|   0|   32|          0|
    |tmp431_reg_12715     |   32|   0|   32|          0|
    |tmp435_reg_12720     |   32|   0|   32|          0|
    |tmp439_reg_12725     |   32|   0|   32|          0|
    |tmp443_reg_12730     |   32|   0|   32|          0|
    |tmp447_reg_12735     |   32|   0|   32|          0|
    |tmp451_reg_12740     |   32|   0|   32|          0|
    |tmp455_reg_12745     |   32|   0|   32|          0|
    |tmp459_reg_12750     |   32|   0|   32|          0|
    |tmp463_reg_12755     |   32|   0|   32|          0|
    |tmp468_reg_13028     |   32|   0|   32|          0|
    |tmp_104_reg_10945    |   30|   0|   30|          0|
    |tmp_141_reg_11095    |   31|   0|   31|          0|
    |tmp_142_reg_11100    |    1|   0|    1|          0|
    |tmp_177_reg_11273    |   31|   0|   31|          0|
    |tmp_178_reg_11278    |    1|   0|    1|          0|
    |tmp_18_10_reg_10801  |   32|   0|   32|          0|
    |tmp_18_11_reg_10809  |   32|   0|   32|          0|
    |tmp_18_12_reg_10818  |   32|   0|   32|          0|
    |tmp_18_13_reg_10826  |   32|   0|   32|          0|
    |tmp_18_14_reg_10834  |   32|   0|   32|          0|
    |tmp_18_1_reg_10733   |   32|   0|   32|          0|
    |tmp_18_2_reg_10739   |   32|   0|   32|          0|
    |tmp_18_3_reg_10745   |   32|   0|   32|          0|
    |tmp_18_4_reg_10751   |   32|   0|   32|          0|
    |tmp_18_5_reg_10758   |   32|   0|   32|          0|
    |tmp_18_6_reg_10764   |   32|   0|   32|          0|
    |tmp_18_7_reg_10771   |   32|   0|   32|          0|
    |tmp_18_8_reg_10778   |   32|   0|   32|          0|
    |tmp_18_9_reg_10785   |   32|   0|   32|          0|
    |tmp_18_s_reg_10793   |   32|   0|   32|          0|
    |tmp_193_reg_10940    |    2|   0|    2|          0|
    |tmp_216_reg_11556    |   31|   0|   31|          0|
    |tmp_217_reg_11561    |    1|   0|    1|          0|
    |tmp_218_reg_11620    |   31|   0|   31|          0|
    |tmp_219_reg_11625    |    1|   0|    1|          0|
    |tmp_229_reg_11305    |    2|   0|    2|          0|
    |tmp_231_reg_11315    |    2|   0|    2|          0|
    |tmp_240_reg_11578    |   27|   0|   27|          0|
    |tmp_243_reg_11600    |    2|   0|    2|          0|
    |tmp_252_reg_11734    |   27|   0|   27|          0|
    |tmp_255_reg_11756    |    2|   0|    2|          0|
    |tmp_256_reg_11778    |   27|   0|   27|          0|
    |tmp_303_reg_12115    |   27|   0|   27|          0|
    |tmp_319_reg_12188    |   27|   0|   27|          0|
    |tmp_327_reg_12223    |   27|   0|   27|          0|
    |tmp_32_10_reg_10990  |   32|   0|   32|          0|
    |tmp_32_11_reg_10998  |   32|   0|   32|          0|
    |tmp_32_12_reg_11006  |   32|   0|   32|          0|
    |tmp_32_13_reg_11014  |   32|   0|   32|          0|
    |tmp_32_14_reg_11023  |   32|   0|   32|          0|
    |tmp_32_15_reg_11031  |   32|   0|   32|          0|
    |tmp_32_16_reg_11039  |   32|   0|   32|          0|
    |tmp_32_17_reg_11048  |   32|   0|   32|          0|
    |tmp_32_18_reg_11057  |   32|   0|   32|          0|
    |tmp_32_19_reg_11067  |   32|   0|   32|          0|
    |tmp_32_1_reg_10852   |   32|   0|   32|          0|
    |tmp_32_20_reg_11076  |   32|   0|   32|          0|
    |tmp_32_21_reg_11128  |   32|   0|   32|          0|
    |tmp_32_22_reg_11085  |   32|   0|   32|          0|
    |tmp_32_23_reg_11134  |   32|   0|   32|          0|
    |tmp_32_24_reg_11141  |   32|   0|   32|          0|
    |tmp_32_25_reg_11147  |   32|   0|   32|          0|
    |tmp_32_26_reg_11154  |   32|   0|   32|          0|
    |tmp_32_27_reg_11161  |   32|   0|   32|          0|
    |tmp_32_28_reg_11168  |   32|   0|   32|          0|
    |tmp_32_29_reg_11176  |   32|   0|   32|          0|
    |tmp_32_2_reg_10862   |   32|   0|   32|          0|
    |tmp_32_30_reg_11184  |   32|   0|   32|          0|
    |tmp_32_31_reg_11192  |   32|   0|   32|          0|
    |tmp_32_32_reg_11201  |   32|   0|   32|          0|
    |tmp_32_33_reg_11209  |   32|   0|   32|          0|
    |tmp_32_34_reg_11217  |   32|   0|   32|          0|
    |tmp_32_35_reg_11226  |   32|   0|   32|          0|
    |tmp_32_36_reg_11235  |   32|   0|   32|          0|
    |tmp_32_37_reg_11245  |   32|   0|   32|          0|
    |tmp_32_38_reg_11254  |   32|   0|   32|          0|
    |tmp_32_39_reg_11325  |   32|   0|   32|          0|
    |tmp_32_3_reg_10871   |   32|   0|   32|          0|
    |tmp_32_40_reg_11263  |   32|   0|   32|          0|
    |tmp_32_41_reg_11332  |   32|   0|   32|          0|
    |tmp_32_42_reg_11340  |   32|   0|   32|          0|
    |tmp_32_43_reg_11348  |   32|   0|   32|          0|
    |tmp_32_44_reg_11357  |   32|   0|   32|          0|
    |tmp_32_45_reg_11365  |   32|   0|   32|          0|
    |tmp_32_46_reg_11374  |   32|   0|   32|          0|
    |tmp_32_47_reg_11383  |   32|   0|   32|          0|
    |tmp_32_48_reg_11469  |   32|   0|   32|          0|
    |tmp_32_49_reg_11391  |   32|   0|   32|          0|
    |tmp_32_4_reg_10957   |   32|   0|   32|          0|
    |tmp_32_50_reg_11398  |   32|   0|   32|          0|
    |tmp_32_51_reg_11477  |   32|   0|   32|          0|
    |tmp_32_52_reg_11405  |   32|   0|   32|          0|
    |tmp_32_53_reg_11416  |   32|   0|   32|          0|
    |tmp_32_54_reg_11484  |   32|   0|   32|          0|
    |tmp_32_55_reg_11495  |   32|   0|   32|          0|
    |tmp_32_56_reg_11541  |   32|   0|   32|          0|
    |tmp_32_5_reg_10880   |   32|   0|   32|          0|
    |tmp_32_62_reg_11630  |   32|   0|   32|          0|
    |tmp_32_6_reg_10890   |   32|   0|   32|          0|
    |tmp_32_7_reg_10963   |   32|   0|   32|          0|
    |tmp_32_8_reg_10969   |   32|   0|   32|          0|
    |tmp_32_9_reg_10976   |   32|   0|   32|          0|
    |tmp_32_s_reg_10983   |   32|   0|   32|          0|
    |tmp_334_reg_12271    |   27|   0|   27|          0|
    |tmp_336_reg_12286    |    2|   0|    2|          0|
    |tmp_340_reg_12322    |   27|   0|   27|          0|
    |tmp_346_reg_12365    |   27|   0|   27|          0|
    |tmp_358_reg_12446    |   27|   0|   27|          0|
    |tmp_35_14_reg_11739  |    5|   0|    5|          0|
    |tmp_35_16_reg_11783  |    5|   0|    5|          0|
    |tmp_35_9_reg_11583   |    5|   0|    5|          0|
    |tmp_36_10_reg_11647  |   32|   0|   32|          0|
    |tmp_36_12_reg_11693  |   32|   0|   32|          0|
    |tmp_36_18_reg_11817  |   32|   0|   32|          0|
    |tmp_36_1_reg_11111   |   32|   0|   32|          0|
    |tmp_36_3_reg_11295   |   32|   0|   32|          0|
    |tmp_36_5_reg_11445   |   32|   0|   32|          0|
    |tmp_36_7_reg_11517   |   32|   0|   32|          0|
    |tmp_381_reg_12584    |    2|   0|    2|          0|
    |tmp_384_reg_12614    |    2|   0|    2|          0|
    |tmp_395_reg_12681    |   27|   0|   27|          0|
    |tmp_403_reg_12770    |   27|   0|   27|          0|
    |tmp_410_reg_12792    |    2|   0|    2|          0|
    |tmp_411_reg_12812    |   27|   0|   27|          0|
    |tmp_427_reg_12885    |   27|   0|   27|          0|
    |tmp_46_15_reg_11761  |   30|   0|   30|          0|
    |tmp_46_3_reg_11310   |   30|   0|   30|          0|
    |tmp_46_4_reg_11320   |   30|   0|   30|          0|
    |tmp_46_s_reg_11605   |   30|   0|   30|          0|
    |tmp_48_12_reg_12120  |    5|   0|    5|          0|
    |tmp_48_16_reg_12193  |    5|   0|    5|          0|
    |tmp_48_18_reg_12228  |    5|   0|    5|          0|
    |tmp_49_10_reg_12081  |   32|   0|   32|          0|
    |tmp_49_14_reg_12154  |   32|   0|   32|          0|
    |tmp_49_1_reg_11871   |   32|   0|   32|          0|
    |tmp_49_3_reg_11915   |   32|   0|   32|          0|
    |tmp_49_5_reg_11959   |   32|   0|   32|          0|
    |tmp_49_7_reg_12003   |   32|   0|   32|          0|
    |tmp_49_9_reg_12047   |   32|   0|   32|          0|
    |tmp_59_1_reg_12276   |    5|   0|    5|          0|
    |tmp_59_3_reg_12327   |    5|   0|    5|          0|
    |tmp_59_5_reg_12370   |    5|   0|    5|          0|
    |tmp_59_9_reg_12451   |    5|   0|    5|          0|
    |tmp_60_10_reg_12489  |   32|   0|   32|          0|
    |tmp_60_12_reg_12527  |   32|   0|   32|          0|
    |tmp_60_14_reg_12565  |   32|   0|   32|          0|
    |tmp_60_16_reg_12604  |   32|   0|   32|          0|
    |tmp_60_18_reg_12637  |   32|   0|   32|          0|
    |tmp_60_7_reg_12408   |   32|   0|   32|          0|
    |tmp_66_reg_10843     |   32|   0|   32|          0|
    |tmp_70_15_reg_12589  |   30|   0|   30|          0|
    |tmp_70_16_reg_12619  |   30|   0|   30|          0|
    |tmp_70_1_reg_12291   |   30|   0|   30|          0|
    |tmp_73_reg_13089     |   32|   0|   32|          0|
    |tmp_74_reg_13074     |   32|   0|   32|          0|
    |tmp_75_reg_13054     |   32|   0|   32|          0|
    |tmp_77_1_reg_12686   |    5|   0|    5|          0|
    |tmp_77_3_reg_12775   |    5|   0|    5|          0|
    |tmp_77_5_reg_12817   |    5|   0|    5|          0|
    |tmp_77_9_reg_12890   |    5|   0|    5|          0|
    |tmp_78_10_reg_12931  |   32|   0|   32|          0|
    |tmp_78_11_reg_12948  |   32|   0|   32|          0|
    |tmp_78_12_reg_12965  |   32|   0|   32|          0|
    |tmp_78_13_reg_12982  |   32|   0|   32|          0|
    |tmp_78_14_reg_12999  |   32|   0|   32|          0|
    |tmp_78_15_reg_13016  |   32|   0|   32|          0|
    |tmp_78_16_reg_13033  |   32|   0|   32|          0|
    |tmp_78_17_reg_13059  |   32|   0|   32|          0|
    |tmp_78_18_reg_13084  |   32|   0|   32|          0|
    |tmp_78_7_reg_12851   |   32|   0|   32|          0|
    |tmp_78_s_reg_12914   |   32|   0|   32|          0|
    |tmp_7_reg_10727      |   32|   0|   32|          0|
    |tmp_80_16_reg_13038  |   32|   0|   32|          0|
    |tmp_80_17_reg_13043  |   32|   0|   32|          0|
    |tmp_80_18_reg_13064  |   32|   0|   32|          0|
    |tmp_86_4_reg_12797   |   30|   0|   30|          0|
    |tmp_99_reg_10935     |   32|   0|   32|          0|
    +---------------------+-----+----+-----+-----------+
    |Total                |11377|   0|11377|          0|
    +---------------------+-----+----+-----+-----------+



================================================================
== Interface
================================================================
* Summary: 
+------------------+-----+-----+------------+-------------------------+--------------+
|     RTL Ports    | Dir | Bits|  Protocol  |      Source Object      |    C Type    |
+------------------+-----+-----+------------+-------------------------+--------------+
|ap_clk            |  in |    1| ap_ctrl_hs | SHA1ProcessMessageBlock | return value |
|ap_rst            |  in |    1| ap_ctrl_hs | SHA1ProcessMessageBlock | return value |
|ap_start          |  in |    1| ap_ctrl_hs | SHA1ProcessMessageBlock | return value |
|ap_done           | out |    1| ap_ctrl_hs | SHA1ProcessMessageBlock | return value |
|ap_idle           | out |    1| ap_ctrl_hs | SHA1ProcessMessageBlock | return value |
|ap_ready          | out |    1| ap_ctrl_hs | SHA1ProcessMessageBlock | return value |
|context_i         |  in |  688|   ap_ovld  |         context         |    pointer   |
|context_o         | out |  688|   ap_ovld  |         context         |    pointer   |
|context_o_ap_vld  | out |    1|   ap_ovld  |         context         |    pointer   |
+------------------+-----+-----+------------+-------------------------+--------------+

