

================================================================
== Vivado HLS Report for 'SHA1ProcessMessageBlock'
================================================================
* Date:           Thu Sep  1 01:17:16 2016

* Version:        2016.1 (Build 1538259 on Fri Apr 08 16:12:49 MDT 2016)
* Project:        sha1
* Solution:       solution7
* Product family: zynq
* Target device:  xc7z020clg484-1


================================================================
== Performance Estimates
================================================================
+ Timing (ns): 
    * Summary: 
    +--------+-------+----------+------------+
    |  Clock | Target| Estimated| Uncertainty|
    +--------+-------+----------+------------+
    |ap_clk  |  10.00|      8.40|        1.25|
    +--------+-------+----------+------------+

+ Latency (clock cycles): 
    * Summary: 
    +-----+-----+-----+-----+---------+
    |  Latency  |  Interval | Pipeline|
    | min | max | min | max |   Type  |
    +-----+-----+-----+-----+---------+
    |  159|  159|  160|  160|   none  |
    +-----+-----+-----+-----+---------+

    + Detail: 
        * Instance: 
        +------------------------------------------------------+-------------------------------------------+-----+-----+-----+-----+---------+
        |                                                      |                                           |  Latency  |  Interval | Pipeline|
        |                       Instance                       |                   Module                  | min | max | min | max |   Type  |
        +------------------------------------------------------+-------------------------------------------+-----+-----+-----+-----+---------+
        |grp_SHA1ProcessMessageBlock_SHA1CircularShift_fu_347  |SHA1ProcessMessageBlock_SHA1CircularShift  |    0|    0|    0|    0|   none  |
        |grp_SHA1ProcessMessageBlock_SHA1CircularShift_fu_355  |SHA1ProcessMessageBlock_SHA1CircularShift  |    0|    0|    0|    0|   none  |
        |grp_SHA1ProcessMessageBlock_SHA1CircularShift_fu_364  |SHA1ProcessMessageBlock_SHA1CircularShift  |    0|    0|    0|    0|   none  |
        |grp_SHA1ProcessMessageBlock_SHA1CircularShift_fu_373  |SHA1ProcessMessageBlock_SHA1CircularShift  |    0|    0|    0|    0|   none  |
        |grp_SHA1ProcessMessageBlock_SHA1CircularShift_fu_380  |SHA1ProcessMessageBlock_SHA1CircularShift  |    0|    0|    0|    0|   none  |
        +------------------------------------------------------+-------------------------------------------+-----+-----+-----+-----+---------+

        * Loop: 
        N/A



================================================================
== Utilization Estimates
================================================================
* Summary: 
+-----------------+---------+-------+--------+-------+
|       Name      | BRAM_18K| DSP48E|   FF   |  LUT  |
+-----------------+---------+-------+--------+-------+
|DSP              |        -|      -|       -|      -|
|Expression       |        -|      -|       0|  21048|
|FIFO             |        -|      -|       -|      -|
|Instance         |        -|      -|       0|   1135|
|Memory           |        1|      -|       0|      0|
|Multiplexer      |        -|      -|       -|   2772|
|Register         |        -|      -|    5632|      -|
+-----------------+---------+-------+--------+-------+
|Total            |        1|      0|    5632|  24955|
+-----------------+---------+-------+--------+-------+
|Available        |      280|    220|  106400|  53200|
+-----------------+---------+-------+--------+-------+
|Utilization (%)  |    ~0   |      0|       5|     46|
+-----------------+---------+-------+--------+-------+

+ Detail: 
    * Instance: 
    +------------------------------------------------------+-------------------------------------------+---------+-------+---+-----+
    |                       Instance                       |                   Module                  | BRAM_18K| DSP48E| FF| LUT |
    +------------------------------------------------------+-------------------------------------------+---------+-------+---+-----+
    |grp_SHA1ProcessMessageBlock_SHA1CircularShift_fu_347  |SHA1ProcessMessageBlock_SHA1CircularShift  |        0|      0|  0|  227|
    |grp_SHA1ProcessMessageBlock_SHA1CircularShift_fu_355  |SHA1ProcessMessageBlock_SHA1CircularShift  |        0|      0|  0|  227|
    |grp_SHA1ProcessMessageBlock_SHA1CircularShift_fu_364  |SHA1ProcessMessageBlock_SHA1CircularShift  |        0|      0|  0|  227|
    |grp_SHA1ProcessMessageBlock_SHA1CircularShift_fu_373  |SHA1ProcessMessageBlock_SHA1CircularShift  |        0|      0|  0|  227|
    |grp_SHA1ProcessMessageBlock_SHA1CircularShift_fu_380  |SHA1ProcessMessageBlock_SHA1CircularShift  |        0|      0|  0|  227|
    +------------------------------------------------------+-------------------------------------------+---------+-------+---+-----+
    |Total                                                 |                                           |        0|      0|  0| 1135|
    +------------------------------------------------------+-------------------------------------------+---------+-------+---+-----+

    * DSP48: 
    N/A

    * Memory: 
    +-------+---------------------------+---------+---+----+------+-----+------+-------------+
    | Memory|           Module          | BRAM_18K| FF| LUT| Words| Bits| Banks| W*Bits*Banks|
    +-------+---------------------------+---------+---+----+------+-----+------+-------------+
    |K_U    |SHA1ProcessMessageBlock_K  |        1|  0|   0|     4|   32|     1|          128|
    +-------+---------------------------+---------+---+----+------+-----+------+-------------+
    |Total  |                           |        1|  0|   0|     4|   32|     1|          128|
    +-------+---------------------------+---------+---+----+------+-----+------+-------------+

    * FIFO: 
    N/A

    * Expression: 
    +----------------------+----------+-------+---+-----+------------+------------+
    |     Variable Name    | Operation| DSP48E| FF| LUT | Bitwidth P0| Bitwidth P1|
    +----------------------+----------+-------+---+-----+------------+------------+
    |grp_fu_484_p2         |     +    |      0|  0|   32|          32|          32|
    |grp_fu_490_p2         |     +    |      0|  0|   32|          32|          32|
    |grp_fu_496_p2         |     +    |      0|  0|   32|          32|          32|
    |grp_fu_502_p2         |     +    |      0|  0|   32|          32|          32|
    |grp_fu_508_p2         |     +    |      0|  0|   32|          32|          32|
    |grp_fu_514_p2         |     +    |      0|  0|   32|          32|          32|
    |grp_fu_887_p2         |     +    |      0|  0|   32|          32|          32|
    |grp_fu_991_p2         |     +    |      0|  0|   32|          32|          32|
    |grp_fu_997_p2         |     +    |      0|  0|   32|          32|          32|
    |temp_10_fu_2274_p2    |     +    |      0|  0|   16|          32|          32|
    |temp_11_fu_2322_p2    |     +    |      0|  0|   16|          32|          32|
    |temp_12_fu_2370_p2    |     +    |      0|  0|   16|          32|          32|
    |temp_13_fu_2418_p2    |     +    |      0|  0|   16|          32|          32|
    |temp_14_fu_2466_p2    |     +    |      0|  0|   16|          32|          32|
    |temp_15_fu_2521_p2    |     +    |      0|  0|   16|          32|          32|
    |temp_16_fu_2576_p2    |     +    |      0|  0|   16|          32|          32|
    |temp_17_fu_2631_p2    |     +    |      0|  0|   16|          32|          32|
    |temp_18_fu_2687_p2    |     +    |      0|  0|   16|          32|          32|
    |temp_19_fu_2731_p2    |     +    |      0|  0|   16|          32|          32|
    |temp_1_10_fu_3188_p2  |     +    |      0|  0|   16|          32|          32|
    |temp_1_11_fu_3217_p2  |     +    |      0|  0|   16|          32|          32|
    |temp_1_12_fu_3246_p2  |     +    |      0|  0|   16|          32|          32|
    |temp_1_13_fu_3275_p2  |     +    |      0|  0|   16|          32|          32|
    |temp_1_14_fu_3304_p2  |     +    |      0|  0|   16|          32|          32|
    |temp_1_15_fu_3333_p2  |     +    |      0|  0|   16|          32|          32|
    |temp_1_16_fu_3362_p2  |     +    |      0|  0|   16|          32|          32|
    |temp_1_17_fu_3391_p2  |     +    |      0|  0|   16|          32|          32|
    |temp_1_18_fu_3420_p2  |     +    |      0|  0|   16|          32|          32|
    |temp_1_1_fu_2776_p2   |     +    |      0|  0|   16|          32|          32|
    |temp_1_2_fu_2821_p2   |     +    |      0|  0|   16|          32|          32|
    |temp_1_3_fu_2866_p2   |     +    |      0|  0|   16|          32|          32|
    |temp_1_4_fu_2906_p2   |     +    |      0|  0|   16|          32|          32|
    |temp_1_5_fu_2946_p2   |     +    |      0|  0|   16|          32|          32|
    |temp_1_6_fu_2986_p2   |     +    |      0|  0|   16|          32|          32|
    |temp_1_7_fu_3026_p2   |     +    |      0|  0|   16|          32|          32|
    |temp_1_8_fu_3066_p2   |     +    |      0|  0|   16|          32|          32|
    |temp_1_9_fu_3106_p2   |     +    |      0|  0|   16|          32|          32|
    |temp_1_fu_1842_p2     |     +    |      0|  0|   16|          32|          32|
    |temp_1_s_fu_3147_p2   |     +    |      0|  0|   16|          32|          32|
    |temp_20_fu_3455_p2    |     +    |      0|  0|   16|          32|          32|
    |temp_21_fu_4047_p2    |     +    |      0|  0|   16|          32|          32|
    |temp_2_10_fu_3774_p2  |     +    |      0|  0|   16|          32|          32|
    |temp_2_11_fu_3803_p2  |     +    |      0|  0|   16|          32|          32|
    |temp_2_12_fu_3832_p2  |     +    |      0|  0|   16|          32|          32|
    |temp_2_13_fu_3861_p2  |     +    |      0|  0|   16|          32|          32|
    |temp_2_14_fu_3890_p2  |     +    |      0|  0|   16|          32|          32|
    |temp_2_15_fu_3919_p2  |     +    |      0|  0|   16|          32|          32|
    |temp_2_16_fu_3948_p2  |     +    |      0|  0|   16|          32|          32|
    |temp_2_17_fu_3977_p2  |     +    |      0|  0|   16|          32|          32|
    |temp_2_18_fu_4018_p2  |     +    |      0|  0|   16|          32|          32|
    |temp_2_1_fu_3484_p2   |     +    |      0|  0|   16|          32|          32|
    |temp_2_2_fu_3513_p2   |     +    |      0|  0|   16|          32|          32|
    |temp_2_3_fu_3542_p2   |     +    |      0|  0|   16|          32|          32|
    |temp_2_4_fu_3571_p2   |     +    |      0|  0|   16|          32|          32|
    |temp_2_5_fu_3600_p2   |     +    |      0|  0|   16|          32|          32|
    |temp_2_6_fu_3629_p2   |     +    |      0|  0|   16|          32|          32|
    |temp_2_7_fu_3658_p2   |     +    |      0|  0|   16|          32|          32|
    |temp_2_8_fu_3687_p2   |     +    |      0|  0|   16|          32|          32|
    |temp_2_9_fu_3716_p2   |     +    |      0|  0|   16|          32|          32|
    |temp_2_fu_1890_p2     |     +    |      0|  0|   16|          32|          32|
    |temp_2_s_fu_3745_p2   |     +    |      0|  0|   16|          32|          32|
    |temp_3_10_fu_4574_p2  |     +    |      0|  0|   16|          32|          32|
    |temp_3_11_fu_4603_p2  |     +    |      0|  0|   16|          32|          32|
    |temp_3_12_fu_4631_p2  |     +    |      0|  0|   16|          32|          32|
    |temp_3_13_fu_4666_p2  |     +    |      0|  0|   16|          32|          32|
    |temp_3_14_fu_4695_p2  |     +    |      0|  0|   16|          32|          32|
    |temp_3_15_fu_4722_p2  |     +    |      0|  0|   16|          32|          32|
    |temp_3_16_fu_4767_p2  |     +    |      0|  0|   16|          32|          32|
    |temp_3_17_fu_4811_p2  |     +    |      0|  0|   16|          32|          32|
    |temp_3_1_fu_4088_p2   |     +    |      0|  0|   16|          32|          32|
    |temp_3_2_fu_4190_p2   |     +    |      0|  0|   16|          32|          32|
    |temp_3_3_fu_4306_p2   |     +    |      0|  0|   16|          32|          32|
    |temp_3_4_fu_4361_p2   |     +    |      0|  0|   16|          32|          32|
    |temp_3_5_fu_4395_p2   |     +    |      0|  0|   16|          32|          32|
    |temp_3_6_fu_4424_p2   |     +    |      0|  0|   16|          32|          32|
    |temp_3_7_fu_4453_p2   |     +    |      0|  0|   16|          32|          32|
    |temp_3_8_fu_4488_p2   |     +    |      0|  0|   16|          32|          32|
    |temp_3_9_fu_4517_p2   |     +    |      0|  0|   16|          32|          32|
    |temp_3_fu_2226_p2     |     +    |      0|  0|   16|          32|          32|
    |temp_3_s_fu_4546_p2   |     +    |      0|  0|   16|          32|          32|
    |temp_4_fu_1938_p2     |     +    |      0|  0|   16|          32|          32|
    |temp_5_fu_1986_p2     |     +    |      0|  0|   16|          32|          32|
    |temp_6_fu_2034_p2     |     +    |      0|  0|   16|          32|          32|
    |temp_7_fu_2082_p2     |     +    |      0|  0|   16|          32|          32|
    |temp_8_fu_2130_p2     |     +    |      0|  0|   16|          32|          32|
    |temp_9_fu_2178_p2     |     +    |      0|  0|   16|          32|          32|
    |temp_fu_1737_p2       |     +    |      0|  0|   16|          32|          32|
    |temp_s_fu_1789_p2     |     +    |      0|  0|   16|          32|          32|
    |tmp130_fu_1720_p2     |     +    |      0|  0|   32|          32|          32|
    |tmp131_fu_1725_p2     |     +    |      0|  0|   32|          32|          32|
    |tmp132_fu_1731_p2     |     +    |      0|  0|   16|          32|          32|
    |tmp133_fu_1772_p2     |     +    |      0|  0|   32|          32|          32|
    |tmp134_fu_1777_p2     |     +    |      0|  0|   32|          32|          32|
    |tmp135_fu_1783_p2     |     +    |      0|  0|   16|          32|          32|
    |tmp136_fu_1825_p2     |     +    |      0|  0|   32|          32|          32|
    |tmp137_fu_1830_p2     |     +    |      0|  0|   32|          32|          32|
    |tmp138_fu_1836_p2     |     +    |      0|  0|   16|          32|          32|
    |tmp140_fu_1878_p2     |     +    |      0|  0|   32|          32|          32|
    |tmp141_fu_1884_p2     |     +    |      0|  0|   16|          32|          32|
    |tmp143_fu_1926_p2     |     +    |      0|  0|   32|          32|          32|
    |tmp144_fu_1932_p2     |     +    |      0|  0|   16|          32|          32|
    |tmp146_fu_1974_p2     |     +    |      0|  0|   32|          32|          32|
    |tmp147_fu_1980_p2     |     +    |      0|  0|   16|          32|          32|
    |tmp149_fu_2022_p2     |     +    |      0|  0|   32|          32|          32|
    |tmp150_fu_2028_p2     |     +    |      0|  0|   16|          32|          32|
    |tmp152_fu_2070_p2     |     +    |      0|  0|   32|          32|          32|
    |tmp153_fu_2076_p2     |     +    |      0|  0|   16|          32|          32|
    |tmp155_fu_2118_p2     |     +    |      0|  0|   32|          32|          32|
    |tmp156_fu_2124_p2     |     +    |      0|  0|   16|          32|          32|
    |tmp158_fu_2166_p2     |     +    |      0|  0|   32|          32|          32|
    |tmp159_fu_2172_p2     |     +    |      0|  0|   16|          32|          32|
    |tmp161_fu_2214_p2     |     +    |      0|  0|   32|          32|          32|
    |tmp162_fu_2220_p2     |     +    |      0|  0|   16|          32|          32|
    |tmp164_fu_2262_p2     |     +    |      0|  0|   32|          32|          32|
    |tmp165_fu_2268_p2     |     +    |      0|  0|   16|          32|          32|
    |tmp167_fu_2310_p2     |     +    |      0|  0|   32|          32|          32|
    |tmp168_fu_2316_p2     |     +    |      0|  0|   16|          32|          32|
    |tmp170_fu_2358_p2     |     +    |      0|  0|   32|          32|          32|
    |tmp171_fu_2364_p2     |     +    |      0|  0|   16|          32|          32|
    |tmp173_fu_2406_p2     |     +    |      0|  0|   32|          32|          32|
    |tmp174_fu_2412_p2     |     +    |      0|  0|   16|          32|          32|
    |tmp176_fu_2454_p2     |     +    |      0|  0|   32|          32|          32|
    |tmp177_fu_2460_p2     |     +    |      0|  0|   16|          32|          32|
    |tmp179_fu_2509_p2     |     +    |      0|  0|   32|          32|          32|
    |tmp180_fu_2515_p2     |     +    |      0|  0|   16|          32|          32|
    |tmp182_fu_2564_p2     |     +    |      0|  0|   32|          32|          32|
    |tmp183_fu_2570_p2     |     +    |      0|  0|   16|          32|          32|
    |tmp185_fu_2619_p2     |     +    |      0|  0|   32|          32|          32|
    |tmp186_fu_2625_p2     |     +    |      0|  0|   16|          32|          32|
    |tmp188_fu_2675_p2     |     +    |      0|  0|   32|          32|          32|
    |tmp189_fu_2681_p2     |     +    |      0|  0|   16|          32|          32|
    |tmp192_fu_2719_p2     |     +    |      0|  0|   32|          32|          32|
    |tmp193_fu_2725_p2     |     +    |      0|  0|   16|          32|          32|
    |tmp196_fu_2764_p2     |     +    |      0|  0|   32|          32|          32|
    |tmp197_fu_2770_p2     |     +    |      0|  0|   16|          32|          32|
    |tmp200_fu_2809_p2     |     +    |      0|  0|   32|          32|          32|
    |tmp201_fu_2815_p2     |     +    |      0|  0|   16|          32|          32|
    |tmp204_fu_2854_p2     |     +    |      0|  0|   32|          32|          32|
    |tmp205_fu_2860_p2     |     +    |      0|  0|   16|          32|          32|
    |tmp208_fu_2894_p2     |     +    |      0|  0|   32|          32|          32|
    |tmp209_fu_2900_p2     |     +    |      0|  0|   16|          32|          32|
    |tmp212_fu_2934_p2     |     +    |      0|  0|   32|          32|          32|
    |tmp213_fu_2940_p2     |     +    |      0|  0|   16|          32|          32|
    |tmp216_fu_2974_p2     |     +    |      0|  0|   32|          32|          32|
    |tmp217_fu_2980_p2     |     +    |      0|  0|   16|          32|          32|
    |tmp220_fu_3014_p2     |     +    |      0|  0|   32|          32|          32|
    |tmp221_fu_3020_p2     |     +    |      0|  0|   16|          32|          32|
    |tmp224_fu_3054_p2     |     +    |      0|  0|   32|          32|          32|
    |tmp225_fu_3060_p2     |     +    |      0|  0|   16|          32|          32|
    |tmp228_fu_3094_p2     |     +    |      0|  0|   32|          32|          32|
    |tmp229_fu_3100_p2     |     +    |      0|  0|   16|          32|          32|
    |tmp232_fu_3135_p2     |     +    |      0|  0|   32|          32|          32|
    |tmp233_fu_3141_p2     |     +    |      0|  0|   16|          32|          32|
    |tmp236_fu_3176_p2     |     +    |      0|  0|   32|          32|          32|
    |tmp237_fu_3182_p2     |     +    |      0|  0|   16|          32|          32|
    |tmp240_fu_3205_p2     |     +    |      0|  0|   32|          32|          32|
    |tmp241_fu_3211_p2     |     +    |      0|  0|   16|          32|          32|
    |tmp244_fu_3234_p2     |     +    |      0|  0|   32|          32|          32|
    |tmp245_fu_3240_p2     |     +    |      0|  0|   16|          32|          32|
    |tmp248_fu_3263_p2     |     +    |      0|  0|   32|          32|          32|
    |tmp249_fu_3269_p2     |     +    |      0|  0|   16|          32|          32|
    |tmp252_fu_3292_p2     |     +    |      0|  0|   32|          32|          32|
    |tmp253_fu_3298_p2     |     +    |      0|  0|   16|          32|          32|
    |tmp256_fu_3321_p2     |     +    |      0|  0|   32|          32|          32|
    |tmp257_fu_3327_p2     |     +    |      0|  0|   16|          32|          32|
    |tmp260_fu_3350_p2     |     +    |      0|  0|   32|          32|          32|
    |tmp261_fu_3356_p2     |     +    |      0|  0|   16|          32|          32|
    |tmp264_fu_3379_p2     |     +    |      0|  0|   32|          32|          32|
    |tmp265_fu_3385_p2     |     +    |      0|  0|   16|          32|          32|
    |tmp268_fu_3408_p2     |     +    |      0|  0|   32|          32|          32|
    |tmp269_fu_3414_p2     |     +    |      0|  0|   16|          32|          32|
    |tmp270_fu_3437_p2     |     +    |      0|  0|   32|          32|          32|
    |tmp271_fu_3443_p2     |     +    |      0|  0|   32|          32|          32|
    |tmp272_fu_3449_p2     |     +    |      0|  0|   16|          32|          32|
    |tmp274_fu_3472_p2     |     +    |      0|  0|   32|          32|          32|
    |tmp275_fu_3478_p2     |     +    |      0|  0|   16|          32|          32|
    |tmp277_fu_3501_p2     |     +    |      0|  0|   32|          32|          32|
    |tmp278_fu_3507_p2     |     +    |      0|  0|   16|          32|          32|
    |tmp280_fu_3530_p2     |     +    |      0|  0|   32|          32|          32|
    |tmp281_fu_3536_p2     |     +    |      0|  0|   16|          32|          32|
    |tmp283_fu_3559_p2     |     +    |      0|  0|   32|          32|          32|
    |tmp284_fu_3565_p2     |     +    |      0|  0|   16|          32|          32|
    |tmp286_fu_3588_p2     |     +    |      0|  0|   32|          32|          32|
    |tmp287_fu_3594_p2     |     +    |      0|  0|   16|          32|          32|
    |tmp289_fu_3617_p2     |     +    |      0|  0|   32|          32|          32|
    |tmp290_fu_3623_p2     |     +    |      0|  0|   16|          32|          32|
    |tmp292_fu_3646_p2     |     +    |      0|  0|   32|          32|          32|
    |tmp293_fu_3652_p2     |     +    |      0|  0|   16|          32|          32|
    |tmp295_fu_3675_p2     |     +    |      0|  0|   32|          32|          32|
    |tmp296_fu_3681_p2     |     +    |      0|  0|   16|          32|          32|
    |tmp298_fu_3704_p2     |     +    |      0|  0|   32|          32|          32|
    |tmp299_fu_3710_p2     |     +    |      0|  0|   16|          32|          32|
    |tmp301_fu_3733_p2     |     +    |      0|  0|   32|          32|          32|
    |tmp302_fu_3739_p2     |     +    |      0|  0|   16|          32|          32|
    |tmp304_fu_3762_p2     |     +    |      0|  0|   32|          32|          32|
    |tmp305_fu_3768_p2     |     +    |      0|  0|   16|          32|          32|
    |tmp307_fu_3791_p2     |     +    |      0|  0|   32|          32|          32|
    |tmp308_fu_3797_p2     |     +    |      0|  0|   16|          32|          32|
    |tmp310_fu_3820_p2     |     +    |      0|  0|   32|          32|          32|
    |tmp311_fu_3826_p2     |     +    |      0|  0|   16|          32|          32|
    |tmp313_fu_3849_p2     |     +    |      0|  0|   32|          32|          32|
    |tmp314_fu_3855_p2     |     +    |      0|  0|   16|          32|          32|
    |tmp316_fu_3878_p2     |     +    |      0|  0|   32|          32|          32|
    |tmp317_fu_3884_p2     |     +    |      0|  0|   16|          32|          32|
    |tmp319_fu_3907_p2     |     +    |      0|  0|   32|          32|          32|
    |tmp320_fu_3913_p2     |     +    |      0|  0|   16|          32|          32|
    |tmp322_fu_3936_p2     |     +    |      0|  0|   32|          32|          32|
    |tmp323_fu_3942_p2     |     +    |      0|  0|   16|          32|          32|
    |tmp325_fu_3965_p2     |     +    |      0|  0|   32|          32|          32|
    |tmp326_fu_3971_p2     |     +    |      0|  0|   16|          32|          32|
    |tmp328_fu_4006_p2     |     +    |      0|  0|   32|          32|          32|
    |tmp329_fu_4012_p2     |     +    |      0|  0|   16|          32|          32|
    |tmp332_fu_4035_p2     |     +    |      0|  0|   32|          32|          32|
    |tmp333_fu_4041_p2     |     +    |      0|  0|   16|          32|          32|
    |tmp336_fu_4076_p2     |     +    |      0|  0|   32|          32|          32|
    |tmp337_fu_4082_p2     |     +    |      0|  0|   16|          32|          32|
    |tmp340_fu_4178_p2     |     +    |      0|  0|   32|          32|          32|
    |tmp341_fu_4184_p2     |     +    |      0|  0|   16|          32|          32|
    |tmp344_fu_4294_p2     |     +    |      0|  0|   32|          32|          32|
    |tmp345_fu_4300_p2     |     +    |      0|  0|   16|          32|          32|
    |tmp347_fu_4344_p2     |     +    |      0|  0|   32|          32|          32|
    |tmp348_fu_4349_p2     |     +    |      0|  0|   32|          32|          32|
    |tmp349_fu_4355_p2     |     +    |      0|  0|   16|          32|          32|
    |tmp351_fu_4378_p2     |     +    |      0|  0|   32|          32|          32|
    |tmp352_fu_4383_p2     |     +    |      0|  0|   32|          32|          32|
    |tmp353_fu_4389_p2     |     +    |      0|  0|   16|          32|          32|
    |tmp356_fu_4412_p2     |     +    |      0|  0|   32|          32|          32|
    |tmp357_fu_4418_p2     |     +    |      0|  0|   16|          32|          32|
    |tmp360_fu_4441_p2     |     +    |      0|  0|   32|          32|          32|
    |tmp361_fu_4447_p2     |     +    |      0|  0|   16|          32|          32|
    |tmp363_fu_4470_p2     |     +    |      0|  0|   32|          32|          32|
    |tmp364_fu_4476_p2     |     +    |      0|  0|   32|          32|          32|
    |tmp365_fu_4482_p2     |     +    |      0|  0|   16|          32|          32|
    |tmp368_fu_4505_p2     |     +    |      0|  0|   32|          32|          32|
    |tmp369_fu_4511_p2     |     +    |      0|  0|   16|          32|          32|
    |tmp372_fu_4534_p2     |     +    |      0|  0|   32|          32|          32|
    |tmp373_fu_4540_p2     |     +    |      0|  0|   16|          32|          32|
    |tmp376_fu_4563_p2     |     +    |      0|  0|   32|          32|          32|
    |tmp377_fu_4568_p2     |     +    |      0|  0|   16|          32|          32|
    |tmp380_fu_4591_p2     |     +    |      0|  0|   32|          32|          32|
    |tmp381_fu_4597_p2     |     +    |      0|  0|   16|          32|          32|
    |tmp384_fu_4620_p2     |     +    |      0|  0|   32|          32|          32|
    |tmp385_fu_4625_p2     |     +    |      0|  0|   16|          32|          32|
    |tmp387_fu_4648_p2     |     +    |      0|  0|   32|          32|          32|
    |tmp388_fu_4654_p2     |     +    |      0|  0|   32|          32|          32|
    |tmp389_fu_4660_p2     |     +    |      0|  0|   16|          32|          32|
    |tmp392_fu_4683_p2     |     +    |      0|  0|   32|          32|          32|
    |tmp393_fu_4689_p2     |     +    |      0|  0|   16|          32|          32|
    |tmp396_fu_4712_p2     |     +    |      0|  0|   32|          32|          32|
    |tmp397_fu_4717_p2     |     +    |      0|  0|   16|          32|          32|
    |tmp400_fu_4739_p2     |     +    |      0|  0|   32|          32|          32|
    |tmp401_fu_4762_p2     |     +    |      0|  0|   16|          32|          32|
    |tmp404_fu_4756_p2     |     +    |      0|  0|   32|          32|          32|
    |tmp405_fu_4806_p2     |     +    |      0|  0|   16|          32|          32|
    |tmp407_fu_4795_p2     |     +    |      0|  0|   16|          32|          32|
    |tmp408_fu_4800_p2     |     +    |      0|  0|   16|          32|          32|
    |tmp409_fu_4312_p2     |     +    |      0|  0|   32|          32|          32|
    |tmp410_fu_4825_p2     |     +    |      0|  0|   16|          32|          32|
    |tmp_58_fu_4830_p2     |     +    |      0|  0|   16|          32|          32|
    |tmp_59_fu_4821_p2     |     +    |      0|  0|   32|          32|          32|
    |tmp_60_fu_4816_p2     |     +    |      0|  0|   32|          32|          32|
    |tmp_61_fu_4785_p2     |     +    |      0|  0|   32|          32|          32|
    |tmp_62_fu_4790_p2     |     +    |      0|  0|   32|          32|          32|
    |grp_fu_817_p2         |    and   |      0|  0|   44|          32|          32|
    |grp_fu_849_p2         |    and   |      0|  0|   44|          32|          32|
    |grp_fu_881_p2         |    and   |      0|  0|   44|          32|          32|
    |tmp_34_10_fu_2240_p2  |    and   |      0|  0|   44|          32|          32|
    |tmp_34_11_fu_2288_p2  |    and   |      0|  0|   44|          32|          32|
    |tmp_34_12_fu_2336_p2  |    and   |      0|  0|   44|          32|          32|
    |tmp_34_13_fu_2384_p2  |    and   |      0|  0|   44|          32|          32|
    |tmp_34_14_fu_2432_p2  |    and   |      0|  0|   44|          32|          32|
    |tmp_34_15_fu_2487_p2  |    and   |      0|  0|   44|          32|          32|
    |tmp_34_16_fu_2542_p2  |    and   |      0|  0|   44|          32|          32|
    |tmp_34_17_fu_2597_p2  |    and   |      0|  0|   44|          32|          32|
    |tmp_34_18_fu_2653_p2  |    and   |      0|  0|   44|          32|          32|
    |tmp_34_1_fu_1751_p2   |    and   |      0|  0|   44|          32|          32|
    |tmp_34_2_fu_1803_p2   |    and   |      0|  0|   44|          32|          32|
    |tmp_34_3_fu_1856_p2   |    and   |      0|  0|   44|          32|          32|
    |tmp_34_4_fu_1904_p2   |    and   |      0|  0|   44|          32|          32|
    |tmp_34_5_fu_1952_p2   |    and   |      0|  0|   44|          32|          32|
    |tmp_34_6_fu_2000_p2   |    and   |      0|  0|   44|          32|          32|
    |tmp_34_7_fu_2048_p2   |    and   |      0|  0|   44|          32|          32|
    |tmp_34_8_fu_2096_p2   |    and   |      0|  0|   44|          32|          32|
    |tmp_34_9_fu_2144_p2   |    and   |      0|  0|   44|          32|          32|
    |tmp_34_s_fu_2192_p2   |    and   |      0|  0|   44|          32|          32|
    |tmp_36_10_fu_2250_p2  |    and   |      0|  0|   44|          32|          32|
    |tmp_36_11_fu_2298_p2  |    and   |      0|  0|   44|          32|          32|
    |tmp_36_12_fu_2346_p2  |    and   |      0|  0|   44|          32|          32|
    |tmp_36_13_fu_2394_p2  |    and   |      0|  0|   44|          32|          32|
    |tmp_36_14_fu_2442_p2  |    and   |      0|  0|   44|          32|          32|
    |tmp_36_15_fu_2497_p2  |    and   |      0|  0|   44|          32|          32|
    |tmp_36_16_fu_2552_p2  |    and   |      0|  0|   44|          32|          32|
    |tmp_36_17_fu_2607_p2  |    and   |      0|  0|   44|          32|          32|
    |tmp_36_18_fu_2663_p2  |    and   |      0|  0|   44|          32|          32|
    |tmp_36_1_fu_1761_p2   |    and   |      0|  0|   44|          32|          32|
    |tmp_36_2_fu_1813_p2   |    and   |      0|  0|   44|          32|          32|
    |tmp_36_3_fu_1866_p2   |    and   |      0|  0|   44|          32|          32|
    |tmp_36_4_fu_1914_p2   |    and   |      0|  0|   44|          32|          32|
    |tmp_36_5_fu_1962_p2   |    and   |      0|  0|   44|          32|          32|
    |tmp_36_6_fu_2010_p2   |    and   |      0|  0|   44|          32|          32|
    |tmp_36_7_fu_2058_p2   |    and   |      0|  0|   44|          32|          32|
    |tmp_36_8_fu_2106_p2   |    and   |      0|  0|   44|          32|          32|
    |tmp_36_9_fu_2154_p2   |    and   |      0|  0|   44|          32|          32|
    |tmp_36_s_fu_2202_p2   |    and   |      0|  0|   44|          32|          32|
    |tmp_51_10_fu_3751_p2  |    and   |      0|  0|   44|          32|          32|
    |tmp_51_11_fu_3780_p2  |    and   |      0|  0|   44|          32|          32|
    |tmp_51_12_fu_3809_p2  |    and   |      0|  0|   44|          32|          32|
    |tmp_51_13_fu_3838_p2  |    and   |      0|  0|   44|          32|          32|
    |tmp_51_14_fu_3867_p2  |    and   |      0|  0|   44|          32|          32|
    |tmp_51_15_fu_3896_p2  |    and   |      0|  0|   44|          32|          32|
    |tmp_51_16_fu_3925_p2  |    and   |      0|  0|   44|          32|          32|
    |tmp_51_17_fu_3954_p2  |    and   |      0|  0|   44|          32|          32|
    |tmp_51_18_fu_3989_p2  |    and   |      0|  0|   44|          32|          32|
    |tmp_51_1_fu_3461_p2   |    and   |      0|  0|   44|          32|          32|
    |tmp_51_2_fu_3490_p2   |    and   |      0|  0|   44|          32|          32|
    |tmp_51_3_fu_3519_p2   |    and   |      0|  0|   44|          32|          32|
    |tmp_51_4_fu_3548_p2   |    and   |      0|  0|   44|          32|          32|
    |tmp_51_5_fu_3577_p2   |    and   |      0|  0|   44|          32|          32|
    |tmp_51_6_fu_3606_p2   |    and   |      0|  0|   44|          32|          32|
    |tmp_51_7_fu_3635_p2   |    and   |      0|  0|   44|          32|          32|
    |tmp_51_8_fu_3664_p2   |    and   |      0|  0|   44|          32|          32|
    |tmp_51_9_fu_3693_p2   |    and   |      0|  0|   44|          32|          32|
    |tmp_51_s_fu_3722_p2   |    and   |      0|  0|   44|          32|          32|
    |tmp_52_18_fu_3994_p2  |    and   |      0|  0|   44|          32|          32|
    |tmp_70_fu_1700_p2     |    and   |      0|  0|   44|          32|          32|
    |tmp_72_fu_1709_p2     |    and   |      0|  0|   44|          32|          32|
    |tmp_78_fu_3426_p2     |    and   |      0|  0|   44|          32|          32|
    |grp_fu_811_p2         |    or    |      0|  0|   44|          32|          32|
    |grp_fu_843_p2         |    or    |      0|  0|   44|          32|          32|
    |grp_fu_875_p2         |    or    |      0|  0|   44|          32|          32|
    |tmp_37_10_fu_2256_p2  |    or    |      0|  0|   44|          32|          32|
    |tmp_37_11_fu_2304_p2  |    or    |      0|  0|   44|          32|          32|
    |tmp_37_12_fu_2352_p2  |    or    |      0|  0|   44|          32|          32|
    |tmp_37_13_fu_2400_p2  |    or    |      0|  0|   44|          32|          32|
    |tmp_37_14_fu_2448_p2  |    or    |      0|  0|   44|          32|          32|
    |tmp_37_15_fu_2503_p2  |    or    |      0|  0|   44|          32|          32|
    |tmp_37_16_fu_2558_p2  |    or    |      0|  0|   44|          32|          32|
    |tmp_37_17_fu_2613_p2  |    or    |      0|  0|   44|          32|          32|
    |tmp_37_18_fu_2669_p2  |    or    |      0|  0|   44|          32|          32|
    |tmp_37_1_fu_1766_p2   |    or    |      0|  0|   44|          32|          32|
    |tmp_37_2_fu_1819_p2   |    or    |      0|  0|   44|          32|          32|
    |tmp_37_3_fu_1872_p2   |    or    |      0|  0|   44|          32|          32|
    |tmp_37_4_fu_1920_p2   |    or    |      0|  0|   44|          32|          32|
    |tmp_37_5_fu_1968_p2   |    or    |      0|  0|   44|          32|          32|
    |tmp_37_6_fu_2016_p2   |    or    |      0|  0|   44|          32|          32|
    |tmp_37_7_fu_2064_p2   |    or    |      0|  0|   44|          32|          32|
    |tmp_37_8_fu_2112_p2   |    or    |      0|  0|   44|          32|          32|
    |tmp_37_9_fu_2160_p2   |    or    |      0|  0|   44|          32|          32|
    |tmp_37_s_fu_2208_p2   |    or    |      0|  0|   44|          32|          32|
    |tmp_50_18_fu_3983_p2  |    or    |      0|  0|   44|          32|          32|
    |tmp_53_10_fu_3756_p2  |    or    |      0|  0|   44|          32|          32|
    |tmp_53_11_fu_3785_p2  |    or    |      0|  0|   44|          32|          32|
    |tmp_53_12_fu_3814_p2  |    or    |      0|  0|   44|          32|          32|
    |tmp_53_13_fu_3843_p2  |    or    |      0|  0|   44|          32|          32|
    |tmp_53_14_fu_3872_p2  |    or    |      0|  0|   44|          32|          32|
    |tmp_53_15_fu_3901_p2  |    or    |      0|  0|   44|          32|          32|
    |tmp_53_16_fu_3930_p2  |    or    |      0|  0|   44|          32|          32|
    |tmp_53_17_fu_3959_p2  |    or    |      0|  0|   44|          32|          32|
    |tmp_53_18_fu_4000_p2  |    or    |      0|  0|   44|          32|          32|
    |tmp_53_1_fu_3466_p2   |    or    |      0|  0|   44|          32|          32|
    |tmp_53_2_fu_3495_p2   |    or    |      0|  0|   44|          32|          32|
    |tmp_53_3_fu_3524_p2   |    or    |      0|  0|   44|          32|          32|
    |tmp_53_4_fu_3553_p2   |    or    |      0|  0|   44|          32|          32|
    |tmp_53_5_fu_3582_p2   |    or    |      0|  0|   44|          32|          32|
    |tmp_53_6_fu_3611_p2   |    or    |      0|  0|   44|          32|          32|
    |tmp_53_7_fu_3640_p2   |    or    |      0|  0|   44|          32|          32|
    |tmp_53_8_fu_3669_p2   |    or    |      0|  0|   44|          32|          32|
    |tmp_53_9_fu_3698_p2   |    or    |      0|  0|   44|          32|          32|
    |tmp_53_s_fu_3727_p2   |    or    |      0|  0|   44|          32|          32|
    |tmp_73_fu_1714_p2     |    or    |      0|  0|   44|          32|          32|
    |tmp_80_fu_3431_p2     |    or    |      0|  0|   44|          32|          32|
    |grp_fu_521_p2         |    xor   |      0|  0|   44|          32|          32|
    |grp_fu_527_p2         |    xor   |      0|  0|   44|          32|          32|
    |grp_fu_533_p2         |    xor   |      0|  0|   44|          32|          32|
    |grp_fu_539_p2         |    xor   |      0|  0|   44|          32|          32|
    |grp_fu_545_p2         |    xor   |      0|  0|   44|          32|          32|
    |grp_fu_551_p2         |    xor   |      0|  0|   44|          32|          32|
    |grp_fu_557_p2         |    xor   |      0|  0|   44|          32|          32|
    |grp_fu_563_p2         |    xor   |      0|  0|   44|          32|          32|
    |grp_fu_569_p2         |    xor   |      0|  0|   44|          32|          32|
    |grp_fu_575_p2         |    xor   |      0|  0|   44|          32|          32|
    |grp_fu_602_p2         |    xor   |      0|  0|   44|          32|          32|
    |grp_fu_608_p2         |    xor   |      0|  0|   44|          32|          32|
    |grp_fu_628_p2         |    xor   |      0|  0|   44|          32|          32|
    |grp_fu_634_p2         |    xor   |      0|  0|   44|          32|          32|
    |grp_fu_654_p2         |    xor   |      0|  0|   44|          32|          32|
    |grp_fu_660_p2         |    xor   |      0|  0|   44|          32|          32|
    |grp_fu_687_p2         |    xor   |      0|  0|   44|          32|          32|
    |grp_fu_693_p2         |    xor   |      0|  0|   44|          32|          32|
    |grp_fu_713_p2         |    xor   |      0|  0|   44|          32|          32|
    |grp_fu_719_p2         |    xor   |      0|  0|   44|          32|          32|
    |grp_fu_739_p2         |    xor   |      0|  0|   44|          32|          32|
    |grp_fu_745_p2         |    xor   |      0|  0|   44|          32|          32|
    |grp_fu_765_p2         |    xor   |      0|  0|   44|          32|          32|
    |grp_fu_771_p2         |    xor   |      0|  0|   44|          32|          32|
    |grp_fu_791_p2         |    xor   |      0|  0|   44|          32|          32|
    |grp_fu_823_p2         |    xor   |      0|  0|   44|          32|          32|
    |grp_fu_855_p2         |    xor   |      0|  0|   44|          32|          32|
    |grp_fu_893_p2         |    xor   |      0|  0|   44|          32|          32|
    |grp_fu_913_p2         |    xor   |      0|  0|   44|          32|          32|
    |grp_fu_933_p2         |    xor   |      0|  0|   44|          32|          32|
    |grp_fu_953_p2         |    xor   |      0|  0|   44|          32|          32|
    |grp_fu_972_p2         |    xor   |      0|  0|   44|          32|          32|
    |tmp101_fu_4094_p2     |    xor   |      0|  0|   44|          32|          32|
    |tmp105_fu_4106_p2     |    xor   |      0|  0|   44|          32|          32|
    |tmp107_fu_4131_p2     |    xor   |      0|  0|   44|          32|          32|
    |tmp109_fu_4118_p2     |    xor   |      0|  0|   44|          32|          32|
    |tmp10_fu_2697_p2      |    xor   |      0|  0|   44|          32|          32|
    |tmp111_fu_4143_p2     |    xor   |      0|  0|   44|          32|          32|
    |tmp113_fu_4196_p2     |    xor   |      0|  0|   44|          32|          32|
    |tmp115_fu_4155_p2     |    xor   |      0|  0|   44|          32|          32|
    |tmp117_fu_4208_p2     |    xor   |      0|  0|   44|          32|          32|
    |tmp119_fu_4238_p2     |    xor   |      0|  0|   44|          32|          32|
    |tmp11_fu_2737_p2      |    xor   |      0|  0|   44|          32|          32|
    |tmp121_fu_4220_p2     |    xor   |      0|  0|   44|          32|          32|
    |tmp122_fu_4225_p2     |    xor   |      0|  0|   44|          32|          32|
    |tmp123_fu_4250_p2     |    xor   |      0|  0|   44|          32|          32|
    |tmp124_fu_4256_p2     |    xor   |      0|  0|   44|          32|          32|
    |tmp125_fu_4316_p2     |    xor   |      0|  0|   44|          32|          32|
    |tmp126_fu_4322_p2     |    xor   |      0|  0|   44|          32|          32|
    |tmp127_fu_4268_p2     |    xor   |      0|  0|   44|          32|          32|
    |tmp128_fu_4272_p2     |    xor   |      0|  0|   44|          32|          32|
    |tmp12_fu_2742_p2      |    xor   |      0|  0|   44|          32|          32|
    |tmp13_fu_2782_p2      |    xor   |      0|  0|   44|          32|          32|
    |tmp14_fu_2787_p2      |    xor   |      0|  0|   44|          32|          32|
    |tmp15_fu_2827_p2      |    xor   |      0|  0|   44|          32|          32|
    |tmp16_fu_2832_p2      |    xor   |      0|  0|   44|          32|          32|
    |tmp18_fu_2872_p2      |    xor   |      0|  0|   44|          32|          32|
    |tmp190_fu_2708_p2     |    xor   |      0|  0|   44|          32|          32|
    |tmp194_fu_2753_p2     |    xor   |      0|  0|   44|          32|          32|
    |tmp198_fu_2798_p2     |    xor   |      0|  0|   44|          32|          32|
    |tmp1_fu_2472_p2       |    xor   |      0|  0|   44|          32|          32|
    |tmp202_fu_2843_p2     |    xor   |      0|  0|   44|          32|          32|
    |tmp206_fu_2883_p2     |    xor   |      0|  0|   44|          32|          32|
    |tmp20_fu_2912_p2      |    xor   |      0|  0|   44|          32|          32|
    |tmp210_fu_2923_p2     |    xor   |      0|  0|   44|          32|          32|
    |tmp214_fu_2963_p2     |    xor   |      0|  0|   44|          32|          32|
    |tmp218_fu_3003_p2     |    xor   |      0|  0|   44|          32|          32|
    |tmp222_fu_3043_p2     |    xor   |      0|  0|   44|          32|          32|
    |tmp226_fu_3083_p2     |    xor   |      0|  0|   44|          32|          32|
    |tmp22_fu_2952_p2      |    xor   |      0|  0|   44|          32|          32|
    |tmp230_fu_3124_p2     |    xor   |      0|  0|   44|          32|          32|
    |tmp234_fu_3165_p2     |    xor   |      0|  0|   44|          32|          32|
    |tmp238_fu_3194_p2     |    xor   |      0|  0|   44|          32|          32|
    |tmp242_fu_3223_p2     |    xor   |      0|  0|   44|          32|          32|
    |tmp246_fu_3252_p2     |    xor   |      0|  0|   44|          32|          32|
    |tmp24_fu_2992_p2      |    xor   |      0|  0|   44|          32|          32|
    |tmp250_fu_3281_p2     |    xor   |      0|  0|   44|          32|          32|
    |tmp254_fu_3310_p2     |    xor   |      0|  0|   44|          32|          32|
    |tmp258_fu_3339_p2     |    xor   |      0|  0|   44|          32|          32|
    |tmp262_fu_3368_p2     |    xor   |      0|  0|   44|          32|          32|
    |tmp266_fu_3397_p2     |    xor   |      0|  0|   44|          32|          32|
    |tmp26_fu_3032_p2      |    xor   |      0|  0|   44|          32|          32|
    |tmp28_fu_3072_p2      |    xor   |      0|  0|   44|          32|          32|
    |tmp2_fu_2476_p2       |    xor   |      0|  0|   44|          32|          32|
    |tmp30_fu_3112_p2      |    xor   |      0|  0|   44|          32|          32|
    |tmp32_fu_3153_p2      |    xor   |      0|  0|   44|          32|          32|
    |tmp330_fu_4024_p2     |    xor   |      0|  0|   44|          32|          32|
    |tmp334_fu_4065_p2     |    xor   |      0|  0|   44|          32|          32|
    |tmp338_fu_4168_p2     |    xor   |      0|  0|   44|          32|          32|
    |tmp342_fu_4285_p2     |    xor   |      0|  0|   44|          32|          32|
    |tmp346_fu_4334_p2     |    xor   |      0|  0|   44|          32|          32|
    |tmp350_fu_4367_p2     |    xor   |      0|  0|   44|          32|          32|
    |tmp354_fu_4401_p2     |    xor   |      0|  0|   44|          32|          32|
    |tmp358_fu_4430_p2     |    xor   |      0|  0|   44|          32|          32|
    |tmp362_fu_4459_p2     |    xor   |      0|  0|   44|          32|          32|
    |tmp366_fu_4494_p2     |    xor   |      0|  0|   44|          32|          32|
    |tmp370_fu_4523_p2     |    xor   |      0|  0|   44|          32|          32|
    |tmp374_fu_4552_p2     |    xor   |      0|  0|   44|          32|          32|
    |tmp378_fu_4580_p2     |    xor   |      0|  0|   44|          32|          32|
    |tmp382_fu_4609_p2     |    xor   |      0|  0|   44|          32|          32|
    |tmp386_fu_4637_p2     |    xor   |      0|  0|   44|          32|          32|
    |tmp390_fu_4672_p2     |    xor   |      0|  0|   44|          32|          32|
    |tmp394_fu_4701_p2     |    xor   |      0|  0|   44|          32|          32|
    |tmp398_fu_4728_p2     |    xor   |      0|  0|   44|          32|          32|
    |tmp3_fu_2527_p2       |    xor   |      0|  0|   44|          32|          32|
    |tmp402_fu_4745_p2     |    xor   |      0|  0|   44|          32|          32|
    |tmp406_fu_4773_p2     |    xor   |      0|  0|   44|          32|          32|
    |tmp4_fu_2531_p2       |    xor   |      0|  0|   44|          32|          32|
    |tmp5_fu_2582_p2       |    xor   |      0|  0|   44|          32|          32|
    |tmp6_fu_2586_p2       |    xor   |      0|  0|   44|          32|          32|
    |tmp7_fu_2637_p2       |    xor   |      0|  0|   44|          32|          32|
    |tmp8_fu_2642_p2       |    xor   |      0|  0|   44|          32|          32|
    |tmp99_fu_4053_p2      |    xor   |      0|  0|   44|          32|          32|
    |tmp9_fu_2692_p2       |    xor   |      0|  0|   44|          32|          32|
    |tmp_30_10_fu_2996_p2  |    xor   |      0|  0|   44|          32|          32|
    |tmp_30_11_fu_3036_p2  |    xor   |      0|  0|   44|          32|          32|
    |tmp_30_12_fu_3076_p2  |    xor   |      0|  0|   44|          32|          32|
    |tmp_30_13_fu_3117_p2  |    xor   |      0|  0|   44|          32|          32|
    |tmp_30_14_fu_3158_p2  |    xor   |      0|  0|   44|          32|          32|
    |tmp_30_15_fu_581_p2   |    xor   |      0|  0|   44|          32|          32|
    |tmp_30_16_fu_614_p2   |    xor   |      0|  0|   44|          32|          32|
    |tmp_30_17_fu_640_p2   |    xor   |      0|  0|   44|          32|          32|
    |tmp_30_18_fu_666_p2   |    xor   |      0|  0|   44|          32|          32|
    |tmp_30_19_fu_699_p2   |    xor   |      0|  0|   44|          32|          32|
    |tmp_30_1_fu_2535_p2   |    xor   |      0|  0|   44|          32|          32|
    |tmp_30_20_fu_725_p2   |    xor   |      0|  0|   44|          32|          32|
    |tmp_30_21_fu_751_p2   |    xor   |      0|  0|   44|          32|          32|
    |tmp_30_22_fu_777_p2   |    xor   |      0|  0|   44|          32|          32|
    |tmp_30_23_fu_797_p2   |    xor   |      0|  0|   44|          32|          32|
    |tmp_30_24_fu_829_p2   |    xor   |      0|  0|   44|          32|          32|
    |tmp_30_25_fu_861_p2   |    xor   |      0|  0|   44|          32|          32|
    |tmp_30_26_fu_899_p2   |    xor   |      0|  0|   44|          32|          32|
    |tmp_30_27_fu_919_p2   |    xor   |      0|  0|   44|          32|          32|
    |tmp_30_28_fu_939_p2   |    xor   |      0|  0|   44|          32|          32|
    |tmp_30_29_fu_959_p2   |    xor   |      0|  0|   44|          32|          32|
    |tmp_30_2_fu_2590_p2   |    xor   |      0|  0|   44|          32|          32|
    |tmp_30_30_fu_978_p2   |    xor   |      0|  0|   44|          32|          32|
    |tmp_30_31_fu_588_p2   |    xor   |      0|  0|   44|          32|          32|
    |tmp_30_32_fu_621_p2   |    xor   |      0|  0|   44|          32|          32|
    |tmp_30_33_fu_647_p2   |    xor   |      0|  0|   44|          32|          32|
    |tmp_30_34_fu_673_p2   |    xor   |      0|  0|   44|          32|          32|
    |tmp_30_35_fu_706_p2   |    xor   |      0|  0|   44|          32|          32|
    |tmp_30_36_fu_732_p2   |    xor   |      0|  0|   44|          32|          32|
    |tmp_30_37_fu_758_p2   |    xor   |      0|  0|   44|          32|          32|
    |tmp_30_38_fu_784_p2   |    xor   |      0|  0|   44|          32|          32|
    |tmp_30_39_fu_804_p2   |    xor   |      0|  0|   44|          32|          32|
    |tmp_30_3_fu_2646_p2   |    xor   |      0|  0|   44|          32|          32|
    |tmp_30_40_fu_836_p2   |    xor   |      0|  0|   44|          32|          32|
    |tmp_30_41_fu_868_p2   |    xor   |      0|  0|   44|          32|          32|
    |tmp_30_42_fu_906_p2   |    xor   |      0|  0|   44|          32|          32|
    |tmp_30_43_fu_926_p2   |    xor   |      0|  0|   44|          32|          32|
    |tmp_30_44_fu_946_p2   |    xor   |      0|  0|   44|          32|          32|
    |tmp_30_45_fu_966_p2   |    xor   |      0|  0|   44|          32|          32|
    |tmp_30_46_fu_985_p2   |    xor   |      0|  0|   44|          32|          32|
    |tmp_30_47_fu_595_p2   |    xor   |      0|  0|   44|          32|          32|
    |tmp_30_48_fu_4059_p2  |    xor   |      0|  0|   44|          32|          32|
    |tmp_30_49_fu_4100_p2  |    xor   |      0|  0|   44|          32|          32|
    |tmp_30_4_fu_2701_p2   |    xor   |      0|  0|   44|          32|          32|
    |tmp_30_50_fu_680_p2   |    xor   |      0|  0|   44|          32|          32|
    |tmp_30_51_fu_4112_p2  |    xor   |      0|  0|   44|          32|          32|
    |tmp_30_52_fu_4137_p2  |    xor   |      0|  0|   44|          32|          32|
    |tmp_30_53_fu_4124_p2  |    xor   |      0|  0|   44|          32|          32|
    |tmp_30_54_fu_4149_p2  |    xor   |      0|  0|   44|          32|          32|
    |tmp_30_55_fu_4202_p2  |    xor   |      0|  0|   44|          32|          32|
    |tmp_30_56_fu_4161_p2  |    xor   |      0|  0|   44|          32|          32|
    |tmp_30_57_fu_4214_p2  |    xor   |      0|  0|   44|          32|          32|
    |tmp_30_58_fu_4244_p2  |    xor   |      0|  0|   44|          32|          32|
    |tmp_30_59_fu_4231_p2  |    xor   |      0|  0|   44|          32|          32|
    |tmp_30_5_fu_2746_p2   |    xor   |      0|  0|   44|          32|          32|
    |tmp_30_60_fu_4262_p2  |    xor   |      0|  0|   44|          32|          32|
    |tmp_30_61_fu_4328_p2  |    xor   |      0|  0|   44|          32|          32|
    |tmp_30_62_fu_4278_p2  |    xor   |      0|  0|   44|          32|          32|
    |tmp_30_6_fu_2791_p2   |    xor   |      0|  0|   44|          32|          32|
    |tmp_30_7_fu_2836_p2   |    xor   |      0|  0|   44|          32|          32|
    |tmp_30_8_fu_2876_p2   |    xor   |      0|  0|   44|          32|          32|
    |tmp_30_9_fu_2916_p2   |    xor   |      0|  0|   44|          32|          32|
    |tmp_30_s_fu_2956_p2   |    xor   |      0|  0|   44|          32|          32|
    |tmp_35_10_fu_2245_p2  |    xor   |      0|  0|   44|          32|           2|
    |tmp_35_11_fu_2293_p2  |    xor   |      0|  0|   44|          32|           2|
    |tmp_35_12_fu_2341_p2  |    xor   |      0|  0|   44|          32|           2|
    |tmp_35_13_fu_2389_p2  |    xor   |      0|  0|   44|          32|           2|
    |tmp_35_14_fu_2437_p2  |    xor   |      0|  0|   44|          32|           2|
    |tmp_35_15_fu_2492_p2  |    xor   |      0|  0|   44|          32|           2|
    |tmp_35_16_fu_2547_p2  |    xor   |      0|  0|   44|          32|           2|
    |tmp_35_17_fu_2602_p2  |    xor   |      0|  0|   44|          32|           2|
    |tmp_35_18_fu_2658_p2  |    xor   |      0|  0|   44|          32|           2|
    |tmp_35_1_fu_1756_p2   |    xor   |      0|  0|   44|          32|           2|
    |tmp_35_2_fu_1808_p2   |    xor   |      0|  0|   44|          32|           2|
    |tmp_35_3_fu_1861_p2   |    xor   |      0|  0|   44|          32|           2|
    |tmp_35_4_fu_1909_p2   |    xor   |      0|  0|   44|          32|           2|
    |tmp_35_5_fu_1957_p2   |    xor   |      0|  0|   44|          32|           2|
    |tmp_35_6_fu_2005_p2   |    xor   |      0|  0|   44|          32|           2|
    |tmp_35_7_fu_2053_p2   |    xor   |      0|  0|   44|          32|           2|
    |tmp_35_8_fu_2101_p2   |    xor   |      0|  0|   44|          32|           2|
    |tmp_35_9_fu_2149_p2   |    xor   |      0|  0|   44|          32|           2|
    |tmp_35_s_fu_2197_p2   |    xor   |      0|  0|   44|          32|           2|
    |tmp_44_10_fu_3170_p2  |    xor   |      0|  0|   44|          32|          32|
    |tmp_44_11_fu_3199_p2  |    xor   |      0|  0|   44|          32|          32|
    |tmp_44_12_fu_3228_p2  |    xor   |      0|  0|   44|          32|          32|
    |tmp_44_13_fu_3257_p2  |    xor   |      0|  0|   44|          32|          32|
    |tmp_44_14_fu_3286_p2  |    xor   |      0|  0|   44|          32|          32|
    |tmp_44_15_fu_3315_p2  |    xor   |      0|  0|   44|          32|          32|
    |tmp_44_16_fu_3344_p2  |    xor   |      0|  0|   44|          32|          32|
    |tmp_44_17_fu_3373_p2  |    xor   |      0|  0|   44|          32|          32|
    |tmp_44_18_fu_3402_p2  |    xor   |      0|  0|   44|          32|          32|
    |tmp_44_1_fu_2758_p2   |    xor   |      0|  0|   44|          32|          32|
    |tmp_44_2_fu_2803_p2   |    xor   |      0|  0|   44|          32|          32|
    |tmp_44_3_fu_2848_p2   |    xor   |      0|  0|   44|          32|          32|
    |tmp_44_4_fu_2888_p2   |    xor   |      0|  0|   44|          32|          32|
    |tmp_44_5_fu_2928_p2   |    xor   |      0|  0|   44|          32|          32|
    |tmp_44_6_fu_2968_p2   |    xor   |      0|  0|   44|          32|          32|
    |tmp_44_7_fu_3008_p2   |    xor   |      0|  0|   44|          32|          32|
    |tmp_44_8_fu_3048_p2   |    xor   |      0|  0|   44|          32|          32|
    |tmp_44_9_fu_3088_p2   |    xor   |      0|  0|   44|          32|          32|
    |tmp_44_s_fu_3129_p2   |    xor   |      0|  0|   44|          32|          32|
    |tmp_65_10_fu_4557_p2  |    xor   |      0|  0|   44|          32|          32|
    |tmp_65_11_fu_4585_p2  |    xor   |      0|  0|   44|          32|          32|
    |tmp_65_12_fu_4614_p2  |    xor   |      0|  0|   44|          32|          32|
    |tmp_65_13_fu_4642_p2  |    xor   |      0|  0|   44|          32|          32|
    |tmp_65_14_fu_4677_p2  |    xor   |      0|  0|   44|          32|          32|
    |tmp_65_15_fu_4706_p2  |    xor   |      0|  0|   44|          32|          32|
    |tmp_65_16_fu_4733_p2  |    xor   |      0|  0|   44|          32|          32|
    |tmp_65_17_fu_4750_p2  |    xor   |      0|  0|   44|          32|          32|
    |tmp_65_18_fu_4779_p2  |    xor   |      0|  0|   44|          32|          32|
    |tmp_65_1_fu_4070_p2   |    xor   |      0|  0|   44|          32|          32|
    |tmp_65_2_fu_4173_p2   |    xor   |      0|  0|   44|          32|          32|
    |tmp_65_3_fu_4289_p2   |    xor   |      0|  0|   44|          32|          32|
    |tmp_65_4_fu_4338_p2   |    xor   |      0|  0|   44|          32|          32|
    |tmp_65_5_fu_4372_p2   |    xor   |      0|  0|   44|          32|          32|
    |tmp_65_6_fu_4406_p2   |    xor   |      0|  0|   44|          32|          32|
    |tmp_65_7_fu_4435_p2   |    xor   |      0|  0|   44|          32|          32|
    |tmp_65_8_fu_4464_p2   |    xor   |      0|  0|   44|          32|          32|
    |tmp_65_9_fu_4499_p2   |    xor   |      0|  0|   44|          32|          32|
    |tmp_65_s_fu_4528_p2   |    xor   |      0|  0|   44|          32|          32|
    |tmp_68_fu_2480_p2     |    xor   |      0|  0|   44|          32|          32|
    |tmp_71_fu_1704_p2     |    xor   |      0|  0|   44|          32|           2|
    |tmp_75_fu_2713_p2     |    xor   |      0|  0|   44|          32|          32|
    |tmp_82_fu_4029_p2     |    xor   |      0|  0|   44|          32|          32|
    +----------------------+----------+-------+---+-----+------------+------------+
    |Total                 |          |      0|  0|21048|       19488|       18888|
    +----------------------+----------+-------+---+-----+------------+------------+

    * Multiplexer: 
    +-----------------------------------------------------------+-----+-----------+-----+-----------+
    |                            Name                           | LUT | Input Size| Bits| Total Bits|
    +-----------------------------------------------------------+-----+-----------+-----+-----------+
    |K_address0                                                 |    2|          5|    2|         10|
    |ap_NS_fsm                                                  |  416|        161|    1|        161|
    |grp_SHA1ProcessMessageBlock_SHA1CircularShift_fu_347_bits  |    6|          4|    6|         24|
    |grp_SHA1ProcessMessageBlock_SHA1CircularShift_fu_347_word  |  896|         88|   32|       2816|
    |grp_SHA1ProcessMessageBlock_SHA1CircularShift_fu_355_bits  |    6|          4|    6|         24|
    |grp_SHA1ProcessMessageBlock_SHA1CircularShift_fu_355_word  |  832|         80|   32|       2560|
    |grp_SHA1ProcessMessageBlock_SHA1CircularShift_fu_364_bits  |    6|          4|    6|         24|
    |grp_SHA1ProcessMessageBlock_SHA1CircularShift_fu_364_word  |  512|         52|   32|       1664|
    |grp_SHA1ProcessMessageBlock_SHA1CircularShift_fu_373_word  |   32|          3|   32|         96|
    |grp_SHA1ProcessMessageBlock_SHA1CircularShift_fu_380_word  |   32|          3|   32|         96|
    |grp_fu_514_p1                                              |   32|          3|   32|         96|
    +-----------------------------------------------------------+-----+-----------+-----+-----------+
    |Total                                                      | 2772|        407|  213|       7571|
    +-----------------------------------------------------------+-----+-----------+-----+-----------+

    * Register: 
    +--------------------+-----+----+-----+-----------+
    |        Name        |  FF | LUT| Bits| Const Bits|
    +--------------------+-----+----+-----+-----------+
    |A_reg_5184          |   32|   0|   32|          0|
    |B_reg_5192          |   32|   0|   32|          0|
    |C_4_1_reg_5806      |   32|   0|   32|          0|
    |C_4_2_reg_5858      |   32|   0|   32|          0|
    |C_reg_5200          |   32|   0|   32|          0|
    |D_reg_5208          |   32|   0|   32|          0|
    |E_reg_5215          |   32|   0|   32|          0|
    |W_0_reg_5221        |   32|   0|   32|          0|
    |W_10_reg_5361       |   32|   0|   32|          0|
    |W_11_reg_5376       |   32|   0|   32|          0|
    |W_12_reg_5391       |   32|   0|   32|          0|
    |W_13_reg_5406       |   32|   0|   32|          0|
    |W_14_reg_5421       |   32|   0|   32|          0|
    |W_15_reg_5436       |   32|   0|   32|          0|
    |W_1_reg_5234        |   32|   0|   32|          0|
    |W_2_reg_5247        |   32|   0|   32|          0|
    |W_3_reg_5261        |   32|   0|   32|          0|
    |W_4_reg_5275        |   32|   0|   32|          0|
    |W_5_reg_5289        |   32|   0|   32|          0|
    |W_6_reg_5303        |   32|   0|   32|          0|
    |W_71_reg_5836       |   32|   0|   32|          0|
    |W_73_reg_5823       |   32|   0|   32|          0|
    |W_76_reg_5852       |   32|   0|   32|          0|
    |W_79_reg_5875       |   32|   0|   32|          0|
    |W_7_reg_5317        |   32|   0|   32|          0|
    |W_8_reg_5331        |   32|   0|   32|          0|
    |W_9_reg_5346        |   32|   0|   32|          0|
    |ap_CS_fsm           |  160|   0|  160|          0|
    |reg_1003            |   32|   0|   32|          0|
    |reg_388             |   32|   0|   32|          0|
    |reg_392             |   32|   0|   32|          0|
    |reg_396             |   32|   0|   32|          0|
    |reg_400             |   32|   0|   32|          0|
    |reg_404             |   32|   0|   32|          0|
    |reg_408             |   32|   0|   32|          0|
    |reg_412             |   32|   0|   32|          0|
    |reg_416             |   32|   0|   32|          0|
    |reg_420             |   32|   0|   32|          0|
    |reg_424             |   32|   0|   32|          0|
    |reg_428             |   32|   0|   32|          0|
    |reg_432             |   32|   0|   32|          0|
    |reg_436             |   32|   0|   32|          0|
    |reg_440             |   32|   0|   32|          0|
    |reg_444             |   32|   0|   32|          0|
    |reg_448             |   32|   0|   32|          0|
    |reg_452             |   32|   0|   32|          0|
    |reg_456             |   32|   0|   32|          0|
    |reg_460             |   32|   0|   32|          0|
    |reg_464             |   32|   0|   32|          0|
    |reg_468             |   32|   0|   32|          0|
    |reg_472             |   32|   0|   32|          0|
    |reg_476             |   32|   0|   32|          0|
    |reg_480             |   32|   0|   32|          0|
    |temp_10_reg_5383    |   32|   0|   32|          0|
    |temp_11_reg_5398    |   32|   0|   32|          0|
    |temp_12_reg_5414    |   32|   0|   32|          0|
    |temp_13_reg_5429    |   32|   0|   32|          0|
    |temp_14_reg_5444    |   32|   0|   32|          0|
    |temp_15_reg_5452    |   32|   0|   32|          0|
    |temp_16_reg_5460    |   32|   0|   32|          0|
    |temp_17_reg_5468    |   32|   0|   32|          0|
    |temp_18_reg_5480    |   32|   0|   32|          0|
    |temp_19_reg_5487    |   32|   0|   32|          0|
    |temp_1_10_reg_5564  |   32|   0|   32|          0|
    |temp_1_11_reg_5571  |   32|   0|   32|          0|
    |temp_1_12_reg_5578  |   32|   0|   32|          0|
    |temp_1_13_reg_5585  |   32|   0|   32|          0|
    |temp_1_14_reg_5592  |   32|   0|   32|          0|
    |temp_1_15_reg_5599  |   32|   0|   32|          0|
    |temp_1_16_reg_5606  |   32|   0|   32|          0|
    |temp_1_17_reg_5613  |   32|   0|   32|          0|
    |temp_1_18_reg_5620  |   32|   0|   32|          0|
    |temp_1_1_reg_5494   |   32|   0|   32|          0|
    |temp_1_2_reg_5501   |   32|   0|   32|          0|
    |temp_1_3_reg_5508   |   32|   0|   32|          0|
    |temp_1_4_reg_5515   |   32|   0|   32|          0|
    |temp_1_5_reg_5522   |   32|   0|   32|          0|
    |temp_1_6_reg_5529   |   32|   0|   32|          0|
    |temp_1_7_reg_5536   |   32|   0|   32|          0|
    |temp_1_8_reg_5543   |   32|   0|   32|          0|
    |temp_1_9_reg_5550   |   32|   0|   32|          0|
    |temp_1_reg_5253     |   32|   0|   32|          0|
    |temp_1_s_reg_5557   |   32|   0|   32|          0|
    |temp_20_reg_5627    |   32|   0|   32|          0|
    |temp_21_reg_5767    |   32|   0|   32|          0|
    |temp_2_10_reg_5704  |   32|   0|   32|          0|
    |temp_2_11_reg_5711  |   32|   0|   32|          0|
    |temp_2_12_reg_5718  |   32|   0|   32|          0|
    |temp_2_13_reg_5725  |   32|   0|   32|          0|
    |temp_2_14_reg_5732  |   32|   0|   32|          0|
    |temp_2_15_reg_5739  |   32|   0|   32|          0|
    |temp_2_16_reg_5746  |   32|   0|   32|          0|
    |temp_2_17_reg_5753  |   32|   0|   32|          0|
    |temp_2_18_reg_5760  |   32|   0|   32|          0|
    |temp_2_1_reg_5634   |   32|   0|   32|          0|
    |temp_2_2_reg_5641   |   32|   0|   32|          0|
    |temp_2_3_reg_5648   |   32|   0|   32|          0|
    |temp_2_4_reg_5655   |   32|   0|   32|          0|
    |temp_2_5_reg_5662   |   32|   0|   32|          0|
    |temp_2_6_reg_5669   |   32|   0|   32|          0|
    |temp_2_7_reg_5676   |   32|   0|   32|          0|
    |temp_2_8_reg_5683   |   32|   0|   32|          0|
    |temp_2_9_reg_5690   |   32|   0|   32|          0|
    |temp_2_reg_5267     |   32|   0|   32|          0|
    |temp_2_s_reg_5697   |   32|   0|   32|          0|
    |temp_3_10_reg_5946  |   32|   0|   32|          0|
    |temp_3_11_reg_5953  |   32|   0|   32|          0|
    |temp_3_12_reg_5960  |   32|   0|   32|          0|
    |temp_3_13_reg_5967  |   32|   0|   32|          0|
    |temp_3_14_reg_5974  |   32|   0|   32|          0|
    |temp_3_15_reg_5985  |   32|   0|   32|          0|
    |temp_3_16_reg_6002  |   32|   0|   32|          0|
    |temp_3_17_reg_6033  |   32|   0|   32|          0|
    |temp_3_1_reg_5789   |   32|   0|   32|          0|
    |temp_3_2_reg_5829   |   32|   0|   32|          0|
    |temp_3_3_reg_5880   |   32|   0|   32|          0|
    |temp_3_4_reg_5897   |   32|   0|   32|          0|
    |temp_3_5_reg_5904   |   32|   0|   32|          0|
    |temp_3_6_reg_5911   |   32|   0|   32|          0|
    |temp_3_7_reg_5918   |   32|   0|   32|          0|
    |temp_3_8_reg_5925   |   32|   0|   32|          0|
    |temp_3_9_reg_5932   |   32|   0|   32|          0|
    |temp_3_reg_5368     |   32|   0|   32|          0|
    |temp_3_s_reg_5939   |   32|   0|   32|          0|
    |temp_4_reg_5281     |   32|   0|   32|          0|
    |temp_5_reg_5295     |   32|   0|   32|          0|
    |temp_6_reg_5309     |   32|   0|   32|          0|
    |temp_7_reg_5323     |   32|   0|   32|          0|
    |temp_8_reg_5338     |   32|   0|   32|          0|
    |temp_9_reg_5353     |   32|   0|   32|          0|
    |temp_reg_5226       |   32|   0|   32|          0|
    |temp_s_reg_5239     |   32|   0|   32|          0|
    |tmp187_reg_5475     |   32|   0|   32|          0|
    |tmp396_reg_5980     |   32|   0|   32|          0|
    |tmp400_reg_5992     |   32|   0|   32|          0|
    |tmp403_reg_6023     |   32|   0|   32|          0|
    |tmp404_reg_5997     |   32|   0|   32|          0|
    |tmp408_reg_6028     |   32|   0|   32|          0|
    |tmp409_reg_5887     |   32|   0|   32|          0|
    |tmp_10_reg_4919     |    8|   0|    8|          0|
    |tmp_11_reg_4924     |    8|   0|    8|          0|
    |tmp_12_reg_4929     |    8|   0|    8|          0|
    |tmp_13_reg_4934     |    8|   0|    8|          0|
    |tmp_14_reg_4939     |    8|   0|    8|          0|
    |tmp_15_reg_4944     |    8|   0|    8|          0|
    |tmp_16_reg_4949     |    8|   0|    8|          0|
    |tmp_17_reg_4954     |    8|   0|    8|          0|
    |tmp_18_reg_4959     |    8|   0|    8|          0|
    |tmp_19_reg_4964     |    8|   0|    8|          0|
    |tmp_1_reg_4864      |    8|   0|    8|          0|
    |tmp_20_reg_4969     |    8|   0|    8|          0|
    |tmp_21_reg_4974     |    8|   0|    8|          0|
    |tmp_22_reg_4979     |    8|   0|    8|          0|
    |tmp_23_reg_4984     |    8|   0|    8|          0|
    |tmp_24_reg_4989     |    8|   0|    8|          0|
    |tmp_25_reg_4994     |    8|   0|    8|          0|
    |tmp_26_reg_4999     |    8|   0|    8|          0|
    |tmp_27_reg_5004     |    8|   0|    8|          0|
    |tmp_28_reg_5009     |    8|   0|    8|          0|
    |tmp_29_reg_5014     |    8|   0|    8|          0|
    |tmp_2_reg_4869      |    8|   0|    8|          0|
    |tmp_30_45_reg_5774  |   32|   0|   32|          0|
    |tmp_30_46_reg_5779  |   32|   0|   32|          0|
    |tmp_30_48_reg_5784  |   32|   0|   32|          0|
    |tmp_30_49_reg_5796  |   32|   0|   32|          0|
    |tmp_30_51_reg_5801  |   32|   0|   32|          0|
    |tmp_30_52_reg_5813  |   32|   0|   32|          0|
    |tmp_30_54_reg_5818  |   32|   0|   32|          0|
    |tmp_30_55_reg_5842  |   32|   0|   32|          0|
    |tmp_30_57_reg_5847  |   32|   0|   32|          0|
    |tmp_30_58_reg_5865  |   32|   0|   32|          0|
    |tmp_30_60_reg_5870  |   32|   0|   32|          0|
    |tmp_30_61_reg_5892  |   32|   0|   32|          0|
    |tmp_30_reg_5019     |    8|   0|    8|          0|
    |tmp_31_reg_5024     |    8|   0|    8|          0|
    |tmp_32_reg_5029     |    8|   0|    8|          0|
    |tmp_33_reg_5034     |    8|   0|    8|          0|
    |tmp_34_reg_5039     |    8|   0|    8|          0|
    |tmp_35_reg_5044     |    8|   0|    8|          0|
    |tmp_36_reg_5049     |    8|   0|    8|          0|
    |tmp_37_reg_5054     |    8|   0|    8|          0|
    |tmp_38_reg_5059     |    8|   0|    8|          0|
    |tmp_39_reg_5064     |    8|   0|    8|          0|
    |tmp_3_reg_4884      |    8|   0|    8|          0|
    |tmp_40_reg_5069     |    8|   0|    8|          0|
    |tmp_41_reg_5074     |    8|   0|    8|          0|
    |tmp_42_reg_5079     |    8|   0|    8|          0|
    |tmp_43_reg_5084     |    8|   0|    8|          0|
    |tmp_44_reg_5089     |    8|   0|    8|          0|
    |tmp_45_reg_5094     |    8|   0|    8|          0|
    |tmp_46_reg_5099     |    8|   0|    8|          0|
    |tmp_47_reg_5104     |    8|   0|    8|          0|
    |tmp_48_reg_5109     |    8|   0|    8|          0|
    |tmp_49_reg_5114     |    8|   0|    8|          0|
    |tmp_4_reg_4889      |    8|   0|    8|          0|
    |tmp_50_reg_5119     |    8|   0|    8|          0|
    |tmp_51_reg_5124     |    8|   0|    8|          0|
    |tmp_52_reg_5129     |    8|   0|    8|          0|
    |tmp_53_reg_5134     |    8|   0|    8|          0|
    |tmp_54_reg_5139     |    8|   0|    8|          0|
    |tmp_55_reg_5144     |    8|   0|    8|          0|
    |tmp_56_reg_5149     |    8|   0|    8|          0|
    |tmp_57_reg_5154     |    8|   0|    8|          0|
    |tmp_59_reg_6044     |   32|   0|   32|          0|
    |tmp_5_reg_4899      |    8|   0|    8|          0|
    |tmp_60_reg_6039     |   32|   0|   32|          0|
    |tmp_61_reg_6013     |   32|   0|   32|          0|
    |tmp_62_reg_6018     |   32|   0|   32|          0|
    |tmp_63_reg_5159     |    8|   0|    8|          0|
    |tmp_64_reg_5164     |    8|   0|    8|          0|
    |tmp_65_18_reg_6008  |   32|   0|   32|          0|
    |tmp_65_reg_5169     |    8|   0|    8|          0|
    |tmp_66_reg_5174     |    8|   0|    8|          0|
    |tmp_67_reg_5179     |    8|   0|    8|          0|
    |tmp_6_reg_4904      |    8|   0|    8|          0|
    |tmp_7_reg_4879      |    8|   0|    8|          0|
    |tmp_8_reg_4909      |    8|   0|    8|          0|
    |tmp_9_reg_4914      |    8|   0|    8|          0|
    |tmp_reg_4874        |    8|   0|    8|          0|
    |tmp_s_reg_4894      |    8|   0|    8|          0|
    +--------------------+-----+----+-----+-----------+
    |Total               | 5632|   0| 5632|          0|
    +--------------------+-----+----+-----+-----------+



================================================================
== Interface
================================================================
* Summary: 
+------------------+-----+-----+------------+-------------------------+--------------+
|     RTL Ports    | Dir | Bits|  Protocol  |      Source Object      |    C Type    |
+------------------+-----+-----+------------+-------------------------+--------------+
|ap_clk            |  in |    1| ap_ctrl_hs | SHA1ProcessMessageBlock | return value |
|ap_rst            |  in |    1| ap_ctrl_hs | SHA1ProcessMessageBlock | return value |
|ap_start          |  in |    1| ap_ctrl_hs | SHA1ProcessMessageBlock | return value |
|ap_done           | out |    1| ap_ctrl_hs | SHA1ProcessMessageBlock | return value |
|ap_idle           | out |    1| ap_ctrl_hs | SHA1ProcessMessageBlock | return value |
|ap_ready          | out |    1| ap_ctrl_hs | SHA1ProcessMessageBlock | return value |
|context_i         |  in |  688|   ap_ovld  |         context         |    pointer   |
|context_o         | out |  688|   ap_ovld  |         context         |    pointer   |
|context_o_ap_vld  | out |    1|   ap_ovld  |         context         |    pointer   |
+------------------+-----+-----+------------+-------------------------+--------------+

