

================================================================
== Vivado HLS Report for 'SHA1ProcessMessageBlock_SHA1CircularShift'
================================================================
* Date:           Thu Sep  1 01:16:19 2016

* Version:        2016.1 (Build 1538259 on Fri Apr 08 16:12:49 MDT 2016)
* Project:        sha1
* Solution:       solution8
* Product family: zynq
* Target device:  xc7z020clg484-1


================================================================
== Performance Estimates
================================================================
+ Timing (ns): 
    * Summary: 
    +--------+-------+----------+------------+
    |  Clock | Target| Estimated| Uncertainty|
    +--------+-------+----------+------------+
    |ap_clk  |  10.00|      7.03|        1.25|
    +--------+-------+----------+------------+

+ Latency (clock cycles): 
    * Summary: 
    +-----+-----+-----+-----+---------+
    |  Latency  |  Interval | Pipeline|
    | min | max | min | max |   Type  |
    +-----+-----+-----+-----+---------+
    |    0|    0|    0|    0|   none  |
    +-----+-----+-----+-----+---------+

    + Detail: 
        * Instance: 
        N/A

        * Loop: 
        N/A



================================================================
== Utilization Estimates
================================================================
* Summary: 
+-----------------+---------+-------+--------+-------+
|       Name      | BRAM_18K| DSP48E|   FF   |  LUT  |
+-----------------+---------+-------+--------+-------+
|DSP              |        -|      -|       -|      -|
|Expression       |        -|      -|       0|    227|
|FIFO             |        -|      -|       -|      -|
|Instance         |        -|      -|       -|      -|
|Memory           |        -|      -|       -|      -|
|Multiplexer      |        -|      -|       -|      -|
|Register         |        -|      -|       -|      -|
+-----------------+---------+-------+--------+-------+
|Total            |        0|      0|       0|    227|
+-----------------+---------+-------+--------+-------+
|Available        |      280|    220|  106400|  53200|
+-----------------+---------+-------+--------+-------+
|Utilization (%)  |        0|      0|       0|   ~0  |
+-----------------+---------+-------+--------+-------+

+ Detail: 
    * Instance: 
    N/A

    * DSP48: 
    N/A

    * Memory: 
    N/A

    * FIFO: 
    N/A

    * Expression: 
    +-----------------+----------+-------+---+----+------------+------------+
    |  Variable Name  | Operation| DSP48E| FF| LUT| Bitwidth P0| Bitwidth P1|
    +-----------------+----------+-------+---+----+------------+------------+
    |tmp_63_fu_32_p2  |     -    |      0|  0|   7|           7|           6|
    |tmp_64_fu_42_p2  |   lshr   |      0|  0|  88|          32|          32|
    |ap_return        |    or    |      0|  0|  44|          32|          32|
    |tmp_s_fu_26_p2   |    shl   |      0|  0|  88|          32|          32|
    +-----------------+----------+-------+---+----+------------+------------+
    |Total            |          |      0|  0| 227|         103|         102|
    +-----------------+----------+-------+---+----+------------+------------+

    * Multiplexer: 
    N/A

    * Register: 
    N/A



================================================================
== Interface
================================================================
* Summary: 
+-----------+-----+-----+------------+-------------------------------------------+--------------+
| RTL Ports | Dir | Bits|  Protocol  |               Source Object               |    C Type    |
+-----------+-----+-----+------------+-------------------------------------------+--------------+
|bits       |  in |    6|   ap_none  |                    bits                   |    scalar    |
|word       |  in |   32|   ap_none  |                    word                   |    scalar    |
|ap_return  | out |   32| ap_ctrl_hs | SHA1ProcessMessageBlock_SHA1CircularShift | return value |
+-----------+-----+-----+------------+-------------------------------------------+--------------+

