

================================================================
== Vivado HLS Report for 'SHA1ProcessMessageBlock'
================================================================
* Date:           Mon Sep 12 23:57:31 2016

* Version:        2016.1 (Build 1538259 on Fri Apr 08 16:12:49 MDT 2016)
* Project:        sha1_hls
* Solution:       solution2
* Product family: zynq
* Target device:  xc7z020clg484-1


================================================================
== Performance Estimates
================================================================
+ Timing (ns): 
    * Summary: 
    +--------+-------+----------+------------+
    |  Clock | Target| Estimated| Uncertainty|
    +--------+-------+----------+------------+
    |ap_clk  |  10.00|      8.60|        1.25|
    +--------+-------+----------+------------+

+ Latency (clock cycles): 
    * Summary: 
    +-----+-----+-----+-----+----------+
    |  Latency  |  Interval | Pipeline |
    | min | max | min | max |   Type   |
    +-----+-----+-----+-----+----------+
    |  165|  165|  166|  166| function |
    +-----+-----+-----+-----+----------+

    + Detail: 
        * Instance: 
        +-------------------------------------------------------+-------------------------------------------+-----+-----+-----+-----+----------+
        |                                                       |                                           |  Latency  |  Interval | Pipeline |
        |                        Instance                       |                   Module                  | min | max | min | max |   Type   |
        +-------------------------------------------------------+-------------------------------------------+-----+-----+-----+-----+----------+
        |grp_SHA1ProcessMessageBlock_Swapping_fu_1497           |SHA1ProcessMessageBlock_Swapping           |    0|    0|    1|    1| function |
        |grp_SHA1ProcessMessageBlock_SHA1CircularShift_fu_1506  |SHA1ProcessMessageBlock_SHA1CircularShift  |    0|    0|    1|    1| function |
        +-------------------------------------------------------+-------------------------------------------+-----+-----+-----+-----+----------+

        * Loop: 
        N/A



================================================================
== Utilization Estimates
================================================================
* Summary: 
+-----------------+---------+-------+--------+-------+
|       Name      | BRAM_18K| DSP48E|   FF   |  LUT  |
+-----------------+---------+-------+--------+-------+
|DSP              |        -|      -|       -|      -|
|Expression       |        -|      -|       0|  11116|
|FIFO             |        -|      -|       -|      -|
|Instance         |        -|      -|       0|    454|
|Memory           |        1|      -|       0|      0|
|Multiplexer      |        -|      -|       -|   2639|
|Register         |        -|      -|    2326|      -|
+-----------------+---------+-------+--------+-------+
|Total            |        1|      0|    2326|  14209|
+-----------------+---------+-------+--------+-------+
|Available        |      280|    220|  106400|  53200|
+-----------------+---------+-------+--------+-------+
|Utilization (%)  |    ~0   |      0|       2|     26|
+-----------------+---------+-------+--------+-------+

+ Detail: 
    * Instance: 
    +-------------------------------------------------------+-------------------------------------------+---------+-------+---+-----+
    |                        Instance                       |                   Module                  | BRAM_18K| DSP48E| FF| LUT |
    +-------------------------------------------------------+-------------------------------------------+---------+-------+---+-----+
    |grp_SHA1ProcessMessageBlock_SHA1CircularShift_fu_1506  |SHA1ProcessMessageBlock_SHA1CircularShift  |        0|      0|  0|  227|
    |grp_SHA1ProcessMessageBlock_Swapping_fu_1497           |SHA1ProcessMessageBlock_Swapping           |        0|      0|  0|  227|
    +-------------------------------------------------------+-------------------------------------------+---------+-------+---+-----+
    |Total                                                  |                                           |        0|      0|  0|  454|
    +-------------------------------------------------------+-------------------------------------------+---------+-------+---+-----+

    * DSP48: 
    N/A

    * Memory: 
    +-------+---------------------------+---------+---+----+------+-----+------+-------------+
    | Memory|           Module          | BRAM_18K| FF| LUT| Words| Bits| Banks| W*Bits*Banks|
    +-------+---------------------------+---------+---+----+------+-----+------+-------------+
    |W_U    |SHA1ProcessMessageBlock_W  |        1|  0|   0|    80|   32|     1|         2560|
    +-------+---------------------------+---------+---+----+------+-----+------+-------------+
    |Total  |                           |        1|  0|   0|    80|   32|     1|         2560|
    +-------+---------------------------+---------+---+----+------+-----+------+-------------+

    * FIFO: 
    N/A

    * Expression: 
    +----------------------+----------+-------+---+-----+------------+------------+
    |     Variable Name    | Operation| DSP48E| FF| LUT | Bitwidth P0| Bitwidth P1|
    +----------------------+----------+-------+---+-----+------------+------------+
    |grp_fu_1536_p2        |     +    |      0|  0|   16|          32|          31|
    |grp_fu_1542_p2        |     +    |      0|  0|   16|          32|          31|
    |grp_fu_1548_p2        |     +    |      0|  0|   16|          32|          32|
    |grp_fu_1554_p2        |     +    |      0|  0|   16|          32|          31|
    |grp_fu_1704_p2        |     +    |      0|  0|   16|          32|          32|
    |grp_fu_1722_p2        |     +    |      0|  0|   16|          32|          32|
    |grp_fu_2064_p2        |     +    |      0|  0|   16|          32|          32|
    |grp_fu_2226_p2        |     +    |      0|  0|   16|          32|          32|
    |grp_fu_2258_p2        |     +    |      0|  0|   16|          32|          32|
    |grp_fu_2264_p2        |     +    |      0|  0|   16|          32|          32|
    |grp_fu_2326_p2        |     +    |      0|  0|   16|          32|          32|
    |grp_fu_2332_p2        |     +    |      0|  0|   16|          32|          32|
    |grp_fu_2338_p2        |     +    |      0|  0|   16|          32|          32|
    |grp_fu_2344_p2        |     +    |      0|  0|   16|          32|          32|
    |grp_fu_2350_p2        |     +    |      0|  0|   16|          32|          32|
    |temp_1_10_fu_2716_p2  |     +    |      0|  0|   16|          32|          32|
    |temp_1_11_fu_2751_p2  |     +    |      0|  0|   16|          32|          32|
    |temp_1_12_fu_2786_p2  |     +    |      0|  0|   16|          32|          32|
    |temp_1_13_fu_2821_p2  |     +    |      0|  0|   16|          32|          32|
    |temp_1_14_fu_2843_p2  |     +    |      0|  0|   16|          32|          32|
    |temp_1_15_fu_2865_p2  |     +    |      0|  0|   16|          32|          32|
    |temp_1_16_fu_2888_p2  |     +    |      0|  0|   16|          32|          32|
    |temp_1_17_fu_2911_p2  |     +    |      0|  0|   16|          32|          32|
    |temp_1_18_fu_2934_p2  |     +    |      0|  0|   16|          32|          32|
    |temp_1_1_fu_2526_p2   |     +    |      0|  0|   16|          32|          32|
    |temp_1_2_fu_2545_p2   |     +    |      0|  0|   16|          32|          32|
    |temp_1_3_fu_2564_p2   |     +    |      0|  0|   16|          32|          32|
    |temp_1_4_fu_2583_p2   |     +    |      0|  0|   16|          32|          32|
    |temp_1_5_fu_2602_p2   |     +    |      0|  0|   16|          32|          32|
    |temp_1_6_fu_2621_p2   |     +    |      0|  0|   16|          32|          32|
    |temp_1_7_fu_2640_p2   |     +    |      0|  0|   16|          32|          32|
    |temp_1_8_fu_2659_p2   |     +    |      0|  0|   16|          32|          32|
    |temp_1_9_fu_2678_p2   |     +    |      0|  0|   16|          32|          32|
    |temp_1_fu_2495_p2     |     +    |      0|  0|   16|          32|          32|
    |temp_1_s_fu_2697_p2   |     +    |      0|  0|   16|          32|          32|
    |temp_2_10_fu_3096_p2  |     +    |      0|  0|   16|          32|          32|
    |temp_2_11_fu_3110_p2  |     +    |      0|  0|   16|          32|          32|
    |temp_2_12_fu_3124_p2  |     +    |      0|  0|   16|          32|          32|
    |temp_2_13_fu_3138_p2  |     +    |      0|  0|   16|          32|          32|
    |temp_2_14_fu_3152_p2  |     +    |      0|  0|   16|          32|          32|
    |temp_2_15_fu_2277_p2  |     +    |      0|  0|   16|          32|          32|
    |temp_2_16_fu_2291_p2  |     +    |      0|  0|   16|          32|          32|
    |temp_2_17_fu_2305_p2  |     +    |      0|  0|   16|          32|          32|
    |temp_2_18_fu_2319_p2  |     +    |      0|  0|   16|          32|          32|
    |temp_2_1_fu_2284_p2   |     +    |      0|  0|   16|          32|          32|
    |temp_2_2_fu_2298_p2   |     +    |      0|  0|   16|          32|          32|
    |temp_2_3_fu_2312_p2   |     +    |      0|  0|   16|          32|          32|
    |temp_2_4_fu_2996_p2   |     +    |      0|  0|   16|          32|          32|
    |temp_2_5_fu_3014_p2   |     +    |      0|  0|   16|          32|          32|
    |temp_2_6_fu_3027_p2   |     +    |      0|  0|   16|          32|          32|
    |temp_2_7_fu_3040_p2   |     +    |      0|  0|   16|          32|          32|
    |temp_2_8_fu_3054_p2   |     +    |      0|  0|   16|          32|          32|
    |temp_2_9_fu_3068_p2   |     +    |      0|  0|   16|          32|          32|
    |temp_2_fu_2270_p2     |     +    |      0|  0|   16|          32|          32|
    |temp_2_s_fu_3082_p2   |     +    |      0|  0|   16|          32|          32|
    |temp_3_10_fu_3468_p2  |     +    |      0|  0|   16|          32|          32|
    |temp_3_11_fu_3494_p2  |     +    |      0|  0|   16|          32|          32|
    |temp_3_12_fu_3520_p2  |     +    |      0|  0|   16|          32|          32|
    |temp_3_13_fu_3546_p2  |     +    |      0|  0|   16|          32|          32|
    |temp_3_14_fu_3572_p2  |     +    |      0|  0|   16|          32|          32|
    |temp_3_15_fu_3592_p2  |     +    |      0|  0|   16|          32|          32|
    |temp_3_16_fu_3612_p2  |     +    |      0|  0|   16|          32|          32|
    |temp_3_17_fu_3632_p2  |     +    |      0|  0|   16|          32|          32|
    |temp_3_18_fu_3652_p2  |     +    |      0|  0|   16|          32|          32|
    |temp_3_1_fu_3220_p2   |     +    |      0|  0|   16|          32|          32|
    |temp_3_2_fu_3240_p2   |     +    |      0|  0|   16|          32|          32|
    |temp_3_3_fu_3260_p2   |     +    |      0|  0|   16|          32|          32|
    |temp_3_4_fu_3286_p2   |     +    |      0|  0|   16|          32|          32|
    |temp_3_5_fu_3312_p2   |     +    |      0|  0|   16|          32|          32|
    |temp_3_6_fu_3338_p2   |     +    |      0|  0|   16|          32|          32|
    |temp_3_7_fu_3364_p2   |     +    |      0|  0|   16|          32|          32|
    |temp_3_8_fu_3390_p2   |     +    |      0|  0|   16|          32|          32|
    |temp_3_9_fu_3416_p2   |     +    |      0|  0|   16|          32|          32|
    |temp_3_fu_3200_p2     |     +    |      0|  0|   16|          32|          32|
    |temp_3_s_fu_3442_p2   |     +    |      0|  0|   16|          32|          32|
    |temp_4_10_fu_2391_p2  |     +    |      0|  0|   16|          32|          32|
    |temp_4_11_fu_2405_p2  |     +    |      0|  0|   16|          32|          32|
    |temp_4_12_fu_2419_p2  |     +    |      0|  0|   16|          32|          32|
    |temp_4_13_fu_2433_p2  |     +    |      0|  0|   16|          32|          32|
    |temp_4_14_fu_2363_p2  |     +    |      0|  0|   16|          32|          32|
    |temp_4_15_fu_2377_p2  |     +    |      0|  0|   16|          32|          32|
    |temp_4_16_fu_3858_p2  |     +    |      0|  0|   16|          32|          32|
    |temp_4_17_fu_3864_p2  |     +    |      0|  0|   16|          32|          32|
    |temp_4_18_fu_3870_p2  |     +    |      0|  0|   16|          32|          32|
    |temp_4_1_fu_3680_p2   |     +    |      0|  0|   16|          32|          32|
    |temp_4_2_fu_3694_p2   |     +    |      0|  0|   16|          32|          32|
    |temp_4_3_fu_3708_p2   |     +    |      0|  0|   16|          32|          32|
    |temp_4_4_fu_2356_p2   |     +    |      0|  0|   16|          32|          32|
    |temp_4_5_fu_2370_p2   |     +    |      0|  0|   16|          32|          32|
    |temp_4_6_fu_2384_p2   |     +    |      0|  0|   16|          32|          32|
    |temp_4_7_fu_2398_p2   |     +    |      0|  0|   16|          32|          32|
    |temp_4_8_fu_2412_p2   |     +    |      0|  0|   16|          32|          32|
    |temp_4_9_fu_2426_p2   |     +    |      0|  0|   16|          32|          32|
    |temp_4_fu_3666_p2     |     +    |      0|  0|   16|          32|          32|
    |temp_4_s_fu_3821_p2   |     +    |      0|  0|   16|          32|          32|
    |tmp_10_fu_2483_p2     |     +    |      0|  0|   16|          32|          32|
    |tmp_11_fu_2489_p2     |     +    |      0|  0|   16|          32|          32|
    |tmp_32_fu_3891_p2     |     +    |      0|  0|   32|          32|          32|
    |tmp_33_fu_3897_p2     |     +    |      0|  0|   32|          32|          32|
    |tmp_34_fu_3904_p2     |     +    |      0|  0|   32|          32|          32|
    |tmp_35_fu_3910_p2     |     +    |      0|  0|   32|          32|          32|
    |tmp_36_fu_3916_p2     |     +    |      0|  0|   32|          32|          32|
    |tmp_57_10_fu_3462_p2  |     +    |      0|  0|   16|          32|          32|
    |tmp_57_11_fu_3488_p2  |     +    |      0|  0|   16|          32|          32|
    |tmp_57_12_fu_3514_p2  |     +    |      0|  0|   16|          32|          32|
    |tmp_57_13_fu_3540_p2  |     +    |      0|  0|   16|          32|          32|
    |tmp_57_14_fu_3566_p2  |     +    |      0|  0|   16|          32|          32|
    |tmp_57_4_fu_3280_p2   |     +    |      0|  0|   16|          32|          32|
    |tmp_57_5_fu_3306_p2   |     +    |      0|  0|   16|          32|          32|
    |tmp_57_6_fu_3332_p2   |     +    |      0|  0|   16|          32|          32|
    |tmp_57_7_fu_3358_p2   |     +    |      0|  0|   16|          32|          32|
    |tmp_57_8_fu_3384_p2   |     +    |      0|  0|   16|          32|          32|
    |tmp_57_9_fu_3410_p2   |     +    |      0|  0|   16|          32|          32|
    |tmp_57_s_fu_3436_p2   |     +    |      0|  0|   16|          32|          32|
    |tmp_9_fu_2477_p2      |     +    |      0|  0|   16|          32|          31|
    |grp_fu_1680_p2        |    and   |      0|  0|   44|          32|          32|
    |grp_fu_1692_p2        |    and   |      0|  0|   44|          32|          32|
    |grp_fu_2208_p2        |    and   |      0|  0|   44|          32|          32|
    |tmp_20_fu_2088_p2     |    and   |      0|  0|   44|          32|          32|
    |tmp_51_10_fu_2154_p2  |    and   |      0|  0|   44|          32|          32|
    |tmp_51_11_fu_2160_p2  |    and   |      0|  0|   44|          32|          32|
    |tmp_51_12_fu_2166_p2  |    and   |      0|  0|   44|          32|          32|
    |tmp_51_13_fu_2172_p2  |    and   |      0|  0|   44|          32|          32|
    |tmp_51_14_fu_2178_p2  |    and   |      0|  0|   44|          32|          32|
    |tmp_51_15_fu_2184_p2  |    and   |      0|  0|   44|          32|          32|
    |tmp_51_16_fu_2190_p2  |    and   |      0|  0|   44|          32|          32|
    |tmp_51_17_fu_2196_p2  |    and   |      0|  0|   44|          32|          32|
    |tmp_51_18_fu_2202_p2  |    and   |      0|  0|   44|          32|          32|
    |tmp_51_1_fu_2094_p2   |    and   |      0|  0|   44|          32|          32|
    |tmp_51_2_fu_2100_p2   |    and   |      0|  0|   44|          32|          32|
    |tmp_51_3_fu_2106_p2   |    and   |      0|  0|   44|          32|          32|
    |tmp_51_4_fu_2112_p2   |    and   |      0|  0|   44|          32|          32|
    |tmp_51_5_fu_2118_p2   |    and   |      0|  0|   44|          32|          32|
    |tmp_51_6_fu_2124_p2   |    and   |      0|  0|   44|          32|          32|
    |tmp_51_7_fu_2130_p2   |    and   |      0|  0|   44|          32|          32|
    |tmp_51_8_fu_2136_p2   |    and   |      0|  0|   44|          32|          32|
    |tmp_51_9_fu_2142_p2   |    and   |      0|  0|   44|          32|          32|
    |tmp_51_s_fu_2148_p2   |    and   |      0|  0|   44|          32|          32|
    |tmp_5_fu_2453_p2      |    and   |      0|  0|   44|          32|          32|
    |tmp_7_fu_2465_p2      |    and   |      0|  0|   44|          32|          32|
    |grp_fu_1698_p2        |    or    |      0|  0|   44|          32|          32|
    |grp_fu_2082_p2        |    or    |      0|  0|   44|          32|          32|
    |tmp_22_fu_3194_p2     |    or    |      0|  0|   44|          32|          32|
    |tmp_53_10_fu_3456_p2  |    or    |      0|  0|   44|          32|          32|
    |tmp_53_11_fu_3482_p2  |    or    |      0|  0|   44|          32|          32|
    |tmp_53_12_fu_3508_p2  |    or    |      0|  0|   44|          32|          32|
    |tmp_53_13_fu_3534_p2  |    or    |      0|  0|   44|          32|          32|
    |tmp_53_14_fu_3560_p2  |    or    |      0|  0|   44|          32|          32|
    |tmp_53_15_fu_3586_p2  |    or    |      0|  0|   44|          32|          32|
    |tmp_53_16_fu_3606_p2  |    or    |      0|  0|   44|          32|          32|
    |tmp_53_17_fu_3626_p2  |    or    |      0|  0|   44|          32|          32|
    |tmp_53_18_fu_3646_p2  |    or    |      0|  0|   44|          32|          32|
    |tmp_53_1_fu_3214_p2   |    or    |      0|  0|   44|          32|          32|
    |tmp_53_2_fu_3234_p2   |    or    |      0|  0|   44|          32|          32|
    |tmp_53_3_fu_3254_p2   |    or    |      0|  0|   44|          32|          32|
    |tmp_53_4_fu_3274_p2   |    or    |      0|  0|   44|          32|          32|
    |tmp_53_5_fu_3300_p2   |    or    |      0|  0|   44|          32|          32|
    |tmp_53_6_fu_3326_p2   |    or    |      0|  0|   44|          32|          32|
    |tmp_53_7_fu_3352_p2   |    or    |      0|  0|   44|          32|          32|
    |tmp_53_8_fu_3378_p2   |    or    |      0|  0|   44|          32|          32|
    |tmp_53_9_fu_3404_p2   |    or    |      0|  0|   44|          32|          32|
    |tmp_53_s_fu_3430_p2   |    or    |      0|  0|   44|          32|          32|
    |tmp_8_fu_2471_p2      |    or    |      0|  0|   44|          32|          32|
    |grp_fu_1686_p2        |    xor   |      0|  0|   44|          32|           2|
    |grp_fu_1710_p2        |    xor   |      0|  0|   44|          32|          32|
    |grp_fu_1716_p2        |    xor   |      0|  0|   44|          32|          32|
    |grp_fu_1728_p2        |    xor   |      0|  0|   44|          32|          32|
    |grp_fu_1734_p2        |    xor   |      0|  0|   44|          32|          32|
    |grp_fu_1740_p2        |    xor   |      0|  0|   44|          32|          32|
    |grp_fu_1746_p2        |    xor   |      0|  0|   44|          32|          32|
    |grp_fu_1752_p2        |    xor   |      0|  0|   44|          32|          32|
    |grp_fu_1758_p2        |    xor   |      0|  0|   44|          32|          32|
    |grp_fu_1764_p2        |    xor   |      0|  0|   44|          32|          32|
    |grp_fu_1788_p2        |    xor   |      0|  0|   44|          32|          32|
    |grp_fu_1812_p2        |    xor   |      0|  0|   44|          32|          32|
    |grp_fu_1836_p2        |    xor   |      0|  0|   44|          32|          32|
    |grp_fu_1860_p2        |    xor   |      0|  0|   44|          32|          32|
    |grp_fu_1884_p2        |    xor   |      0|  0|   44|          32|          32|
    |grp_fu_1908_p2        |    xor   |      0|  0|   44|          32|          32|
    |grp_fu_1932_p2        |    xor   |      0|  0|   44|          32|          32|
    |grp_fu_1956_p2        |    xor   |      0|  0|   44|          32|          32|
    |grp_fu_1980_p2        |    xor   |      0|  0|   44|          32|          32|
    |grp_fu_2232_p2        |    xor   |      0|  0|   44|          32|          32|
    |tmp_1_fu_2735_p2      |    xor   |      0|  0|   44|          32|          32|
    |tmp_28_1_fu_2770_p2   |    xor   |      0|  0|   44|          32|          32|
    |tmp_28_2_fu_2805_p2   |    xor   |      0|  0|   44|          32|          32|
    |tmp_28_3_fu_2827_p2   |    xor   |      0|  0|   44|          32|          32|
    |tmp_28_4_fu_2849_p2   |    xor   |      0|  0|   44|          32|          32|
    |tmp_28_58_fu_3767_p2  |    xor   |      0|  0|   44|          32|          32|
    |tmp_28_59_fu_3785_p2  |    xor   |      0|  0|   44|          32|          32|
    |tmp_28_5_fu_2872_p2   |    xor   |      0|  0|   44|          32|          32|
    |tmp_28_60_fu_3803_p2  |    xor   |      0|  0|   44|          32|          32|
    |tmp_28_61_fu_3828_p2  |    xor   |      0|  0|   44|          32|          32|
    |tmp_28_6_fu_2895_p2   |    xor   |      0|  0|   44|          32|          32|
    |tmp_28_7_fu_2918_p2   |    xor   |      0|  0|   44|          32|          32|
    |tmp_29_10_fu_2974_p2  |    xor   |      0|  0|   44|          32|          32|
    |tmp_29_11_fu_2985_p2  |    xor   |      0|  0|   44|          32|          32|
    |tmp_29_12_fu_3003_p2  |    xor   |      0|  0|   44|          32|          32|
    |tmp_29_13_fu_1770_p2  |    xor   |      0|  0|   44|          32|          32|
    |tmp_29_14_fu_1794_p2  |    xor   |      0|  0|   44|          32|          32|
    |tmp_29_15_fu_1818_p2  |    xor   |      0|  0|   44|          32|          32|
    |tmp_29_16_fu_1842_p2  |    xor   |      0|  0|   44|          32|          32|
    |tmp_29_17_fu_1866_p2  |    xor   |      0|  0|   44|          32|          32|
    |tmp_29_18_fu_1890_p2  |    xor   |      0|  0|   44|          32|          32|
    |tmp_29_19_fu_1914_p2  |    xor   |      0|  0|   44|          32|          32|
    |tmp_29_1_fu_2775_p2   |    xor   |      0|  0|   44|          32|          32|
    |tmp_29_20_fu_1938_p2  |    xor   |      0|  0|   44|          32|          32|
    |tmp_29_21_fu_1962_p2  |    xor   |      0|  0|   44|          32|          32|
    |tmp_29_22_fu_1986_p2  |    xor   |      0|  0|   44|          32|          32|
    |tmp_29_23_fu_2004_p2  |    xor   |      0|  0|   44|          32|          32|
    |tmp_29_24_fu_2022_p2  |    xor   |      0|  0|   44|          32|          32|
    |tmp_29_25_fu_2040_p2  |    xor   |      0|  0|   44|          32|          32|
    |tmp_29_26_fu_2052_p2  |    xor   |      0|  0|   44|          32|          32|
    |tmp_29_27_fu_2070_p2  |    xor   |      0|  0|   44|          32|          32|
    |tmp_29_28_fu_2214_p2  |    xor   |      0|  0|   44|          32|          32|
    |tmp_29_29_fu_1776_p2  |    xor   |      0|  0|   44|          32|          32|
    |tmp_29_2_fu_2810_p2   |    xor   |      0|  0|   44|          32|          32|
    |tmp_29_30_fu_1800_p2  |    xor   |      0|  0|   44|          32|          32|
    |tmp_29_31_fu_1824_p2  |    xor   |      0|  0|   44|          32|          32|
    |tmp_29_32_fu_1848_p2  |    xor   |      0|  0|   44|          32|          32|
    |tmp_29_33_fu_1872_p2  |    xor   |      0|  0|   44|          32|          32|
    |tmp_29_34_fu_1896_p2  |    xor   |      0|  0|   44|          32|          32|
    |tmp_29_35_fu_1920_p2  |    xor   |      0|  0|   44|          32|          32|
    |tmp_29_36_fu_1944_p2  |    xor   |      0|  0|   44|          32|          32|
    |tmp_29_37_fu_1968_p2  |    xor   |      0|  0|   44|          32|          32|
    |tmp_29_38_fu_1992_p2  |    xor   |      0|  0|   44|          32|          32|
    |tmp_29_39_fu_2010_p2  |    xor   |      0|  0|   44|          32|          32|
    |tmp_29_3_fu_2832_p2   |    xor   |      0|  0|   44|          32|          32|
    |tmp_29_40_fu_2028_p2  |    xor   |      0|  0|   44|          32|          32|
    |tmp_29_41_fu_2046_p2  |    xor   |      0|  0|   44|          32|          32|
    |tmp_29_42_fu_2058_p2  |    xor   |      0|  0|   44|          32|          32|
    |tmp_29_43_fu_2076_p2  |    xor   |      0|  0|   44|          32|          32|
    |tmp_29_44_fu_2220_p2  |    xor   |      0|  0|   44|          32|          32|
    |tmp_29_45_fu_1782_p2  |    xor   |      0|  0|   44|          32|          32|
    |tmp_29_46_fu_1806_p2  |    xor   |      0|  0|   44|          32|          32|
    |tmp_29_47_fu_1830_p2  |    xor   |      0|  0|   44|          32|          32|
    |tmp_29_48_fu_1854_p2  |    xor   |      0|  0|   44|          32|          32|
    |tmp_29_49_fu_1878_p2  |    xor   |      0|  0|   44|          32|          32|
    |tmp_29_4_fu_2854_p2   |    xor   |      0|  0|   44|          32|          32|
    |tmp_29_50_fu_1902_p2  |    xor   |      0|  0|   44|          32|          32|
    |tmp_29_51_fu_1926_p2  |    xor   |      0|  0|   44|          32|          32|
    |tmp_29_52_fu_1950_p2  |    xor   |      0|  0|   44|          32|          32|
    |tmp_29_53_fu_1974_p2  |    xor   |      0|  0|   44|          32|          32|
    |tmp_29_54_fu_1998_p2  |    xor   |      0|  0|   44|          32|          32|
    |tmp_29_55_fu_2016_p2  |    xor   |      0|  0|   44|          32|          32|
    |tmp_29_56_fu_2034_p2  |    xor   |      0|  0|   44|          32|          32|
    |tmp_29_57_fu_3749_p2  |    xor   |      0|  0|   44|          32|          32|
    |tmp_29_58_fu_3773_p2  |    xor   |      0|  0|   44|          32|          32|
    |tmp_29_59_fu_3791_p2  |    xor   |      0|  0|   44|          32|          32|
    |tmp_29_5_fu_2877_p2   |    xor   |      0|  0|   44|          32|          32|
    |tmp_29_60_fu_3809_p2  |    xor   |      0|  0|   44|          32|          32|
    |tmp_29_61_fu_3834_p2  |    xor   |      0|  0|   44|          32|          32|
    |tmp_29_62_fu_3846_p2  |    xor   |      0|  0|   44|          32|          32|
    |tmp_29_6_fu_2900_p2   |    xor   |      0|  0|   44|          32|          32|
    |tmp_29_7_fu_2923_p2   |    xor   |      0|  0|   44|          32|          32|
    |tmp_29_8_fu_2941_p2   |    xor   |      0|  0|   44|          32|          32|
    |tmp_29_9_fu_2952_p2   |    xor   |      0|  0|   44|          32|          32|
    |tmp_29_s_fu_2963_p2   |    xor   |      0|  0|   44|          32|          32|
    |tmp_2_fu_2740_p2      |    xor   |      0|  0|   44|          32|          32|
    |tmp_30_10_fu_2979_p2  |    xor   |      0|  0|   44|          32|          32|
    |tmp_30_11_fu_2990_p2  |    xor   |      0|  0|   44|          32|          32|
    |tmp_30_12_fu_3008_p2  |    xor   |      0|  0|   44|          32|          32|
    |tmp_30_13_fu_3021_p2  |    xor   |      0|  0|   44|          32|          32|
    |tmp_30_14_fu_3034_p2  |    xor   |      0|  0|   44|          32|          32|
    |tmp_30_15_fu_3047_p2  |    xor   |      0|  0|   44|          32|          32|
    |tmp_30_16_fu_3061_p2  |    xor   |      0|  0|   44|          32|          32|
    |tmp_30_17_fu_3075_p2  |    xor   |      0|  0|   44|          32|          32|
    |tmp_30_18_fu_3089_p2  |    xor   |      0|  0|   44|          32|          32|
    |tmp_30_19_fu_3103_p2  |    xor   |      0|  0|   44|          32|          32|
    |tmp_30_1_fu_2780_p2   |    xor   |      0|  0|   44|          32|          32|
    |tmp_30_20_fu_3117_p2  |    xor   |      0|  0|   44|          32|          32|
    |tmp_30_21_fu_3131_p2  |    xor   |      0|  0|   44|          32|          32|
    |tmp_30_22_fu_3145_p2  |    xor   |      0|  0|   44|          32|          32|
    |tmp_30_23_fu_3159_p2  |    xor   |      0|  0|   44|          32|          32|
    |tmp_30_24_fu_3166_p2  |    xor   |      0|  0|   44|          32|          32|
    |tmp_30_25_fu_3173_p2  |    xor   |      0|  0|   44|          32|          32|
    |tmp_30_26_fu_3180_p2  |    xor   |      0|  0|   44|          32|          32|
    |tmp_30_27_fu_3187_p2  |    xor   |      0|  0|   44|          32|          32|
    |tmp_30_28_fu_3207_p2  |    xor   |      0|  0|   44|          32|          32|
    |tmp_30_29_fu_3227_p2  |    xor   |      0|  0|   44|          32|          32|
    |tmp_30_2_fu_2815_p2   |    xor   |      0|  0|   44|          32|          32|
    |tmp_30_30_fu_3247_p2  |    xor   |      0|  0|   44|          32|          32|
    |tmp_30_31_fu_3267_p2  |    xor   |      0|  0|   44|          32|          32|
    |tmp_30_32_fu_3293_p2  |    xor   |      0|  0|   44|          32|          32|
    |tmp_30_33_fu_3319_p2  |    xor   |      0|  0|   44|          32|          32|
    |tmp_30_34_fu_3345_p2  |    xor   |      0|  0|   44|          32|          32|
    |tmp_30_35_fu_3371_p2  |    xor   |      0|  0|   44|          32|          32|
    |tmp_30_36_fu_3397_p2  |    xor   |      0|  0|   44|          32|          32|
    |tmp_30_37_fu_3423_p2  |    xor   |      0|  0|   44|          32|          32|
    |tmp_30_38_fu_3449_p2  |    xor   |      0|  0|   44|          32|          32|
    |tmp_30_39_fu_3475_p2  |    xor   |      0|  0|   44|          32|          32|
    |tmp_30_3_fu_2837_p2   |    xor   |      0|  0|   44|          32|          32|
    |tmp_30_40_fu_3501_p2  |    xor   |      0|  0|   44|          32|          32|
    |tmp_30_41_fu_3527_p2  |    xor   |      0|  0|   44|          32|          32|
    |tmp_30_42_fu_3553_p2  |    xor   |      0|  0|   44|          32|          32|
    |tmp_30_43_fu_3579_p2  |    xor   |      0|  0|   44|          32|          32|
    |tmp_30_44_fu_3599_p2  |    xor   |      0|  0|   44|          32|          32|
    |tmp_30_45_fu_3619_p2  |    xor   |      0|  0|   44|          32|          32|
    |tmp_30_46_fu_3639_p2  |    xor   |      0|  0|   44|          32|          32|
    |tmp_30_47_fu_3659_p2  |    xor   |      0|  0|   44|          32|          32|
    |tmp_30_48_fu_3673_p2  |    xor   |      0|  0|   44|          32|          32|
    |tmp_30_49_fu_3687_p2  |    xor   |      0|  0|   44|          32|          32|
    |tmp_30_4_fu_2859_p2   |    xor   |      0|  0|   44|          32|          32|
    |tmp_30_50_fu_3701_p2  |    xor   |      0|  0|   44|          32|          32|
    |tmp_30_51_fu_3715_p2  |    xor   |      0|  0|   44|          32|          32|
    |tmp_30_52_fu_3722_p2  |    xor   |      0|  0|   44|          32|          32|
    |tmp_30_53_fu_3729_p2  |    xor   |      0|  0|   44|          32|          32|
    |tmp_30_54_fu_3736_p2  |    xor   |      0|  0|   44|          32|          32|
    |tmp_30_55_fu_3743_p2  |    xor   |      0|  0|   44|          32|          32|
    |tmp_30_56_fu_3761_p2  |    xor   |      0|  0|   44|          32|          32|
    |tmp_30_57_fu_3755_p2  |    xor   |      0|  0|   44|          32|          32|
    |tmp_30_58_fu_3779_p2  |    xor   |      0|  0|   44|          32|          32|
    |tmp_30_59_fu_3797_p2  |    xor   |      0|  0|   44|          32|          32|
    |tmp_30_5_fu_2882_p2   |    xor   |      0|  0|   44|          32|          32|
    |tmp_30_60_fu_3815_p2  |    xor   |      0|  0|   44|          32|          32|
    |tmp_30_61_fu_3840_p2  |    xor   |      0|  0|   44|          32|          32|
    |tmp_30_62_fu_3852_p2  |    xor   |      0|  0|   44|          32|          32|
    |tmp_30_6_fu_2905_p2   |    xor   |      0|  0|   44|          32|          32|
    |tmp_30_7_fu_2928_p2   |    xor   |      0|  0|   44|          32|          32|
    |tmp_30_8_fu_2946_p2   |    xor   |      0|  0|   44|          32|          32|
    |tmp_30_9_fu_2957_p2   |    xor   |      0|  0|   44|          32|          32|
    |tmp_30_s_fu_2968_p2   |    xor   |      0|  0|   44|          32|          32|
    |tmp_3_fu_2745_p2      |    xor   |      0|  0|   44|          32|          32|
    |tmp_6_fu_2459_p2      |    xor   |      0|  0|   44|          32|           2|
    +----------------------+----------+-------+---+-----+------------+------------+
    |Total                 |          |      0|  0|11116|       10368|       10304|
    +----------------------+----------+-------+---+-----+------------+------------+

    * Multiplexer: 
    +------------------------------------------------------------+-----+-----------+-----+-----------+
    |                            Name                            | LUT | Input Size| Bits| Total Bits|
    +------------------------------------------------------------+-----+-----------+-----+-----------+
    |W_address0                                                  |  189|         84|    7|        588|
    |W_d0                                                        |  192|         21|   32|        672|
    |ap_NS_fsm                                                   |  424|        167|    1|        167|
    |context_Intermediate_Hash_address0                          |    6|          9|    3|         27|
    |context_Intermediate_Hash_address1                          |    6|          8|    3|         24|
    |context_Intermediate_Hash_d0                                |   32|          4|   32|        128|
    |context_Intermediate_Hash_d1                                |   32|          3|   32|         96|
    |context_Message_Block_address0                              |   60|         33|    6|        198|
    |context_Message_Block_address1                              |   60|         33|    6|        198|
    |grp_SHA1ProcessMessageBlock_SHA1CircularShift_fu_1506_bits  |    6|          3|    6|         18|
    |grp_SHA1ProcessMessageBlock_SHA1CircularShift_fu_1506_word  |  672|         67|   32|       2144|
    |grp_SHA1ProcessMessageBlock_Swapping_fu_1497_A              |  832|         81|   32|       2592|
    |grp_SHA1ProcessMessageBlock_Swapping_fu_1497_B              |   32|          3|   32|         96|
    |grp_SHA1ProcessMessageBlock_Swapping_fu_1497_B_r            |   32|          3|   32|         96|
    |grp_SHA1ProcessMessageBlock_Swapping_fu_1497_D              |   32|          3|   32|         96|
    |grp_SHA1ProcessMessageBlock_Swapping_fu_1497_E              |   32|          3|   32|         96|
    +------------------------------------------------------------+-----+-----------+-----+-----------+
    |Total                                                       | 2639|        525|  320|       7236|
    +------------------------------------------------------------+-----+-----------+-----+-----------+

    * Register: 
    +-----------------------------------------+-----+----+-----+-----------+
    |                   Name                  |  FF | LUT| Bits| Const Bits|
    +-----------------------------------------+-----+----+-----+-----------+
    |W_addr_10_loc_assign_3_reg_4252          |   32|   0|   32|          0|
    |W_addr_11_loc_assign_3_reg_4280          |   32|   0|   32|          0|
    |W_addr_12_loc_assign_3_reg_4308          |   32|   0|   32|          0|
    |W_addr_13_loc_assign_3_reg_4336          |   32|   0|   32|          0|
    |W_addr_14_loc_assign_4_reg_4364          |   32|   0|   32|          0|
    |W_addr_157_loc_assign_1_reg_4008         |   32|   0|   32|          0|
    |W_addr_15_loc_assign_4_reg_4392          |   32|   0|   32|          0|
    |W_addr_262_loc_assign_1_reg_4034         |   32|   0|   32|          0|
    |W_addr_367_loc_assign_2_reg_4061         |   32|   0|   32|          0|
    |W_addr_470_loc_assign_2_reg_4088         |   32|   0|   32|          0|
    |W_addr_573_loc_assign_2_reg_4115         |   32|   0|   32|          0|
    |W_addr_676_loc_assign_2_reg_4142         |   32|   0|   32|          0|
    |W_addr_779_loc_assign_2_reg_4169         |   32|   0|   32|          0|
    |W_addr_882_loc_assign_2_reg_4196         |   32|   0|   32|          0|
    |W_addr_985_loc_assign_3_reg_4224         |   32|   0|   32|          0|
    |W_load_1_reg_4460                        |   32|   0|   32|          0|
    |W_load_2_reg_4465                        |   32|   0|   32|          0|
    |W_load_reg_4450                          |   32|   0|   32|          0|
    |ap_CS_fsm                                |  166|   0|  166|          0|
    |call_ret44_18_reg_4470_0                 |   32|   0|   32|          0|
    |call_ret44_18_reg_4470_1                 |   32|   0|   32|          0|
    |call_ret44_18_reg_4470_2                 |   32|   0|   32|          0|
    |call_ret44_18_reg_4470_3                 |   32|   0|   32|          0|
    |call_ret44_18_reg_4470_4                 |   32|   0|   32|          0|
    |context_Intermediate_Hash_load_reg_4003  |   32|   0|   32|          0|
    |reg_1560                                 |    8|   0|    8|          0|
    |reg_1564                                 |    8|   0|    8|          0|
    |reg_1568                                 |   32|   0|   32|          0|
    |reg_1573                                 |   32|   0|   32|          0|
    |reg_1578                                 |   32|   0|   32|          0|
    |reg_1583                                 |   32|   0|   32|          0|
    |reg_1588                                 |   32|   0|   32|          0|
    |reg_1593                                 |   32|   0|   32|          0|
    |reg_1597                                 |   32|   0|   32|          0|
    |reg_1603                                 |   32|   0|   32|          0|
    |reg_1608                                 |   32|   0|   32|          0|
    |reg_1613                                 |   32|   0|   32|          0|
    |reg_1618                                 |   32|   0|   32|          0|
    |reg_1623                                 |   32|   0|   32|          0|
    |reg_1628                                 |   32|   0|   32|          0|
    |reg_1632                                 |   32|   0|   32|          0|
    |reg_1636                                 |   32|   0|   32|          0|
    |reg_1640                                 |   32|   0|   32|          0|
    |reg_1644                                 |   32|   0|   32|          0|
    |reg_1648                                 |   32|   0|   32|          0|
    |reg_1652                                 |   32|   0|   32|          0|
    |reg_1656                                 |   32|   0|   32|          0|
    |reg_1660                                 |   32|   0|   32|          0|
    |reg_1664                                 |   32|   0|   32|          0|
    |reg_1668                                 |   32|   0|   32|          0|
    |reg_1672                                 |   32|   0|   32|          0|
    |reg_1676                                 |   32|   0|   32|          0|
    |reg_2238                                 |   32|   0|   32|          0|
    |reg_2242                                 |   32|   0|   32|          0|
    |reg_2246                                 |   32|   0|   32|          0|
    |reg_2250                                 |   32|   0|   32|          0|
    |reg_2254                                 |   32|   0|   32|          0|
    |temp_1_reg_3998                          |   32|   0|   32|          0|
    |tmp_30_55_reg_4400                       |   32|   0|   32|          0|
    |tmp_30_56_reg_4410                       |   32|   0|   32|          0|
    |tmp_30_57_reg_4405                       |   32|   0|   32|          0|
    |tmp_30_58_reg_4415                       |   32|   0|   32|          0|
    |tmp_30_59_reg_4420                       |   32|   0|   32|          0|
    |tmp_30_60_reg_4425                       |   32|   0|   32|          0|
    |tmp_30_61_reg_4430                       |   32|   0|   32|          0|
    |tmp_30_62_reg_4435                       |   32|   0|   32|          0|
    |tmp_34_reg_4479                          |   32|   0|   32|          0|
    |tmp_35_reg_4484                          |   32|   0|   32|          0|
    |tmp_36_reg_4489                          |   32|   0|   32|          0|
    |tmp_s_reg_3966                           |   32|   0|   32|          0|
    +-----------------------------------------+-----+----+-----+-----------+
    |Total                                    | 2326|   0| 2326|          0|
    +-----------------------------------------+-----+----+-----+-----------+



================================================================
== Interface
================================================================
* Summary: 
+------------------------------------+-----+-----+------------+-----------------------------+--------------+
|              RTL Ports             | Dir | Bits|  Protocol  |        Source Object        |    C Type    |
+------------------------------------+-----+-----+------------+-----------------------------+--------------+
|ap_clk                              |  in |    1| ap_ctrl_hs |   SHA1ProcessMessageBlock   | return value |
|ap_rst                              |  in |    1| ap_ctrl_hs |   SHA1ProcessMessageBlock   | return value |
|ap_start                            |  in |    1| ap_ctrl_hs |   SHA1ProcessMessageBlock   | return value |
|ap_done                             | out |    1| ap_ctrl_hs |   SHA1ProcessMessageBlock   | return value |
|ap_idle                             | out |    1| ap_ctrl_hs |   SHA1ProcessMessageBlock   | return value |
|ap_ready                            | out |    1| ap_ctrl_hs |   SHA1ProcessMessageBlock   | return value |
|context_Intermediate_Hash_address0  | out |    3|  ap_memory |  context_Intermediate_Hash  |     array    |
|context_Intermediate_Hash_ce0       | out |    1|  ap_memory |  context_Intermediate_Hash  |     array    |
|context_Intermediate_Hash_we0       | out |    1|  ap_memory |  context_Intermediate_Hash  |     array    |
|context_Intermediate_Hash_d0        | out |   32|  ap_memory |  context_Intermediate_Hash  |     array    |
|context_Intermediate_Hash_q0        |  in |   32|  ap_memory |  context_Intermediate_Hash  |     array    |
|context_Intermediate_Hash_address1  | out |    3|  ap_memory |  context_Intermediate_Hash  |     array    |
|context_Intermediate_Hash_ce1       | out |    1|  ap_memory |  context_Intermediate_Hash  |     array    |
|context_Intermediate_Hash_we1       | out |    1|  ap_memory |  context_Intermediate_Hash  |     array    |
|context_Intermediate_Hash_d1        | out |   32|  ap_memory |  context_Intermediate_Hash  |     array    |
|context_Intermediate_Hash_q1        |  in |   32|  ap_memory |  context_Intermediate_Hash  |     array    |
|context_Message_Block_Index         | out |   16|   ap_vld   | context_Message_Block_Index |    pointer   |
|context_Message_Block_Index_ap_vld  | out |    1|   ap_vld   | context_Message_Block_Index |    pointer   |
|context_Message_Block_address0      | out |    6|  ap_memory |    context_Message_Block    |     array    |
|context_Message_Block_ce0           | out |    1|  ap_memory |    context_Message_Block    |     array    |
|context_Message_Block_q0            |  in |    8|  ap_memory |    context_Message_Block    |     array    |
|context_Message_Block_address1      | out |    6|  ap_memory |    context_Message_Block    |     array    |
|context_Message_Block_ce1           | out |    1|  ap_memory |    context_Message_Block    |     array    |
|context_Message_Block_q1            |  in |    8|  ap_memory |    context_Message_Block    |     array    |
+------------------------------------+-----+-----+------------+-----------------------------+--------------+

