==============================================================
File generated by Vivado(TM) HLS - High-Level Synthesis from C, C++ and SystemC
Version: 2016.1
Copyright (C) 1986-2016 Xilinx, Inc. All Rights Reserved.

==============================================================

@I [SYN-201] Setting up clock 'default' with a period of 10ns.
@I [HLS-10] Setting target device to 'xc7z020clg484-1'
@I [HLS-10] Analyzing design file 'sha1/sha1.c' ... 
@I [HLS-10] Validating synthesis directives ...
@I [HLS-10] Starting code transformations ...
@I [HLS-10] Checking synthesizability ...
@I [XFORM-1101] Packing variable 'context' (sha1/sha1.c:65) into a 688-bit variable.
@W [XFORM-561] Updating loop upper bound from 0 to 16 for loop 'loop1' (sha1/sha1.c:84:1) in function 'SHA1ProcessMessageBlock'.
@W [XFORM-561] Updating loop lower bound from 0 to 16 for loop 'loop1' (sha1/sha1.c:84:1) in function 'SHA1ProcessMessageBlock'.
@W [XFORM-561] Updating loop upper bound from 0 to 64 for loop 'loop2' (sha1/sha1.c:91:1) in function 'SHA1ProcessMessageBlock'.
@W [XFORM-561] Updating loop lower bound from 0 to 64 for loop 'loop2' (sha1/sha1.c:91:1) in function 'SHA1ProcessMessageBlock'.
@W [XFORM-561] Updating loop upper bound from 0 to 20 for loop 'loop3' (sha1/sha1.c:101:1) in function 'SHA1ProcessMessageBlock'.
@W [XFORM-561] Updating loop lower bound from 0 to 20 for loop 'loop3' (sha1/sha1.c:101:1) in function 'SHA1ProcessMessageBlock'.
@W [XFORM-561] Updating loop upper bound from 0 to 20 for loop 'loop4' (sha1/sha1.c:112:1) in function 'SHA1ProcessMessageBlock'.
@W [XFORM-561] Updating loop lower bound from 0 to 20 for loop 'loop4' (sha1/sha1.c:112:1) in function 'SHA1ProcessMessageBlock'.
@W [XFORM-561] Updating loop upper bound from 0 to 20 for loop 'loop5' (sha1/sha1.c:121:1) in function 'SHA1ProcessMessageBlock'.
@W [XFORM-561] Updating loop lower bound from 0 to 20 for loop 'loop5' (sha1/sha1.c:121:1) in function 'SHA1ProcessMessageBlock'.
@W [XFORM-561] Updating loop upper bound from 0 to 20 for loop 'loop6' (sha1/sha1.c:131:1) in function 'SHA1ProcessMessageBlock'.
@W [XFORM-561] Updating loop lower bound from 0 to 20 for loop 'loop6' (sha1/sha1.c:131:1) in function 'SHA1ProcessMessageBlock'.
@I [XFORM-501] Unrolling loop 'loop1' (sha1/sha1.c:83) in function 'SHA1ProcessMessageBlock' completely.
@I [XFORM-501] Unrolling loop 'loop2' (sha1/sha1.c:90) in function 'SHA1ProcessMessageBlock' completely.
@I [XFORM-501] Unrolling loop 'loop3' (sha1/sha1.c:100) in function 'SHA1ProcessMessageBlock' completely.
@I [XFORM-501] Unrolling loop 'loop4' (sha1/sha1.c:111) in function 'SHA1ProcessMessageBlock' completely.
@I [XFORM-501] Unrolling loop 'loop5' (sha1/sha1.c:120) in function 'SHA1ProcessMessageBlock' completely.
@I [XFORM-501] Unrolling loop 'loop6' (sha1/sha1.c:130) in function 'SHA1ProcessMessageBlock' completely.
@I [XFORM-11] Balancing expressions in function 'SHA1ProcessMessageBlock' (sha1/sha1.c:65)...750 expression(s) balanced.
@I [HLS-111] Elapsed time: 57.4102 seconds; current memory usage: 68.2 MB.
@I [HLS-10] Starting hardware synthesis ...
@I [HLS-10] Synthesizing 'SHA1ProcessMessageBlock' ...
@I [HLS-10] ----------------------------------------------------------------
@I [HLS-10] -- Scheduling module 'SHA1ProcessMessageBlock' 
@I [HLS-10] ----------------------------------------------------------------
@I [SCHED-11] Starting scheduling ...
@I [SCHED-11] Finished scheduling.
@I [HLS-111] Elapsed time: 4.13428 seconds; current memory usage: 72.6 MB.
@I [HLS-10] ----------------------------------------------------------------
@I [HLS-10] -- Exploring micro-architecture for module 'SHA1ProcessMessageBlock' 
@I [HLS-10] ----------------------------------------------------------------
@I [BIND-100] Starting micro-architecture generation ...
@I [BIND-101] Performing variable lifetime analysis.
@I [BIND-101] Exploring resource sharing.
@I [BIND-101] Binding ...
@I [BIND-100] Finished micro-architecture generation.
@I [HLS-111] Elapsed time: 3.77152 seconds; current memory usage: 79.1 MB.
@I [HLS-10] ----------------------------------------------------------------
@I [HLS-10] -- Generating RTL for module 'SHA1ProcessMessageBlock' 
@I [HLS-10] ----------------------------------------------------------------
@I [RTGEN-500] Setting interface mode on port 'SHA1ProcessMessageBlock/context' to 'ap_ovld'.
@I [RTGEN-500] Setting interface mode on function 'SHA1ProcessMessageBlock' to 'ap_ctrl_hs'.
@I [RTGEN-100] Finished creating RTL model for 'SHA1ProcessMessageBlock'.
@I [HLS-111] Elapsed time: 5.21528 seconds; current memory usage: 88.9 MB.
@I [RTMG-278] Implementing memory 'SHA1ProcessMessageBlock_W_ram' using block RAMs.
@I [HLS-10] Finished generating all RTL models.
@I [SYSC-301] Generating SystemC RTL for SHA1ProcessMessageBlock.
@I [VHDL-304] Generating VHDL RTL for SHA1ProcessMessageBlock.
@I [VLOG-307] Generating Verilog RTL for SHA1ProcessMessageBlock.
@I [HLS-112] Total elapsed time: 92.507 seconds; peak memory usage: 88.9 MB.
