

================================================================
== Vivado HLS Report for 'SHA1ProcessMessageBlock'
================================================================
* Date:           Fri Aug 26 19:51:56 2016

* Version:        2016.1 (Build 1538259 on Fri Apr 08 16:12:49 MDT 2016)
* Project:        sha1
* Solution:       solution6
* Product family: zynq
* Target device:  xc7z020clg484-1


================================================================
== Performance Estimates
================================================================
+ Timing (ns): 
    * Summary: 
    +--------+-------+----------+------------+
    |  Clock | Target| Estimated| Uncertainty|
    +--------+-------+----------+------------+
    |ap_clk  |  10.00|      8.35|        1.25|
    +--------+-------+----------+------------+

+ Latency (clock cycles): 
    * Summary: 
    +-----+-----+-----+-----+---------+
    |  Latency  |  Interval | Pipeline|
    | min | max | min | max |   Type  |
    +-----+-----+-----+-----+---------+
    |   52|   52|   53|   53|   none  |
    +-----+-----+-----+-----+---------+

    + Detail: 
        * Instance: 
        N/A

        * Loop: 
        N/A



================================================================
== Utilization Estimates
================================================================
* Summary: 
+-----------------+---------+-------+--------+-------+
|       Name      | BRAM_18K| DSP48E|   FF   |  LUT  |
+-----------------+---------+-------+--------+-------+
|DSP              |        -|      -|       -|      -|
|Expression       |        -|      -|       0|  26816|
|FIFO             |        -|      -|       -|      -|
|Instance         |        -|      -|       -|      -|
|Memory           |        2|      -|       0|      0|
|Multiplexer      |        -|      -|       -|   1046|
|Register         |        -|      -|   11989|      -|
+-----------------+---------+-------+--------+-------+
|Total            |        2|      0|   11989|  27862|
+-----------------+---------+-------+--------+-------+
|Available        |      280|    220|  106400|  53200|
+-----------------+---------+-------+--------+-------+
|Utilization (%)  |    ~0   |      0|      11|     52|
+-----------------+---------+-------+--------+-------+

+ Detail: 
    * Instance: 
    N/A

    * DSP48: 
    N/A

    * Memory: 
    +-------+---------------------------+---------+---+----+------+-----+------+-------------+
    | Memory|           Module          | BRAM_18K| FF| LUT| Words| Bits| Banks| W*Bits*Banks|
    +-------+---------------------------+---------+---+----+------+-----+------+-------------+
    |W_U    |SHA1ProcessMessageBlock_W  |        2|  0|   0|    80|   32|     1|         2560|
    +-------+---------------------------+---------+---+----+------+-----+------+-------------+
    |Total  |                           |        2|  0|   0|    80|   32|     1|         2560|
    +-------+---------------------------+---------+---+----+------+-----+------+-------------+

    * FIFO: 
    N/A

    * Expression: 
    +-----------------------+----------+-------+---+-----+------------+------------+
    |     Variable Name     | Operation| DSP48E| FF| LUT | Bitwidth P0| Bitwidth P1|
    +-----------------------+----------+-------+---+-----+------------+------------+
    |temp_10_fu_5379_p2     |     +    |      0|  0|   16|          32|          32|
    |temp_11_fu_5442_p2     |     +    |      0|  0|   16|          32|          32|
    |temp_12_fu_5548_p2     |     +    |      0|  0|   16|          32|          32|
    |temp_13_fu_5632_p2     |     +    |      0|  0|   16|          32|          32|
    |temp_14_fu_5695_p2     |     +    |      0|  0|   16|          32|          32|
    |temp_15_fu_5801_p2     |     +    |      0|  0|   16|          32|          32|
    |temp_16_fu_5885_p2     |     +    |      0|  0|   16|          32|          32|
    |temp_17_fu_5948_p2     |     +    |      0|  0|   16|          32|          32|
    |temp_18_fu_6054_p2     |     +    |      0|  0|   16|          32|          32|
    |temp_19_fu_6127_p2     |     +    |      0|  0|   16|          32|          32|
    |temp_1_10_fu_6934_p2   |     +    |      0|  0|   16|          32|          32|
    |temp_1_11_fu_7007_p2   |     +    |      0|  0|   16|          32|          32|
    |temp_1_12_fu_7059_p2   |     +    |      0|  0|   16|          32|          32|
    |temp_1_13_fu_7154_p2   |     +    |      0|  0|   16|          32|          32|
    |temp_1_14_fu_7227_p2   |     +    |      0|  0|   16|          32|          32|
    |temp_1_15_fu_7279_p2   |     +    |      0|  0|   16|          32|          32|
    |temp_1_16_fu_7373_p2   |     +    |      0|  0|   16|          32|          32|
    |temp_1_17_fu_7446_p2   |     +    |      0|  0|   16|          32|          32|
    |temp_1_18_fu_7498_p2   |     +    |      0|  0|   16|          32|          32|
    |temp_1_1_fu_6179_p2    |     +    |      0|  0|   16|          32|          32|
    |temp_1_2_fu_6274_p2    |     +    |      0|  0|   16|          32|          32|
    |temp_1_3_fu_6347_p2    |     +    |      0|  0|   16|          32|          32|
    |temp_1_4_fu_6399_p2    |     +    |      0|  0|   16|          32|          32|
    |temp_1_5_fu_6494_p2    |     +    |      0|  0|   16|          32|          32|
    |temp_1_6_fu_6567_p2    |     +    |      0|  0|   16|          32|          32|
    |temp_1_7_fu_6619_p2    |     +    |      0|  0|   16|          32|          32|
    |temp_1_8_fu_6714_p2    |     +    |      0|  0|   16|          32|          32|
    |temp_1_9_fu_6787_p2    |     +    |      0|  0|   16|          32|          32|
    |temp_1_fu_3883_p2      |     +    |      0|  0|   16|          32|          32|
    |temp_1_s_fu_6839_p2    |     +    |      0|  0|   16|          32|          32|
    |temp_20_fu_7603_p2     |     +    |      0|  0|   16|          32|          32|
    |temp_21_fu_9251_p2     |     +    |      0|  0|   16|          32|          32|
    |temp_2_10_fu_8505_p2   |     +    |      0|  0|   16|          32|          32|
    |temp_2_11_fu_8611_p2   |     +    |      0|  0|   16|          32|          32|
    |temp_2_12_fu_8695_p2   |     +    |      0|  0|   16|          32|          32|
    |temp_2_13_fu_8757_p2   |     +    |      0|  0|   16|          32|          32|
    |temp_2_14_fu_8863_p2   |     +    |      0|  0|   16|          32|          32|
    |temp_2_15_fu_8947_p2   |     +    |      0|  0|   16|          32|          32|
    |temp_2_16_fu_9009_p2   |     +    |      0|  0|   16|          32|          32|
    |temp_2_17_fu_9115_p2   |     +    |      0|  0|   16|          32|          32|
    |temp_2_18_fu_9199_p2   |     +    |      0|  0|   16|          32|          32|
    |temp_2_1_fu_7687_p2    |     +    |      0|  0|   16|          32|          32|
    |temp_2_2_fu_7749_p2    |     +    |      0|  0|   16|          32|          32|
    |temp_2_3_fu_7855_p2    |     +    |      0|  0|   16|          32|          32|
    |temp_2_4_fu_7939_p2    |     +    |      0|  0|   16|          32|          32|
    |temp_2_5_fu_8001_p2    |     +    |      0|  0|   16|          32|          32|
    |temp_2_6_fu_8107_p2    |     +    |      0|  0|   16|          32|          32|
    |temp_2_7_fu_8191_p2    |     +    |      0|  0|   16|          32|          32|
    |temp_2_8_fu_8253_p2    |     +    |      0|  0|   16|          32|          32|
    |temp_2_9_fu_8359_p2    |     +    |      0|  0|   16|          32|          32|
    |temp_2_fu_3946_p2      |     +    |      0|  0|   16|          32|          32|
    |temp_2_s_fu_8443_p2    |     +    |      0|  0|   16|          32|          32|
    |temp_3_10_fu_10069_p2  |     +    |      0|  0|   16|          32|          32|
    |temp_3_11_fu_10168_p2  |     +    |      0|  0|   16|          32|          32|
    |temp_3_12_fu_10216_p2  |     +    |      0|  0|   16|          32|          32|
    |temp_3_13_fu_10316_p2  |     +    |      0|  0|   16|          32|          32|
    |temp_3_14_fu_10364_p2  |     +    |      0|  0|   16|          32|          32|
    |temp_3_15_fu_10459_p2  |     +    |      0|  0|   16|          32|          32|
    |temp_3_16_fu_10507_p2  |     +    |      0|  0|   16|          32|          32|
    |temp_3_17_fu_10599_p2  |     +    |      0|  0|   16|          32|          32|
    |temp_3_1_fu_9346_p2    |     +    |      0|  0|   16|          32|          32|
    |temp_3_2_fu_9419_p2    |     +    |      0|  0|   16|          32|          32|
    |temp_3_3_fu_9471_p2    |     +    |      0|  0|   16|          32|          32|
    |temp_3_4_fu_9565_p2    |     +    |      0|  0|   16|          32|          32|
    |temp_3_5_fu_9638_p2    |     +    |      0|  0|   16|          32|          32|
    |temp_3_6_fu_9690_p2    |     +    |      0|  0|   16|          32|          32|
    |temp_3_7_fu_9790_p2    |     +    |      0|  0|   16|          32|          32|
    |temp_3_8_fu_9882_p2    |     +    |      0|  0|   16|          32|          32|
    |temp_3_9_fu_9924_p2    |     +    |      0|  0|   16|          32|          32|
    |temp_3_fu_5295_p2      |     +    |      0|  0|   16|          32|          32|
    |temp_3_s_fu_10021_p2   |     +    |      0|  0|   16|          32|          32|
    |temp_4_fu_4441_p2      |     +    |      0|  0|   16|          32|          32|
    |temp_5_fu_4665_p2      |     +    |      0|  0|   16|          32|          32|
    |temp_6_fu_4728_p2      |     +    |      0|  0|   16|          32|          32|
    |temp_7_fu_4931_p2      |     +    |      0|  0|   16|          32|          32|
    |temp_8_fu_5112_p2      |     +    |      0|  0|   16|          32|          32|
    |temp_9_fu_5175_p2      |     +    |      0|  0|   16|          32|          32|
    |temp_fu_2360_p2        |     +    |      0|  0|   16|          32|          32|
    |temp_s_fu_3140_p2      |     +    |      0|  0|   16|          32|          32|
    |tmp190_fu_2342_p2      |     +    |      0|  0|   32|          32|          32|
    |tmp191_fu_2348_p2      |     +    |      0|  0|   32|          31|          32|
    |tmp192_fu_2354_p2      |     +    |      0|  0|   16|          32|          32|
    |tmp193_fu_3130_p2      |     +    |      0|  0|   32|          32|          32|
    |tmp194_fu_2408_p2      |     +    |      0|  0|   32|          31|          32|
    |tmp195_fu_3135_p2      |     +    |      0|  0|   16|          32|          32|
    |tmp196_fu_3188_p2      |     +    |      0|  0|   32|          32|          32|
    |tmp197_fu_3193_p2      |     +    |      0|  0|   32|          31|          32|
    |tmp198_fu_3879_p2      |     +    |      0|  0|   16|          32|          32|
    |tmp199_fu_3930_p2      |     +    |      0|  0|   32|          32|          32|
    |tmp200_fu_3935_p2      |     +    |      0|  0|   32|          31|          32|
    |tmp201_fu_3940_p2      |     +    |      0|  0|   16|          32|          32|
    |tmp202_fu_4432_p2      |     +    |      0|  0|   32|          32|          32|
    |tmp203_fu_3974_p2      |     +    |      0|  0|   32|          31|          32|
    |tmp204_fu_4436_p2      |     +    |      0|  0|   16|          32|          32|
    |tmp205_fu_4489_p2      |     +    |      0|  0|   32|          32|          32|
    |tmp206_fu_4494_p2      |     +    |      0|  0|   32|          31|          32|
    |tmp207_fu_4661_p2      |     +    |      0|  0|   16|          32|          32|
    |tmp208_fu_4712_p2      |     +    |      0|  0|   32|          32|          32|
    |tmp209_fu_4717_p2      |     +    |      0|  0|   32|          31|          32|
    |tmp210_fu_4722_p2      |     +    |      0|  0|   16|          32|          32|
    |tmp211_fu_4922_p2      |     +    |      0|  0|   32|          32|          32|
    |tmp212_fu_4756_p2      |     +    |      0|  0|   32|          31|          32|
    |tmp213_fu_4926_p2      |     +    |      0|  0|   16|          32|          32|
    |tmp214_fu_4979_p2      |     +    |      0|  0|   32|          32|          32|
    |tmp215_fu_4984_p2      |     +    |      0|  0|   32|          31|          32|
    |tmp216_fu_5108_p2      |     +    |      0|  0|   16|          32|          32|
    |tmp217_fu_5159_p2      |     +    |      0|  0|   32|          32|          32|
    |tmp218_fu_5164_p2      |     +    |      0|  0|   32|          31|          32|
    |tmp219_fu_5169_p2      |     +    |      0|  0|   16|          32|          32|
    |tmp220_fu_5286_p2      |     +    |      0|  0|   32|          32|          32|
    |tmp221_fu_5203_p2      |     +    |      0|  0|   32|          31|          32|
    |tmp222_fu_5290_p2      |     +    |      0|  0|   16|          32|          32|
    |tmp223_fu_5343_p2      |     +    |      0|  0|   32|          32|          32|
    |tmp224_fu_5348_p2      |     +    |      0|  0|   32|          31|          32|
    |tmp225_fu_5375_p2      |     +    |      0|  0|   16|          32|          32|
    |tmp226_fu_5426_p2      |     +    |      0|  0|   32|          32|          32|
    |tmp227_fu_5431_p2      |     +    |      0|  0|   32|          31|          32|
    |tmp228_fu_5436_p2      |     +    |      0|  0|   16|          32|          32|
    |tmp229_fu_5539_p2      |     +    |      0|  0|   32|          32|          32|
    |tmp230_fu_5470_p2      |     +    |      0|  0|   32|          31|          32|
    |tmp231_fu_5543_p2      |     +    |      0|  0|   16|          32|          32|
    |tmp232_fu_5596_p2      |     +    |      0|  0|   32|          32|          32|
    |tmp233_fu_5601_p2      |     +    |      0|  0|   32|          31|          32|
    |tmp234_fu_5628_p2      |     +    |      0|  0|   16|          32|          32|
    |tmp235_fu_5679_p2      |     +    |      0|  0|   32|          32|          32|
    |tmp236_fu_5684_p2      |     +    |      0|  0|   32|          31|          32|
    |tmp237_fu_5689_p2      |     +    |      0|  0|   16|          32|          32|
    |tmp238_fu_5792_p2      |     +    |      0|  0|   32|          32|          32|
    |tmp239_fu_5723_p2      |     +    |      0|  0|   32|          31|          32|
    |tmp240_fu_5796_p2      |     +    |      0|  0|   16|          32|          32|
    |tmp241_fu_5849_p2      |     +    |      0|  0|   32|          32|          32|
    |tmp242_fu_5854_p2      |     +    |      0|  0|   32|          31|          32|
    |tmp243_fu_5881_p2      |     +    |      0|  0|   16|          32|          32|
    |tmp244_fu_5932_p2      |     +    |      0|  0|   32|          32|          32|
    |tmp245_fu_5937_p2      |     +    |      0|  0|   32|          31|          32|
    |tmp246_fu_5942_p2      |     +    |      0|  0|   16|          32|          32|
    |tmp247_fu_6045_p2      |     +    |      0|  0|   32|          32|          32|
    |tmp248_fu_5976_p2      |     +    |      0|  0|   32|          31|          32|
    |tmp249_fu_6049_p2      |     +    |      0|  0|   16|          32|          32|
    |tmp251_fu_6091_p2      |     +    |      0|  0|   32|          32|          32|
    |tmp252_fu_6096_p2      |     +    |      0|  0|   32|          31|          32|
    |tmp253_fu_6123_p2      |     +    |      0|  0|   16|          32|          32|
    |tmp255_fu_6163_p2      |     +    |      0|  0|   32|          32|          32|
    |tmp256_fu_6168_p2      |     +    |      0|  0|   32|          31|          32|
    |tmp257_fu_6173_p2      |     +    |      0|  0|   16|          32|          32|
    |tmp259_fu_6265_p2      |     +    |      0|  0|   32|          32|          32|
    |tmp260_fu_6207_p2      |     +    |      0|  0|   32|          31|          32|
    |tmp261_fu_6269_p2      |     +    |      0|  0|   16|          32|          32|
    |tmp263_fu_6311_p2      |     +    |      0|  0|   32|          32|          32|
    |tmp264_fu_6316_p2      |     +    |      0|  0|   32|          31|          32|
    |tmp265_fu_6343_p2      |     +    |      0|  0|   16|          32|          32|
    |tmp267_fu_6383_p2      |     +    |      0|  0|   32|          32|          32|
    |tmp268_fu_6388_p2      |     +    |      0|  0|   32|          31|          32|
    |tmp269_fu_6393_p2      |     +    |      0|  0|   16|          32|          32|
    |tmp271_fu_6485_p2      |     +    |      0|  0|   32|          32|          32|
    |tmp272_fu_6427_p2      |     +    |      0|  0|   32|          31|          32|
    |tmp273_fu_6489_p2      |     +    |      0|  0|   16|          32|          32|
    |tmp275_fu_6531_p2      |     +    |      0|  0|   32|          32|          32|
    |tmp276_fu_6536_p2      |     +    |      0|  0|   32|          31|          32|
    |tmp277_fu_6563_p2      |     +    |      0|  0|   16|          32|          32|
    |tmp279_fu_6603_p2      |     +    |      0|  0|   32|          32|          32|
    |tmp280_fu_6608_p2      |     +    |      0|  0|   32|          31|          32|
    |tmp281_fu_6613_p2      |     +    |      0|  0|   16|          32|          32|
    |tmp283_fu_6705_p2      |     +    |      0|  0|   32|          32|          32|
    |tmp284_fu_6647_p2      |     +    |      0|  0|   32|          31|          32|
    |tmp285_fu_6709_p2      |     +    |      0|  0|   16|          32|          32|
    |tmp287_fu_6751_p2      |     +    |      0|  0|   32|          32|          32|
    |tmp288_fu_6756_p2      |     +    |      0|  0|   32|          31|          32|
    |tmp289_fu_6783_p2      |     +    |      0|  0|   16|          32|          32|
    |tmp291_fu_6823_p2      |     +    |      0|  0|   32|          32|          32|
    |tmp292_fu_6828_p2      |     +    |      0|  0|   32|          31|          32|
    |tmp293_fu_6833_p2      |     +    |      0|  0|   16|          32|          32|
    |tmp295_fu_6925_p2      |     +    |      0|  0|   32|          32|          32|
    |tmp296_fu_6867_p2      |     +    |      0|  0|   32|          31|          32|
    |tmp297_fu_6929_p2      |     +    |      0|  0|   16|          32|          32|
    |tmp299_fu_6971_p2      |     +    |      0|  0|   32|          32|          32|
    |tmp300_fu_6976_p2      |     +    |      0|  0|   32|          31|          32|
    |tmp301_fu_7003_p2      |     +    |      0|  0|   16|          32|          32|
    |tmp303_fu_7043_p2      |     +    |      0|  0|   32|          32|          32|
    |tmp304_fu_7048_p2      |     +    |      0|  0|   32|          31|          32|
    |tmp305_fu_7053_p2      |     +    |      0|  0|   16|          32|          32|
    |tmp307_fu_7145_p2      |     +    |      0|  0|   32|          32|          32|
    |tmp308_fu_7087_p2      |     +    |      0|  0|   32|          31|          32|
    |tmp309_fu_7149_p2      |     +    |      0|  0|   16|          32|          32|
    |tmp311_fu_7191_p2      |     +    |      0|  0|   32|          32|          32|
    |tmp312_fu_7196_p2      |     +    |      0|  0|   32|          31|          32|
    |tmp313_fu_7223_p2      |     +    |      0|  0|   16|          32|          32|
    |tmp315_fu_7263_p2      |     +    |      0|  0|   32|          32|          32|
    |tmp316_fu_7268_p2      |     +    |      0|  0|   32|          31|          32|
    |tmp317_fu_7273_p2      |     +    |      0|  0|   16|          32|          32|
    |tmp319_fu_7363_p2      |     +    |      0|  0|   32|          32|          32|
    |tmp320_fu_7299_p2      |     +    |      0|  0|   32|          31|          32|
    |tmp321_fu_7368_p2      |     +    |      0|  0|   16|          32|          32|
    |tmp323_fu_7410_p2      |     +    |      0|  0|   32|          32|          32|
    |tmp324_fu_7415_p2      |     +    |      0|  0|   32|          31|          32|
    |tmp325_fu_7442_p2      |     +    |      0|  0|   16|          32|          32|
    |tmp327_fu_7482_p2      |     +    |      0|  0|   32|          32|          32|
    |tmp328_fu_7487_p2      |     +    |      0|  0|   32|          31|          32|
    |tmp329_fu_7492_p2      |     +    |      0|  0|   16|          32|          32|
    |tmp330_fu_7593_p2      |     +    |      0|  0|   32|          32|          32|
    |tmp331_fu_7538_p2      |     +    |      0|  0|   32|          32|          32|
    |tmp332_fu_7598_p2      |     +    |      0|  0|   16|          32|          32|
    |tmp333_fu_7650_p2      |     +    |      0|  0|   32|          32|          32|
    |tmp334_fu_7655_p2      |     +    |      0|  0|   32|          32|          32|
    |tmp335_fu_7682_p2      |     +    |      0|  0|   16|          32|          32|
    |tmp336_fu_7733_p2      |     +    |      0|  0|   32|          32|          32|
    |tmp337_fu_7738_p2      |     +    |      0|  0|   32|          32|          32|
    |tmp338_fu_7743_p2      |     +    |      0|  0|   16|          32|          32|
    |tmp339_fu_7846_p2      |     +    |      0|  0|   32|          32|          32|
    |tmp340_fu_7797_p2      |     +    |      0|  0|   32|          32|          32|
    |tmp341_fu_7850_p2      |     +    |      0|  0|   16|          32|          32|
    |tmp342_fu_7902_p2      |     +    |      0|  0|   32|          32|          32|
    |tmp343_fu_7907_p2      |     +    |      0|  0|   32|          32|          32|
    |tmp344_fu_7934_p2      |     +    |      0|  0|   16|          32|          32|
    |tmp345_fu_7985_p2      |     +    |      0|  0|   32|          32|          32|
    |tmp346_fu_7990_p2      |     +    |      0|  0|   32|          32|          32|
    |tmp347_fu_7995_p2      |     +    |      0|  0|   16|          32|          32|
    |tmp348_fu_8098_p2      |     +    |      0|  0|   32|          32|          32|
    |tmp349_fu_8049_p2      |     +    |      0|  0|   32|          32|          32|
    |tmp350_fu_8102_p2      |     +    |      0|  0|   16|          32|          32|
    |tmp351_fu_8154_p2      |     +    |      0|  0|   32|          32|          32|
    |tmp352_fu_8159_p2      |     +    |      0|  0|   32|          32|          32|
    |tmp353_fu_8186_p2      |     +    |      0|  0|   16|          32|          32|
    |tmp354_fu_8237_p2      |     +    |      0|  0|   32|          32|          32|
    |tmp355_fu_8242_p2      |     +    |      0|  0|   32|          32|          32|
    |tmp356_fu_8247_p2      |     +    |      0|  0|   16|          32|          32|
    |tmp357_fu_8350_p2      |     +    |      0|  0|   32|          32|          32|
    |tmp358_fu_8301_p2      |     +    |      0|  0|   32|          32|          32|
    |tmp359_fu_8354_p2      |     +    |      0|  0|   16|          32|          32|
    |tmp360_fu_8406_p2      |     +    |      0|  0|   32|          32|          32|
    |tmp361_fu_8411_p2      |     +    |      0|  0|   32|          32|          32|
    |tmp362_fu_8438_p2      |     +    |      0|  0|   16|          32|          32|
    |tmp363_fu_8489_p2      |     +    |      0|  0|   32|          32|          32|
    |tmp364_fu_8494_p2      |     +    |      0|  0|   32|          32|          32|
    |tmp365_fu_8499_p2      |     +    |      0|  0|   16|          32|          32|
    |tmp366_fu_8602_p2      |     +    |      0|  0|   32|          32|          32|
    |tmp367_fu_8553_p2      |     +    |      0|  0|   32|          32|          32|
    |tmp368_fu_8606_p2      |     +    |      0|  0|   16|          32|          32|
    |tmp369_fu_8658_p2      |     +    |      0|  0|   32|          32|          32|
    |tmp370_fu_8663_p2      |     +    |      0|  0|   32|          32|          32|
    |tmp371_fu_8690_p2      |     +    |      0|  0|   16|          32|          32|
    |tmp372_fu_8741_p2      |     +    |      0|  0|   32|          32|          32|
    |tmp373_fu_8746_p2      |     +    |      0|  0|   32|          32|          32|
    |tmp374_fu_8751_p2      |     +    |      0|  0|   16|          32|          32|
    |tmp375_fu_8854_p2      |     +    |      0|  0|   32|          32|          32|
    |tmp376_fu_8805_p2      |     +    |      0|  0|   32|          32|          32|
    |tmp377_fu_8858_p2      |     +    |      0|  0|   16|          32|          32|
    |tmp378_fu_8910_p2      |     +    |      0|  0|   32|          32|          32|
    |tmp379_fu_8915_p2      |     +    |      0|  0|   32|          32|          32|
    |tmp380_fu_8942_p2      |     +    |      0|  0|   16|          32|          32|
    |tmp381_fu_8993_p2      |     +    |      0|  0|   32|          32|          32|
    |tmp382_fu_8998_p2      |     +    |      0|  0|   32|          32|          32|
    |tmp383_fu_9003_p2      |     +    |      0|  0|   16|          32|          32|
    |tmp384_fu_9106_p2      |     +    |      0|  0|   32|          32|          32|
    |tmp385_fu_9057_p2      |     +    |      0|  0|   32|          32|          32|
    |tmp386_fu_9110_p2      |     +    |      0|  0|   16|          32|          32|
    |tmp387_fu_9162_p2      |     +    |      0|  0|   32|          32|          32|
    |tmp388_fu_9167_p2      |     +    |      0|  0|   32|          32|          32|
    |tmp389_fu_9194_p2      |     +    |      0|  0|   16|          32|          32|
    |tmp391_fu_9235_p2      |     +    |      0|  0|   32|          32|          32|
    |tmp392_fu_9240_p2      |     +    |      0|  0|   32|          31|          32|
    |tmp393_fu_9245_p2      |     +    |      0|  0|   16|          32|          32|
    |tmp395_fu_9337_p2      |     +    |      0|  0|   32|          32|          32|
    |tmp396_fu_9279_p2      |     +    |      0|  0|   32|          31|          32|
    |tmp397_fu_9341_p2      |     +    |      0|  0|   16|          32|          32|
    |tmp399_fu_9383_p2      |     +    |      0|  0|   32|          32|          32|
    |tmp400_fu_9388_p2      |     +    |      0|  0|   32|          31|          32|
    |tmp401_fu_9415_p2      |     +    |      0|  0|   16|          32|          32|
    |tmp403_fu_9455_p2      |     +    |      0|  0|   32|          32|          32|
    |tmp404_fu_9460_p2      |     +    |      0|  0|   32|          31|          32|
    |tmp405_fu_9465_p2      |     +    |      0|  0|   16|          32|          32|
    |tmp407_fu_9555_p2      |     +    |      0|  0|   32|          32|          32|
    |tmp408_fu_9491_p2      |     +    |      0|  0|   32|          31|          32|
    |tmp409_fu_9560_p2      |     +    |      0|  0|   16|          32|          32|
    |tmp411_fu_9602_p2      |     +    |      0|  0|   32|          32|          32|
    |tmp412_fu_9607_p2      |     +    |      0|  0|   32|          31|          32|
    |tmp413_fu_9634_p2      |     +    |      0|  0|   16|          32|          32|
    |tmp415_fu_9674_p2      |     +    |      0|  0|   32|          32|          32|
    |tmp416_fu_9679_p2      |     +    |      0|  0|   32|          31|          32|
    |tmp417_fu_9684_p2      |     +    |      0|  0|   16|          32|          32|
    |tmp419_fu_9781_p2      |     +    |      0|  0|   32|          32|          32|
    |tmp420_fu_9718_p2      |     +    |      0|  0|   32|          31|          32|
    |tmp421_fu_9785_p2      |     +    |      0|  0|   16|          32|          32|
    |tmp423_fu_9827_p2      |     +    |      0|  0|   32|          32|          32|
    |tmp424_fu_9832_p2      |     +    |      0|  0|   32|          31|          32|
    |tmp425_fu_9878_p2      |     +    |      0|  0|   16|          32|          32|
    |tmp427_fu_9909_p2      |     +    |      0|  0|   32|          32|          32|
    |tmp428_fu_9914_p2      |     +    |      0|  0|   32|          31|          32|
    |tmp429_fu_9919_p2      |     +    |      0|  0|   16|          32|          32|
    |tmp431_fu_9767_p2      |     +    |      0|  0|   32|          32|          32|
    |tmp432_fu_9962_p2      |     +    |      0|  0|   32|          31|          32|
    |tmp433_fu_10017_p2     |     +    |      0|  0|   16|          32|          32|
    |tmp435_fu_9869_p2      |     +    |      0|  0|   32|          32|          32|
    |tmp436_fu_10057_p2     |     +    |      0|  0|   32|          31|          32|
    |tmp437_fu_10063_p2     |     +    |      0|  0|   16|          32|          32|
    |tmp439_fu_9873_p2      |     +    |      0|  0|   32|          32|          32|
    |tmp440_fu_10098_p2     |     +    |      0|  0|   32|          31|          32|
    |tmp441_fu_10163_p2     |     +    |      0|  0|   16|          32|          32|
    |tmp443_fu_10012_p2     |     +    |      0|  0|   32|          32|          32|
    |tmp444_fu_10204_p2     |     +    |      0|  0|   32|          31|          32|
    |tmp445_fu_10210_p2     |     +    |      0|  0|   16|          32|          32|
    |tmp447_fu_10148_p2     |     +    |      0|  0|   32|          32|          32|
    |tmp448_fu_10253_p2     |     +    |      0|  0|   32|          31|          32|
    |tmp449_fu_10312_p2     |     +    |      0|  0|   16|          32|          32|
    |tmp451_fu_10152_p2     |     +    |      0|  0|   32|          32|          32|
    |tmp452_fu_10352_p2     |     +    |      0|  0|   32|          31|          32|
    |tmp453_fu_10358_p2     |     +    |      0|  0|   16|          32|          32|
    |tmp455_fu_10303_p2     |     +    |      0|  0|   32|          32|          32|
    |tmp456_fu_10401_p2     |     +    |      0|  0|   32|          31|          32|
    |tmp457_fu_10455_p2     |     +    |      0|  0|   16|          32|          32|
    |tmp459_fu_10307_p2     |     +    |      0|  0|   32|          32|          32|
    |tmp460_fu_10495_p2     |     +    |      0|  0|   32|          31|          32|
    |tmp461_fu_10501_p2     |     +    |      0|  0|   16|          32|          32|
    |tmp463_fu_10451_p2     |     +    |      0|  0|   32|          32|          32|
    |tmp464_fu_10544_p2     |     +    |      0|  0|   32|          31|          32|
    |tmp465_fu_10595_p2     |     +    |      0|  0|   16|          32|          32|
    |tmp467_fu_10641_p2     |     +    |      0|  0|   16|          32|          32|
    |tmp468_fu_10647_p2     |     +    |      0|  0|   16|          32|          32|
    |tmp469_fu_3220_p2      |     +    |      0|  0|   32|          31|          32|
    |tmp470_fu_10662_p2     |     +    |      0|  0|   16|          32|          32|
    |tmp_70_fu_10652_p2     |     +    |      0|  0|   32|          32|          32|
    |tmp_71_fu_10657_p2     |     +    |      0|  0|   32|          32|          32|
    |tmp_72_fu_10586_p2     |     +    |      0|  0|   32|          32|          32|
    |tmp_73_fu_10591_p2     |     +    |      0|  0|   32|          32|          32|
    |tmp_s_fu_10666_p2      |     +    |      0|  0|   16|          32|          32|
    |tmp_102_fu_2318_p2     |    and   |      0|  0|   44|          32|          32|
    |tmp_104_fu_2330_p2     |    and   |      0|  0|   44|          32|          32|
    |tmp_120_fu_7522_p2     |    and   |      0|  0|   44|          32|          32|
    |tmp_121_fu_7528_p2     |    and   |      0|  0|   44|          32|          32|
    |tmp_36_10_fu_5323_p2   |    and   |      0|  0|   44|          32|          32|
    |tmp_36_11_fu_5406_p2   |    and   |      0|  0|   44|          32|          32|
    |tmp_36_12_fu_5519_p2   |    and   |      0|  0|   44|          32|          32|
    |tmp_36_13_fu_5576_p2   |    and   |      0|  0|   44|          32|          32|
    |tmp_36_14_fu_5659_p2   |    and   |      0|  0|   44|          32|          32|
    |tmp_36_15_fu_5772_p2   |    and   |      0|  0|   44|          32|          32|
    |tmp_36_16_fu_5829_p2   |    and   |      0|  0|   44|          32|          32|
    |tmp_36_17_fu_5912_p2   |    and   |      0|  0|   44|          32|          32|
    |tmp_36_18_fu_6025_p2   |    and   |      0|  0|   44|          32|          32|
    |tmp_36_1_fu_3110_p2    |    and   |      0|  0|   44|          32|          32|
    |tmp_36_2_fu_3168_p2    |    and   |      0|  0|   44|          32|          32|
    |tmp_36_3_fu_3910_p2    |    and   |      0|  0|   44|          32|          32|
    |tmp_36_4_fu_4412_p2    |    and   |      0|  0|   44|          32|          32|
    |tmp_36_5_fu_4469_p2    |    and   |      0|  0|   44|          32|          32|
    |tmp_36_6_fu_4692_p2    |    and   |      0|  0|   44|          32|          32|
    |tmp_36_7_fu_4902_p2    |    and   |      0|  0|   44|          32|          32|
    |tmp_36_8_fu_4959_p2    |    and   |      0|  0|   44|          32|          32|
    |tmp_36_9_fu_5139_p2    |    and   |      0|  0|   44|          32|          32|
    |tmp_36_s_fu_5266_p2    |    and   |      0|  0|   44|          32|          32|
    |tmp_38_10_fu_5332_p2   |    and   |      0|  0|   44|          32|          32|
    |tmp_38_11_fu_5415_p2   |    and   |      0|  0|   44|          32|          32|
    |tmp_38_12_fu_5528_p2   |    and   |      0|  0|   44|          32|          32|
    |tmp_38_13_fu_5585_p2   |    and   |      0|  0|   44|          32|          32|
    |tmp_38_14_fu_5668_p2   |    and   |      0|  0|   44|          32|          32|
    |tmp_38_15_fu_5781_p2   |    and   |      0|  0|   44|          32|          32|
    |tmp_38_16_fu_5838_p2   |    and   |      0|  0|   44|          32|          32|
    |tmp_38_17_fu_5921_p2   |    and   |      0|  0|   44|          32|          32|
    |tmp_38_18_fu_6034_p2   |    and   |      0|  0|   44|          32|          32|
    |tmp_38_1_fu_3119_p2    |    and   |      0|  0|   44|          32|          32|
    |tmp_38_2_fu_3177_p2    |    and   |      0|  0|   44|          32|          32|
    |tmp_38_3_fu_3919_p2    |    and   |      0|  0|   44|          32|          32|
    |tmp_38_4_fu_4421_p2    |    and   |      0|  0|   44|          32|          32|
    |tmp_38_5_fu_4478_p2    |    and   |      0|  0|   44|          32|          32|
    |tmp_38_6_fu_4701_p2    |    and   |      0|  0|   44|          32|          32|
    |tmp_38_7_fu_4911_p2    |    and   |      0|  0|   44|          32|          32|
    |tmp_38_8_fu_4968_p2    |    and   |      0|  0|   44|          32|          32|
    |tmp_38_9_fu_5148_p2    |    and   |      0|  0|   44|          32|          32|
    |tmp_38_s_fu_5275_p2    |    and   |      0|  0|   44|          32|          32|
    |tmp_61_10_fu_8474_p2   |    and   |      0|  0|   44|          32|          32|
    |tmp_61_11_fu_8537_p2   |    and   |      0|  0|   44|          32|          32|
    |tmp_61_12_fu_8643_p2   |    and   |      0|  0|   44|          32|          32|
    |tmp_61_13_fu_8726_p2   |    and   |      0|  0|   44|          32|          32|
    |tmp_61_14_fu_8789_p2   |    and   |      0|  0|   44|          32|          32|
    |tmp_61_15_fu_8895_p2   |    and   |      0|  0|   44|          32|          32|
    |tmp_61_16_fu_8978_p2   |    and   |      0|  0|   44|          32|          32|
    |tmp_61_17_fu_9041_p2   |    and   |      0|  0|   44|          32|          32|
    |tmp_61_18_fu_9147_p2   |    and   |      0|  0|   44|          32|          32|
    |tmp_61_1_fu_7635_p2    |    and   |      0|  0|   44|          32|          32|
    |tmp_61_2_fu_7718_p2    |    and   |      0|  0|   44|          32|          32|
    |tmp_61_3_fu_7781_p2    |    and   |      0|  0|   44|          32|          32|
    |tmp_61_4_fu_7887_p2    |    and   |      0|  0|   44|          32|          32|
    |tmp_61_5_fu_7970_p2    |    and   |      0|  0|   44|          32|          32|
    |tmp_61_6_fu_8033_p2    |    and   |      0|  0|   44|          32|          32|
    |tmp_61_7_fu_8139_p2    |    and   |      0|  0|   44|          32|          32|
    |tmp_61_8_fu_8222_p2    |    and   |      0|  0|   44|          32|          32|
    |tmp_61_9_fu_8285_p2    |    and   |      0|  0|   44|          32|          32|
    |tmp_61_s_fu_8391_p2    |    and   |      0|  0|   44|          32|          32|
    |tmp_62_10_fu_8479_p2   |    and   |      0|  0|   44|          32|          32|
    |tmp_62_11_fu_8543_p2   |    and   |      0|  0|   44|          32|          32|
    |tmp_62_12_fu_8648_p2   |    and   |      0|  0|   44|          32|          32|
    |tmp_62_13_fu_8731_p2   |    and   |      0|  0|   44|          32|          32|
    |tmp_62_14_fu_8795_p2   |    and   |      0|  0|   44|          32|          32|
    |tmp_62_15_fu_8900_p2   |    and   |      0|  0|   44|          32|          32|
    |tmp_62_16_fu_8983_p2   |    and   |      0|  0|   44|          32|          32|
    |tmp_62_17_fu_9047_p2   |    and   |      0|  0|   44|          32|          32|
    |tmp_62_18_fu_9152_p2   |    and   |      0|  0|   44|          32|          32|
    |tmp_62_1_fu_7640_p2    |    and   |      0|  0|   44|          32|          32|
    |tmp_62_2_fu_7723_p2    |    and   |      0|  0|   44|          32|          32|
    |tmp_62_3_fu_7787_p2    |    and   |      0|  0|   44|          32|          32|
    |tmp_62_4_fu_7892_p2    |    and   |      0|  0|   44|          32|          32|
    |tmp_62_5_fu_7975_p2    |    and   |      0|  0|   44|          32|          32|
    |tmp_62_6_fu_8039_p2    |    and   |      0|  0|   44|          32|          32|
    |tmp_62_7_fu_8144_p2    |    and   |      0|  0|   44|          32|          32|
    |tmp_62_8_fu_8227_p2    |    and   |      0|  0|   44|          32|          32|
    |tmp_62_9_fu_8291_p2    |    and   |      0|  0|   44|          32|          32|
    |tmp_62_s_fu_8396_p2    |    and   |      0|  0|   44|          32|          32|
    |tmp_105_fu_2336_p2     |    or    |      0|  0|   44|          32|          32|
    |tmp_119_fu_7518_p2     |    or    |      0|  0|   44|          32|          32|
    |tmp_123_fu_7532_p2     |    or    |      0|  0|   44|          32|          32|
    |tmp_39_10_fu_5337_p2   |    or    |      0|  0|   44|          32|          32|
    |tmp_39_11_fu_5420_p2   |    or    |      0|  0|   44|          32|          32|
    |tmp_39_12_fu_5533_p2   |    or    |      0|  0|   44|          32|          32|
    |tmp_39_13_fu_5590_p2   |    or    |      0|  0|   44|          32|          32|
    |tmp_39_14_fu_5673_p2   |    or    |      0|  0|   44|          32|          32|
    |tmp_39_15_fu_5786_p2   |    or    |      0|  0|   44|          32|          32|
    |tmp_39_16_fu_5843_p2   |    or    |      0|  0|   44|          32|          32|
    |tmp_39_17_fu_5926_p2   |    or    |      0|  0|   44|          32|          32|
    |tmp_39_18_fu_6039_p2   |    or    |      0|  0|   44|          32|          32|
    |tmp_39_1_fu_3124_p2    |    or    |      0|  0|   44|          32|          32|
    |tmp_39_2_fu_3182_p2    |    or    |      0|  0|   44|          32|          32|
    |tmp_39_3_fu_3924_p2    |    or    |      0|  0|   44|          32|          32|
    |tmp_39_4_fu_4426_p2    |    or    |      0|  0|   44|          32|          32|
    |tmp_39_5_fu_4483_p2    |    or    |      0|  0|   44|          32|          32|
    |tmp_39_6_fu_4706_p2    |    or    |      0|  0|   44|          32|          32|
    |tmp_39_7_fu_4916_p2    |    or    |      0|  0|   44|          32|          32|
    |tmp_39_8_fu_4973_p2    |    or    |      0|  0|   44|          32|          32|
    |tmp_39_9_fu_5153_p2    |    or    |      0|  0|   44|          32|          32|
    |tmp_39_s_fu_5280_p2    |    or    |      0|  0|   44|          32|          32|
    |tmp_60_10_fu_8470_p2   |    or    |      0|  0|   44|          32|          32|
    |tmp_60_11_fu_8533_p2   |    or    |      0|  0|   44|          32|          32|
    |tmp_60_12_fu_8639_p2   |    or    |      0|  0|   44|          32|          32|
    |tmp_60_13_fu_8722_p2   |    or    |      0|  0|   44|          32|          32|
    |tmp_60_14_fu_8785_p2   |    or    |      0|  0|   44|          32|          32|
    |tmp_60_15_fu_8891_p2   |    or    |      0|  0|   44|          32|          32|
    |tmp_60_16_fu_8974_p2   |    or    |      0|  0|   44|          32|          32|
    |tmp_60_17_fu_9037_p2   |    or    |      0|  0|   44|          32|          32|
    |tmp_60_18_fu_9143_p2   |    or    |      0|  0|   44|          32|          32|
    |tmp_60_1_fu_7631_p2    |    or    |      0|  0|   44|          32|          32|
    |tmp_60_2_fu_7714_p2    |    or    |      0|  0|   44|          32|          32|
    |tmp_60_3_fu_7777_p2    |    or    |      0|  0|   44|          32|          32|
    |tmp_60_4_fu_7883_p2    |    or    |      0|  0|   44|          32|          32|
    |tmp_60_5_fu_7966_p2    |    or    |      0|  0|   44|          32|          32|
    |tmp_60_6_fu_8029_p2    |    or    |      0|  0|   44|          32|          32|
    |tmp_60_7_fu_8135_p2    |    or    |      0|  0|   44|          32|          32|
    |tmp_60_8_fu_8218_p2    |    or    |      0|  0|   44|          32|          32|
    |tmp_60_9_fu_8281_p2    |    or    |      0|  0|   44|          32|          32|
    |tmp_60_s_fu_8387_p2    |    or    |      0|  0|   44|          32|          32|
    |tmp_63_10_fu_8483_p2   |    or    |      0|  0|   44|          32|          32|
    |tmp_63_11_fu_8547_p2   |    or    |      0|  0|   44|          32|          32|
    |tmp_63_12_fu_8652_p2   |    or    |      0|  0|   44|          32|          32|
    |tmp_63_13_fu_8735_p2   |    or    |      0|  0|   44|          32|          32|
    |tmp_63_14_fu_8799_p2   |    or    |      0|  0|   44|          32|          32|
    |tmp_63_15_fu_8904_p2   |    or    |      0|  0|   44|          32|          32|
    |tmp_63_16_fu_8987_p2   |    or    |      0|  0|   44|          32|          32|
    |tmp_63_17_fu_9051_p2   |    or    |      0|  0|   44|          32|          32|
    |tmp_63_18_fu_9156_p2   |    or    |      0|  0|   44|          32|          32|
    |tmp_63_1_fu_7644_p2    |    or    |      0|  0|   44|          32|          32|
    |tmp_63_2_fu_7727_p2    |    or    |      0|  0|   44|          32|          32|
    |tmp_63_3_fu_7791_p2    |    or    |      0|  0|   44|          32|          32|
    |tmp_63_4_fu_7896_p2    |    or    |      0|  0|   44|          32|          32|
    |tmp_63_5_fu_7979_p2    |    or    |      0|  0|   44|          32|          32|
    |tmp_63_6_fu_8043_p2    |    or    |      0|  0|   44|          32|          32|
    |tmp_63_7_fu_8148_p2    |    or    |      0|  0|   44|          32|          32|
    |tmp_63_8_fu_8231_p2    |    or    |      0|  0|   44|          32|          32|
    |tmp_63_9_fu_8295_p2    |    or    |      0|  0|   44|          32|          32|
    |tmp_63_s_fu_8400_p2    |    or    |      0|  0|   44|          32|          32|
    |tmp101_fu_3335_p2      |    xor   |      0|  0|   44|          32|          32|
    |tmp102_fu_3339_p2      |    xor   |      0|  0|   44|          32|          32|
    |tmp104_fu_3370_p2      |    xor   |      0|  0|   44|          32|          32|
    |tmp105_fu_3375_p2      |    xor   |      0|  0|   44|          32|          32|
    |tmp107_fu_3405_p2      |    xor   |      0|  0|   44|          32|          32|
    |tmp108_fu_3410_p2      |    xor   |      0|  0|   44|          32|          32|
    |tmp110_fu_3440_p2      |    xor   |      0|  0|   44|          32|          32|
    |tmp111_fu_3445_p2      |    xor   |      0|  0|   44|          32|          32|
    |tmp113_fu_3476_p2      |    xor   |      0|  0|   44|          32|          32|
    |tmp114_fu_3481_p2      |    xor   |      0|  0|   44|          32|          32|
    |tmp116_fu_3511_p2      |    xor   |      0|  0|   44|          32|          32|
    |tmp117_fu_3516_p2      |    xor   |      0|  0|   44|          32|          32|
    |tmp119_fu_3546_p2      |    xor   |      0|  0|   44|          32|          32|
    |tmp120_fu_3552_p2      |    xor   |      0|  0|   44|          32|          32|
    |tmp122_fu_3583_p2      |    xor   |      0|  0|   44|          32|          32|
    |tmp123_fu_3588_p2      |    xor   |      0|  0|   44|          32|          32|
    |tmp125_fu_3619_p2      |    xor   |      0|  0|   44|          32|          32|
    |tmp126_fu_3624_p2      |    xor   |      0|  0|   44|          32|          32|
    |tmp128_fu_3656_p2      |    xor   |      0|  0|   44|          32|          32|
    |tmp129_fu_3662_p2      |    xor   |      0|  0|   44|          32|          32|
    |tmp131_fu_3693_p2      |    xor   |      0|  0|   44|          32|          32|
    |tmp132_fu_3698_p2      |    xor   |      0|  0|   44|          32|          32|
    |tmp134_fu_3729_p2      |    xor   |      0|  0|   44|          32|          32|
    |tmp135_fu_3734_p2      |    xor   |      0|  0|   44|          32|          32|
    |tmp137_fu_3766_p2      |    xor   |      0|  0|   44|          32|          32|
    |tmp138_fu_3772_p2      |    xor   |      0|  0|   44|          32|          32|
    |tmp140_fu_4023_p2      |    xor   |      0|  0|   44|          32|          32|
    |tmp141_fu_4027_p2      |    xor   |      0|  0|   44|          32|          32|
    |tmp143_fu_3803_p2      |    xor   |      0|  0|   44|          32|          32|
    |tmp144_fu_3809_p2      |    xor   |      0|  0|   44|          32|          32|
    |tmp146_fu_3841_p2      |    xor   |      0|  0|   44|          32|          32|
    |tmp147_fu_3847_p2      |    xor   |      0|  0|   44|          32|          32|
    |tmp149_fu_4057_p2      |    xor   |      0|  0|   44|          32|          32|
    |tmp150_fu_4062_p2      |    xor   |      0|  0|   44|          32|          32|
    |tmp152_fu_4092_p2      |    xor   |      0|  0|   44|          32|          32|
    |tmp153_fu_4096_p2      |    xor   |      0|  0|   44|          32|          32|
    |tmp154_fu_4126_p2      |    xor   |      0|  0|   44|          32|          32|
    |tmp155_fu_4130_p2      |    xor   |      0|  0|   44|          32|          32|
    |tmp156_fu_4160_p2      |    xor   |      0|  0|   44|          32|          32|
    |tmp157_fu_4165_p2      |    xor   |      0|  0|   44|          32|          32|
    |tmp158_fu_4195_p2      |    xor   |      0|  0|   44|          32|          32|
    |tmp159_fu_4200_p2      |    xor   |      0|  0|   44|          32|          32|
    |tmp160_fu_4230_p2      |    xor   |      0|  0|   44|          32|          32|
    |tmp161_fu_4235_p2      |    xor   |      0|  0|   44|          32|          32|
    |tmp162_fu_4521_p2      |    xor   |      0|  0|   44|          32|          32|
    |tmp163_fu_4525_p2      |    xor   |      0|  0|   44|          32|          32|
    |tmp164_fu_4266_p2      |    xor   |      0|  0|   44|          32|          32|
    |tmp165_fu_4271_p2      |    xor   |      0|  0|   44|          32|          32|
    |tmp166_fu_4301_p2      |    xor   |      0|  0|   44|          32|          32|
    |tmp167_fu_4306_p2      |    xor   |      0|  0|   44|          32|          32|
    |tmp168_fu_4555_p2      |    xor   |      0|  0|   44|          32|          32|
    |tmp169_fu_4560_p2      |    xor   |      0|  0|   44|          32|          32|
    |tmp170_fu_4337_p2      |    xor   |      0|  0|   44|          32|          32|
    |tmp171_fu_4342_p2      |    xor   |      0|  0|   44|          32|          32|
    |tmp172_fu_4374_p2      |    xor   |      0|  0|   44|          32|          32|
    |tmp173_fu_4380_p2      |    xor   |      0|  0|   44|          32|          32|
    |tmp174_fu_4590_p2      |    xor   |      0|  0|   44|          32|          32|
    |tmp175_fu_4595_p2      |    xor   |      0|  0|   44|          32|          32|
    |tmp176_fu_4626_p2      |    xor   |      0|  0|   44|          32|          32|
    |tmp177_fu_4630_p2      |    xor   |      0|  0|   44|          32|          32|
    |tmp178_fu_4805_p2      |    xor   |      0|  0|   44|          32|          32|
    |tmp179_fu_4809_p2      |    xor   |      0|  0|   44|          32|          32|
    |tmp180_fu_4840_p2      |    xor   |      0|  0|   44|          32|          32|
    |tmp181_fu_4844_p2      |    xor   |      0|  0|   44|          32|          32|
    |tmp182_fu_5011_p2      |    xor   |      0|  0|   44|          32|          32|
    |tmp183_fu_5015_p2      |    xor   |      0|  0|   44|          32|          32|
    |tmp184_fu_5046_p2      |    xor   |      0|  0|   44|          32|          32|
    |tmp185_fu_5050_p2      |    xor   |      0|  0|   44|          32|          32|
    |tmp186_fu_4875_p2      |    xor   |      0|  0|   44|          32|          32|
    |tmp187_fu_4880_p2      |    xor   |      0|  0|   44|          32|          32|
    |tmp188_fu_5081_p2      |    xor   |      0|  0|   44|          32|          32|
    |tmp189_fu_5086_p2      |    xor   |      0|  0|   44|          32|          32|
    |tmp1_fu_1994_p2        |    xor   |      0|  0|   44|          32|          32|
    |tmp20_fu_2032_p2       |    xor   |      0|  0|   44|          32|          32|
    |tmp21_fu_2038_p2       |    xor   |      0|  0|   44|          32|          32|
    |tmp23_fu_2070_p2       |    xor   |      0|  0|   44|          32|          32|
    |tmp24_fu_2076_p2       |    xor   |      0|  0|   44|          32|          32|
    |tmp250_fu_6082_p2      |    xor   |      0|  0|   44|          32|          32|
    |tmp254_fu_6154_p2      |    xor   |      0|  0|   44|          32|          32|
    |tmp258_fu_6256_p2      |    xor   |      0|  0|   44|          32|          32|
    |tmp262_fu_6302_p2      |    xor   |      0|  0|   44|          32|          32|
    |tmp266_fu_6374_p2      |    xor   |      0|  0|   44|          32|          32|
    |tmp26_fu_2100_p2       |    xor   |      0|  0|   44|          32|          32|
    |tmp270_fu_6476_p2      |    xor   |      0|  0|   44|          32|          32|
    |tmp274_fu_6522_p2      |    xor   |      0|  0|   44|          32|          32|
    |tmp278_fu_6594_p2      |    xor   |      0|  0|   44|          32|          32|
    |tmp27_fu_2106_p2       |    xor   |      0|  0|   44|          32|          32|
    |tmp282_fu_6696_p2      |    xor   |      0|  0|   44|          32|          32|
    |tmp286_fu_6742_p2      |    xor   |      0|  0|   44|          32|          32|
    |tmp290_fu_6814_p2      |    xor   |      0|  0|   44|          32|          32|
    |tmp294_fu_6916_p2      |    xor   |      0|  0|   44|          32|          32|
    |tmp298_fu_6962_p2      |    xor   |      0|  0|   44|          32|          32|
    |tmp29_fu_2138_p2       |    xor   |      0|  0|   44|          32|          32|
    |tmp2_fu_2000_p2        |    xor   |      0|  0|   44|          32|          32|
    |tmp302_fu_7034_p2      |    xor   |      0|  0|   44|          32|          32|
    |tmp306_fu_7136_p2      |    xor   |      0|  0|   44|          32|          32|
    |tmp30_fu_2144_p2       |    xor   |      0|  0|   44|          32|          32|
    |tmp310_fu_7182_p2      |    xor   |      0|  0|   44|          32|          32|
    |tmp314_fu_7254_p2      |    xor   |      0|  0|   44|          32|          32|
    |tmp318_fu_7354_p2      |    xor   |      0|  0|   44|          32|          32|
    |tmp322_fu_7401_p2      |    xor   |      0|  0|   44|          32|          32|
    |tmp326_fu_7473_p2      |    xor   |      0|  0|   44|          32|          32|
    |tmp32_fu_2464_p2       |    xor   |      0|  0|   44|          32|          32|
    |tmp33_fu_2469_p2       |    xor   |      0|  0|   44|          32|          32|
    |tmp35_fu_2176_p2       |    xor   |      0|  0|   44|          32|          32|
    |tmp36_fu_2182_p2       |    xor   |      0|  0|   44|          32|          32|
    |tmp38_fu_2214_p2       |    xor   |      0|  0|   44|          32|          32|
    |tmp390_fu_9226_p2      |    xor   |      0|  0|   44|          32|          32|
    |tmp394_fu_9328_p2      |    xor   |      0|  0|   44|          32|          32|
    |tmp398_fu_9374_p2      |    xor   |      0|  0|   44|          32|          32|
    |tmp39_fu_2220_p2       |    xor   |      0|  0|   44|          32|          32|
    |tmp402_fu_9446_p2      |    xor   |      0|  0|   44|          32|          32|
    |tmp406_fu_9546_p2      |    xor   |      0|  0|   44|          32|          32|
    |tmp410_fu_9593_p2      |    xor   |      0|  0|   44|          32|          32|
    |tmp414_fu_9665_p2      |    xor   |      0|  0|   44|          32|          32|
    |tmp418_fu_9772_p2      |    xor   |      0|  0|   44|          32|          32|
    |tmp41_fu_2499_p2       |    xor   |      0|  0|   44|          32|          32|
    |tmp422_fu_9818_p2      |    xor   |      0|  0|   44|          32|          32|
    |tmp426_fu_9837_p2      |    xor   |      0|  0|   44|          32|          32|
    |tmp42_fu_2504_p2       |    xor   |      0|  0|   44|          32|          32|
    |tmp430_fu_9952_p2      |    xor   |      0|  0|   44|          32|          32|
    |tmp434_fu_10048_p2     |    xor   |      0|  0|   44|          32|          32|
    |tmp438_fu_10088_p2     |    xor   |      0|  0|   44|          32|          32|
    |tmp442_fu_10195_p2     |    xor   |      0|  0|   44|          32|          32|
    |tmp446_fu_10243_p2     |    xor   |      0|  0|   44|          32|          32|
    |tmp44_fu_2534_p2       |    xor   |      0|  0|   44|          32|          32|
    |tmp450_fu_10343_p2     |    xor   |      0|  0|   44|          32|          32|
    |tmp454_fu_10391_p2     |    xor   |      0|  0|   44|          32|          32|
    |tmp458_fu_10486_p2     |    xor   |      0|  0|   44|          32|          32|
    |tmp45_fu_2538_p2       |    xor   |      0|  0|   44|          32|          32|
    |tmp462_fu_10534_p2     |    xor   |      0|  0|   44|          32|          32|
    |tmp466_fu_10626_p2     |    xor   |      0|  0|   44|          32|          32|
    |tmp47_fu_2568_p2       |    xor   |      0|  0|   44|          32|          32|
    |tmp48_fu_2572_p2       |    xor   |      0|  0|   44|          32|          32|
    |tmp50_fu_2603_p2       |    xor   |      0|  0|   44|          32|          32|
    |tmp51_fu_2608_p2       |    xor   |      0|  0|   44|          32|          32|
    |tmp53_fu_2638_p2       |    xor   |      0|  0|   44|          32|          32|
    |tmp54_fu_2643_p2       |    xor   |      0|  0|   44|          32|          32|
    |tmp56_fu_2673_p2       |    xor   |      0|  0|   44|          32|          32|
    |tmp57_fu_2678_p2       |    xor   |      0|  0|   44|          32|          32|
    |tmp59_fu_2709_p2       |    xor   |      0|  0|   44|          32|          32|
    |tmp60_fu_2714_p2       |    xor   |      0|  0|   44|          32|          32|
    |tmp62_fu_2744_p2       |    xor   |      0|  0|   44|          32|          32|
    |tmp63_fu_2749_p2       |    xor   |      0|  0|   44|          32|          32|
    |tmp65_fu_2779_p2       |    xor   |      0|  0|   44|          32|          32|
    |tmp66_fu_2785_p2       |    xor   |      0|  0|   44|          32|          32|
    |tmp68_fu_2816_p2       |    xor   |      0|  0|   44|          32|          32|
    |tmp69_fu_2821_p2       |    xor   |      0|  0|   44|          32|          32|
    |tmp71_fu_2852_p2       |    xor   |      0|  0|   44|          32|          32|
    |tmp72_fu_2857_p2       |    xor   |      0|  0|   44|          32|          32|
    |tmp74_fu_2889_p2       |    xor   |      0|  0|   44|          32|          32|
    |tmp75_fu_2895_p2       |    xor   |      0|  0|   44|          32|          32|
    |tmp77_fu_2926_p2       |    xor   |      0|  0|   44|          32|          32|
    |tmp78_fu_2931_p2       |    xor   |      0|  0|   44|          32|          32|
    |tmp80_fu_2954_p2       |    xor   |      0|  0|   44|          32|          32|
    |tmp81_fu_2959_p2       |    xor   |      0|  0|   44|          32|          32|
    |tmp83_fu_2991_p2       |    xor   |      0|  0|   44|          32|          32|
    |tmp84_fu_2997_p2       |    xor   |      0|  0|   44|          32|          32|
    |tmp86_fu_3231_p2       |    xor   |      0|  0|   44|          32|          32|
    |tmp87_fu_3236_p2       |    xor   |      0|  0|   44|          32|          32|
    |tmp89_fu_3028_p2       |    xor   |      0|  0|   44|          32|          32|
    |tmp90_fu_3034_p2       |    xor   |      0|  0|   44|          32|          32|
    |tmp92_fu_3066_p2       |    xor   |      0|  0|   44|          32|          32|
    |tmp93_fu_3072_p2       |    xor   |      0|  0|   44|          32|          32|
    |tmp95_fu_3266_p2       |    xor   |      0|  0|   44|          32|          32|
    |tmp96_fu_3271_p2       |    xor   |      0|  0|   44|          32|          32|
    |tmp98_fu_3301_p2       |    xor   |      0|  0|   44|          32|          32|
    |tmp99_fu_3305_p2       |    xor   |      0|  0|   44|          32|          32|
    |tmp_103_fu_2324_p2     |    xor   |      0|  0|   44|          32|           2|
    |tmp_113_fu_6086_p2     |    xor   |      0|  0|   44|          32|          32|
    |tmp_127_fu_9230_p2     |    xor   |      0|  0|   44|          32|          32|
    |tmp_28_10_fu_2612_p2   |    xor   |      0|  0|   44|          32|          32|
    |tmp_28_11_fu_2647_p2   |    xor   |      0|  0|   44|          32|          32|
    |tmp_28_12_fu_2683_p2   |    xor   |      0|  0|   44|          32|          32|
    |tmp_28_13_fu_2718_p2   |    xor   |      0|  0|   44|          32|          32|
    |tmp_28_14_fu_2753_p2   |    xor   |      0|  0|   44|          32|          32|
    |tmp_28_15_fu_2790_p2   |    xor   |      0|  0|   44|          32|          32|
    |tmp_28_16_fu_2826_p2   |    xor   |      0|  0|   44|          32|          32|
    |tmp_28_17_fu_2863_p2   |    xor   |      0|  0|   44|          32|          32|
    |tmp_28_18_fu_2900_p2   |    xor   |      0|  0|   44|          32|          32|
    |tmp_28_19_fu_2936_p2   |    xor   |      0|  0|   44|          32|          32|
    |tmp_28_1_fu_2044_p2    |    xor   |      0|  0|   44|          32|          32|
    |tmp_28_20_fu_2965_p2   |    xor   |      0|  0|   44|          32|          32|
    |tmp_28_21_fu_3002_p2   |    xor   |      0|  0|   44|          32|          32|
    |tmp_28_22_fu_3240_p2   |    xor   |      0|  0|   44|          32|          32|
    |tmp_28_23_fu_3040_p2   |    xor   |      0|  0|   44|          32|          32|
    |tmp_28_24_fu_3078_p2   |    xor   |      0|  0|   44|          32|          32|
    |tmp_28_25_fu_3275_p2   |    xor   |      0|  0|   44|          32|          32|
    |tmp_28_26_fu_3309_p2   |    xor   |      0|  0|   44|          32|          32|
    |tmp_28_27_fu_3344_p2   |    xor   |      0|  0|   44|          32|          32|
    |tmp_28_28_fu_3379_p2   |    xor   |      0|  0|   44|          32|          32|
    |tmp_28_29_fu_3414_p2   |    xor   |      0|  0|   44|          32|          32|
    |tmp_28_2_fu_2082_p2    |    xor   |      0|  0|   44|          32|          32|
    |tmp_28_30_fu_3450_p2   |    xor   |      0|  0|   44|          32|          32|
    |tmp_28_31_fu_3485_p2   |    xor   |      0|  0|   44|          32|          32|
    |tmp_28_32_fu_3520_p2   |    xor   |      0|  0|   44|          32|          32|
    |tmp_28_33_fu_3557_p2   |    xor   |      0|  0|   44|          32|          32|
    |tmp_28_34_fu_3593_p2   |    xor   |      0|  0|   44|          32|          32|
    |tmp_28_35_fu_3630_p2   |    xor   |      0|  0|   44|          32|          32|
    |tmp_28_36_fu_3667_p2   |    xor   |      0|  0|   44|          32|          32|
    |tmp_28_37_fu_3703_p2   |    xor   |      0|  0|   44|          32|          32|
    |tmp_28_38_fu_3740_p2   |    xor   |      0|  0|   44|          32|          32|
    |tmp_28_39_fu_3777_p2   |    xor   |      0|  0|   44|          32|          32|
    |tmp_28_3_fu_2112_p2    |    xor   |      0|  0|   44|          32|          32|
    |tmp_28_40_fu_4031_p2   |    xor   |      0|  0|   44|          32|          32|
    |tmp_28_41_fu_3815_p2   |    xor   |      0|  0|   44|          32|          32|
    |tmp_28_42_fu_3853_p2   |    xor   |      0|  0|   44|          32|          32|
    |tmp_28_43_fu_4066_p2   |    xor   |      0|  0|   44|          32|          32|
    |tmp_28_44_fu_4100_p2   |    xor   |      0|  0|   44|          32|          32|
    |tmp_28_45_fu_4134_p2   |    xor   |      0|  0|   44|          32|          32|
    |tmp_28_46_fu_4169_p2   |    xor   |      0|  0|   44|          32|          32|
    |tmp_28_47_fu_4204_p2   |    xor   |      0|  0|   44|          32|          32|
    |tmp_28_48_fu_4240_p2   |    xor   |      0|  0|   44|          32|          32|
    |tmp_28_49_fu_4529_p2   |    xor   |      0|  0|   44|          32|          32|
    |tmp_28_4_fu_2150_p2    |    xor   |      0|  0|   44|          32|          32|
    |tmp_28_50_fu_4275_p2   |    xor   |      0|  0|   44|          32|          32|
    |tmp_28_51_fu_4311_p2   |    xor   |      0|  0|   44|          32|          32|
    |tmp_28_52_fu_4564_p2   |    xor   |      0|  0|   44|          32|          32|
    |tmp_28_53_fu_4347_p2   |    xor   |      0|  0|   44|          32|          32|
    |tmp_28_54_fu_4385_p2   |    xor   |      0|  0|   44|          32|          32|
    |tmp_28_55_fu_4599_p2   |    xor   |      0|  0|   44|          32|          32|
    |tmp_28_56_fu_4634_p2   |    xor   |      0|  0|   44|          32|          32|
    |tmp_28_57_fu_4813_p2   |    xor   |      0|  0|   44|          32|          32|
    |tmp_28_58_fu_4848_p2   |    xor   |      0|  0|   44|          32|          32|
    |tmp_28_59_fu_5019_p2   |    xor   |      0|  0|   44|          32|          32|
    |tmp_28_5_fu_2473_p2    |    xor   |      0|  0|   44|          32|          32|
    |tmp_28_60_fu_5054_p2   |    xor   |      0|  0|   44|          32|          32|
    |tmp_28_61_fu_4884_p2   |    xor   |      0|  0|   44|          32|          32|
    |tmp_28_62_fu_5090_p2   |    xor   |      0|  0|   44|          32|          32|
    |tmp_28_6_fu_2188_p2    |    xor   |      0|  0|   44|          32|          32|
    |tmp_28_7_fu_2226_p2    |    xor   |      0|  0|   44|          32|          32|
    |tmp_28_8_fu_2508_p2    |    xor   |      0|  0|   44|          32|          32|
    |tmp_28_9_fu_2542_p2    |    xor   |      0|  0|   44|          32|          32|
    |tmp_28_s_fu_2577_p2    |    xor   |      0|  0|   44|          32|          32|
    |tmp_37_10_fu_5327_p2   |    xor   |      0|  0|   44|          32|           2|
    |tmp_37_11_fu_5410_p2   |    xor   |      0|  0|   44|          32|           2|
    |tmp_37_12_fu_5523_p2   |    xor   |      0|  0|   44|          32|           2|
    |tmp_37_13_fu_5580_p2   |    xor   |      0|  0|   44|          32|           2|
    |tmp_37_14_fu_5663_p2   |    xor   |      0|  0|   44|          32|           2|
    |tmp_37_15_fu_5776_p2   |    xor   |      0|  0|   44|          32|           2|
    |tmp_37_16_fu_5833_p2   |    xor   |      0|  0|   44|          32|           2|
    |tmp_37_17_fu_5916_p2   |    xor   |      0|  0|   44|          32|           2|
    |tmp_37_18_fu_6029_p2   |    xor   |      0|  0|   44|          32|           2|
    |tmp_37_1_fu_3114_p2    |    xor   |      0|  0|   44|          32|           2|
    |tmp_37_2_fu_3172_p2    |    xor   |      0|  0|   44|          32|           2|
    |tmp_37_3_fu_3914_p2    |    xor   |      0|  0|   44|          32|           2|
    |tmp_37_4_fu_4416_p2    |    xor   |      0|  0|   44|          32|           2|
    |tmp_37_5_fu_4473_p2    |    xor   |      0|  0|   44|          32|           2|
    |tmp_37_6_fu_4696_p2    |    xor   |      0|  0|   44|          32|           2|
    |tmp_37_7_fu_4906_p2    |    xor   |      0|  0|   44|          32|           2|
    |tmp_37_8_fu_4963_p2    |    xor   |      0|  0|   44|          32|           2|
    |tmp_37_9_fu_5143_p2    |    xor   |      0|  0|   44|          32|           2|
    |tmp_37_s_fu_5270_p2    |    xor   |      0|  0|   44|          32|           2|
    |tmp_50_10_fu_6920_p2   |    xor   |      0|  0|   44|          32|          32|
    |tmp_50_11_fu_6966_p2   |    xor   |      0|  0|   44|          32|          32|
    |tmp_50_12_fu_7038_p2   |    xor   |      0|  0|   44|          32|          32|
    |tmp_50_13_fu_7140_p2   |    xor   |      0|  0|   44|          32|          32|
    |tmp_50_14_fu_7186_p2   |    xor   |      0|  0|   44|          32|          32|
    |tmp_50_15_fu_7258_p2   |    xor   |      0|  0|   44|          32|          32|
    |tmp_50_16_fu_7358_p2   |    xor   |      0|  0|   44|          32|          32|
    |tmp_50_17_fu_7405_p2   |    xor   |      0|  0|   44|          32|          32|
    |tmp_50_18_fu_7477_p2   |    xor   |      0|  0|   44|          32|          32|
    |tmp_50_1_fu_6158_p2    |    xor   |      0|  0|   44|          32|          32|
    |tmp_50_2_fu_6260_p2    |    xor   |      0|  0|   44|          32|          32|
    |tmp_50_3_fu_6306_p2    |    xor   |      0|  0|   44|          32|          32|
    |tmp_50_4_fu_6378_p2    |    xor   |      0|  0|   44|          32|          32|
    |tmp_50_5_fu_6480_p2    |    xor   |      0|  0|   44|          32|          32|
    |tmp_50_6_fu_6526_p2    |    xor   |      0|  0|   44|          32|          32|
    |tmp_50_7_fu_6598_p2    |    xor   |      0|  0|   44|          32|          32|
    |tmp_50_8_fu_6700_p2    |    xor   |      0|  0|   44|          32|          32|
    |tmp_50_9_fu_6746_p2    |    xor   |      0|  0|   44|          32|          32|
    |tmp_50_s_fu_6818_p2    |    xor   |      0|  0|   44|          32|          32|
    |tmp_65_fu_2006_p2      |    xor   |      0|  0|   44|          32|          32|
    |tmp_79_10_fu_10052_p2  |    xor   |      0|  0|   44|          32|          32|
    |tmp_79_11_fu_10093_p2  |    xor   |      0|  0|   44|          32|          32|
    |tmp_79_12_fu_10199_p2  |    xor   |      0|  0|   44|          32|          32|
    |tmp_79_13_fu_10248_p2  |    xor   |      0|  0|   44|          32|          32|
    |tmp_79_14_fu_10347_p2  |    xor   |      0|  0|   44|          32|          32|
    |tmp_79_15_fu_10396_p2  |    xor   |      0|  0|   44|          32|          32|
    |tmp_79_16_fu_10490_p2  |    xor   |      0|  0|   44|          32|          32|
    |tmp_79_17_fu_10539_p2  |    xor   |      0|  0|   44|          32|          32|
    |tmp_79_18_fu_10630_p2  |    xor   |      0|  0|   44|          32|          32|
    |tmp_79_1_fu_9332_p2    |    xor   |      0|  0|   44|          32|          32|
    |tmp_79_2_fu_9378_p2    |    xor   |      0|  0|   44|          32|          32|
    |tmp_79_3_fu_9450_p2    |    xor   |      0|  0|   44|          32|          32|
    |tmp_79_4_fu_9550_p2    |    xor   |      0|  0|   44|          32|          32|
    |tmp_79_5_fu_9597_p2    |    xor   |      0|  0|   44|          32|          32|
    |tmp_79_6_fu_9669_p2    |    xor   |      0|  0|   44|          32|          32|
    |tmp_79_7_fu_9776_p2    |    xor   |      0|  0|   44|          32|          32|
    |tmp_79_8_fu_9822_p2    |    xor   |      0|  0|   44|          32|          32|
    |tmp_79_9_fu_9842_p2    |    xor   |      0|  0|   44|          32|          32|
    |tmp_79_s_fu_9957_p2    |    xor   |      0|  0|   44|          32|          32|
    +-----------------------+----------+-------+---+-----+------------+------------+
    |Total                  |          |      0|  0|26816|       24164|       23624|
    +-----------------------+----------+-------+---+-----+------------+------------+

    * Multiplexer: 
    +------------+-----+-----------+-----+-----------+
    |    Name    | LUT | Input Size| Bits| Total Bits|
    +------------+-----+-----------+-----+-----------+
    |W_address0  |   91|         46|    7|        322|
    |W_address1  |   91|         46|    7|        322|
    |W_d0        |  384|         41|   32|       1312|
    |W_d1        |  384|         41|   32|       1312|
    |ap_NS_fsm   |   96|         54|    1|         54|
    +------------+-----+-----------+-----+-----------+
    |Total       | 1046|        228|   79|       3322|
    +------------+-----+-----------+-----+-----------+

    * Register: 
    +---------------------+-----+----+-----+-----------+
    |         Name        |  FF | LUT| Bits| Const Bits|
    +---------------------+-----+----+-----+-----------+
    |A_reg_10877          |   32|   0|   32|          0|
    |B_reg_10884          |   32|   0|   32|          0|
    |C_1_10_reg_11619     |   32|   0|   32|          0|
    |C_1_11_reg_11657     |   32|   0|   32|          0|
    |C_1_12_reg_11686     |   32|   0|   32|          0|
    |C_1_13_reg_11693     |   32|   0|   32|          0|
    |C_1_14_reg_11721     |   32|   0|   32|          0|
    |C_1_15_reg_11760     |   32|   0|   32|          0|
    |C_1_16_reg_11767     |   32|   0|   32|          0|
    |C_1_17_reg_11805     |   32|   0|   32|          0|
    |C_1_18_reg_11843     |   32|   0|   32|          0|
    |C_1_1_reg_10935      |   32|   0|   32|          0|
    |C_1_2_reg_10942      |   32|   0|   32|          0|
    |C_1_3_reg_11124      |   32|   0|   32|          0|
    |C_1_4_reg_11312      |   32|   0|   32|          0|
    |C_1_5_reg_11319      |   32|   0|   32|          0|
    |C_1_6_reg_11440      |   32|   0|   32|          0|
    |C_1_7_reg_11503      |   32|   0|   32|          0|
    |C_1_8_reg_11510      |   32|   0|   32|          0|
    |C_1_9_reg_11563      |   32|   0|   32|          0|
    |C_1_reg_10913        |   32|   0|   32|          0|
    |C_1_s_reg_11612      |   32|   0|   32|          0|
    |C_2_10_reg_12107     |   32|   0|   32|          0|
    |C_2_11_reg_12114     |   32|   0|   32|          0|
    |C_2_12_reg_12141     |   32|   0|   32|          0|
    |C_2_13_reg_12168     |   32|   0|   32|          0|
    |C_2_14_reg_12175     |   32|   0|   32|          0|
    |C_2_15_reg_12202     |   32|   0|   32|          0|
    |C_2_16_reg_12234     |   32|   0|   32|          0|
    |C_2_17_reg_12241     |   32|   0|   32|          0|
    |C_2_18_reg_12269     |   32|   0|   32|          0|
    |C_2_1_reg_11887      |   32|   0|   32|          0|
    |C_2_2_reg_11924      |   32|   0|   32|          0|
    |C_2_3_reg_11931      |   32|   0|   32|          0|
    |C_2_4_reg_11958      |   32|   0|   32|          0|
    |C_2_5_reg_11985      |   32|   0|   32|          0|
    |C_2_6_reg_11992      |   32|   0|   32|          0|
    |C_2_7_reg_12019      |   32|   0|   32|          0|
    |C_2_8_reg_12046      |   32|   0|   32|          0|
    |C_2_9_reg_12053      |   32|   0|   32|          0|
    |C_2_reg_11850        |   32|   0|   32|          0|
    |C_2_s_reg_12080      |   32|   0|   32|          0|
    |C_3_10_reg_12502     |   32|   0|   32|          0|
    |C_3_11_reg_12526     |   32|   0|   32|          0|
    |C_3_12_reg_12535     |   32|   0|   32|          0|
    |C_3_13_reg_12559     |   32|   0|   32|          0|
    |C_3_14_reg_12583     |   32|   0|   32|          0|
    |C_3_15_reg_12592     |   32|   0|   32|          0|
    |C_3_16_reg_12616     |   32|   0|   32|          0|
    |C_3_17_reg_12640     |   32|   0|   32|          0|
    |C_3_18_reg_12648     |   32|   0|   32|          0|
    |C_3_1_reg_12307      |   32|   0|   32|          0|
    |C_3_2_reg_12331      |   32|   0|   32|          0|
    |C_3_3_reg_12355      |   32|   0|   32|          0|
    |C_3_4_reg_12364      |   32|   0|   32|          0|
    |C_3_5_reg_12388      |   32|   0|   32|          0|
    |C_3_6_reg_12412      |   32|   0|   32|          0|
    |C_3_7_reg_12421      |   32|   0|   32|          0|
    |C_3_8_reg_12445      |   32|   0|   32|          0|
    |C_3_9_reg_12469      |   32|   0|   32|          0|
    |C_3_reg_12298        |   32|   0|   32|          0|
    |C_3_s_reg_12478      |   32|   0|   32|          0|
    |C_4_10_reg_12899     |   32|   0|   32|          0|
    |C_4_11_reg_12931     |   32|   0|   32|          0|
    |C_4_12_reg_12937     |   32|   0|   32|          0|
    |C_4_13_reg_12969     |   32|   0|   32|          0|
    |C_4_14_reg_12975     |   32|   0|   32|          0|
    |C_4_15_reg_13007     |   32|   0|   32|          0|
    |C_4_16_reg_13014     |   32|   0|   32|          0|
    |C_4_17_reg_13041     |   32|   0|   32|          0|
    |C_4_1_reg_12697      |   32|   0|   32|          0|
    |C_4_2_reg_12704      |   32|   0|   32|          0|
    |C_4_3_reg_12731      |   32|   0|   32|          0|
    |C_4_4_reg_12763      |   32|   0|   32|          0|
    |C_4_5_reg_12770      |   32|   0|   32|          0|
    |C_4_6_reg_12797      |   32|   0|   32|          0|
    |C_4_7_reg_12824      |   32|   0|   32|          0|
    |C_4_8_reg_12830      |   32|   0|   32|          0|
    |C_4_9_reg_12862      |   32|   0|   32|          0|
    |C_4_reg_12670        |   32|   0|   32|          0|
    |C_4_s_reg_12893      |   32|   0|   32|          0|
    |C_reg_10889          |   32|   0|   32|          0|
    |D_reg_10896          |   32|   0|   32|          0|
    |E_reg_10902          |   32|   0|   32|          0|
    |W_load_1_reg_11733   |   32|   0|   32|          0|
    |W_load_2_reg_11774   |   32|   0|   32|          0|
    |W_load_3_reg_11779   |   32|   0|   32|          0|
    |W_load_4_reg_11812   |   32|   0|   32|          0|
    |W_load_5_reg_11817   |   32|   0|   32|          0|
    |W_load_6_reg_11857   |   32|   0|   32|          0|
    |W_load_7_reg_11862   |   32|   0|   32|          0|
    |W_load_8_reg_11894   |   32|   0|   32|          0|
    |W_load_9_reg_11899   |   32|   0|   32|          0|
    |W_load_reg_11728     |   32|   0|   32|          0|
    |ap_CS_fsm            |   53|   0|   53|          0|
    |temp_10_reg_11664    |   32|   0|   32|          0|
    |temp_11_reg_11670    |   32|   0|   32|          0|
    |temp_12_reg_11700    |   32|   0|   32|          0|
    |temp_13_reg_11738    |   32|   0|   32|          0|
    |temp_14_reg_11744    |   32|   0|   32|          0|
    |temp_15_reg_11784    |   32|   0|   32|          0|
    |temp_16_reg_11822    |   32|   0|   32|          0|
    |temp_17_reg_11828    |   32|   0|   32|          0|
    |temp_18_reg_11867    |   32|   0|   32|          0|
    |temp_19_reg_11904    |   32|   0|   32|          0|
    |temp_1_10_reg_12121  |   32|   0|   32|          0|
    |temp_1_11_reg_12148  |   32|   0|   32|          0|
    |temp_1_12_reg_12153  |   32|   0|   32|          0|
    |temp_1_13_reg_12182  |   32|   0|   32|          0|
    |temp_1_14_reg_12209  |   32|   0|   32|          0|
    |temp_1_15_reg_12214  |   32|   0|   32|          0|
    |temp_1_16_reg_12249  |   32|   0|   32|          0|
    |temp_1_18_reg_12278  |   32|   0|   32|          0|
    |temp_1_1_reg_11909   |   32|   0|   32|          0|
    |temp_1_2_reg_11938   |   32|   0|   32|          0|
    |temp_1_3_reg_11965   |   32|   0|   32|          0|
    |temp_1_4_reg_11970   |   32|   0|   32|          0|
    |temp_1_5_reg_11999   |   32|   0|   32|          0|
    |temp_1_6_reg_12026   |   32|   0|   32|          0|
    |temp_1_7_reg_12031   |   32|   0|   32|          0|
    |temp_1_8_reg_12060   |   32|   0|   32|          0|
    |temp_1_9_reg_12087   |   32|   0|   32|          0|
    |temp_1_reg_11290     |   32|   0|   32|          0|
    |temp_1_s_reg_12092   |   32|   0|   32|          0|
    |temp_20_reg_12316    |   32|   0|   32|          0|
    |temp_21_reg_12682    |   32|   0|   32|          0|
    |temp_2_10_reg_12511  |   32|   0|   32|          0|
    |temp_2_11_reg_12544  |   32|   0|   32|          0|
    |temp_2_13_reg_12568  |   32|   0|   32|          0|
    |temp_2_14_reg_12601  |   32|   0|   32|          0|
    |temp_2_16_reg_12625  |   32|   0|   32|          0|
    |temp_2_17_reg_12655  |   32|   0|   32|          0|
    |temp_2_18_reg_12677  |   32|   0|   32|          0|
    |temp_2_2_reg_12340   |   32|   0|   32|          0|
    |temp_2_3_reg_12373   |   32|   0|   32|          0|
    |temp_2_5_reg_12397   |   32|   0|   32|          0|
    |temp_2_6_reg_12430   |   32|   0|   32|          0|
    |temp_2_8_reg_12454   |   32|   0|   32|          0|
    |temp_2_9_reg_12487   |   32|   0|   32|          0|
    |temp_2_reg_11296     |   32|   0|   32|          0|
    |temp_3_10_reg_12911  |   32|   0|   32|          0|
    |temp_3_12_reg_12954  |   32|   0|   32|          0|
    |temp_3_14_reg_12992  |   32|   0|   32|          0|
    |temp_3_16_reg_13026  |   32|   0|   32|          0|
    |temp_3_1_reg_12711   |   32|   0|   32|          0|
    |temp_3_2_reg_12738   |   32|   0|   32|          0|
    |temp_3_3_reg_12743   |   32|   0|   32|          0|
    |temp_3_4_reg_12777   |   32|   0|   32|          0|
    |temp_3_5_reg_12804   |   32|   0|   32|          0|
    |temp_3_6_reg_12809   |   32|   0|   32|          0|
    |temp_3_9_reg_12878   |   32|   0|   32|          0|
    |temp_3_reg_11636     |   32|   0|   32|          0|
    |temp_4_reg_11419     |   32|   0|   32|          0|
    |temp_5_reg_11481     |   32|   0|   32|          0|
    |temp_6_reg_11487     |   32|   0|   32|          0|
    |temp_7_reg_11542     |   32|   0|   32|          0|
    |temp_8_reg_11590     |   32|   0|   32|          0|
    |temp_9_reg_11596     |   32|   0|   32|          0|
    |temp_reg_10907       |   32|   0|   32|          0|
    |temp_s_reg_11103     |   32|   0|   32|          0|
    |tmp194_reg_10930     |   32|   0|   32|          0|
    |tmp196_reg_11114     |   32|   0|   32|          0|
    |tmp197_reg_11119     |   32|   0|   32|          0|
    |tmp203_reg_11307     |   32|   0|   32|          0|
    |tmp205_reg_11430     |   32|   0|   32|          0|
    |tmp206_reg_11435     |   32|   0|   32|          0|
    |tmp212_reg_11498     |   32|   0|   32|          0|
    |tmp214_reg_11553     |   32|   0|   32|          0|
    |tmp215_reg_11558     |   32|   0|   32|          0|
    |tmp221_reg_11607     |   32|   0|   32|          0|
    |tmp223_reg_11647     |   32|   0|   32|          0|
    |tmp224_reg_11652     |   32|   0|   32|          0|
    |tmp230_reg_11681     |   32|   0|   32|          0|
    |tmp232_reg_11711     |   32|   0|   32|          0|
    |tmp233_reg_11716     |   32|   0|   32|          0|
    |tmp239_reg_11755     |   32|   0|   32|          0|
    |tmp241_reg_11795     |   32|   0|   32|          0|
    |tmp242_reg_11800     |   32|   0|   32|          0|
    |tmp248_reg_11838     |   32|   0|   32|          0|
    |tmp251_reg_11877     |   32|   0|   32|          0|
    |tmp252_reg_11882     |   32|   0|   32|          0|
    |tmp260_reg_11919     |   32|   0|   32|          0|
    |tmp263_reg_11948     |   32|   0|   32|          0|
    |tmp264_reg_11953     |   32|   0|   32|          0|
    |tmp272_reg_11980     |   32|   0|   32|          0|
    |tmp275_reg_12009     |   32|   0|   32|          0|
    |tmp276_reg_12014     |   32|   0|   32|          0|
    |tmp284_reg_12041     |   32|   0|   32|          0|
    |tmp287_reg_12070     |   32|   0|   32|          0|
    |tmp288_reg_12075     |   32|   0|   32|          0|
    |tmp296_reg_12102     |   32|   0|   32|          0|
    |tmp299_reg_12131     |   32|   0|   32|          0|
    |tmp300_reg_12136     |   32|   0|   32|          0|
    |tmp308_reg_12163     |   32|   0|   32|          0|
    |tmp311_reg_12192     |   32|   0|   32|          0|
    |tmp312_reg_12197     |   32|   0|   32|          0|
    |tmp320_reg_12229     |   32|   0|   32|          0|
    |tmp323_reg_12259     |   32|   0|   32|          0|
    |tmp324_reg_12264     |   32|   0|   32|          0|
    |tmp331_reg_12293     |   32|   0|   32|          0|
    |tmp333_reg_12321     |   32|   0|   32|          0|
    |tmp334_reg_12326     |   32|   0|   32|          0|
    |tmp340_reg_12350     |   32|   0|   32|          0|
    |tmp342_reg_12378     |   32|   0|   32|          0|
    |tmp343_reg_12383     |   32|   0|   32|          0|
    |tmp349_reg_12407     |   32|   0|   32|          0|
    |tmp351_reg_12435     |   32|   0|   32|          0|
    |tmp352_reg_12440     |   32|   0|   32|          0|
    |tmp358_reg_12464     |   32|   0|   32|          0|
    |tmp360_reg_12492     |   32|   0|   32|          0|
    |tmp361_reg_12497     |   32|   0|   32|          0|
    |tmp367_reg_12521     |   32|   0|   32|          0|
    |tmp369_reg_12549     |   32|   0|   32|          0|
    |tmp370_reg_12554     |   32|   0|   32|          0|
    |tmp376_reg_12578     |   32|   0|   32|          0|
    |tmp378_reg_12606     |   32|   0|   32|          0|
    |tmp379_reg_12611     |   32|   0|   32|          0|
    |tmp385_reg_12635     |   32|   0|   32|          0|
    |tmp387_reg_12660     |   32|   0|   32|          0|
    |tmp388_reg_12665     |   32|   0|   32|          0|
    |tmp396_reg_12692     |   32|   0|   32|          0|
    |tmp399_reg_12721     |   32|   0|   32|          0|
    |tmp400_reg_12726     |   32|   0|   32|          0|
    |tmp408_reg_12758     |   32|   0|   32|          0|
    |tmp411_reg_12787     |   32|   0|   32|          0|
    |tmp412_reg_12792     |   32|   0|   32|          0|
    |tmp420_reg_12819     |   32|   0|   32|          0|
    |tmp423_reg_12847     |   32|   0|   32|          0|
    |tmp424_reg_12852     |   32|   0|   32|          0|
    |tmp431_reg_12837     |   32|   0|   32|          0|
    |tmp432_reg_12888     |   32|   0|   32|          0|
    |tmp435_reg_12868     |   32|   0|   32|          0|
    |tmp439_reg_12873     |   32|   0|   32|          0|
    |tmp440_reg_12926     |   32|   0|   32|          0|
    |tmp443_reg_12906     |   32|   0|   32|          0|
    |tmp447_reg_12944     |   32|   0|   32|          0|
    |tmp448_reg_12964     |   32|   0|   32|          0|
    |tmp451_reg_12949     |   32|   0|   32|          0|
    |tmp455_reg_12982     |   32|   0|   32|          0|
    |tmp456_reg_13002     |   32|   0|   32|          0|
    |tmp459_reg_12987     |   32|   0|   32|          0|
    |tmp463_reg_13021     |   32|   0|   32|          0|
    |tmp464_reg_13036     |   32|   0|   32|          0|
    |tmp468_reg_13066     |   32|   0|   32|          0|
    |tmp469_reg_11131     |   32|   0|   32|          0|
    |tmp_113_reg_11872    |   32|   0|   32|          0|
    |tmp_116_reg_12288    |    5|   0|    5|          0|
    |tmp_134_reg_11055    |   31|   0|   31|          0|
    |tmp_135_reg_11060    |    1|   0|    1|          0|
    |tmp_17_10_reg_10770  |   32|   0|   32|          0|
    |tmp_17_11_reg_10778  |   32|   0|   32|          0|
    |tmp_17_12_reg_10786  |   32|   0|   32|          0|
    |tmp_17_13_reg_10795  |   32|   0|   32|          0|
    |tmp_17_14_reg_10803  |   32|   0|   32|          0|
    |tmp_17_1_reg_10705   |   32|   0|   32|          0|
    |tmp_17_2_reg_10710   |   32|   0|   32|          0|
    |tmp_17_3_reg_10716   |   32|   0|   32|          0|
    |tmp_17_4_reg_10722   |   32|   0|   32|          0|
    |tmp_17_5_reg_10728   |   32|   0|   32|          0|
    |tmp_17_6_reg_10735   |   32|   0|   32|          0|
    |tmp_17_7_reg_10741   |   32|   0|   32|          0|
    |tmp_17_8_reg_10748   |   32|   0|   32|          0|
    |tmp_17_9_reg_10755   |   32|   0|   32|          0|
    |tmp_17_s_reg_10762   |   32|   0|   32|          0|
    |tmp_219_reg_11532    |   31|   0|   31|          0|
    |tmp_220_reg_11537    |    1|   0|    1|          0|
    |tmp_221_reg_11580    |   31|   0|   31|          0|
    |tmp_222_reg_11585    |    1|   0|    1|          0|
    |tmp_225_reg_10920    |   27|   0|   27|          0|
    |tmp_319_reg_12219    |   27|   0|   27|          0|
    |tmp_31_10_reg_10981  |   32|   0|   32|          0|
    |tmp_31_11_reg_10988  |   32|   0|   32|          0|
    |tmp_31_12_reg_10996  |   32|   0|   32|          0|
    |tmp_31_13_reg_11004  |   32|   0|   32|          0|
    |tmp_31_14_reg_11012  |   32|   0|   32|          0|
    |tmp_31_15_reg_11021  |   32|   0|   32|          0|
    |tmp_31_16_reg_11029  |   32|   0|   32|          0|
    |tmp_31_17_reg_11037  |   32|   0|   32|          0|
    |tmp_31_18_reg_11046  |   32|   0|   32|          0|
    |tmp_31_19_reg_11136  |   32|   0|   32|          0|
    |tmp_31_1_reg_10820   |   32|   0|   32|          0|
    |tmp_31_20_reg_11065  |   32|   0|   32|          0|
    |tmp_31_21_reg_11074  |   32|   0|   32|          0|
    |tmp_31_22_reg_11142  |   32|   0|   32|          0|
    |tmp_31_23_reg_11083  |   32|   0|   32|          0|
    |tmp_31_24_reg_11093  |   32|   0|   32|          0|
    |tmp_31_25_reg_11148  |   32|   0|   32|          0|
    |tmp_31_26_reg_11154  |   32|   0|   32|          0|
    |tmp_31_27_reg_11161  |   32|   0|   32|          0|
    |tmp_31_28_reg_11168  |   32|   0|   32|          0|
    |tmp_31_29_reg_11175  |   32|   0|   32|          0|
    |tmp_31_2_reg_10949   |   32|   0|   32|          0|
    |tmp_31_30_reg_11183  |   32|   0|   32|          0|
    |tmp_31_31_reg_11191  |   32|   0|   32|          0|
    |tmp_31_32_reg_11199  |   32|   0|   32|          0|
    |tmp_31_33_reg_11208  |   32|   0|   32|          0|
    |tmp_31_34_reg_11216  |   32|   0|   32|          0|
    |tmp_31_35_reg_11224  |   32|   0|   32|          0|
    |tmp_31_36_reg_11233  |   32|   0|   32|          0|
    |tmp_31_37_reg_11242  |   32|   0|   32|          0|
    |tmp_31_38_reg_11252  |   32|   0|   32|          0|
    |tmp_31_39_reg_11261  |   32|   0|   32|          0|
    |tmp_31_3_reg_10839   |   32|   0|   32|          0|
    |tmp_31_40_reg_11326  |   32|   0|   32|          0|
    |tmp_31_41_reg_11270  |   32|   0|   32|          0|
    |tmp_31_42_reg_11280  |   32|   0|   32|          0|
    |tmp_31_43_reg_11333  |   32|   0|   32|          0|
    |tmp_31_44_reg_11341  |   32|   0|   32|          0|
    |tmp_31_45_reg_11350  |   32|   0|   32|          0|
    |tmp_31_46_reg_11358  |   32|   0|   32|          0|
    |tmp_31_47_reg_11367  |   32|   0|   32|          0|
    |tmp_31_48_reg_11375  |   32|   0|   32|          0|
    |tmp_31_49_reg_11447  |   32|   0|   32|          0|
    |tmp_31_4_reg_10848   |   32|   0|   32|          0|
    |tmp_31_50_reg_11383  |   32|   0|   32|          0|
    |tmp_31_51_reg_11390  |   32|   0|   32|          0|
    |tmp_31_52_reg_11454  |   32|   0|   32|          0|
    |tmp_31_53_reg_11397  |   32|   0|   32|          0|
    |tmp_31_54_reg_11408  |   32|   0|   32|          0|
    |tmp_31_55_reg_11461  |   32|   0|   32|          0|
    |tmp_31_56_reg_11471  |   32|   0|   32|          0|
    |tmp_31_57_reg_11517  |   32|   0|   32|          0|
    |tmp_31_5_reg_10955   |   32|   0|   32|          0|
    |tmp_31_6_reg_10857   |   32|   0|   32|          0|
    |tmp_31_7_reg_10867   |   32|   0|   32|          0|
    |tmp_31_8_reg_10961   |   32|   0|   32|          0|
    |tmp_31_9_reg_10967   |   32|   0|   32|          0|
    |tmp_31_s_reg_10974   |   32|   0|   32|          0|
    |tmp_331_reg_12283    |   27|   0|   27|          0|
    |tmp_34_1_reg_10925   |    5|   0|    5|          0|
    |tmp_35_12_reg_11676  |   32|   0|   32|          0|
    |tmp_35_15_reg_11750  |   32|   0|   32|          0|
    |tmp_35_18_reg_11833  |   32|   0|   32|          0|
    |tmp_35_4_reg_11302   |   32|   0|   32|          0|
    |tmp_35_7_reg_11493   |   32|   0|   32|          0|
    |tmp_35_s_reg_11602   |   32|   0|   32|          0|
    |tmp_39_10_reg_11642  |   32|   0|   32|          0|
    |tmp_39_13_reg_11706  |   32|   0|   32|          0|
    |tmp_39_16_reg_11790  |   32|   0|   32|          0|
    |tmp_39_2_reg_11109   |   32|   0|   32|          0|
    |tmp_39_5_reg_11425   |   32|   0|   32|          0|
    |tmp_39_8_reg_11548   |   32|   0|   32|          0|
    |tmp_407_reg_12748    |   27|   0|   27|          0|
    |tmp_439_reg_12916    |   27|   0|   27|          0|
    |tmp_468_reg_13046    |    2|   0|    2|          0|
    |tmp_47_16_reg_12224  |    5|   0|    5|          0|
    |tmp_48_10_reg_12097  |   32|   0|   32|          0|
    |tmp_48_13_reg_12158  |   32|   0|   32|          0|
    |tmp_48_2_reg_11914   |   32|   0|   32|          0|
    |tmp_48_5_reg_11975   |   32|   0|   32|          0|
    |tmp_48_8_reg_12036   |   32|   0|   32|          0|
    |tmp_50_11_reg_12126  |   32|   0|   32|          0|
    |tmp_50_14_reg_12187  |   32|   0|   32|          0|
    |tmp_50_17_reg_12254  |   32|   0|   32|          0|
    |tmp_50_3_reg_11943   |   32|   0|   32|          0|
    |tmp_50_6_reg_12004   |   32|   0|   32|          0|
    |tmp_50_9_reg_12065   |   32|   0|   32|          0|
    |tmp_59_11_reg_12516  |   32|   0|   32|          0|
    |tmp_59_14_reg_12573  |   32|   0|   32|          0|
    |tmp_59_17_reg_12630  |   32|   0|   32|          0|
    |tmp_59_3_reg_12345   |   32|   0|   32|          0|
    |tmp_59_6_reg_12402   |   32|   0|   32|          0|
    |tmp_59_9_reg_12459   |   32|   0|   32|          0|
    |tmp_68_reg_10811     |   32|   0|   32|          0|
    |tmp_70_reg_13071     |   32|   0|   32|          0|
    |tmp_71_reg_13076     |   32|   0|   32|          0|
    |tmp_72_reg_13056     |   32|   0|   32|          0|
    |tmp_73_reg_13061     |   32|   0|   32|          0|
    |tmp_75_reg_10829     |   31|   0|   31|          0|
    |tmp_76_11_reg_12921  |    5|   0|    5|          0|
    |tmp_76_4_reg_12753   |    5|   0|    5|          0|
    |tmp_76_reg_10834     |    1|   0|    1|          0|
    |tmp_77_13_reg_12959  |   32|   0|   32|          0|
    |tmp_77_15_reg_12997  |   32|   0|   32|          0|
    |tmp_77_17_reg_13031  |   32|   0|   32|          0|
    |tmp_77_1_reg_12687   |   32|   0|   32|          0|
    |tmp_77_7_reg_12814   |   32|   0|   32|          0|
    |tmp_77_s_reg_12883   |   32|   0|   32|          0|
    |tmp_79_2_reg_12716   |   32|   0|   32|          0|
    |tmp_79_5_reg_12782   |   32|   0|   32|          0|
    |tmp_79_8_reg_12842   |   32|   0|   32|          0|
    |tmp_79_9_reg_12857   |   32|   0|   32|          0|
    |tmp_85_18_reg_13051  |   30|   0|   30|          0|
    |tmp_9_reg_10700      |   32|   0|   32|          0|
    +---------------------+-----+----+-----+-----------+
    |Total                |11989|   0|11989|          0|
    +---------------------+-----+----+-----+-----------+



================================================================
== Interface
================================================================
* Summary: 
+------------------+-----+-----+------------+-------------------------+--------------+
|     RTL Ports    | Dir | Bits|  Protocol  |      Source Object      |    C Type    |
+------------------+-----+-----+------------+-------------------------+--------------+
|ap_clk            |  in |    1| ap_ctrl_hs | SHA1ProcessMessageBlock | return value |
|ap_rst            |  in |    1| ap_ctrl_hs | SHA1ProcessMessageBlock | return value |
|ap_start          |  in |    1| ap_ctrl_hs | SHA1ProcessMessageBlock | return value |
|ap_done           | out |    1| ap_ctrl_hs | SHA1ProcessMessageBlock | return value |
|ap_idle           | out |    1| ap_ctrl_hs | SHA1ProcessMessageBlock | return value |
|ap_ready          | out |    1| ap_ctrl_hs | SHA1ProcessMessageBlock | return value |
|context_i         |  in |  688|   ap_ovld  |         context         |    pointer   |
|context_o         | out |  688|   ap_ovld  |         context         |    pointer   |
|context_o_ap_vld  | out |    1|   ap_ovld  |         context         |    pointer   |
+------------------+-----+-----+------------+-------------------------+--------------+

