

================================================================
== Vivado HLS Report for 'SHA1ProcessMessageBlock'
================================================================
* Date:           Tue Sep 13 00:18:45 2016

* Version:        2016.1 (Build 1538259 on Fri Apr 08 16:12:49 MDT 2016)
* Project:        sha1_hls
* Solution:       pipeline_balancingon
* Product family: zynq
* Target device:  xc7z020clg484-1


================================================================
== Performance Estimates
================================================================
+ Timing (ns): 
    * Summary: 
    +--------+-------+----------+------------+
    |  Clock | Target| Estimated| Uncertainty|
    +--------+-------+----------+------------+
    |ap_clk  |  10.00|      8.60|        1.25|
    +--------+-------+----------+------------+

+ Latency (clock cycles): 
    * Summary: 
    +-----+-----+-----+-----+----------+
    |  Latency  |  Interval | Pipeline |
    | min | max | min | max |   Type   |
    +-----+-----+-----+-----+----------+
    |  165|  165|  166|  166| function |
    +-----+-----+-----+-----+----------+

    + Detail: 
        * Instance: 
        +-------------------------------------------------------+-------------------------------------------+-----+-----+-----+-----+----------+
        |                                                       |                                           |  Latency  |  Interval | Pipeline |
        |                        Instance                       |                   Module                  | min | max | min | max |   Type   |
        +-------------------------------------------------------+-------------------------------------------+-----+-----+-----+-----+----------+
        |grp_SHA1ProcessMessageBlock_Swapping_fu_1497           |SHA1ProcessMessageBlock_Swapping           |    0|    0|    1|    1| function |
        |grp_SHA1ProcessMessageBlock_SHA1CircularShift_fu_1506  |SHA1ProcessMessageBlock_SHA1CircularShift  |    0|    0|    1|    1| function |
        +-------------------------------------------------------+-------------------------------------------+-----+-----+-----+-----+----------+

        * Loop: 
        N/A



================================================================
== Utilization Estimates
================================================================
* Summary: 
+-----------------+---------+-------+--------+-------+
|       Name      | BRAM_18K| DSP48E|   FF   |  LUT  |
+-----------------+---------+-------+--------+-------+
|DSP              |        -|      -|       -|      -|
|Expression       |        -|      -|       0|   9652|
|FIFO             |        -|      -|       -|      -|
|Instance         |        -|      -|       0|    454|
|Memory           |        1|      -|       0|      0|
|Multiplexer      |        -|      -|       -|   2543|
|Register         |        -|      -|    4470|      -|
+-----------------+---------+-------+--------+-------+
|Total            |        1|      0|    4470|  12649|
+-----------------+---------+-------+--------+-------+
|Available        |      280|    220|  106400|  53200|
+-----------------+---------+-------+--------+-------+
|Utilization (%)  |    ~0   |      0|       4|     23|
+-----------------+---------+-------+--------+-------+

+ Detail: 
    * Instance: 
    +-------------------------------------------------------+-------------------------------------------+---------+-------+---+-----+
    |                        Instance                       |                   Module                  | BRAM_18K| DSP48E| FF| LUT |
    +-------------------------------------------------------+-------------------------------------------+---------+-------+---+-----+
    |grp_SHA1ProcessMessageBlock_SHA1CircularShift_fu_1506  |SHA1ProcessMessageBlock_SHA1CircularShift  |        0|      0|  0|  227|
    |grp_SHA1ProcessMessageBlock_Swapping_fu_1497           |SHA1ProcessMessageBlock_Swapping           |        0|      0|  0|  227|
    +-------------------------------------------------------+-------------------------------------------+---------+-------+---+-----+
    |Total                                                  |                                           |        0|      0|  0|  454|
    +-------------------------------------------------------+-------------------------------------------+---------+-------+---+-----+

    * DSP48: 
    N/A

    * Memory: 
    +-------+---------------------------+---------+---+----+------+-----+------+-------------+
    | Memory|           Module          | BRAM_18K| FF| LUT| Words| Bits| Banks| W*Bits*Banks|
    +-------+---------------------------+---------+---+----+------+-----+------+-------------+
    |W_U    |SHA1ProcessMessageBlock_W  |        1|  0|   0|    80|   32|     1|         2560|
    +-------+---------------------------+---------+---+----+------+-----+------+-------------+
    |Total  |                           |        1|  0|   0|    80|   32|     1|         2560|
    +-------+---------------------------+---------+---+----+------+-----+------+-------------+

    * FIFO: 
    N/A

    * Expression: 
    +----------------------+----------+-------+---+----+------------+------------+
    |     Variable Name    | Operation| DSP48E| FF| LUT| Bitwidth P0| Bitwidth P1|
    +----------------------+----------+-------+---+----+------------+------------+
    |grp_fu_1536_p2        |     +    |      0|  0|  16|          32|          32|
    |grp_fu_1686_p2        |     +    |      0|  0|  16|          32|          32|
    |grp_fu_1704_p2        |     +    |      0|  0|  16|          32|          32|
    |grp_fu_1710_p2        |     +    |      0|  0|  16|          32|          31|
    |grp_fu_1716_p2        |     +    |      0|  0|  16|          32|          32|
    |grp_fu_1722_p2        |     +    |      0|  0|  16|          32|          32|
    |grp_fu_1734_p2        |     +    |      0|  0|  16|          32|          31|
    |grp_fu_1740_p2        |     +    |      0|  0|  16|          32|          32|
    |grp_fu_1746_p2        |     +    |      0|  0|  16|          32|          32|
    |grp_fu_1758_p2        |     +    |      0|  0|  16|          32|          31|
    |grp_fu_1764_p2        |     +    |      0|  0|  16|          32|          32|
    |grp_fu_1770_p2        |     +    |      0|  0|  16|          32|          32|
    |grp_fu_1782_p2        |     +    |      0|  0|  16|          32|          31|
    |grp_fu_1788_p2        |     +    |      0|  0|  16|          32|          32|
    |grp_fu_1794_p2        |     +    |      0|  0|  16|          32|          32|
    |grp_fu_2210_p2        |     +    |      0|  0|  16|          32|          32|
    |grp_fu_2216_p2        |     +    |      0|  0|  16|          32|          32|
    |grp_fu_2222_p2        |     +    |      0|  0|  16|          32|          32|
    |grp_fu_2248_p2        |     +    |      0|  0|  16|          32|          32|
    |grp_fu_2254_p2        |     +    |      0|  0|  16|          32|          32|
    |grp_fu_2260_p2        |     +    |      0|  0|  16|          32|          32|
    |grp_fu_2286_p2        |     +    |      0|  0|  16|          32|          32|
    |grp_fu_2292_p2        |     +    |      0|  0|  16|          32|          32|
    |grp_fu_2298_p2        |     +    |      0|  0|  16|          32|          32|
    |grp_fu_2324_p2        |     +    |      0|  0|  16|          32|          32|
    |grp_fu_2330_p2        |     +    |      0|  0|  16|          32|          32|
    |grp_fu_2336_p2        |     +    |      0|  0|  16|          32|          32|
    |grp_fu_2362_p2        |     +    |      0|  0|  16|          32|          31|
    |grp_fu_2368_p2        |     +    |      0|  0|  16|          32|          31|
    |grp_fu_2374_p2        |     +    |      0|  0|  16|          32|          31|
    |grp_fu_2380_p2        |     +    |      0|  0|  16|          32|          32|
    |grp_fu_2386_p2        |     +    |      0|  0|  16|          32|          32|
    |grp_fu_2392_p2        |     +    |      0|  0|  16|          32|          31|
    |grp_fu_2404_p2        |     +    |      0|  0|  16|          32|          31|
    |grp_fu_2410_p2        |     +    |      0|  0|  16|          32|          31|
    |grp_fu_2416_p2        |     +    |      0|  0|  16|          32|          31|
    |grp_fu_2422_p2        |     +    |      0|  0|  16|          32|          32|
    |temp_1_10_fu_2857_p2  |     +    |      0|  0|  16|          32|          32|
    |temp_1_11_fu_2887_p2  |     +    |      0|  0|  16|          32|          32|
    |temp_1_12_fu_2933_p2  |     +    |      0|  0|  16|          32|          32|
    |temp_1_13_fu_2979_p2  |     +    |      0|  0|  16|          32|          32|
    |temp_1_14_fu_3025_p2  |     +    |      0|  0|  16|          32|          32|
    |temp_1_15_fu_3059_p2  |     +    |      0|  0|  16|          32|          32|
    |temp_1_16_fu_3093_p2  |     +    |      0|  0|  16|          32|          32|
    |temp_1_17_fu_3127_p2  |     +    |      0|  0|  16|          32|          32|
    |temp_1_18_fu_3161_p2  |     +    |      0|  0|  16|          32|          32|
    |temp_1_1_fu_2557_p2   |     +    |      0|  0|  16|          32|          32|
    |temp_1_2_fu_2587_p2   |     +    |      0|  0|  16|          32|          32|
    |temp_1_3_fu_2617_p2   |     +    |      0|  0|  16|          32|          32|
    |temp_1_4_fu_2647_p2   |     +    |      0|  0|  16|          32|          32|
    |temp_1_5_fu_2677_p2   |     +    |      0|  0|  16|          32|          32|
    |temp_1_6_fu_2707_p2   |     +    |      0|  0|  16|          32|          32|
    |temp_1_7_fu_2737_p2   |     +    |      0|  0|  16|          32|          32|
    |temp_1_8_fu_2767_p2   |     +    |      0|  0|  16|          32|          32|
    |temp_1_9_fu_2797_p2   |     +    |      0|  0|  16|          32|          32|
    |temp_1_fu_2527_p2     |     +    |      0|  0|  16|          32|          32|
    |temp_1_s_fu_2827_p2   |     +    |      0|  0|  16|          32|          32|
    |temp_2_10_fu_3411_p2  |     +    |      0|  0|  16|          32|          32|
    |temp_2_11_fu_3429_p2  |     +    |      0|  0|  16|          32|          32|
    |temp_2_12_fu_3447_p2  |     +    |      0|  0|  16|          32|          32|
    |temp_2_13_fu_3465_p2  |     +    |      0|  0|  16|          32|          32|
    |temp_2_14_fu_3483_p2  |     +    |      0|  0|  16|          32|          32|
    |temp_2_4_fu_3239_p2   |     +    |      0|  0|  16|          32|          32|
    |temp_2_5_fu_3268_p2   |     +    |      0|  0|  16|          32|          32|
    |temp_2_6_fu_3297_p2   |     +    |      0|  0|  16|          32|          32|
    |temp_2_7_fu_3327_p2   |     +    |      0|  0|  16|          32|          32|
    |temp_2_8_fu_3357_p2   |     +    |      0|  0|  16|          32|          32|
    |temp_2_9_fu_3375_p2   |     +    |      0|  0|  16|          32|          32|
    |temp_2_s_fu_3393_p2   |     +    |      0|  0|  16|          32|          32|
    |temp_3_10_fu_3627_p2  |     +    |      0|  0|  16|          32|          32|
    |temp_3_11_fu_3645_p2  |     +    |      0|  0|  16|          32|          32|
    |temp_3_12_fu_3663_p2  |     +    |      0|  0|  16|          32|          32|
    |temp_3_13_fu_3681_p2  |     +    |      0|  0|  16|          32|          32|
    |temp_3_14_fu_3699_p2  |     +    |      0|  0|  16|          32|          32|
    |temp_3_4_fu_3501_p2   |     +    |      0|  0|  16|          32|          32|
    |temp_3_5_fu_3519_p2   |     +    |      0|  0|  16|          32|          32|
    |temp_3_6_fu_3537_p2   |     +    |      0|  0|  16|          32|          32|
    |temp_3_7_fu_3555_p2   |     +    |      0|  0|  16|          32|          32|
    |temp_3_8_fu_3573_p2   |     +    |      0|  0|  16|          32|          32|
    |temp_3_9_fu_3591_p2   |     +    |      0|  0|  16|          32|          32|
    |temp_3_s_fu_3609_p2   |     +    |      0|  0|  16|          32|          32|
    |temp_4_11_fu_3915_p2  |     +    |      0|  0|  16|          32|          32|
    |temp_4_12_fu_3932_p2  |     +    |      0|  0|  16|          32|          32|
    |temp_4_13_fu_3943_p2  |     +    |      0|  0|  16|          32|          32|
    |temp_4_14_fu_3954_p2  |     +    |      0|  0|  16|          32|          32|
    |temp_4_15_fu_3965_p2  |     +    |      0|  0|  16|          32|          32|
    |temp_4_16_fu_3975_p2  |     +    |      0|  0|  16|          32|          32|
    |temp_4_17_fu_3986_p2  |     +    |      0|  0|  16|          32|          32|
    |temp_4_18_fu_3997_p2  |     +    |      0|  0|  16|          32|          32|
    |temp_4_1_fu_3735_p2   |     +    |      0|  0|  16|          32|          32|
    |temp_4_2_fu_3753_p2   |     +    |      0|  0|  16|          32|          32|
    |temp_4_3_fu_3771_p2   |     +    |      0|  0|  16|          32|          32|
    |temp_4_4_fu_3783_p2   |     +    |      0|  0|  16|          32|          32|
    |temp_4_5_fu_3795_p2   |     +    |      0|  0|  16|          32|          32|
    |temp_4_7_fu_3807_p2   |     +    |      0|  0|  16|          32|          32|
    |temp_4_8_fu_3825_p2   |     +    |      0|  0|  16|          32|          32|
    |temp_4_9_fu_3849_p2   |     +    |      0|  0|  16|          32|          32|
    |temp_4_fu_3717_p2     |     +    |      0|  0|  16|          32|          32|
    |temp_4_s_fu_3879_p2   |     +    |      0|  0|  16|          32|          32|
    |tmp128_fu_2510_p2     |     +    |      0|  0|  16|          32|          32|
    |tmp129_fu_2516_p2     |     +    |      0|  0|  16|          32|          31|
    |tmp130_fu_2521_p2     |     +    |      0|  0|  16|          32|          32|
    |tmp132_fu_2546_p2     |     +    |      0|  0|  16|          32|          31|
    |tmp133_fu_2551_p2     |     +    |      0|  0|  16|          32|          32|
    |tmp135_fu_2576_p2     |     +    |      0|  0|  16|          32|          31|
    |tmp136_fu_2581_p2     |     +    |      0|  0|  16|          32|          32|
    |tmp138_fu_2606_p2     |     +    |      0|  0|  16|          32|          31|
    |tmp139_fu_2611_p2     |     +    |      0|  0|  16|          32|          32|
    |tmp141_fu_2636_p2     |     +    |      0|  0|  16|          32|          31|
    |tmp142_fu_2641_p2     |     +    |      0|  0|  16|          32|          32|
    |tmp144_fu_2666_p2     |     +    |      0|  0|  16|          32|          31|
    |tmp145_fu_2671_p2     |     +    |      0|  0|  16|          32|          32|
    |tmp147_fu_2696_p2     |     +    |      0|  0|  16|          32|          31|
    |tmp148_fu_2701_p2     |     +    |      0|  0|  16|          32|          32|
    |tmp150_fu_2726_p2     |     +    |      0|  0|  16|          32|          31|
    |tmp151_fu_2731_p2     |     +    |      0|  0|  16|          32|          32|
    |tmp153_fu_2756_p2     |     +    |      0|  0|  16|          32|          31|
    |tmp154_fu_2761_p2     |     +    |      0|  0|  16|          32|          32|
    |tmp156_fu_2786_p2     |     +    |      0|  0|  16|          32|          31|
    |tmp157_fu_2791_p2     |     +    |      0|  0|  16|          32|          32|
    |tmp159_fu_2816_p2     |     +    |      0|  0|  16|          32|          31|
    |tmp160_fu_2821_p2     |     +    |      0|  0|  16|          32|          32|
    |tmp162_fu_2846_p2     |     +    |      0|  0|  16|          32|          31|
    |tmp163_fu_2851_p2     |     +    |      0|  0|  16|          32|          32|
    |tmp165_fu_2876_p2     |     +    |      0|  0|  16|          32|          31|
    |tmp166_fu_2881_p2     |     +    |      0|  0|  16|          32|          32|
    |tmp168_fu_2922_p2     |     +    |      0|  0|  16|          32|          31|
    |tmp169_fu_2927_p2     |     +    |      0|  0|  16|          32|          32|
    |tmp171_fu_2968_p2     |     +    |      0|  0|  16|          32|          31|
    |tmp172_fu_2973_p2     |     +    |      0|  0|  16|          32|          32|
    |tmp174_fu_3014_p2     |     +    |      0|  0|  16|          32|          31|
    |tmp175_fu_3019_p2     |     +    |      0|  0|  16|          32|          32|
    |tmp177_fu_3047_p2     |     +    |      0|  0|  16|          32|          31|
    |tmp178_fu_3053_p2     |     +    |      0|  0|  16|          32|          32|
    |tmp180_fu_3081_p2     |     +    |      0|  0|  16|          32|          31|
    |tmp181_fu_3087_p2     |     +    |      0|  0|  16|          32|          32|
    |tmp183_fu_3115_p2     |     +    |      0|  0|  16|          32|          31|
    |tmp184_fu_3121_p2     |     +    |      0|  0|  16|          32|          32|
    |tmp186_fu_3149_p2     |     +    |      0|  0|  16|          32|          31|
    |tmp187_fu_3155_p2     |     +    |      0|  0|  16|          32|          32|
    |tmp206_fu_3227_p2     |     +    |      0|  0|  16|          32|          31|
    |tmp207_fu_3233_p2     |     +    |      0|  0|  16|          32|          32|
    |tmp210_fu_3256_p2     |     +    |      0|  0|  16|          32|          31|
    |tmp211_fu_3262_p2     |     +    |      0|  0|  16|          32|          32|
    |tmp214_fu_3285_p2     |     +    |      0|  0|  16|          32|          31|
    |tmp215_fu_3291_p2     |     +    |      0|  0|  16|          32|          32|
    |tmp218_fu_3315_p2     |     +    |      0|  0|  16|          32|          31|
    |tmp219_fu_3321_p2     |     +    |      0|  0|  16|          32|          32|
    |tmp222_fu_3345_p2     |     +    |      0|  0|  16|          32|          31|
    |tmp223_fu_3351_p2     |     +    |      0|  0|  16|          32|          32|
    |tmp226_fu_3363_p2     |     +    |      0|  0|  16|          32|          31|
    |tmp227_fu_3369_p2     |     +    |      0|  0|  16|          32|          32|
    |tmp230_fu_3381_p2     |     +    |      0|  0|  16|          32|          31|
    |tmp231_fu_3387_p2     |     +    |      0|  0|  16|          32|          32|
    |tmp234_fu_3399_p2     |     +    |      0|  0|  16|          32|          31|
    |tmp235_fu_3405_p2     |     +    |      0|  0|  16|          32|          32|
    |tmp238_fu_3417_p2     |     +    |      0|  0|  16|          32|          31|
    |tmp239_fu_3423_p2     |     +    |      0|  0|  16|          32|          32|
    |tmp242_fu_3435_p2     |     +    |      0|  0|  16|          32|          31|
    |tmp243_fu_3441_p2     |     +    |      0|  0|  16|          32|          32|
    |tmp246_fu_3453_p2     |     +    |      0|  0|  16|          32|          31|
    |tmp247_fu_3459_p2     |     +    |      0|  0|  16|          32|          32|
    |tmp250_fu_3471_p2     |     +    |      0|  0|  16|          32|          31|
    |tmp251_fu_3477_p2     |     +    |      0|  0|  16|          32|          32|
    |tmp281_fu_3489_p2     |     +    |      0|  0|  16|          32|          32|
    |tmp282_fu_3495_p2     |     +    |      0|  0|  16|          32|          32|
    |tmp284_fu_3507_p2     |     +    |      0|  0|  16|          32|          32|
    |tmp285_fu_3513_p2     |     +    |      0|  0|  16|          32|          32|
    |tmp287_fu_3525_p2     |     +    |      0|  0|  16|          32|          32|
    |tmp288_fu_3531_p2     |     +    |      0|  0|  16|          32|          32|
    |tmp290_fu_3543_p2     |     +    |      0|  0|  16|          32|          32|
    |tmp291_fu_3549_p2     |     +    |      0|  0|  16|          32|          32|
    |tmp293_fu_3561_p2     |     +    |      0|  0|  16|          32|          32|
    |tmp294_fu_3567_p2     |     +    |      0|  0|  16|          32|          32|
    |tmp296_fu_3579_p2     |     +    |      0|  0|  16|          32|          32|
    |tmp297_fu_3585_p2     |     +    |      0|  0|  16|          32|          32|
    |tmp299_fu_3597_p2     |     +    |      0|  0|  16|          32|          32|
    |tmp300_fu_3603_p2     |     +    |      0|  0|  16|          32|          32|
    |tmp302_fu_3615_p2     |     +    |      0|  0|  16|          32|          32|
    |tmp303_fu_3621_p2     |     +    |      0|  0|  16|          32|          32|
    |tmp305_fu_3633_p2     |     +    |      0|  0|  16|          32|          32|
    |tmp306_fu_3639_p2     |     +    |      0|  0|  16|          32|          32|
    |tmp308_fu_3651_p2     |     +    |      0|  0|  16|          32|          32|
    |tmp309_fu_3657_p2     |     +    |      0|  0|  16|          32|          32|
    |tmp311_fu_3669_p2     |     +    |      0|  0|  16|          32|          32|
    |tmp312_fu_3675_p2     |     +    |      0|  0|  16|          32|          32|
    |tmp314_fu_3687_p2     |     +    |      0|  0|  16|          32|          32|
    |tmp315_fu_3693_p2     |     +    |      0|  0|  16|          32|          32|
    |tmp330_fu_3705_p2     |     +    |      0|  0|  16|          32|          31|
    |tmp331_fu_3711_p2     |     +    |      0|  0|  16|          32|          32|
    |tmp334_fu_3723_p2     |     +    |      0|  0|  16|          32|          31|
    |tmp335_fu_3729_p2     |     +    |      0|  0|  16|          32|          32|
    |tmp338_fu_3741_p2     |     +    |      0|  0|  16|          32|          31|
    |tmp339_fu_3747_p2     |     +    |      0|  0|  16|          32|          32|
    |tmp342_fu_3759_p2     |     +    |      0|  0|  16|          32|          31|
    |tmp343_fu_3765_p2     |     +    |      0|  0|  16|          32|          32|
    |tmp347_fu_3777_p2     |     +    |      0|  0|  16|          32|          32|
    |tmp351_fu_3789_p2     |     +    |      0|  0|  16|          32|          32|
    |tmp359_fu_3801_p2     |     +    |      0|  0|  16|          32|          32|
    |tmp363_fu_3819_p2     |     +    |      0|  0|  16|          32|          32|
    |tmp367_fu_3843_p2     |     +    |      0|  0|  16|          32|          32|
    |tmp370_fu_3867_p2     |     +    |      0|  0|  16|          32|          31|
    |tmp371_fu_3873_p2     |     +    |      0|  0|  16|          32|          32|
    |tmp379_fu_3909_p2     |     +    |      0|  0|  16|          32|          32|
    |tmp383_fu_3926_p2     |     +    |      0|  0|  16|          32|          32|
    |tmp387_fu_3937_p2     |     +    |      0|  0|  16|          32|          32|
    |tmp391_fu_3948_p2     |     +    |      0|  0|  16|          32|          32|
    |tmp395_fu_3959_p2     |     +    |      0|  0|  16|          32|          32|
    |tmp397_fu_3970_p2     |     +    |      0|  0|  16|          32|          32|
    |tmp401_fu_3981_p2     |     +    |      0|  0|  16|          32|          32|
    |tmp405_fu_3992_p2     |     +    |      0|  0|  16|          32|          32|
    |tmp_16_fu_4003_p2     |     +    |      0|  0|  32|          32|          32|
    |tmp_17_fu_4008_p2     |     +    |      0|  0|  32|          32|          32|
    |tmp_18_fu_4014_p2     |     +    |      0|  0|  32|          32|          32|
    |tmp_19_fu_4020_p2     |     +    |      0|  0|  32|          32|          32|
    |tmp_20_fu_4026_p2     |     +    |      0|  0|  32|          32|          32|
    |grp_fu_1662_p2        |    and   |      0|  0|  44|          32|          32|
    |grp_fu_1674_p2        |    and   |      0|  0|  44|          32|          32|
    |grp_fu_2192_p2        |    and   |      0|  0|  44|          32|          32|
    |grp_fu_2198_p2        |    and   |      0|  0|  44|          32|          32|
    |tmp_3_fu_2486_p2      |    and   |      0|  0|  44|          32|          32|
    |tmp_5_fu_2498_p2      |    and   |      0|  0|  44|          32|          32|
    |grp_fu_1680_p2        |    or    |      0|  0|  44|          32|          32|
    |grp_fu_2186_p2        |    or    |      0|  0|  44|          32|          32|
    |grp_fu_2204_p2        |    or    |      0|  0|  44|          32|          32|
    |tmp_6_fu_2504_p2      |    or    |      0|  0|  44|          32|          32|
    |grp_fu_1668_p2        |    xor   |      0|  0|  44|          32|           2|
    |grp_fu_1692_p2        |    xor   |      0|  0|  44|          32|          32|
    |grp_fu_1698_p2        |    xor   |      0|  0|  44|          32|          32|
    |grp_fu_1728_p2        |    xor   |      0|  0|  44|          32|          32|
    |grp_fu_1752_p2        |    xor   |      0|  0|  44|          32|          32|
    |grp_fu_1776_p2        |    xor   |      0|  0|  44|          32|          32|
    |grp_fu_1800_p2        |    xor   |      0|  0|  44|          32|          32|
    |grp_fu_1806_p2        |    xor   |      0|  0|  44|          32|          32|
    |grp_fu_1812_p2        |    xor   |      0|  0|  44|          32|          32|
    |grp_fu_1818_p2        |    xor   |      0|  0|  44|          32|          32|
    |grp_fu_1824_p2        |    xor   |      0|  0|  44|          32|          32|
    |grp_fu_1830_p2        |    xor   |      0|  0|  44|          32|          32|
    |grp_fu_1836_p2        |    xor   |      0|  0|  44|          32|          32|
    |grp_fu_1863_p2        |    xor   |      0|  0|  44|          32|          32|
    |grp_fu_1869_p2        |    xor   |      0|  0|  44|          32|          32|
    |grp_fu_1896_p2        |    xor   |      0|  0|  44|          32|          32|
    |grp_fu_1902_p2        |    xor   |      0|  0|  44|          32|          32|
    |grp_fu_1929_p2        |    xor   |      0|  0|  44|          32|          32|
    |grp_fu_1935_p2        |    xor   |      0|  0|  44|          32|          32|
    |grp_fu_1962_p2        |    xor   |      0|  0|  44|          32|          32|
    |grp_fu_1968_p2        |    xor   |      0|  0|  44|          32|          32|
    |grp_fu_1995_p2        |    xor   |      0|  0|  44|          32|          32|
    |grp_fu_2001_p2        |    xor   |      0|  0|  44|          32|          32|
    |grp_fu_2028_p2        |    xor   |      0|  0|  44|          32|          32|
    |grp_fu_2034_p2        |    xor   |      0|  0|  44|          32|          32|
    |grp_fu_2061_p2        |    xor   |      0|  0|  44|          32|          32|
    |grp_fu_2067_p2        |    xor   |      0|  0|  44|          32|          32|
    |grp_fu_2094_p2        |    xor   |      0|  0|  44|          32|          32|
    |grp_fu_2120_p2        |    xor   |      0|  0|  44|          32|          32|
    |grp_fu_2146_p2        |    xor   |      0|  0|  44|          32|          32|
    |grp_fu_2166_p2        |    xor   |      0|  0|  44|          32|          32|
    |grp_fu_2228_p2        |    xor   |      0|  0|  44|          32|          32|
    |grp_fu_2266_p2        |    xor   |      0|  0|  44|          32|          32|
    |grp_fu_2304_p2        |    xor   |      0|  0|  44|          32|          32|
    |grp_fu_2342_p2        |    xor   |      0|  0|  44|          32|          32|
    |grp_fu_2398_p2        |    xor   |      0|  0|  44|          32|          32|
    |tmp10_fu_3099_p2      |    xor   |      0|  0|  44|          32|          32|
    |tmp118_fu_3831_p2     |    xor   |      0|  0|  44|          32|          32|
    |tmp11_fu_3104_p2      |    xor   |      0|  0|  44|          32|          32|
    |tmp120_fu_3855_p2     |    xor   |      0|  0|  44|          32|          32|
    |tmp122_fu_3885_p2     |    xor   |      0|  0|  44|          32|          32|
    |tmp124_fu_3897_p2     |    xor   |      0|  0|  44|          32|          32|
    |tmp12_fu_3133_p2      |    xor   |      0|  0|  44|          32|          32|
    |tmp13_fu_3138_p2      |    xor   |      0|  0|  44|          32|          32|
    |tmp14_fu_3167_p2      |    xor   |      0|  0|  44|          32|          32|
    |tmp15_fu_3172_p2      |    xor   |      0|  0|  44|          32|          32|
    |tmp17_fu_3183_p2      |    xor   |      0|  0|  44|          32|          32|
    |tmp19_fu_3194_p2      |    xor   |      0|  0|  44|          32|          32|
    |tmp1_fu_2911_p2       |    xor   |      0|  0|  44|          32|          32|
    |tmp21_fu_3205_p2      |    xor   |      0|  0|  44|          32|          32|
    |tmp23_fu_3216_p2      |    xor   |      0|  0|  44|          32|          32|
    |tmp25_fu_3245_p2      |    xor   |      0|  0|  44|          32|          32|
    |tmp27_fu_3274_p2      |    xor   |      0|  0|  44|          32|          32|
    |tmp29_fu_3303_p2      |    xor   |      0|  0|  44|          32|          32|
    |tmp2_fu_2952_p2       |    xor   |      0|  0|  44|          32|          32|
    |tmp31_fu_3333_p2      |    xor   |      0|  0|  44|          32|          32|
    |tmp3_fu_2957_p2       |    xor   |      0|  0|  44|          32|          32|
    |tmp4_fu_2998_p2       |    xor   |      0|  0|  44|          32|          32|
    |tmp5_fu_3003_p2       |    xor   |      0|  0|  44|          32|          32|
    |tmp6_fu_3031_p2       |    xor   |      0|  0|  44|          32|          32|
    |tmp7_fu_3036_p2       |    xor   |      0|  0|  44|          32|          32|
    |tmp8_fu_3065_p2       |    xor   |      0|  0|  44|          32|          32|
    |tmp9_fu_3070_p2       |    xor   |      0|  0|  44|          32|          32|
    |tmp_1_fu_2915_p2      |    xor   |      0|  0|  44|          32|          32|
    |tmp_30_10_fu_3220_p2  |    xor   |      0|  0|  44|          32|          32|
    |tmp_30_11_fu_3249_p2  |    xor   |      0|  0|  44|          32|          32|
    |tmp_30_12_fu_3278_p2  |    xor   |      0|  0|  44|          32|          32|
    |tmp_30_13_fu_3308_p2  |    xor   |      0|  0|  44|          32|          32|
    |tmp_30_14_fu_3338_p2  |    xor   |      0|  0|  44|          32|          32|
    |tmp_30_15_fu_1842_p2  |    xor   |      0|  0|  44|          32|          32|
    |tmp_30_16_fu_1875_p2  |    xor   |      0|  0|  44|          32|          32|
    |tmp_30_17_fu_1908_p2  |    xor   |      0|  0|  44|          32|          32|
    |tmp_30_18_fu_1941_p2  |    xor   |      0|  0|  44|          32|          32|
    |tmp_30_19_fu_1974_p2  |    xor   |      0|  0|  44|          32|          32|
    |tmp_30_1_fu_2961_p2   |    xor   |      0|  0|  44|          32|          32|
    |tmp_30_20_fu_2007_p2  |    xor   |      0|  0|  44|          32|          32|
    |tmp_30_21_fu_2040_p2  |    xor   |      0|  0|  44|          32|          32|
    |tmp_30_22_fu_2073_p2  |    xor   |      0|  0|  44|          32|          32|
    |tmp_30_23_fu_2100_p2  |    xor   |      0|  0|  44|          32|          32|
    |tmp_30_24_fu_2126_p2  |    xor   |      0|  0|  44|          32|          32|
    |tmp_30_25_fu_2152_p2  |    xor   |      0|  0|  44|          32|          32|
    |tmp_30_26_fu_2172_p2  |    xor   |      0|  0|  44|          32|          32|
    |tmp_30_27_fu_2234_p2  |    xor   |      0|  0|  44|          32|          32|
    |tmp_30_28_fu_2272_p2  |    xor   |      0|  0|  44|          32|          32|
    |tmp_30_29_fu_2310_p2  |    xor   |      0|  0|  44|          32|          32|
    |tmp_30_2_fu_3007_p2   |    xor   |      0|  0|  44|          32|          32|
    |tmp_30_30_fu_2348_p2  |    xor   |      0|  0|  44|          32|          32|
    |tmp_30_31_fu_1849_p2  |    xor   |      0|  0|  44|          32|          32|
    |tmp_30_32_fu_1882_p2  |    xor   |      0|  0|  44|          32|          32|
    |tmp_30_33_fu_1915_p2  |    xor   |      0|  0|  44|          32|          32|
    |tmp_30_34_fu_1948_p2  |    xor   |      0|  0|  44|          32|          32|
    |tmp_30_35_fu_1981_p2  |    xor   |      0|  0|  44|          32|          32|
    |tmp_30_36_fu_2014_p2  |    xor   |      0|  0|  44|          32|          32|
    |tmp_30_37_fu_2047_p2  |    xor   |      0|  0|  44|          32|          32|
    |tmp_30_38_fu_2080_p2  |    xor   |      0|  0|  44|          32|          32|
    |tmp_30_39_fu_2107_p2  |    xor   |      0|  0|  44|          32|          32|
    |tmp_30_3_fu_3040_p2   |    xor   |      0|  0|  44|          32|          32|
    |tmp_30_40_fu_2133_p2  |    xor   |      0|  0|  44|          32|          32|
    |tmp_30_41_fu_2159_p2  |    xor   |      0|  0|  44|          32|          32|
    |tmp_30_42_fu_2179_p2  |    xor   |      0|  0|  44|          32|          32|
    |tmp_30_43_fu_2241_p2  |    xor   |      0|  0|  44|          32|          32|
    |tmp_30_44_fu_2279_p2  |    xor   |      0|  0|  44|          32|          32|
    |tmp_30_45_fu_2317_p2  |    xor   |      0|  0|  44|          32|          32|
    |tmp_30_46_fu_2355_p2  |    xor   |      0|  0|  44|          32|          32|
    |tmp_30_47_fu_1856_p2  |    xor   |      0|  0|  44|          32|          32|
    |tmp_30_48_fu_1889_p2  |    xor   |      0|  0|  44|          32|          32|
    |tmp_30_49_fu_1922_p2  |    xor   |      0|  0|  44|          32|          32|
    |tmp_30_4_fu_3074_p2   |    xor   |      0|  0|  44|          32|          32|
    |tmp_30_50_fu_1955_p2  |    xor   |      0|  0|  44|          32|          32|
    |tmp_30_51_fu_1988_p2  |    xor   |      0|  0|  44|          32|          32|
    |tmp_30_52_fu_2021_p2  |    xor   |      0|  0|  44|          32|          32|
    |tmp_30_53_fu_2054_p2  |    xor   |      0|  0|  44|          32|          32|
    |tmp_30_54_fu_2087_p2  |    xor   |      0|  0|  44|          32|          32|
    |tmp_30_55_fu_2114_p2  |    xor   |      0|  0|  44|          32|          32|
    |tmp_30_56_fu_2140_p2  |    xor   |      0|  0|  44|          32|          32|
    |tmp_30_57_fu_3813_p2  |    xor   |      0|  0|  44|          32|          32|
    |tmp_30_58_fu_3837_p2  |    xor   |      0|  0|  44|          32|          32|
    |tmp_30_59_fu_3861_p2  |    xor   |      0|  0|  44|          32|          32|
    |tmp_30_5_fu_3108_p2   |    xor   |      0|  0|  44|          32|          32|
    |tmp_30_60_fu_3891_p2  |    xor   |      0|  0|  44|          32|          32|
    |tmp_30_61_fu_3903_p2  |    xor   |      0|  0|  44|          32|          32|
    |tmp_30_62_fu_3920_p2  |    xor   |      0|  0|  44|          32|          32|
    |tmp_30_6_fu_3142_p2   |    xor   |      0|  0|  44|          32|          32|
    |tmp_30_7_fu_3176_p2   |    xor   |      0|  0|  44|          32|          32|
    |tmp_30_8_fu_3187_p2   |    xor   |      0|  0|  44|          32|          32|
    |tmp_30_9_fu_3198_p2   |    xor   |      0|  0|  44|          32|          32|
    |tmp_30_s_fu_3209_p2   |    xor   |      0|  0|  44|          32|          32|
    |tmp_4_fu_2492_p2      |    xor   |      0|  0|  44|          32|           2|
    |tmp_fu_2906_p2        |    xor   |      0|  0|  44|          32|          32|
    +----------------------+----------+-------+---+----+------------+------------+
    |Total                 |          |      0|  0|9652|       11360|       11252|
    +----------------------+----------+-------+---+----+------------+------------+

    * Multiplexer: 
    +------------------------------------------------------------+-----+-----------+-----+-----------+
    |                            Name                            | LUT | Input Size| Bits| Total Bits|
    +------------------------------------------------------------+-----+-----------+-----+-----------+
    |W_address0                                                  |  189|         84|    7|        588|
    |W_d0                                                        |  192|         21|   32|        672|
    |ap_NS_fsm                                                   |  424|        167|    1|        167|
    |context_Intermediate_Hash_address0                          |    6|          9|    3|         27|
    |context_Intermediate_Hash_address1                          |    6|          8|    3|         24|
    |context_Intermediate_Hash_d0                                |   32|          4|   32|        128|
    |context_Intermediate_Hash_d1                                |   32|          3|   32|         96|
    |context_Message_Block_address0                              |   60|         33|    6|        198|
    |context_Message_Block_address1                              |   60|         33|    6|        198|
    |grp_SHA1ProcessMessageBlock_SHA1CircularShift_fu_1506_bits  |    6|          3|    6|         18|
    |grp_SHA1ProcessMessageBlock_SHA1CircularShift_fu_1506_word  |  672|         67|   32|       2144|
    |grp_SHA1ProcessMessageBlock_Swapping_fu_1497_A              |  736|         72|   32|       2304|
    |grp_SHA1ProcessMessageBlock_Swapping_fu_1497_B              |   32|          3|   32|         96|
    |grp_SHA1ProcessMessageBlock_Swapping_fu_1497_B_r            |   32|          3|   32|         96|
    |grp_SHA1ProcessMessageBlock_Swapping_fu_1497_D              |   32|          3|   32|         96|
    |grp_SHA1ProcessMessageBlock_Swapping_fu_1497_E              |   32|          3|   32|         96|
    +------------------------------------------------------------+-----+-----------+-----+-----------+
    |Total                                                       | 2543|        516|  320|       6948|
    +------------------------------------------------------------+-----+-----------+-----+-----------+

    * Register: 
    +-----------------------------------------+-----+----+-----+-----------+
    |                   Name                  |  FF | LUT| Bits| Const Bits|
    +-----------------------------------------+-----+----+-----+-----------+
    |W_addr_10_loc_assign_3_reg_4407          |   32|   0|   32|          0|
    |W_addr_11_loc_assign_3_reg_4440          |   32|   0|   32|          0|
    |W_addr_12_loc_assign_3_reg_4473          |   32|   0|   32|          0|
    |W_addr_13_loc_assign_3_reg_4506          |   32|   0|   32|          0|
    |W_addr_14_loc_assign_4_reg_4539          |   32|   0|   32|          0|
    |W_addr_157_loc_assign_1_reg_4118         |   32|   0|   32|          0|
    |W_addr_15_loc_assign_4_reg_4572          |   32|   0|   32|          0|
    |W_addr_262_loc_assign_1_reg_4149         |   32|   0|   32|          0|
    |W_addr_367_loc_assign_2_reg_4181         |   32|   0|   32|          0|
    |W_addr_470_loc_assign_2_reg_4213         |   32|   0|   32|          0|
    |W_addr_573_loc_assign_2_reg_4245         |   32|   0|   32|          0|
    |W_addr_676_loc_assign_2_reg_4277         |   32|   0|   32|          0|
    |W_addr_779_loc_assign_2_reg_4309         |   32|   0|   32|          0|
    |W_addr_882_loc_assign_2_reg_4341         |   32|   0|   32|          0|
    |W_addr_985_loc_assign_3_reg_4374         |   32|   0|   32|          0|
    |W_load_1_reg_4880                        |   32|   0|   32|          0|
    |W_load_2_reg_4890                        |   32|   0|   32|          0|
    |W_load_reg_4860                          |   32|   0|   32|          0|
    |ap_CS_fsm                                |  166|   0|  166|          0|
    |context_Intermediate_Hash_load_reg_4113  |   32|   0|   32|          0|
    |reg_1542                                 |    8|   0|    8|          0|
    |reg_1546                                 |    8|   0|    8|          0|
    |reg_1550                                 |   32|   0|   32|          0|
    |reg_1555                                 |   32|   0|   32|          0|
    |reg_1560                                 |   32|   0|   32|          0|
    |reg_1565                                 |   32|   0|   32|          0|
    |reg_1570                                 |   32|   0|   32|          0|
    |reg_1575                                 |   32|   0|   32|          0|
    |reg_1579                                 |   32|   0|   32|          0|
    |reg_1585                                 |   32|   0|   32|          0|
    |reg_1590                                 |   32|   0|   32|          0|
    |reg_1595                                 |   32|   0|   32|          0|
    |reg_1600                                 |   32|   0|   32|          0|
    |reg_1605                                 |   32|   0|   32|          0|
    |reg_1610                                 |   32|   0|   32|          0|
    |reg_1614                                 |   32|   0|   32|          0|
    |reg_1618                                 |   32|   0|   32|          0|
    |reg_1622                                 |   32|   0|   32|          0|
    |reg_1626                                 |   32|   0|   32|          0|
    |reg_1630                                 |   32|   0|   32|          0|
    |reg_1634                                 |   32|   0|   32|          0|
    |reg_1638                                 |   32|   0|   32|          0|
    |reg_1642                                 |   32|   0|   32|          0|
    |reg_1646                                 |   32|   0|   32|          0|
    |reg_1650                                 |   32|   0|   32|          0|
    |reg_1654                                 |   32|   0|   32|          0|
    |reg_1658                                 |   32|   0|   32|          0|
    |reg_2428                                 |   32|   0|   32|          0|
    |reg_2433                                 |   32|   0|   32|          0|
    |reg_2438                                 |   32|   0|   32|          0|
    |reg_2443                                 |   32|   0|   32|          0|
    |reg_2448                                 |   32|   0|   32|          0|
    |reg_2453                                 |   32|   0|   32|          0|
    |reg_2458                                 |   32|   0|   32|          0|
    |reg_2463                                 |   32|   0|   32|          0|
    |reg_2468                                 |   32|   0|   32|          0|
    |temp_1_10_reg_4468                       |   32|   0|   32|          0|
    |temp_1_11_reg_4501                       |   32|   0|   32|          0|
    |temp_1_12_reg_4534                       |   32|   0|   32|          0|
    |temp_1_13_reg_4567                       |   32|   0|   32|          0|
    |temp_1_14_reg_4580                       |   32|   0|   32|          0|
    |temp_1_15_reg_4585                       |   32|   0|   32|          0|
    |temp_1_16_reg_4590                       |   32|   0|   32|          0|
    |temp_1_17_reg_4595                       |   32|   0|   32|          0|
    |temp_1_18_reg_4600                       |   32|   0|   32|          0|
    |temp_1_1_reg_4144                        |   32|   0|   32|          0|
    |temp_1_2_reg_4176                        |   32|   0|   32|          0|
    |temp_1_3_reg_4208                        |   32|   0|   32|          0|
    |temp_1_4_reg_4240                        |   32|   0|   32|          0|
    |temp_1_5_reg_4272                        |   32|   0|   32|          0|
    |temp_1_6_reg_4304                        |   32|   0|   32|          0|
    |temp_1_7_reg_4336                        |   32|   0|   32|          0|
    |temp_1_8_reg_4369                        |   32|   0|   32|          0|
    |temp_1_9_reg_4402                        |   32|   0|   32|          0|
    |temp_1_reg_4108                          |   32|   0|   32|          0|
    |temp_1_s_reg_4435                        |   32|   0|   32|          0|
    |temp_2_10_reg_4640                       |   32|   0|   32|          0|
    |temp_2_11_reg_4645                       |   32|   0|   32|          0|
    |temp_2_12_reg_4650                       |   32|   0|   32|          0|
    |temp_2_13_reg_4655                       |   32|   0|   32|          0|
    |temp_2_14_reg_4660                       |   32|   0|   32|          0|
    |temp_2_4_reg_4605                        |   32|   0|   32|          0|
    |temp_2_5_reg_4610                        |   32|   0|   32|          0|
    |temp_2_6_reg_4615                        |   32|   0|   32|          0|
    |temp_2_7_reg_4620                        |   32|   0|   32|          0|
    |temp_2_8_reg_4625                        |   32|   0|   32|          0|
    |temp_2_9_reg_4630                        |   32|   0|   32|          0|
    |temp_2_s_reg_4635                        |   32|   0|   32|          0|
    |temp_3_10_reg_4700                       |   32|   0|   32|          0|
    |temp_3_11_reg_4705                       |   32|   0|   32|          0|
    |temp_3_12_reg_4710                       |   32|   0|   32|          0|
    |temp_3_13_reg_4715                       |   32|   0|   32|          0|
    |temp_3_14_reg_4720                       |   32|   0|   32|          0|
    |temp_3_4_reg_4665                        |   32|   0|   32|          0|
    |temp_3_5_reg_4670                        |   32|   0|   32|          0|
    |temp_3_6_reg_4675                        |   32|   0|   32|          0|
    |temp_3_7_reg_4680                        |   32|   0|   32|          0|
    |temp_3_8_reg_4685                        |   32|   0|   32|          0|
    |temp_3_9_reg_4690                        |   32|   0|   32|          0|
    |temp_3_s_reg_4695                        |   32|   0|   32|          0|
    |temp_4_11_reg_4815                       |   32|   0|   32|          0|
    |temp_4_12_reg_4830                       |   32|   0|   32|          0|
    |temp_4_13_reg_4845                       |   32|   0|   32|          0|
    |temp_4_14_reg_4865                       |   32|   0|   32|          0|
    |temp_4_15_reg_4885                       |   32|   0|   32|          0|
    |temp_4_16_reg_4895                       |   32|   0|   32|          0|
    |temp_4_17_reg_4900                       |   32|   0|   32|          0|
    |temp_4_18_reg_4905                       |   32|   0|   32|          0|
    |temp_4_1_reg_4730                        |   32|   0|   32|          0|
    |temp_4_2_reg_4735                        |   32|   0|   32|          0|
    |temp_4_3_reg_4740                        |   32|   0|   32|          0|
    |temp_4_4_reg_4745                        |   32|   0|   32|          0|
    |temp_4_5_reg_4750                        |   32|   0|   32|          0|
    |temp_4_7_reg_4755                        |   32|   0|   32|          0|
    |temp_4_8_reg_4770                        |   32|   0|   32|          0|
    |temp_4_9_reg_4785                        |   32|   0|   32|          0|
    |temp_4_reg_4725                          |   32|   0|   32|          0|
    |temp_4_s_reg_4795                        |   32|   0|   32|          0|
    |tmp379_reg_4810                          |   32|   0|   32|          0|
    |tmp383_reg_4825                          |   32|   0|   32|          0|
    |tmp387_reg_4840                          |   32|   0|   32|          0|
    |tmp391_reg_4855                          |   32|   0|   32|          0|
    |tmp395_reg_4875                          |   32|   0|   32|          0|
    |tmp_16_reg_4910                          |   32|   0|   32|          0|
    |tmp_17_reg_4915                          |   32|   0|   32|          0|
    |tmp_18_reg_4920                          |   32|   0|   32|          0|
    |tmp_19_reg_4925                          |   32|   0|   32|          0|
    |tmp_20_reg_4930                          |   32|   0|   32|          0|
    |tmp_30_55_reg_4760                       |   32|   0|   32|          0|
    |tmp_30_56_reg_4775                       |   32|   0|   32|          0|
    |tmp_30_57_reg_4765                       |   32|   0|   32|          0|
    |tmp_30_58_reg_4780                       |   32|   0|   32|          0|
    |tmp_30_59_reg_4790                       |   32|   0|   32|          0|
    |tmp_30_60_reg_4800                       |   32|   0|   32|          0|
    |tmp_30_61_reg_4805                       |   32|   0|   32|          0|
    |tmp_30_62_reg_4820                       |   32|   0|   32|          0|
    |tmp_s_reg_4076                           |   32|   0|   32|          0|
    +-----------------------------------------+-----+----+-----+-----------+
    |Total                                    | 4470|   0| 4470|          0|
    +-----------------------------------------+-----+----+-----+-----------+



================================================================
== Interface
================================================================
* Summary: 
+------------------------------------+-----+-----+------------+-----------------------------+--------------+
|              RTL Ports             | Dir | Bits|  Protocol  |        Source Object        |    C Type    |
+------------------------------------+-----+-----+------------+-----------------------------+--------------+
|ap_clk                              |  in |    1| ap_ctrl_hs |   SHA1ProcessMessageBlock   | return value |
|ap_rst                              |  in |    1| ap_ctrl_hs |   SHA1ProcessMessageBlock   | return value |
|ap_start                            |  in |    1| ap_ctrl_hs |   SHA1ProcessMessageBlock   | return value |
|ap_done                             | out |    1| ap_ctrl_hs |   SHA1ProcessMessageBlock   | return value |
|ap_idle                             | out |    1| ap_ctrl_hs |   SHA1ProcessMessageBlock   | return value |
|ap_ready                            | out |    1| ap_ctrl_hs |   SHA1ProcessMessageBlock   | return value |
|context_Intermediate_Hash_address0  | out |    3|  ap_memory |  context_Intermediate_Hash  |     array    |
|context_Intermediate_Hash_ce0       | out |    1|  ap_memory |  context_Intermediate_Hash  |     array    |
|context_Intermediate_Hash_we0       | out |    1|  ap_memory |  context_Intermediate_Hash  |     array    |
|context_Intermediate_Hash_d0        | out |   32|  ap_memory |  context_Intermediate_Hash  |     array    |
|context_Intermediate_Hash_q0        |  in |   32|  ap_memory |  context_Intermediate_Hash  |     array    |
|context_Intermediate_Hash_address1  | out |    3|  ap_memory |  context_Intermediate_Hash  |     array    |
|context_Intermediate_Hash_ce1       | out |    1|  ap_memory |  context_Intermediate_Hash  |     array    |
|context_Intermediate_Hash_we1       | out |    1|  ap_memory |  context_Intermediate_Hash  |     array    |
|context_Intermediate_Hash_d1        | out |   32|  ap_memory |  context_Intermediate_Hash  |     array    |
|context_Intermediate_Hash_q1        |  in |   32|  ap_memory |  context_Intermediate_Hash  |     array    |
|context_Message_Block_Index         | out |   16|   ap_vld   | context_Message_Block_Index |    pointer   |
|context_Message_Block_Index_ap_vld  | out |    1|   ap_vld   | context_Message_Block_Index |    pointer   |
|context_Message_Block_address0      | out |    6|  ap_memory |    context_Message_Block    |     array    |
|context_Message_Block_ce0           | out |    1|  ap_memory |    context_Message_Block    |     array    |
|context_Message_Block_q0            |  in |    8|  ap_memory |    context_Message_Block    |     array    |
|context_Message_Block_address1      | out |    6|  ap_memory |    context_Message_Block    |     array    |
|context_Message_Block_ce1           | out |    1|  ap_memory |    context_Message_Block    |     array    |
|context_Message_Block_q1            |  in |    8|  ap_memory |    context_Message_Block    |     array    |
+------------------------------------+-----+-----+------------+-----------------------------+--------------+

