

================================================================
== Vivado HLS Report for 'SHA1ProcessMessageBlock_SHA1CircularShift'
================================================================
* Date:           Tue Sep 13 01:56:37 2016

* Version:        2016.1 (Build 1538259 on Fri Apr 08 16:12:49 MDT 2016)
* Project:        sha1_hls
* Solution:       old_solution7
* Product family: zynq
* Target device:  xc7z020clg484-1


================================================================
== Performance Estimates
================================================================
+ Timing (ns): 
    * Summary: 
    +--------+-------+----------+------------+
    |  Clock | Target| Estimated| Uncertainty|
    +--------+-------+----------+------------+
    |ap_clk  |  10.00|      7.03|        1.25|
    +--------+-------+----------+------------+

+ Latency (clock cycles): 
    * Summary: 
    +-----+-----+-----+-----+---------+
    |  Latency  |  Interval | Pipeline|
    | min | max | min | max |   Type  |
    +-----+-----+-----+-----+---------+
    |    0|    0|    0|    0|   none  |
    +-----+-----+-----+-----+---------+

    + Detail: 
        * Instance: 
        N/A

        * Loop: 
        N/A

============================================================
+ Verbose Summary: Synthesis Manager
============================================================
InlineROM: 1
ExposeGlobal: 0
============================================================
+ Verbose Summary: CDFG Model
============================================================
IsTopModel: 0
ResetActiveHigh: 1
IsCombinational: 0
IsDatapathOnly: 0
HasWiredReturn: 1
HasMFsm: 0
HasVarLatency: 0
IsPipeline: 0
IsRtlPipelined: 0
IsInstanceOverlapped: 0
IsDontTouch: 0
HasImplIP: 0
IsGatedGlobalClock: 0


============================================================
+ Verbose Summary: Schedule
============================================================
* Number of FSM states: 1
* Pipeline: 0
* Dataflow Pipeline: 0

* FSM state transitions: 
1 --> 
* FSM state operations: 

 <State 1>: 7.03ns
ST_1: word_read [1/1] 2.51ns
:0  %word_read = call i32 @_ssdm_op_Read.ap_auto.i32(i32 %word)

ST_1: bits_read [1/1] 2.51ns
:1  %bits_read = call i5 @_ssdm_op_Read.ap_auto.i5(i5 %bits)

ST_1: tmp [1/1] 0.00ns (grouped into LUT with out node tmp_65)
:2  %tmp = zext i5 %bits_read to i32

ST_1: tmp_cast [1/1] 0.00ns
:3  %tmp_cast = zext i5 %bits_read to i6

ST_1: tmp_s [1/1] 0.00ns (grouped into LUT with out node tmp_65)
:4  %tmp_s = shl i32 %word_read, %tmp

ST_1: tmp_63 [1/1] 1.72ns
:5  %tmp_63 = sub i6 -32, %tmp_cast

ST_1: tmp_63_cast [1/1] 0.00ns (grouped into LUT with out node tmp_65)
:6  %tmp_63_cast = zext i6 %tmp_63 to i32

ST_1: tmp_64 [1/1] 0.00ns (grouped into LUT with out node tmp_65)
:7  %tmp_64 = lshr i32 %word_read, %tmp_63_cast

ST_1: tmp_65 [1/1] 2.80ns (out node of the LUT)
:8  %tmp_65 = or i32 %tmp_64, %tmp_s

ST_1: stg_11 [1/1] 0.00ns
:9  ret i32 %tmp_65



============================================================
+ Verbose Summary: Timing violations
============================================================
Target clock period: 10ns, clock uncertainty: 1.25ns.

 No timing violations. 


============================================================
+ Verbose Summary: Binding
============================================================
N/A
* FSMD analyzer results:
  - Output states:
 - Input state : 
  - Chain level:
	State 1


============================================================
+ Verbose Summary: Datapath Resource usage 
============================================================
N/A
