==============================================================
File generated by Vivado(TM) HLS - High-Level Synthesis from C, C++ and SystemC
Version: 2016.1
Copyright (C) 1986-2016 Xilinx, Inc. All Rights Reserved.

==============================================================

@I [SYN-201] Setting up clock 'default' with a period of 10ns.
@I [HLS-10] Setting target device to 'xc7z020clg484-1'
@I [HLS-10] Analyzing design file 'sha1/sha1.c' ... 
@I [HLS-10] Validating synthesis directives ...
@I [HLS-10] Starting code transformations ...
@I [HLS-10] Checking synthesizability ...
@I [XFORM-602] Inlining function 'SHA1CircularShift' into 'Swapping' (sha1/sha1.c:10) automatically.
@I [XFORM-501] Unrolling loop 'loop1' (sha1/sha1.c:54) in function 'SHA1ProcessMessageBlock' completely.
@I [XFORM-501] Unrolling loop 'loop2' (sha1/sha1.c:61) in function 'SHA1ProcessMessageBlock' completely.
@I [XFORM-501] Unrolling loop 'loop3' (sha1/sha1.c:72) in function 'SHA1ProcessMessageBlock' completely.
@I [XFORM-501] Unrolling loop 'loop4' (sha1/sha1.c:78) in function 'SHA1ProcessMessageBlock' completely.
@I [XFORM-501] Unrolling loop 'loop5' (sha1/sha1.c:84) in function 'SHA1ProcessMessageBlock' completely.
@I [XFORM-501] Unrolling loop 'loop6' (sha1/sha1.c:90) in function 'SHA1ProcessMessageBlock' completely.
@I [XFORM-602] Inlining function 'SHA1CircularShift' into 'Swapping69' (sha1/sha1.c:10) automatically.
@I [XFORM-602] Inlining function 'SHA1CircularShift' into 'Swapping71' (sha1/sha1.c:10) automatically.
@I [XFORM-602] Inlining function 'SHA1CircularShift' into 'Swapping73' (sha1/sha1.c:10) automatically.
@I [XFORM-602] Inlining function 'SHA1CircularShift' into 'Swapping75' (sha1/sha1.c:10) automatically.
@I [XFORM-602] Inlining function 'SHA1CircularShift' into 'Swapping77' (sha1/sha1.c:10) automatically.
@I [XFORM-602] Inlining function 'SHA1CircularShift' into 'Swapping79' (sha1/sha1.c:10) automatically.
@I [XFORM-602] Inlining function 'SHA1CircularShift' into 'Swapping81' (sha1/sha1.c:10) automatically.
@I [XFORM-602] Inlining function 'SHA1CircularShift' into 'Swapping83' (sha1/sha1.c:10) automatically.
@I [XFORM-602] Inlining function 'SHA1CircularShift' into 'Swapping85' (sha1/sha1.c:10) automatically.
@I [XFORM-602] Inlining function 'SHA1CircularShift' into 'Swapping87' (sha1/sha1.c:10) automatically.
@I [XFORM-602] Inlining function 'SHA1CircularShift' into 'Swapping89' (sha1/sha1.c:10) automatically.
@I [XFORM-602] Inlining function 'SHA1CircularShift' into 'Swapping91' (sha1/sha1.c:10) automatically.
@I [XFORM-602] Inlining function 'SHA1CircularShift' into 'Swapping93' (sha1/sha1.c:10) automatically.
@I [XFORM-602] Inlining function 'SHA1CircularShift' into 'Swapping95' (sha1/sha1.c:10) automatically.
@I [XFORM-602] Inlining function 'SHA1CircularShift' into 'Swapping97' (sha1/sha1.c:10) automatically.
@I [XFORM-602] Inlining function 'SHA1CircularShift' into 'Swapping99' (sha1/sha1.c:10) automatically.
@I [XFORM-602] Inlining function 'SHA1CircularShift' into 'Swapping101' (sha1/sha1.c:10) automatically.
@I [XFORM-602] Inlining function 'SHA1CircularShift' into 'Swapping103' (sha1/sha1.c:10) automatically.
@I [XFORM-602] Inlining function 'SHA1CircularShift' into 'Swapping105' (sha1/sha1.c:10) automatically.
@I [XFORM-602] Inlining function 'SHA1CircularShift' into 'Swapping107' (sha1/sha1.c:10) automatically.
@I [XFORM-602] Inlining function 'SHA1CircularShift' into 'Swapping109' (sha1/sha1.c:10) automatically.
@I [XFORM-602] Inlining function 'SHA1CircularShift' into 'Swapping111' (sha1/sha1.c:10) automatically.
@I [XFORM-602] Inlining function 'SHA1CircularShift' into 'Swapping113' (sha1/sha1.c:10) automatically.
@I [XFORM-602] Inlining function 'SHA1CircularShift' into 'Swapping115' (sha1/sha1.c:10) automatically.
@I [XFORM-602] Inlining function 'SHA1CircularShift' into 'Swapping117' (sha1/sha1.c:10) automatically.
@I [XFORM-602] Inlining function 'SHA1CircularShift' into 'Swapping119' (sha1/sha1.c:10) automatically.
@I [XFORM-602] Inlining function 'SHA1CircularShift' into 'Swapping121' (sha1/sha1.c:10) automatically.
@I [XFORM-602] Inlining function 'SHA1CircularShift' into 'Swapping123' (sha1/sha1.c:10) automatically.
@I [XFORM-602] Inlining function 'SHA1CircularShift' into 'Swapping125' (sha1/sha1.c:10) automatically.
@I [XFORM-602] Inlining function 'SHA1CircularShift' into 'Swapping127' (sha1/sha1.c:10) automatically.
@I [XFORM-602] Inlining function 'SHA1CircularShift' into 'Swapping129' (sha1/sha1.c:10) automatically.
@I [XFORM-602] Inlining function 'SHA1CircularShift' into 'Swapping131' (sha1/sha1.c:10) automatically.
@I [XFORM-602] Inlining function 'SHA1CircularShift' into 'Swapping133' (sha1/sha1.c:10) automatically.
@I [XFORM-602] Inlining function 'SHA1CircularShift' into 'Swapping135' (sha1/sha1.c:10) automatically.
@I [XFORM-602] Inlining function 'SHA1CircularShift' into 'Swapping137' (sha1/sha1.c:10) automatically.
@I [XFORM-602] Inlining function 'SHA1CircularShift' into 'Swapping139' (sha1/sha1.c:10) automatically.
@I [XFORM-602] Inlining function 'SHA1CircularShift' into 'Swapping141' (sha1/sha1.c:10) automatically.
@I [XFORM-602] Inlining function 'SHA1CircularShift' into 'Swapping143' (sha1/sha1.c:10) automatically.
@I [XFORM-602] Inlining function 'SHA1CircularShift' into 'Swapping145' (sha1/sha1.c:10) automatically.
@I [XFORM-602] Inlining function 'SHA1CircularShift' into 'Swapping147' (sha1/sha1.c:10) automatically.
@I [XFORM-602] Inlining function 'SHA1CircularShift' into 'Swapping149' (sha1/sha1.c:10) automatically.
@I [XFORM-602] Inlining function 'SHA1CircularShift' into 'Swapping151' (sha1/sha1.c:10) automatically.
@I [XFORM-602] Inlining function 'SHA1CircularShift' into 'Swapping153' (sha1/sha1.c:10) automatically.
@I [XFORM-602] Inlining function 'SHA1CircularShift' into 'Swapping155' (sha1/sha1.c:10) automatically.
@I [XFORM-602] Inlining function 'SHA1CircularShift' into 'Swapping157' (sha1/sha1.c:10) automatically.
@I [XFORM-602] Inlining function 'SHA1CircularShift' into 'Swapping159' (sha1/sha1.c:10) automatically.
@I [XFORM-602] Inlining function 'SHA1CircularShift' into 'Swapping161' (sha1/sha1.c:10) automatically.
@I [XFORM-602] Inlining function 'SHA1CircularShift' into 'Swapping163' (sha1/sha1.c:10) automatically.
@I [XFORM-602] Inlining function 'SHA1CircularShift' into 'Swapping165' (sha1/sha1.c:10) automatically.
@I [XFORM-602] Inlining function 'SHA1CircularShift' into 'Swapping167' (sha1/sha1.c:10) automatically.
@I [XFORM-602] Inlining function 'SHA1CircularShift' into 'Swapping169' (sha1/sha1.c:10) automatically.
@I [XFORM-602] Inlining function 'SHA1CircularShift' into 'Swapping171' (sha1/sha1.c:10) automatically.
@I [XFORM-602] Inlining function 'SHA1CircularShift' into 'Swapping173' (sha1/sha1.c:10) automatically.
@I [XFORM-602] Inlining function 'SHA1CircularShift' into 'Swapping175' (sha1/sha1.c:10) automatically.
@I [XFORM-602] Inlining function 'SHA1CircularShift' into 'Swapping177' (sha1/sha1.c:10) automatically.
@I [XFORM-602] Inlining function 'SHA1CircularShift' into 'Swapping179' (sha1/sha1.c:10) automatically.
@I [XFORM-602] Inlining function 'SHA1CircularShift' into 'Swapping181' (sha1/sha1.c:10) automatically.
@I [XFORM-602] Inlining function 'SHA1CircularShift' into 'Swapping183' (sha1/sha1.c:10) automatically.
@I [XFORM-602] Inlining function 'SHA1CircularShift' into 'Swapping185' (sha1/sha1.c:10) automatically.
@I [XFORM-602] Inlining function 'SHA1CircularShift' into 'Swapping187' (sha1/sha1.c:10) automatically.
@I [XFORM-602] Inlining function 'SHA1CircularShift' into 'Swapping189' (sha1/sha1.c:10) automatically.
@I [XFORM-602] Inlining function 'SHA1CircularShift' into 'Swapping191' (sha1/sha1.c:10) automatically.
@I [XFORM-602] Inlining function 'SHA1CircularShift' into 'Swapping193' (sha1/sha1.c:10) automatically.
@I [XFORM-602] Inlining function 'SHA1CircularShift' into 'Swapping195' (sha1/sha1.c:10) automatically.
@I [XFORM-602] Inlining function 'SHA1CircularShift' into 'Swapping197' (sha1/sha1.c:10) automatically.
@I [XFORM-602] Inlining function 'SHA1CircularShift' into 'Swapping199' (sha1/sha1.c:10) automatically.
@I [XFORM-602] Inlining 