@I [HLS-0] Workspace /home/matt/workspace/sha1_hls/unroll_partitionw_datapackcont_inline opened at Tue Sep 13 02:59:27 ART 2016
@I [HLS-100] Command "config_clock -quiet -name default -period 10 -default=false "
@I [SYN-201] Setting up clock 'default' with a period of 10ns.
@I [HLS-100] Command 'config_clock' returned 0; elapsed 0.000415Total elapsed time: 0.887 sec.
@I [HLS-100] Command "open_platform DefaultPlatform "
@I [HLS-100] Command 'open_platform' returned 0; elapsed 0.000127Total elapsed time: 0.890 sec.
@I [HLS-100] Command "import_lib /opt/Xilinx/Vivado_HLS/2016.1/common/technology/xilinx/zynq/zynq "
@I [HLS-100] Command "source /opt/Xilinx/Vivado_HLS/2016.1/common/technology/xilinx/common/xilinx.lib "
@I [HLS-100] Command "source /opt/Xilinx/Vivado_HLS/2016.1/common/technology/xilinx/interface/xilinx_interface.lib "
@I [HLS-100] Command "source /opt/Xilinx/Vivado_HLS/2016.1/common/technology/xilinx/interface/plb46.lib "
@I [HLS-100] Command 'ap_source' returned 0; elapsed 0.001099Total elapsed time: 0.893 sec.
@I [HLS-100] Command "source /opt/Xilinx/Vivado_HLS/2016.1/common/technology/xilinx/interface/fsl.lib "
@I [HLS-100] Command 'ap_source' returned 0; elapsed 0.000496Total elapsed time: 0.894 sec.
@I [HLS-100] Command "source /opt/Xilinx/Vivado_HLS/2016.1/common/technology/xilinx/interface/axi4.lib "
@I [HLS-100] Command 'ap_source' returned 0; elapsed 0.000841Total elapsed time: 0.896 sec.
@I [HLS-100] Command "source /opt/Xilinx/Vivado_HLS/2016.1/common/technology/xilinx/interface/maxi.lib "
@I [HLS-100] Command 'ap_source' returned 0; elapsed 0.000609Total elapsed time: 0.897 sec.
@I [HLS-100] Command "source /opt/Xilinx/Vivado_HLS/2016.1/common/technology/xilinx/interface/saxilite.lib "
@I [HLS-100] Command 'ap_source' returned 0; elapsed 0.000459Total elapsed time: 0.898 sec.
@I [HLS-100] Command 'ap_source' returned 0; elapsed 0.006727Total elapsed time: 0.898 sec.
@I [HLS-100] Command "source /opt/Xilinx/Vivado_HLS/2016.1/common/technology/xilinx/common/dsp48.lib "
@I [HLS-100] Command 'ap_source' returned 0; elapsed 0.000396Total elapsed time: 0.899 sec.
@I [HLS-100] Command "source /opt/Xilinx/Vivado_HLS/2016.1/common/technology/xilinx/ip/xfir.lib "
@I [HLS-100] Command 'ap_source' returned 0; elapsed 0.000238Total elapsed time: 0.900 sec.
@I [HLS-100] Command "source /opt/Xilinx/Vivado_HLS/2016.1/common/technology/xilinx/ip/dds_compiler.lib "
@I [HLS-100] Command 'ap_source' returned 0; elapsed 0.000207Total elapsed time: 0.901 sec.
@I [HLS-100] Command "source /opt/Xilinx/Vivado_HLS/2016.1/common/technology/xilinx/ip/xfft.lib "
@I [HLS-100] Command 'ap_source' returned 0; elapsed 0.000208Total elapsed time: 0.902 sec.
@I [HLS-100] Command 'ap_source' returned 0; elapsed 0.017208Total elapsed time: 0.908 sec.
@I [HLS-100] Command "source /opt/Xilinx/Vivado_HLS/2016.1/common/technology/xilinx/common/xilinx_old.lib "
@I [HLS-100] Command 'ap_source' returned 0; elapsed 0.002216Total elapsed time: 0.916 sec.
@I [HLS-100] Command "source /opt/Xilinx/Vivado_HLS/2016.1/common/technology/xilinx/common/xilinx_vivado.lib "
@I [HLS-100] Command 'ap_source' returned 0; elapsed 0.002149Total elapsed time: 0.918 sec.
@I [HLS-100] Command "source /opt/Xilinx/Vivado_HLS/2016.1/common/technology/xilinx/common/xilinx.hlp "
@I [HLS-100] Command "source /opt/Xilinx/Vivado_HLS/2016.1/common/technology/xilinx/common/target_info.tcl "
@I [HLS-100] Command 'ap_source' returned 0; elapsed 0.0004Total elapsed time: 0.926 sec.
@I [HLS-100] Command "source /opt/Xilinx/Vivado_HLS/2016.1/common/technology/xilinx/interface/xilinx_interface.hlp "
@I [HLS-100] Command "source /opt/Xilinx/Vivado_HLS/2016.1/common/technology/xilinx/interface/maxi.hlp "
@I [HLS-100] Command 'ap_source' returned 0; elapsed 0.000364Total elapsed time: 0.928 sec.
@I [HLS-100] Command "source /opt/Xilinx/Vivado_HLS/2016.1/common/technology/xilinx/interface/saxilite.hlp "
@I [HLS-100] Command 'ap_source' returned 0; elapsed 0.000261Total elapsed time: 0.928 sec.
@I [HLS-100] Command 'ap_source' returned 0; elapsed 0.001648Total elapsed time: 0.929 sec.
@I [HLS-100] Command "source /opt/Xilinx/Vivado_HLS/2016.1/common/technology/xilinx/common/dsp48.hlp "
@I [HLS-100] Command 'ap_source' returned 0; elapsed 0.00178Total elapsed time: 0.932 sec.
@I [HLS-100] Command 'ap_source' returned 0; elapsed 0.00838Total elapsed time: 0.933 sec.
@I [HLS-100] Command "source /opt/Xilinx/Vivado_HLS/2016.1/common/technology/xilinx/zynq/dsp48e1.hlp "
@I [HLS-100] Command 'ap_source' returned 0; elapsed 0.000252Total elapsed time: 0.934 sec.
@I [HLS-100] Command "get_default_platform "
@I [HLS-100] Command 'get_default_platform' returned 0; elapsed 1.5e-05Total elapsed time: 0.935 sec.
@I [HLS-100] Command "config_chip_info -quiet -resource  {SLICE 13300}  {LUT 53200}     {FF 106400} {DSP48E 220}   {BRAM 280}  "
@I [HLS-100] Command 'config_chip_info' returned 0; elapsed 5.2e-05Total elapsed time: 0.936 sec.
@I [HLS-100] Command "config_chip_info -quiet -speed medium "
@I [HLS-100] Command 'config_chip_info' returned 0; elapsed 1.7e-05Total elapsed time: 0.936 sec.
@I [HLS-100] Command 'import_lib' returned 0; elapsed 0.05061Total elapsed time: 0.941 sec.
@I [HLS-100] Command "source /opt/Xilinx/Vivado_HLS/2016.1/common/technology/xilinx/zynq/zynq.gen "
@I [HLS-100] Command "source /opt/Xilinx/Vivado_HLS/2016.1/common/technology/xilinx/common/virtex.gen "
@I [HLS-100] Command "source /opt/Xilinx/Vivado_HLS/2016.1/common/technology/xilinx/common/xilinx.gen "
@I [HLS-100] Command "source /opt/Xilinx/Vivado_HLS/2016.1/common/technology/xilinx/interface/plb46.gen "
@I [HLS-100] Command 'ap_source' returned 0; elapsed 0.003275Total elapsed time: 0.946 sec.
@I [HLS-100] Command "source /opt/Xilinx/Vivado_HLS/2016.1/common/technology/xilinx/interface/fsl.gen "
@I [HLS-100] Command 'ap_source' returned 0; elapsed 0.001244Total elapsed time: 0.948 sec.
@I [HLS-100] Command "source /opt/Xilinx/Vivado_HLS/2016.1/common/technology/xilinx/interface/axi4.gen "
@I [HLS-100] Command 'ap_source' returned 0; elapsed 0.005954Total elapsed time: 0.955 sec.
@I [HLS-100] Command "source /opt/Xilinx/Vivado_HLS/2016.1/common/technology/xilinx/interface/nativeAXI4.gen "
@I [HLS-100] Command "source /opt/Xilinx/Vivado_HLS/2016.1/common/technology/xilinx/interface/saxilite.gen "
@I [HLS-100] Command 'ap_source' returned 0; elapsed 0.010389Total elapsed time: 0.966 sec.
@I [HLS-100] Command "source /opt/Xilinx/Vivado_HLS/2016.1/common/technology/xilinx/interface/maxi.gen "
@I [HLS-100] Command 'ap_source' returned 0; elapsed 0.022903Total elapsed time: 0.989 sec.
@I [HLS-100] Command 'ap_source' returned 0; elapsed 0.034529Total elapsed time: 0.990 sec.
@I [HLS-100] Command "source /opt/Xilinx/Vivado_HLS/2016.1/common/technology/xilinx/scripts/xilinxcoregen.gen "
@I [HLS-100] Command 'ap_source' returned 0; elapsed 0.028902Total elapsed time: 1.19 sec.
@I [HLS-100] Command "source /opt/Xilinx/Vivado_HLS/2016.1/common/technology/xilinx/interface/XilEDKCoreGen.gen "
@I [HLS-100] Command 'ap_source' returned 0; elapsed 0.023675Total elapsed time: 1.43 sec.
@I [HLS-100] Command "source /opt/Xilinx/Vivado_HLS/2016.1/common/technology/xilinx/ip/util.gen "
@I [HLS-100] Command 'ap_source' returned 0; elapsed 0.000426Total elapsed time: 1.45 sec.
@I [HLS-100] Command "source /opt/Xilinx/Vivado_HLS/2016.1/common/technology/xilinx/ip/xfir.gen "
@I [HLS-100] Command 'ap_source' returned 0; elapsed 0.001974Total elapsed time: 1.47 sec.
@I [HLS-100] Command "source /opt/Xilinx/Vivado_HLS/2016.1/common/technology/xilinx/ip/dds_compiler.gen "
@I [HLS-100] Command 'ap_source' returned 0; elapsed 0.009765Total elapsed time: 1.57 sec.
@I [HLS-100] Command "source /opt/Xilinx/Vivado_HLS/2016.1/common/technology/xilinx/ip/xfft.gen "
@I [HLS-100] Command 'ap_source' returned 0; elapsed 0.347839Total elapsed time: 1.405 sec.
@I [HLS-100] Command 'ap_source' returned 0; elapsed 0.462979Total elapsed time: 1.406 sec.
@I [HLS-100] Command "source /opt/Xilinx/Vivado_HLS/2016.1/common/technology/xilinx/common/dsp48.gen "
@I [HLS-100] Command 'ap_source' returned 0; elapsed 0.000398Total elapsed time: 1.412 sec.
@I [HLS-100] Command 'ap_source' returned 0; elapsed 0.470449Total elapsed time: 1.412 sec.
@I [HLS-100] Command 'ap_source' returned 0; elapsed 0.471147Total elapsed time: 1.413 sec.
@I [HLS-100] Command "open_platform DefaultPlatform "
@I [HLS-100] Command 'open_platform' returned 0; elapsed 2.1e-05Total elapsed time: 1.414 sec.
@I [HLS-100] Command "import_lib /opt/Xilinx/Vivado_HLS/2016.1/common/technology/xilinx/zynq/zynq_fpv6 "
@I [HLS-100] Command "source /opt/Xilinx/Vivado_HLS/2016.1/common/technology/xilinx/common/xilinx_fpv7.lib "
@I [HLS-100] Command "source /opt/Xilinx/Vivado_HLS/2016.1/common/technology/xilinx/common/xilinx_hp.lib "
@I [HLS-100] Command 'ap_source' returned 0; elapsed 0.002016Total elapsed time: 1.417 sec.
@I [HLS-100] Command 'ap_source' returned 0; elapsed 0.011201Total elapsed time: 1.426 sec.
@I [HLS-100] Command "source /opt/Xilinx/Vivado_HLS/2016.1/common/technology/xilinx/common/xilinx_fpv.hlp "
@I [HLS-100] Command "source /opt/Xilinx/Vivado_HLS/2016.1/common/technology/xilinx/common/xilinx.hlp "
@I [HLS-100] Command "source /opt/Xilinx/Vivado_HLS/2016.1/common/technology/xilinx/common/target_info.tcl "
@I [HLS-100] Command 'ap_source' returned 0; elapsed 0.000423Total elapsed time: 1.445 sec.
@I [HLS-100] Command "source /opt/Xilinx/Vivado_HLS/2016.1/common/technology/xilinx/interface/xilinx_interface.hlp "
@I [HLS-100] Command "source /opt/Xilinx/Vivado_HLS/2016.1/common/technology/xilinx/interface/maxi.hlp "
@I [HLS-100] Command 'ap_source' returned 0; elapsed 0.000335Total elapsed time: 1.446 sec.
@I [HLS-100] Command "source /opt/Xilinx/Vivado_HLS/2016.1/common/technology/xilinx/interface/saxilite.hlp "
@I [HLS-100] Command 'ap_source' returned 0; elapsed 0.00025Total elapsed time: 1.447 sec.
@I [HLS-100] Command 'ap_source' returned 0; elapsed 0.001402Total elapsed time: 1.447 sec.
@I [HLS-100] Command "source /opt/Xilinx/Vivado_HLS/2016.1/common/technology/xilinx/common/dsp48.hlp "
@I [HLS-100] Command 'ap_source' returned 0; elapsed 0.001639Total elapsed time: 1.450 sec.
@I [HLS-100] Command 'ap_source' returned 0; elapsed 0.00747Total elapsed time: 1.451 sec.
@I [HLS-100] Command 'ap_source' returned 0; elapsed 0.009219Total elapsed time: 1.452 sec.
@I [HLS-100] Command "source /opt/Xilinx/Vivado_HLS/2016.1/common/technology/xilinx/zynq/zynq_hp.hlp "
@I [HLS-100] Command 'ap_source' returned 0; elapsed 0.002402Total elapsed time: 1.455 sec.
@I [HLS-100] Command 'import_lib' returned 0; elapsed 0.056609Total elapsed time: 1.471 sec.
@I [HLS-100] Command "source /opt/Xilinx/Vivado_HLS/2016.1/common/technology/xilinx/zynq/zynq_fpv6.gen "
@I [HLS-100] Command "source /opt/Xilinx/Vivado_HLS/2016.1/common/technology/xilinx/common/xilinx_fpv6.gen "
@I [HLS-100] Command 'ap_source' returned 0; elapsed 0.004507Total elapsed time: 1.476 sec.
@I [HLS-100] Command 'ap_source' returned 0; elapsed 0.005195Total elapsed time: 1.476 sec.
@I [HLS-100] Command "set_part xc7z020clg484-1 "
@I [HLS-100] Command "add_library xilinx/zynq/zynq:xc7z020:clg484:-1 "
@I [HLS-100] Command "get_default_platform "
@I [HLS-100] Command 'get_default_platform' returned 0; elapsed 1.4e-05Total elapsed time: 1.488 sec.
@I [HLS-100] Command "license_isbetapart xc7z020 "
@I [HLS-100] Command 'license_isbetapart' returned 1; elapsed 0.018532Total elapsed time: 1.508 sec.
@I [HLS-100] Command "get_default_platform "
@I [HLS-100] Command 'get_default_platform' returned 0; elapsed 2e-05Total elapsed time: 1.511 sec.
@I [HLS-100] Command "config_chip_info -quiet -resource  {SLICE 13300}  {LUT 53200}     {FF 106400} {DSP48E 220}   {BRAM 280}  "
@I [HLS-100] Command 'config_chip_info' returned 0; elapsed 4.1e-05Total elapsed time: 1.511 sec.
@I [HLS-100] Command "config_chip_info -quiet -speed slow "
@I [HLS-100] Command 'config_chip_info' returned 0; elapsed 1.8e-05Total elapsed time: 1.512 sec.
@I [HLS-100] Command 'add_library' returned 0; elapsed 0.028701Total elapsed time: 1.515 sec.
@I [HLS-100] Command "add_library xilinx/zynq/zynq_fpv6 "
@I [HLS-100] Command "get_default_platform "
@I [HLS-100] Command 'get_default_platform' returned 0; elapsed 1.3e-05Total elapsed time: 1.517 sec.
@I [HLS-100] Command 'add_library' returned 0; elapsed 0.004313Total elapsed time: 1.520 sec.
@I [HLS-10] Setting target device to 'xc7z020clg484-1'
@I [HLS-100] Command 'set_part' returned 0; elapsed 0.042304Total elapsed time: 1.521 sec.
@I [HLS-100] Command "get_default_platform "
@I [HLS-100] Command 'get_default_platform' returned 0; elapsed 1.2e-05Total elapsed time: 1.521 sec.
@I [HLS-100] Command "config_chip_info -quiet -resource  {SLICE 13300}  {LUT 53200}     {FF 106400} {DSP48E 220}   {BRAM 280}  "
@I [HLS-100] Command 'config_chip_info' returned 0; elapsed 3.3e-05Total elapsed time: 1.521 sec.
@I [HLS-100] Command "config_chip_info -quiet -speed slow "
@I [HLS-100] Command 'config_chip_info' returned 0; elapsed 1.4e-05Total elapsed time: 1.522 sec.
@I [HLS-100] Command 'open_solution' returned 0; elapsed 0.653879Total elapsed time: 1.524 sec.
@I [HLS-100] Command "set_part xc7z020clg484-1 "
@I [HLS-100] Command "add_library xilinx/zynq/zynq:xc7z020:clg484:-1 "
@I [HLS-100] Command "get_default_platform "
@I [HLS-100] Command 'get_default_platform' returned 0; elapsed 1.2e-05Total elapsed time: 1.529 sec.
@I [HLS-100] Command "license_isbetapart xc7z020 "
@I [HLS-100] Command 'license_isbetapart' returned 1; elapsed 9.2e-05Total elapsed time: 1.531 sec.
@I [HLS-100] Command "get_default_platform "
@I [HLS-100] Command 'get_default_platform' returned 0; elapsed 1.1e-05Total elapsed time: 1.532 sec.
@I [HLS-100] Command "config_chip_info -quiet -resource  {SLICE 13300}  {LUT 53200}     {FF 106400} {DSP48E 220}   {BRAM 280}  "
@I [HLS-100] Command 'config_chip_info' returned 0; elapsed 2.8e-05Total elapsed time: 1.533 sec.
@I [HLS-100] Command "config_chip_info -quiet -speed slow "
@I [HLS-100] Command 'config_chip_info' returned 0; elapsed 1.5e-05Total elapsed time: 1.533 sec.
@I [HLS-100] Command 'add_library' returned 0; elapsed 0.007504Total elapsed time: 1.535 sec.
@I [HLS-100] Command "add_library xilinx/zynq/zynq_fpv6 "
@I [HLS-100] Command "get_default_platform "
@I [HLS-100] Command 'get_default_platform' returned 0; elapsed 1.1e-05Total elapsed time: 1.537 sec.
@I [HLS-100] Command 'add_library' returned 0; elapsed 0.004001Total elapsed time: 1.540 sec.
@I [HLS-100] Command 'set_part' returned 0; elapsed 0.015878Total elapsed time: 1.540 sec.
@I [HLS-100] Command "create_clock -period 10 -name default "
@I [HLS-100] Command 'create_clock' returned 0; elapsed 0.002864Total elapsed time: 1.543 sec.
@I [HLS-100] Command "source ./sha1_hls/unroll_partitionw_datapackcont_inline/directives.tcl "
@I [HLS-100] Command "set_directive_data_pack SHA1ProcessMessageBlock context "
@I [HLS-0] Setting directive 'DATA_PACK' variable=positionBooleanTextRequiredcontext 
@I [HLS-100] Command 'set_directive_data_pack' returned 0; elapsed 0.002918Total elapsed time: 1.547 sec.
@I [HLS-100] Command "set_directive_array_partition -type complete -dim 1 SHA1ProcessMessageBlock W "
@I [HLS-0] Setting directive 'DATA_PACK' variable=positionBooleanTextRequiredcontext 
@I [HLS-0] Setting directive 'ARRAY_PARTITION' partition=positionBooleanCmd variable=positionBooleanTextRequiredW complete=positionBoolean0type dim=1 
@I [HLS-100] Command 'set_directive_array_partition' returned 0; elapsed 0.00224Total elapsed time: 1.550 sec.
@I [HLS-100] Command "set_directive_inline Swapping "
@I [HLS-0] Setting directive 'DATA_PACK' variable=positionBooleanTextRequiredcontext 
@I [HLS-0] Setting directive 'ARRAY_PARTITION' partition=positionBooleanCmd variable=positionBooleanTextRequiredW complete=positionBoolean0type dim=1 
@I [HLS-0] Setting directive 'INLINE' 
@I [HLS-100] Command 'set_directive_inline' returned 0; elapsed 0.002586Total elapsed time: 1.553 sec.
@I [HLS-100] Command "set_directive_inline SHA1CircularShift "
@I [HLS-0] Setting directive 'DATA_PACK' variable=positionBooleanTextRequiredcontext 
@I [HLS-0] Setting directive 'ARRAY_PARTITION' partition=positionBooleanCmd variable=positionBooleanTextRequiredW complete=positionBoolean0type dim=1 
@I [HLS-0] Setting directive 'INLINE' 
@I [HLS-0] Setting directive 'INLINE' 
@I [HLS-100] Command 'set_directive_inline' returned 0; elapsed 0.002945Total elapsed time: 1.556 sec.
@I [HLS-100] Command "set_directive_unroll SHA1ProcessMessageBlock/loop3 "
@I [HLS-0] Setting directive 'DATA_PACK' variable=positionBooleanTextRequiredcontext 
@I [HLS-0] Setting directive 'ARRAY_PARTITION' partition=positionBooleanCmd variable=positionBooleanTextRequiredW complete=positionBoolean0type dim=1 
@I [HLS-0] Setting directive 'INLINE' 
@I [HLS-0] Setting directive 'INLINE' 
@I [HLS-0] Setting directive 'UNROLL' 
@I [HLS-100] Command 'set_directive_unroll' returned 0; elapsed 0.00321Total elapsed time: 1.560 sec.
@I [HLS-100] Command "set_directive_unroll SHA1ProcessMessageBlock/loop5 "
@I [HLS-0] Setting directive 'DATA_PACK' variable=positionBooleanTextRequiredcontext 
@I [HLS-0] Setting directive 'ARRAY_PARTITION' partition=positionBooleanCmd variable=positionBooleanTextRequiredW complete=positionBoolean0type dim=1 
@I [HLS-0] Setting directive 'INLINE' 
@I [HLS-0] Setting directive 'INLINE' 
@I [HLS-0] Setting directive 'UNROLL' 
@I [HLS-0] Setting directive 'UNROLL' 
@I [HLS-100] Command 'set_directive_unroll' returned 0; elapsed 0.003538Total elapsed time: 1.564 sec.
@I [HLS-100] Command "set_directive_unroll SHA1ProcessMessageBlock/loop2 "
@I [HLS-0] Setting directive 'DATA_PACK' variable=positionBooleanTextRequiredcontext 
@I [HLS-0] Setting directive 'ARRAY_PARTITION' partition=positionBooleanCmd variable=positionBooleanTextRequiredW complete=positionBoolean0type dim=1 
@I [HLS-0] Setting directive 'INLINE' 
@I [HLS-0] Setting directive 'INLINE' 
@I [HLS-0] Setting directive 'UNROLL' 
@I [HLS-0] Setting directive 'UNROLL' 
@I [HLS-0] Setting directive 'UNROLL' 
@I [HLS-100] Command 'set_directive_unroll' returned 0; elapsed 0.003872Total elapsed time: 1.568 sec.
@I [HLS-100] Command "set_directive_unroll SHA1ProcessMessageBlock/loop1 "
@I [HLS-0] Setting directive 'DATA_PACK' variable=positionBooleanTextRequiredcontext 
@I [HLS-0] Setting directive 'ARRAY_PARTITION' partition=positionBooleanCmd variable=positionBooleanTextRequiredW complete=positionBoolean0type dim=1 
@I [HLS-0] Setting directive 'INLINE' 
@I [HLS-0] Setting directive 'INLINE' 
@I [HLS-0] Setting directive 'UNROLL' 
@I [HLS-0] Setting directive 'UNROLL' 
@I [HLS-0] Setting directive 'UNROLL' 
@I [HLS-0] Setting directive 'UNROLL' 
@I [HLS-100] Command 'set_directive_unroll' returned 0; elapsed 0.004441Total elapsed time: 1.573 sec.
@I [HLS-100] Command "set_directive_unroll SHA1ProcessMessageBlock/loop4 "
@I [HLS-0] Setting directive 'DATA_PACK' variable=positionBooleanTextRequiredcontext 
@I [HLS-0] Setting directive 'ARRAY_PARTITION' partition=positionBooleanCmd variable=positionBooleanTextRequiredW complete=positionBoolean0type dim=1 
@I [HLS-0] Setting directive 'INLINE' 
@I [HLS-0] Setting directive 'INLINE' 
@I [HLS-0] Setting directive 'UNROLL' 
@I [HLS-0] Setting directive 'UNROLL' 
@I [HLS-0] Setting directive 'UNROLL' 
@I [HLS-0] Setting directive 'UNROLL' 
@I [HLS-0] Setting directive 'UNROLL' 
@I [HLS-100] Command 'set_directive_unroll' returned 0; elapsed 0.00523Total elapsed time: 1.579 sec.
@I [HLS-100] Command "set_directive_unroll SHA1ProcessMessageBlock/loop6 "
@I [HLS-0] Setting directive 'DATA_PACK' variable=positionBooleanTextRequiredcontext 
@I [HLS-0] Setting directive 'ARRAY_PARTITION' partition=positionBooleanCmd variable=positionBooleanTextRequiredW complete=positionBoolean0type dim=1 
@I [HLS-0] Setting directive 'INLINE' 
@I [HLS-0] Setting directive 'INLINE' 
@I [HLS-0] Setting directive 'UNROLL' 
@I [HLS-0] Setting directive 'UNROLL' 
@I [HLS-0] Setting directive 'UNROLL' 
@I [HLS-0] Setting directive 'UNROLL' 
@I [HLS-0] Setting directive 'UNROLL' 
@I [HLS-0] Setting directive 'UNROLL' 
@I [HLS-100] Command 'set_directive_unroll' returned 0; elapsed 0.00491Total elapsed time: 1.584 sec.
@I [HLS-100] Command 'ap_source' returned 0; elapsed 0.04096Total elapsed time: 1.585 sec.
@I [HLS-100] Command "csynth_design "
@I [HLS-100] Command "elaborate -effort=medium -skip_syncheck=0 -keep_printf=0 -lm=0 -skip_cdt=0 -skip_transform=0 -ng=0 -g=0 -opt_fp=0 "
@I [HLS-10] Analyzing design file 'sha1_hls/sha1.c' ... 
@0 [HLS-0] Analyzing design file 'sha1_hls/sha1.c' ... 
@I [HLS-0] Compiling one TU...
@I [HLS-0] 
Checking before pre-process: exec clang -fno-limit-debug-info -gcc-toolchain "/opt/Xilinx/Vivado_HLS/2016.1/lnx64/tools/gcc" -hls    -fno-math-errno -c -emit-llvm -O0  -mllvm -disable-llvm-optzns -std=gnu89   -DAESL_SYN -D__SYNTHESIS__ -D__HLS_SYN__ -I "/opt/Xilinx/Vivado_HLS/2016.1/common/technology/autopilot" -I "/opt/Xilinx/Vivado_HLS/2016.1/common/technology/autopilot/ap_sysc" -include etc/autopilot_ssdm_op.h  "sha1_hls/sha1.c"  -o "/home/matt/workspace/sha1_hls/unroll_partitionw_datapackcont_inline/.autopilot/db/sha1.pp.00.o"

@I [HLS-100] Command "is_encrypted /home/matt/workspace/sha1_hls/unroll_partitionw_datapackcont_inline/.autopilot/db/sha1.pp.00.o "
@I [HLS-100] Command 'is_encrypted' returned 0; elapsed 0.000201Total elapsed time: 1.967 sec.
@I [HLS-0] Syntax Checker time: 0 seconds per iteration
@I [HLS-0] 
Source preprocessing: exec clang -fno-limit-debug-info -gcc-toolchain "/opt/Xilinx/Vivado_HLS/2016.1/lnx64/tools/gcc" -hls -fno-exceptions  -D__llvm__  -CC -E "sha1_hls/sha1.c"     -fno-math-errno -c -emit-llvm -O0  -mllvm -disable-llvm-optzns -std=gnu89   -DAESL_SYN -D__SYNTHESIS__ -D__HLS_SYN__ -I "/opt/Xilinx/Vivado_HLS/2016.1/common/technology/autopilot" -I "/opt/Xilinx/Vivado_HLS/2016.1/common/technology/autopilot/ap_sysc" -include etc/autopilot_ssdm_op.h  -o "/home/matt/workspace/sha1_hls/unroll_partitionw_datapackcont_inline/.autopilot/db/sha1.pp.0.c"

@I [HLS-0] GCC PP time: 0 seconds per iteration
@I [HLS-0] Setting directive 'DATA_PACK' variable=positionBooleanTextRequiredcontext 
@I [HLS-0] Setting directive 'ARRAY_PARTITION' partition=positionBooleanCmd variable=positionBooleanTextRequiredW complete=positionBoolean0type dim=1 
@I [HLS-0] Setting directive 'INLINE' 
@I [HLS-0] Setting directive 'INLINE' 
@I [HLS-0] Setting directive 'UNROLL' 
@I [HLS-0] Setting directive 'UNROLL' 
@I [HLS-0] Setting directive 'UNROLL' 
@I [HLS-0] Setting directive 'UNROLL' 
@I [HLS-0] Setting directive 'UNROLL' 
@I [HLS-0] Setting directive 'UNROLL' 
@I [HLS-100] Command "list_core -type functional_unit "
@I [HLS-100] Command 'list_core' returned 0; elapsed 0.000211Total elapsed time: 2.261 sec.
@I [HLS-0] Marker-Pragma convertor: /home/matt/workspace/sha1_hls/unroll_partitionw_datapackcont_inline/.autopilot/db/sha1.pp.0.c /home/matt/workspace/sha1_hls/unroll_partitionw_datapackcont_inline/.autopilot/db/sha1.pp.0.c.ap-line.c /home/matt/workspace/sha1_hls/unroll_partitionw_datapackcont_inline/.autopilot/db/sha1.pp.0.c.ap-line.c.CXX 1
@I [HLS-0] 
Source processor: exec /opt/Xilinx/Vivado_HLS/2016.1/tps/lnx64/jre/bin/java -Xmx512m -classpath   "/opt/Xilinx/Vivado_HLS/2016.1/lib/classes/autopilot.sourceprocessor.jar:/opt/Xilinx/Vivado_HLS/2016.1/lib/classes/org.eclipse.cdt.core_5.3.0.xilinx_patch.jar:/opt/Xilinx/Vivado_HLS/2016.1/lib/classes/org.eclipse.core.runtime_3.7.0.v20110110.jar:/opt/Xilinx/Vivado_HLS/2016.1/lib/classes/org.eclipse.equinox.common_3.6.0.v20110523.jar:/opt/Xilinx/Vivado_HLS/2016.1/lib/classes/com.ibm.icu_4.4.2.v20110208.jar:/opt/Xilinx/Vivado_HLS/2016.1/lib/classes/jargs.jar:/opt/Xilinx/Vivado_HLS/2016.1/lnx64/tools/eclipse/plugins/org.eclipse.emf.common_2.10.1.v20150123-0348.jar:/opt/Xilinx/Vivado_HLS/2016.1/lnx64/tools/eclipse/plugins/org.eclipse.emf.ecore_2.10.2.v20150123-0348.jar:/opt/Xilinx/Vivado_HLS/2016.1/lnx64/tools/eclipse/plugins/org.eclipse.emf.ecore.xmi_2.10.2.v20150123-0348.jar:/opt/Xilinx/Vivado_HLS/2016.1/lnx64/tools/eclipse/plugins/com.autoesl.autopilot.ui.directiveFileModel_1.0.0.jar:/opt/Xilinx/Vivado_HLS/2016.1/lnx64/tools/eclipse/plugins/com.autoesl.autopilot.ui.common_1.0.0.jar"  autopilot.sourceprocessor.CParser  "/home/matt/workspace/sha1_hls/unroll_partitionw_datapackcont_inline/.autopilot/db/sha1.pp.0.c.ap-line.c"  -m "SHA1ProcessMessageBlock" -o "/home/matt/workspace/sha1_hls/unroll_partitionw_datapackcont_inline/.autopilot/db/sha1.pp.0.c.ap-cdt.c" -c --pp --directive /home/matt/workspace/sha1_hls/unroll_partitionw_datapackcont_inline/unroll_partitionw_datapackcont_inline.directive --source /home/matt/workspace/sha1_hls/sha1.c --error /home/matt/workspace/sha1_hls/unroll_partitionw_datapackcont_inline/.autopilot/db --funcunit "AddSub AddSub_DSP AddSubnS DAddSub_fulldsp DAddSub_nodsp DDiv DExp_fulldsp DExp_meddsp DExp_nodsp DLog_fulldsp DLog_meddsp DLog_nodsp DMul_fulldsp DMul_maxdsp DMul_meddsp DMul_nodsp DRSqrt DRecip DSqrt DivnS FAddSub_fulldsp FAddSub_nodsp FDiv FExp_fulldsp FExp_meddsp FExp_nodsp FLog_fulldsp FLog_meddsp FLog_nodsp FMul_fulldsp FMul_maxdsp FMul_meddsp FMul_nodsp FRSqrt_fulldsp FRSqrt_nodsp FRecip_fulldsp FRecip_nodsp FSqrt HAddSub_nodsp HDiv HMul_fulldsp HMul_maxdsp HMul_nodsp HSqrt Mul Mul2S Mul3S Mul4S Mul5S Mul6S Mul_LUT MulnS MuxnS" --ca --gf --pd --p2d /home/matt/workspace/sha1_hls/unroll_partitionw_datapackcont_inline/.autopilot/db --sd --scff /home/matt/workspace/sha1_hls/unroll_partitionw_datapackcont_inline/.autopilot/db/.systemc_flag --ad

@I [HLS-0] Marker-Pragma convertor: /home/matt/workspace/sha1_hls/unroll_partitionw_datapackcont_inline/.autopilot/db/sha1.pp.0.c.ap-cdt.c /home/matt/workspace/sha1_hls/unroll_partitionw_datapackcont_inline/.autopilot/db/sha1.pragma.0.c /home/matt/workspace/sha1_hls/unroll_partitionw_datapackcont_inline/.autopilot/db/sha1.pragma.0.c.ap-line.CXX 0
@I [HLS-100] Command "source /home/matt/workspace/sha1_hls/unroll_partitionw_datapackcont_inline/.autopilot/db/pragma.status.tcl "
@I [HLS-100] Command 'ap_source' returned 0; elapsed 0.000538Total elapsed time: 7.326 sec.
@I [HLS-0] CDT processor time: 5 seconds per iteration
@I [HLS-0] Pragma handling time: 0 seconds per iteration
@I [HLS-0] 
Source preprocessing: exec clang -fno-limit-debug-info -gcc-toolchain "/opt/Xilinx/Vivado_HLS/2016.1/lnx64/tools/gcc" -hls -fno-exceptions  -D__llvm__  -CC -E "/home/matt/workspace/sha1_hls/unroll_partitionw_datapackcont_inline/.autopilot/db/sha1.pragma.1.c"     -fno-math-errno -c -emit-llvm -O0  -mllvm -disable-llvm-optzns -std=gnu89   -DAESL_SYN -D__SYNTHESIS__ -D__HLS_SYN__ -I "/opt/Xilinx/Vivado_HLS/2016.1/common/technology/autopilot" -I "/opt/Xilinx/Vivado_HLS/2016.1/common/technology/autopilot/ap_sysc" -include etc/autopilot_ssdm_op.h  -o "/home/matt/workspace/sha1_hls/unroll_partitionw_datapackcont_inline/.autopilot/db/sha1.pragma.2.c"

@I [HLS-0] exec clang -fno-limit-debug-info -gcc-toolchain /opt/Xilinx/Vivado_HLS/2016.1/lnx64/tools/gcc -hls -hls-analyze-label -hls-analyze-pragma -fno-exceptions  -D__llvm__  -w  "/home/matt/workspace/sha1_hls/unroll_partitionw_datapackcont_inline/.autopilot/db/sha1.pragma.2.c"    -fno-math-errno -c -emit-llvm -O0  -mllvm -disable-llvm-optzns -std=gnu89  -DAESL_SYN -D__SYNTHESIS__ -D__HLS_SYN__ -I "/opt/Xilinx/Vivado_HLS/2016.1/common/technology/autopilot" -I "/opt/Xilinx/Vivado_HLS/2016.1/common/technology/autopilot/ap_sysc" -include etc/autopilot_ssdm_op.h -g -o "/home/matt/workspace/sha1_hls/unroll_partitionw_datapackcont_inline/.autopilot/db/sha1.g.bc"
@I [HLS-10] Analyzing design file 'sha1_hls/sha1_original.c' ... 
@0 [HLS-0] Analyzing design file 'sha1_hls/sha1_original.c' ... 
@I [HLS-0] Compiling one TU...
@I [HLS-0] 
Checking before pre-process: exec clang -fno-limit-debug-info -gcc-toolchain "/opt/Xilinx/Vivado_HLS/2016.1/lnx64/tools/gcc" -hls    -fno-math-errno -c -emit-llvm -O0  -mllvm -disable-llvm-optzns -std=gnu89   -DAESL_SYN -D__SYNTHESIS__ -D__HLS_SYN__ -I "/opt/Xilinx/Vivado_HLS/2016.1/common/technology/autopilot" -I "/opt/Xilinx/Vivado_HLS/2016.1/common/technology/autopilot/ap_sysc" -include etc/autopilot_ssdm_op.h  "sha1_hls/sha1_original.c"  -o "/home/matt/workspace/sha1_hls/unroll_partitionw_datapackcont_inline/.autopilot/db/sha1_original.pp.00.o"

@I [HLS-100] Command "is_encrypted /home/matt/workspace/sha1_hls/unroll_partitionw_datapackcont_inline/.autopilot/db/sha1_original.pp.00.o "
@I [HLS-100] Command 'is_encrypted' returned 0; elapsed 0.000251Total elapsed time: 8.361 sec.
@I [HLS-0] Syntax Checker time: 0 seconds per iteration
@I [HLS-0] 
Source preprocessing: exec clang -fno-limit-debug-info -gcc-toolchain "/opt/Xilinx/Vivado_HLS/2016.1/lnx64/tools/gcc" -hls -fno-exceptions  -D__llvm__  -CC -E "sha1_hls/sha1_original.c"     -fno-math-errno -c -emit-llvm -O0  -mllvm -disable-llvm-optzns -std=gnu89   -DAESL_SYN -D__SYNTHESIS__ -D__HLS_SYN__ -I "/opt/Xilinx/Vivado_HLS/2016.1/common/technology/autopilot" -I "/opt/Xilinx/Vivado_HLS/2016.1/common/technology/autopilot/ap_sysc" -include etc/autopilot_ssdm_op.h  -o "/home/matt/workspace/sha1_hls/unroll_partitionw_datapackcont_inline/.autopilot/db/sha1_original.pp.0.c"

@I [HLS-0] GCC PP time: 0 seconds per iteration
@I [HLS-0] Setting directive 'DATA_PACK' variable=positionBooleanTextRequiredcontext 
@I [HLS-0] Setting directive 'ARRAY_PARTITION' partition=positionBooleanCmd variable=positionBooleanTextRequiredW complete=positionBoolean0type dim=1 
@I [HLS-0] Setting directive 'INLINE' 
@I [HLS-0] Setting directive 'INLINE' 
@I [HLS-0] Setting directive 'UNROLL' 
@I [HLS-0] Setting directive 'UNROLL' 
@I [HLS-0] Setting directive 'UNROLL' 
@I [HLS-0] Setting directive 'UNROLL' 
@I [HLS-0] Setting directive 'UNROLL' 
@I [HLS-0] Setting directive 'UNROLL' 
@I [HLS-100] Command "list_core -type functional_unit "
@I [HLS-100] Command 'list_core' returned 0; elapsed 0.000235Total elapsed time: 8.535 sec.
@I [HLS-0] Marker-Pragma convertor: /home/matt/workspace/sha1_hls/unroll_partitionw_datapackcont_inline/.autopilot/db/sha1_original.pp.0.c /home/matt/workspace/sha1_hls/unroll_partitionw_datapackcont_inline/.autopilot/db/sha1_original.pp.0.c.ap-line.c /home/matt/workspace/sha1_hls/unroll_partitionw_datapackcont_inline/.autopilot/db/sha1_original.pp.0.c.ap-line.c.CXX 1
@I [HLS-0] 
Source processor: exec /opt/Xilinx/Vivado_HLS/2016.1/tps/lnx64/jre/bin/java -Xmx512m -classpath   "/opt/Xilinx/Vivado_HLS/2016.1/lib/classes/autopilot.sourceprocessor.jar:/opt/Xilinx/Vivado_HLS/2016.1/lib/classes/org.eclipse.cdt.core_5.3.0.xilinx_patch.jar:/opt/Xilinx/Vivado_HLS/2016.1/lib/classes/org.eclipse.core.runtime_3.7.0.v20110110.jar:/opt/Xilinx/Vivado_HLS/2016.1/lib/classes/org.eclipse.equinox.common_3.6.0.v20110523.jar:/opt/Xilinx/Vivado_HLS/2016.1/lib/classes/com.ibm.icu_4.4.2.v20110208.jar:/opt/Xilinx/Vivado_HLS/2016.1/lib/classes/jargs.jar:/opt/Xilinx/Vivado_HLS/2016.1/lnx64/tools/eclipse/plugins/org.eclipse.emf.common_2.10.1.v20150123-0348.jar:/opt/Xilinx/Vivado_HLS/2016.1/lnx64/tools/eclipse/plugins/org.eclipse.emf.ecore_2.10.2.v20150123-0348.jar:/opt/Xilinx/Vivado_HLS/2016.1/lnx64/tools/eclipse/plugins/org.eclipse.emf.ecore.xmi_2.10.2.v20150123-0348.jar:/opt/Xilinx/Vivado_HLS/2016.1/lnx64/tools/eclipse/plugins/com.autoesl.autopilot.ui.directiveFileModel_1.0.0.jar:/opt/Xilinx/Vivado_HLS/2016.1/lnx64/tools/eclipse/plugins/com.autoesl.autopilot.ui.common_1.0.0.jar"  autopilot.sourceprocessor.CParser  "/home/matt/workspace/sha1_hls/unroll_partitionw_datapackcont_inline/.autopilot/db/sha1_original.pp.0.c.ap-line.c"  -m "SHA1ProcessMessageBlock" -o "/home/matt/workspace/sha1_hls/unroll_partitionw_datapackcont_inline/.autopilot/db/sha1_original.pp.0.c.ap-cdt.c" -c --pp --directive /home/matt/workspace/sha1_hls/unroll_partitionw_datapackcont_inline/unroll_partitionw_datapackcont_inline.directive --source /home/matt/workspace/sha1_hls/sha1_original.c --error /home/matt/workspace/sha1_hls/unroll_partitionw_datapackcont_inline/.autopilot/db --funcunit "AddSub AddSub_DSP AddSubnS DAddSub_fulldsp DAddSub_nodsp DDiv DExp_fulldsp DExp_meddsp DExp_nodsp DLog_fulldsp DLog_meddsp DLog_nodsp DMul_fulldsp DMul_maxdsp DMul_meddsp DMul_nodsp DRSqrt DRecip DSqrt DivnS FAddSub_fulldsp FAddSub_nodsp FDiv FExp_fulldsp FExp_meddsp FExp_nodsp FLog_fulldsp FLog_meddsp FLog_nodsp FMul_fulldsp FMul_maxdsp FMul_meddsp FMul_nodsp FRSqrt_fulldsp FRSqrt_nodsp FRecip_fulldsp FRecip_nodsp FSqrt HAddSub_nodsp HDiv HMul_fulldsp HMul_maxdsp HMul_nodsp HSqrt Mul Mul2S Mul3S Mul4S Mul5S Mul6S Mul_LUT MulnS MuxnS" --ca --gf --pd --p2d /home/matt/workspace/sha1_hls/unroll_partitionw_datapackcont_inline/.autopilot/db --sd --scff /home/matt/workspace/sha1_hls/unroll_partitionw_datapackcont_inline/.autopilot/db/.systemc_flag --ad

@I [HLS-0] Marker-Pragma convertor: /home/matt/workspace/sha1_hls/unroll_partitionw_datapackcont_inline/.autopilot/db/sha1_original.pp.0.c.ap-cdt.c /home/matt/workspace/sha1_hls/unroll_partitionw_datapackcont_inline/.autopilot/db/sha1_original.pragma.0.c /home/matt/workspace/sha1_hls/unroll_partitionw_datapackcont_inline/.autopilot/db/sha1_original.pragma.0.c.ap-line.CXX 0
@I [HLS-100] Command "source /home/matt/workspace/sha1_hls/unroll_partitionw_datapackcont_inline/.autopilot/db/pragma.status.tcl "
@I [HLS-100] Command 'ap_source' returned 0; elapsed 0.000714Total elapsed time: 11.550 sec.
@I [HLS-0] CDT processor time: 3 seconds per iteration
@I [HLS-0] Pragma handling time: 0 seconds per iteration
@I [HLS-0] 
Source preprocessing: exec clang -fno-limit-debug-info -gcc-toolchain "/opt/Xilinx/Vivado_HLS/2016.1/lnx64/tools/gcc" -hls -fno-exceptions  -D__llvm__  -CC -E "/home/matt/workspace/sha1_hls/unroll_partitionw_datapackcont_inline/.autopilot/db/sha1_original.pragma.1.c"     -fno-math-errno -c -emit-llvm -O0  -mllvm -disable-llvm-optzns -std=gnu89   -DAESL_SYN -D__SYNTHESIS__ -D__HLS_SYN__ -I "/opt/Xilinx/Vivado_HLS/2016.1/common/technology/autopilot" -I "/opt/Xilinx/Vivado_HLS/2016.1/common/technology/autopilot/ap_sysc" -include etc/autopilot_ssdm_op.h  -o "/home/matt/workspace/sha1_hls/unroll_partitionw_datapackcont_inline/.autopilot/db/sha1_original.pragma.2.c"

@I [HLS-0] exec clang -fno-limit-debug-info -gcc-toolchain /opt/Xilinx/Vivado_HLS/2016.1/lnx64/tools/gcc -hls -hls-analyze-label -hls-analyze-pragma -fno-exceptions  -D__llvm__  -w  "/home/matt/workspace/sha1_hls/unroll_partitionw_datapackcont_inline/.autopilot/db/sha1_original.pragma.2.c"    -fno-math-errno -c -emit-llvm -O0  -mllvm -disable-llvm-optzns -std=gnu89  -DAESL_SYN -D__SYNTHESIS__ -D__HLS_SYN__ -I "/opt/Xilinx/Vivado_HLS/2016.1/common/technology/autopilot" -I "/opt/Xilinx/Vivado_HLS/2016.1/common/technology/autopilot/ap_sysc" -include etc/autopilot_ssdm_op.h -g -o "/home/matt/workspace/sha1_hls/unroll_partitionw_datapackcont_inline/.autopilot/db/sha1_original.g.bc"
@I [HLS-10] Validating synthesis directives ...
@0 [HLS-0] Validating synthesis directives ...
@I [HLS-100] Command "source /home/matt/workspace/sha1_hls/unroll_partitionw_datapackcont_inline/.autopilot/db/pragma.status.tcl "
@I [HLS-100] Command 'ap_source' returned 0; elapsed 0.000725Total elapsed time: 11.928 sec.
@I [HLS-0] Linking all ...
@I [HLS-0] exec llvm-ld  "/home/matt/workspace/sha1_hls/unroll_partitionw_datapackcont_inline/.autopilot/db/sha1.bc" "/home/matt/workspace/sha1_hls/unroll_partitionw_datapackcont_inline/.autopilot/db/sha1_original.bc"  -disable-opt  -L/opt/Xilinx/Vivado_HLS/2016.1/lnx64/lib -lm_basic -o "/home/matt/workspace/sha1_hls/unroll_partitionw_datapackcont_inline/.autopilot/db/a.o.pre"
@I [HLS-0] Link time: 0 seconds per iteration
@I [HLS-0] Linking all ...
@I [HLS-0] exec llvm-ld  "/home/matt/workspace/sha1_hls/unroll_partitionw_datapackcont_inline/.autopilot/db/sha1.g.bc" "/home/matt/workspace/sha1_hls/unroll_partitionw_datapackcont_inline/.autopilot/db/sha1_original.g.bc"  -disable-opt  -L/opt/Xilinx/Vivado_HLS/2016.1/lnx64/lib -lm_basic -o "/home/matt/workspace/sha1_hls/unroll_partitionw_datapackcont_inline/.autopilot/db/a.g.pre"
@I [HLS-0] Link time: 0 seconds per iteration
@I [HLS-100] Command "opt_and_import_c a -opt_level=2 -skip_syncheck=0 -ng=0 -keep_printf=0 "
@I [HLS-100] Command "cleanup_all_models "
@I [HLS-100] Command 'cleanup_all_models' returned 0; elapsed 3.5e-05Total elapsed time: 12.291 sec.
@I [HLS-10] Starting code transformations ...
@0 [HLS-0] Starting code transformations ...
@I [HLS-0] std xform: transform -hls -share-std-xform -always-inline -promote-dbg-pointer  -interface-preproc  -scalarrepl -mem2reg -keep-read-access -instcombine -dce  -promote-dbg-pointer  -bitop-raise  -indvars -loop-simplify -xunroll  -constprop -instcombine -simplifycfg -indvars  -simplifycfg -dce -globaldce  -basicaa  -simplifycfg -mem2reg -globalopt  -global-constprop -deadargelim -instcombine -simplifycfg  -prune-eh -simplifycfg  -scalarrepl -instcombine -reassociate -licm  -simplifycfg -loop-simplify -indvars -instcombine  -simplifycfg -mem2reg -loop-simplify -indvars -instcombine  -gvn -gvn -instcombine -adce  -break-crit-edges  -simplifycfg -loop-delete  -global-array-opt -dce -dse -adce  -find-syn-modules -top SHA1ProcessMessageBlock  -deadargelim  -mem2reg -instcombine -dce  -presyn-prepare -auto-rom-infer  -interface-preproc  -syn-check -check-rec-only  -find-region -simplifycfg -func-extr -function-inline  -globaldce -mem2reg -instcombine -dce   -gvn -globaldce -adce -adse  -constprop -instcombine -bit-constprop  -instcombine -dce -simplifycfg -bitop-raise  -simplifycfg -dce -loop-delete -reassociate  -globalopt -global-privatize -mem2reg -dce  -global-constprop -pointer-simplify -constprop -dce  -func-inst -deadargelim  -promote-dbg-pointer  -norm-name   /home/matt/workspace/sha1_hls/unroll_partitionw_datapackcont_inline/.autopilot/db/a.g.0.bc -o /home/matt/workspace/sha1_hls/unroll_partitionw_datapackcont_inline/.autopilot/db/a.g.1.bc -f  -phase std-opt
@I [XFORM-603] Inlining function 'SHA1CircularShift' into 'SHA1ProcessMessageBlock' (sha1_hls/sha1.c:92).
@I [XFORM-603] Inlining function 'SHA1CircularShift' into 'SHA1ProcessMessageBlock' (sha1_hls/sha1.c:86).
@I [XFORM-603] Inlining function 'SHA1CircularShift' into 'SHA1ProcessMessageBlock' (sha1_hls/sha1.c:80).
@I [XFORM-603] Inlining function 'SHA1CircularShift' into 'SHA1ProcessMessageBlock' (sha1_hls/sha1.c:74).
@I [XFORM-603] Inlining function 'SHA1CircularShift' into 'SHA1ProcessMessageBlock' (sha1_hls/sha1.c:63).
@I [XFORM-603] Inlining function 'SHA1CircularShift' into 'Swapping' (sha1_hls/sha1.c:10).
@I [XFORM-603] Inlining function 'Swapping' into 'SHA1ProcessMessageBlock' (sha1_hls/sha1.c:94).
@I [XFORM-603] Inlining function 'Swapping' into 'SHA1ProcessMessageBlock' (sha1_hls/sha1.c:88).
@I [XFORM-603] Inlining function 'Swapping' into 'SHA1ProcessMessageBlock' (sha1_hls/sha1.c:82).
@I [XFORM-603] Inlining function 'Swapping' into 'SHA1ProcessMessageBlock' (sha1_hls/sha1.c:76).
@I [HLS-0] Std xform time: 0 seconds per iteration
@I [HLS-100] Command "is_encrypted /home/matt/workspace/sha1_hls/unroll_partitionw_datapackcont_inline/.autopilot/db/a.g.1.bc "
@I [HLS-100] Command 'is_encrypted' returned 0; elapsed 0.000156Total elapsed time: 12.696 sec.
@I [HLS-10] Checking synthesizability ...
@0 [HLS-0] Checking synthesizability ...
@I [HLS-0] syn check 1/2: transform -hls -syn-check -check-rec-only -disaggr -scalarrepl -norm-name -dce  -mem2reg -instcombine  -function-uniquify -directive-preproc -mem2reg -dse -dce -auto-rom-infer -dce  -array-normalize -instcombine -dce  -array-seg-normalize -instcombine -dce  -array-flatten -instcombine -dce  -array-burst -dce  -deadargelim -promote-global-argument  -simplifycfg -mem2reg -globaldce -resolve-double-ptr  -dce -deadargelim -dce -instcombine  -function-inline -globaldce -dce  -doublePtrSimplify -doublePtrElim -dce  -doublePtrSimplify -promote-dbg-pointer  -dce -scalarrepl -dse -adse -instcombine  -ptrLegalization  -simplifycfg -dce -instcombine  -pointer-simplify -ptrArgReplace -dce -instcombine   -disaggr -scalarrepl -norm-name -dce  -mem2reg -instcombine -ptrLegalization   -simplifycfg -deadargelim  -instcombine -dce -inst-simplify  -function-uniquify -directive-preproc -mem2reg -dse -dce  -globaldce    /home/matt/workspace/sha1_hls/unroll_partitionw_datapackcont_inline/.autopilot/db/a.g.1.bc -o /home/matt/workspace/sha1_hls/unroll_partitionw_datapackcont_inline/.autopilot/db/a.g.2.prechk.bc -f
@I [HLS-0] Syn check 1/2 time: 0 seconds per iteration
@I [HLS-0] syn check 2/2: transform -syn-check   /home/matt/workspace/sha1_hls/unroll_partitionw_datapackcont_inline/.autopilot/db/a.g.2.prechk.bc -o /home/matt/workspace/sha1_hls/unroll_partitionw_datapackcont_inline/.autopilot/db/a.g.2.bc -f  -phase syn-check
@I [HLS-0] Syn check 2/2 time: 0 seconds per iteration
@I [HLS-0] Compiler optimizing ...
@I [HLS-0] Share syncheck's 1.bc for syn flow: copy /home/matt/workspace/sha1_hls/unroll_partitionw_datapackcont_inline/.autopilot/db/a.g.1.bc to /home/matt/workspace/sha1_hls/unroll_partitionw_datapackcont_inline/.autopilot/db/a.o.1.bc
@I [HLS-0] presyn 1: transform -hls -tmp /home/matt/workspace/sha1_hls/unroll_partitionw_datapackcont_inline/.autopilot/db -type-info  -function-uniquify -directive-preproc -mem2reg -dse -dce  -disaggr -scalarrepl -norm-name -deadargelim  -mem2reg -instcombine -dce -auto-rom-infer -dce -function-uniquify  -resource-proc  -simplifycfg -mem2reg -globaldce -resolve-double-ptr -dce -deadargelim -dce -instcombine  -clib-intrinsic-prepare -dce  -func-buffer -dce -array-normalize  -func-legal -instcombine -gvn -constprop -dce   -ptrArgReplace -mem2reg -instcombine -dce  -array-seg-normalize -deadargelim  -instcombine -dce  -pointer-simplify -dce  -port-alignment -dce  -interface-preproc  -data-pack -instcombine -dce   -basicaa -aggr-aa -aggrmodref-aa -aggr-aa -gvn -gvn  -basicaa -aggr-aa -aggrmodref-aa -aggr-aa -dse -adse -adce  -loop-simplify -indvars -instcombine  -gvn -loop-simplify -mem2reg -dce -simplifycfg  -find-region -instcombine  -auto-loop-pipeline  -inst-simplify  -interface-preproc  -indvars -auto-loop-unroll -loop-simplify -loop-bound -xunroll  -constprop -instcombine -simplifycfg -indvars  -simplifycfg -dce -globaldce  -attach-range  -gvn -inst-simplify  -constprop -simplifycfg -dce  -pointer-simplify -dce  -globalopt -constprop -dce  -array-promote -constprop -instcombine -dce  -ptrArgReplace -mem2reg  -instcombine -simplifycfg -dce  -auto-par -instcombine -dce  -array-transform-check  -array-reshape -instcombine -simplifycfg -dce  -ptrArgReplace -deadargelim -mem2reg  -instcombine -simplifycfg -dce   -indvars -loop-simplify -loop-bound -xunroll  -constprop -instcombine -simplifycfg -indvars  -simplifycfg -dce -globaldce  -duplicate-dataflow-processes -globaldce  -array-partition -instcombine -simplifycfg -dce  -ptrArgReplace -global-constprop -deadargelim -mem2reg  -func-legal -instcombine -dce -global-constprop -deadargelim -mem2reg  -instcombine -simplifycfg -dce   -globalopt -constprop -dce  -array-promote -constprop -instcombine -dce  -ptrArgReplace -mem2reg  -instcombine -simplifycfg -dce   -mem-intrinsic-preproc -dce  -global-privatize  -mem2reg -globaldce  -promote-global-argument  -ptrArgReplace -mem2reg -instcombine -dce  -globalopt -mergereturn -simplify-global-access -mem2reg -dce  -pointer-simplify -dce  -functionattrs  -basicaa -aggr-aa -aggrmodref-aa -aggr-aa -gvn -gvn  -basicaa -aggr-aa -aggrmodref-aa -aggr-aa -dse -adse -adce  -inst-simplify -dce -norm-name  -function-inline -globaldce  -func-inst -constprop -instcombine -simplifycfg -dce  -func-legal -dce   -loop-bound  -arraycheck -bitwidthmin -on-by-dataflow  -loop-delete -instcombine -simplifycfg  -globaldce -dce -gvn -deadargelim -dce -loop-simplify -clean-region -simplifycfg -propagate-stable-arguments  -loop-stream -instcombine -simplifycfg -dce -globaldce  -stream-intrinsic-preproc -dce  -check-ap-stream -loop-simplify -eliminate-keepreads  -extract-dataflow-in-loop -loop-simplify -dce -gvn -deadargelim -dse  -check-dataflow-syntax  -legalize-stream-variable -legalize-global -legalize-global-1  -extract-subproc -dce -dead-channel-elimination  -canonicalize-gep -globaldce -dce -gvn -deadargelim  -scalar-propagation -deadargelim -globaldce -mem2reg  -check-dataflow-channels -function-stream -dce -globaldce  -prop-fifo-spec -internal-stream-gen  -canonicalize-gep -globaldce -dce -gvn -deadargelim   -mergereturn -indvars -loop-simplify -instcombine  -array-stream -instcombine -simplifycfg -dce  -bundle-memfifo-ops -deadargelim    -function-uniquify -directive-preproc -mem2reg -dse -dce  -group-axi-access    -licm -simplifycfg -dce -loop-delete  -norm-name  /home/matt/workspace/sha1_hls/unroll_partitionw_datapackcont_inline/.autopilot/db/a.o.1.bc -o /home/matt/workspace/sha1_hls/unroll_partitionw_datapackcont_inline/.autopilot/db/a.o.1.tmp.bc -f
@I [XFORM-1101] Packing variable 'context' (sha1_hls/sha1.c:37) into a 688-bit variable.
@I [XFORM-501] Unrolling loop 'loop1' (sha1_hls/sha1.c:54) in function 'SHA1ProcessMessageBlock' completely.
@I [XFORM-501] Unrolling loop 'loop2' (sha1_hls/sha1.c:62) in function 'SHA1ProcessMessageBlock' completely.
@I [XFORM-501] Unrolling loop 'loop3' (sha1_hls/sha1.c:73) in function 'SHA1ProcessMessageBlock' completely.
@I [XFORM-501] Unrolling loop 'loop4' (sha1_hls/sha1.c:79) in function 'SHA1ProcessMessageBlock' completely.
@I [XFORM-501] Unrolling loop 'loop5' (sha1_hls/sha1.c:85) in function 'SHA1ProcessMessageBlock' completely.
@I [XFORM-501] Unrolling loop 'loop6' (sha1_hls/sha1.c:91) in function 'SHA1ProcessMessageBlock' completely.
@I [XFORM-101] Partitioning array 'W' (sha1_hls/sha1.c:47) in dimension 1 completely.
@I [HLS-0] Presyn 1 time: 16 seconds per iteration
@I [HLS-0] presyn 2: transform -hls -keep-callgraph -scalarrepl -mem2reg  -port-alignment -attach-range -dce  -pipe-mux-gen  -indvars -loop-bound  -inst-simplify -instcombine -dce  -merge-array-access -mem2reg -dce  -clean-region -mergereturn -if-conv  -instcombine -dce -constprop  -basicaa -aggr-aa -aggrmodref-aa -aggr-aa -gvn -gvn  -basicaa -aggr-aa -aggrmodref-aa -aggr-aa -dse -adse -adce  -scalarrepl -mem2reg  -global-constprop -deadargelim -deadargelim  -instcombine -dce -simplifycfg    -ptrArgReplace -mem2reg -function-inline  -globaldce -mem2reg -instcombine -dce -expr-balance  -instcombine -dce  -bitwidthmin  -interface-preproc -directive-preproc  -inst-rectify -instcombine -dce  -functionattrs  -constprop -instcombine -bit-constprop  -simplify-global-access  -globalopt -globaldce  -inst-simplify -instcombine -elimdeaddata -dce  -loop-delete -simplifycfg -loop-simplify -auto-burst   -norm-name /home/matt/workspace/sha1_hls/unroll_partitionw_datapackcont_inline/.autopilot/db/a.o.1.tmp.bc -o /home/matt/workspace/sha1_hls/unroll_partitionw_datapackcont_inline/.autopilot/db/a.o.2.bc -f  -phase presyn
@I [XFORM-11] Balancing expressions in function 'SHA1ProcessMessageBlock' (sha1_hls/sha1.c:37)...750 expression(s) balanced.
@I [HLS-0] Presyn 2 time: 3 seconds per iteration
@I [HLS-100] Command "is_encrypted /home/matt/workspace/sha1_hls/unroll_partitionw_datapackcont_inline/.autopilot/db/a.o.2.bc "
@I [HLS-100] Command 'is_encrypted' returned 0; elapsed 0.000166Total elapsed time: 33.566 sec.
@I [HLS-0] build ssdm: transform -hls  -function-uniquify -auto-function-inline -globaldce  -ptrArgReplace -mem2reg -instcombine -dce  -reset-lda  -loop-simplify -indvars -licm -loop-dep  -loop-bound -licm -loop-simplify -flattenloopnest  -array-flatten -gvn -instcombine -dce  -array-map -dce -func-legal  -gvn -adce -instcombine -cfgopt -simplifycfg -loop-simplify   -array-burst -promote-global-argument -dce  -axi4-lower -array-seg-normalize  -basicaa -aggrmodref-aa -globalsmodref-aa -aggr-aa -gvn -gvn  -basicaa -aggrmodref-aa -globalsmodref-aa -aggr-aa -dse -adse -adce -licm  -inst-simplify -dce  -globaldce -instcombine -array-stream -eliminate-keepreads -instcombine  -dce   -deadargelim -doublePtrSimplify  -doublePtrElim -dce -doublePtrSimplify -promote-dbg-pointer  -dce -scalarrepl -mem2reg -disaggr -norm-name -mem2reg  -instcombine  -dse -adse -adce -ptrLegalization -dce -auto-rom-infer -array-flatten -dce -instcombine  -loop-rot -constprop -cfgopt -simplifycfg -loop-simplify -indvars -pointer-simplify -dce -loop-bound  -loop-simplify -loop-preproc  -constprop -global-constprop -gvn -mem2reg -instcombine -dce  -loop-merge -dce  -bitwidthmin  -deadargelim -dce  -scalar-propagation -deadargelim -globaldce -mem2reg  -interface-preproc -interface-gen  -deadargelim -directive-preproc -inst-simplify -dce  -gvn -mem2reg -instcombine -dce -adse  -loop-bound  -instcombine -cfgopt -simplifycfg -loop-simplify  -clean-region -io-protocol  -find-region -mem2reg  -bitop-raise  -inst-simplify -inst-rectify -instcombine -adce -deadargelim  -loop-simplify -phi-opt -bitop-raise  -cfgopt -simplifycfg -strip-dead-prototypes  -interface-lower -bitop-lower -intrinsic-lower -auto-function-inline  -basicaa -aggrmodref-aa -globalsmodref-aa -aggr-aa  -inst-simplify -simplifycfg   -mergereturn -inst-simplify -inst-rectify  -dce -bitop-lower  -loop-rewind -pointer-simplify -dce -cfgopt  -read-loop-dep -dce -bitwidth -norm-name -legalize    -cdfg-build  /home/matt/workspace/sha1_hls/unroll_partitionw_datapackcont_inline/.autopilot/db/a.o.2.bc -o /home/matt/workspace/sha1_hls/unroll_partitionw_datapackcont_inline/.autopilot/db/a.o.3.bc -f  -phase build-ssdm
@I [HLS-0] Build ssdm time: 31 seconds per iteration
@I [HLS-100] Command "is_encrypted /home/matt/workspace/sha1_hls/unroll_partitionw_datapackcont_inline/.autopilot/db/a.o.3.bc "
@I [HLS-100] Command 'is_encrypted' returned 0; elapsed 0.000217Total elapsed time: 64.742 sec.
@I [HLS-0] Finish building internal data model.
@I [HLS-100] Command 'opt_and_import_c' returned 0; elapsed 52.2005Total elapsed time: 64.853 sec.
@I [HLS-111] Elapsed time: 55.1721 seconds; current memory usage: 66.2 MB.
@I [HLS-100] Command 'elaborate' returned 0; elapsed 53.6525Total elapsed time: 64.856 sec.
@I [HLS-100] Command "autosyn "
@I [HLS-10] Starting hardware synthesis ...
@0 [HLS-0] Starting hardware synthesis ...
@I [HLS-0] Synthesizing C/C++ design ...
@I [HLS-10] Synthesizing 'SHA1ProcessMessageBlock' ...
@0 [HLS-0] Synthesizing 'SHA1ProcessMessageBlock' ...
@I [HLS-100] Command "ap_set_top_model SHA1ProcessMessageBlock "
@I [HLS-100] Command 'ap_set_top_model' returned 0; elapsed 0.000338Total elapsed time: 64.860 sec.
@I [HLS-100] Command "get_model_list SHA1ProcessMessageBlock -filter all-wo-channel -topdown "
@I [HLS-100] Command 'get_model_list' returned 0; elapsed 0.000173Total elapsed time: 64.862 sec.
@I [HLS-100] Command "preproc_iomode -model SHA1ProcessMessageBlock "
@I [HLS-100] Command 'preproc_iomode' returned 0; elapsed 0.001598Total elapsed time: 64.864 sec.
@I [HLS-100] Command "get_model_list SHA1ProcessMessageBlock -filter all-wo-channel "
@I [HLS-100] Command 'get_model_list' returned 0; elapsed 0.000244Total elapsed time: 64.867 sec.
@I [HLS-0] Model list for configure: SHA1ProcessMessageBlock
@I [HLS-0] Configuring Module : SHA1ProcessMessageBlock ...
@I [HLS-100] Command "set_default_model SHA1ProcessMessageBlock "
@I [HLS-100] Command 'set_default_model' returned 0; elapsed 5e-05Total elapsed time: 64.868 sec.
@I [HLS-100] Command "apply_spec_resource_limit SHA1ProcessMessageBlock "
@I [HLS-100] Command 'apply_spec_resource_limit' returned 0; elapsed 0.000666Total elapsed time: 64.869 sec.
@I [HLS-0] Model list for preprocess: SHA1ProcessMessageBlock
@I [HLS-0] Preprocessing Module: SHA1ProcessMessageBlock ...
@I [HLS-100] Command "set_default_model SHA1ProcessMessageBlock "
@I [HLS-100] Command 'set_default_model' returned 0; elapsed 4e-05Total elapsed time: 64.870 sec.
@I [HLS-100] Command "cdfg_preprocess -model SHA1ProcessMessageBlock "
@I [HLS-100] Command 'cdfg_preprocess' returned 0; elapsed 0.011542Total elapsed time: 64.883 sec.
@I [HLS-100] Command "rtl_gen_preprocess SHA1ProcessMessageBlock "
@I [HLS-100] Command 'rtl_gen_preprocess' returned 0; elapsed 0.003238Total elapsed time: 64.887 sec.
@I [HLS-0] Model list for synthesis: SHA1ProcessMessageBlock
@I [HLS-10] ----------------------------------------------------------------
@0 [HLS-0] ----------------------------------------------------------------
@I [HLS-10] -- Scheduling module 'SHA1ProcessMessageBlock' 
@0 [HLS-0] -- Scheduling module 'SHA1ProcessMessageBlock' 
@I [HLS-10] ----------------------------------------------------------------
@0 [HLS-0] ----------------------------------------------------------------
@I [HLS-100] Command "set_default_model SHA1ProcessMessageBlock "
@I [HLS-100] Command 'set_default_model' returned 0; elapsed 3.2e-05Total elapsed time: 64.889 sec.
@I [HLS-100] Command "schedule -model SHA1ProcessMessageBlock "
@I [SCHED-11] Starting scheduling ...
@I [SCHED-11] Finished scheduling.
@I [HLS-100] Command 'schedule' returned 0; elapsed 3.98446Total elapsed time: 68.874 sec.
@I [HLS-111] Elapsed time: 4.03181 seconds; current memory usage: 70.5 MB.
@I [HLS-100] Command "report -o /home/matt/workspace/sha1_hls/unroll_partitionw_datapackcont_inline/.autopilot/db/SHA1ProcessMessageBlock.verbose.sched.rpt -verbose -f "
@I [HLS-100] Command 'report' returned 0; elapsed 0.417441Total elapsed time: 69.306 sec.
@I [HLS-100] Command "db_write -o /home/matt/workspace/sha1_hls/unroll_partitionw_datapackcont_inline/.autopilot/db/SHA1ProcessMessageBlock.sched.adb -f "
@I [HLS-100] Command 'db_write' returned 0; elapsed 0.587363Total elapsed time: 69.895 sec.
@I [HLS-0] Finish scheduling SHA1ProcessMessageBlock.
@I [HLS-10] ----------------------------------------------------------------
@0 [HLS-0] ----------------------------------------------------------------
@I [HLS-10] -- Exploring micro-architecture for module 'SHA1ProcessMessageBlock' 
@0 [HLS-0] -- Exploring micro-architecture for module 'SHA1ProcessMessageBlock' 
@I [HLS-10] ----------------------------------------------------------------
@0 [HLS-0] ----------------------------------------------------------------
@I [HLS-100] Command "set_default_model SHA1ProcessMessageBlock "
@I [HLS-100] Command 'set_default_model' returned 0; elapsed 3.8e-05Total elapsed time: 69.898 sec.
@I [HLS-100] Command "bind -model SHA1ProcessMessageBlock "
@I [BIND-110] clear=
@I [BIND-110] debug=
@I [BIND-110] drf=
@I [BIND-110] effort=
@I [BIND-110] fast_refine=
@I [BIND-110] fu_weight=[ 0.0 -- 1.0 ]
@I [BIND-110] global_opt=
@I [BIND-110] gsearch=
@I [BIND-110] help=
@I [BIND-110] help-hidden=
@I [BIND-110] min_mem_port=
@I [BIND-110] min_op=
@I [BIND-110] minreg=
@I [BIND-110] ml=
@I [BIND-110] model=SHA1ProcessMessageBlock
@I [BIND-110] no_false_path=
@I [BIND-110] no_min_op=
@I [BIND-110] normalize=
@I [BIND-110] quiet=
@I [BIND-110] refine=
@I [BIND-110] reg_weight=[ 0.0 -- 1.0 ]
@I [BIND-110] search=
@I [BIND-110] tight_delay=
@I [BIND-110] verbose=
@I [BIND-110] wFF=
@I [BIND-110] wFU=
@I [BIND-110] wMUX=
@I [BIND-110] wNET=
@I [BIND-100] Starting micro-architecture generation ...
@I [BIND-101] Performing variable lifetime analysis.
@I [BIND-101] Exploring resource sharing.
@I [BIND-101] Binding ...
@I [BIND-100] Finished micro-architecture generation.
@I [HLS-100] Command 'bind' returned 0; elapsed 3.00953Total elapsed time: 72.909 sec.
@I [HLS-111] Elapsed time: 4.02066 seconds; current memory usage: 76.7 MB.
@I [HLS-100] Command "report -o /home/matt/workspace/sha1_hls/unroll_partitionw_datapackcont_inline/.autopilot/db/SHA1ProcessMessageBlock.verbose.bind.rpt -verbose -f "
@I [HLS-100] Command 'report' returned 0; elapsed 3.09792Total elapsed time: 76.8 sec.
@I [HLS-100] Command "db_write -o /home/matt/workspace/sha1_hls/unroll_partitionw_datapackcont_inline/.autopilot/db/SHA1ProcessMessageBlock.bind.adb -f "
@I [HLS-100] Command 'db_write' returned 0; elapsed 0.689419Total elapsed time: 76.699 sec.
@I [HLS-0] Finish binding SHA1ProcessMessageBlock.
@I [HLS-100] Command "get_model_list SHA1ProcessMessageBlock -filter all-wo-channel "
@I [HLS-100] Command 'get_model_list' returned 0; elapsed 0.000293Total elapsed time: 76.700 sec.
@I [HLS-0] Preprocessing for RTLGen ...
@I [HLS-100] Command "rtl_gen_preprocess SHA1ProcessMessageBlock "
@I [HLS-100] Command 'rtl_gen_preprocess' returned 0; elapsed 0.002982Total elapsed time: 76.703 sec.
@I [HLS-0] Model list for RTL generation: SHA1ProcessMessageBlock
@I [HLS-10] ----------------------------------------------------------------
@0 [HLS-0] ----------------------------------------------------------------
@I [HLS-10] -- Generating RTL for module 'SHA1ProcessMessageBlock' 
@0 [HLS-0] -- Generating RTL for module 'SHA1ProcessMessageBlock' 
@I [HLS-10] ----------------------------------------------------------------
@0 [HLS-0] ----------------------------------------------------------------
@I [HLS-100] Command "create_rtl_model SHA1ProcessMessageBlock -vendor xilinx -mg_file /home/matt/workspace/sha1_hls/unroll_partitionw_datapackcont_inline/.autopilot/db/SHA1ProcessMessageBlock.compgen.tcl "
@I [RTGEN-500] Setting interface mode on port 'SHA1ProcessMessageBlock/context' to 'ap_ovld'.
@I [RTGEN-500] Setting interface mode on function 'SHA1ProcessMessageBlock' to 'ap_ctrl_hs'.
@I [RTGEN-100] Finished creating RTL model for 'SHA1ProcessMessageBlock'.
@I [HLS-100] Command 'create_rtl_model' returned 0; elapsed 1.56027Total elapsed time: 78.275 sec.
@I [HLS-111] Elapsed time: 5.35936 seconds; current memory usage: 86.7 MB.
@I [HLS-100] Command "source /home/matt/workspace/sha1_hls/unroll_partitionw_datapackcont_inline/.autopilot/db/SHA1ProcessMessageBlock.rtl_wrap.cfg.tcl "
@I [HLS-100] Command 'ap_source' returned 0; elapsed 0.001176Total elapsed time: 78.280 sec.
@I [HLS-100] Command "gen_rtl SHA1ProcessMessageBlock -istop -style xilinx -tracefl mytrace -tracefmt vcd -traceopt all -f -lang sc -o /home/matt/workspace/sha1_hls/unroll_partitionw_datapackcont_inline/syn/systemc/SHA1ProcessMessageBlock -synmodules SHA1ProcessMessageBlock "
@I [HLS-100] Command 'gen_rtl' returned 0; elapsed 0.079913Total elapsed time: 78.363 sec.
@I [HLS-100] Command "gen_rtl SHA1ProcessMessageBlock -istop -style xilinx -f -lang vhdl -o /home/matt/workspace/sha1_hls/unroll_partitionw_datapackcont_inline/syn/vhdl/SHA1ProcessMessageBlock "
@I [HLS-100] Command 'gen_rtl' returned 0; elapsed 1.93412Total elapsed time: 80.312 sec.
@I [HLS-100] Command "gen_rtl SHA1ProcessMessageBlock -istop -style xilinx -f -lang vlog -o /home/matt/workspace/sha1_hls/unroll_partitionw_datapackcont_inline/syn/verilog/SHA1ProcessMessageBlock "
@I [HLS-100] Command 'gen_rtl' returned 0; elapsed 1.08467Total elapsed time: 81.414 sec.
@I [HLS-100] Command "export_constraint_db -o /home/matt/workspace/sha1_hls/unroll_partitionw_datapackcont_inline/.autopilot/db/SHA1ProcessMessageBlock.constraint.tcl -f -tool general "
@I [HLS-100] Command 'export_constraint_db' returned 0; elapsed 0.001296Total elapsed time: 81.416 sec.
@I [HLS-100] Command "report -model SHA1ProcessMessageBlock -o /home/matt/workspace/sha1_hls/unroll_partitionw_datapackcont_inline/.autopilot/db/SHA1ProcessMessageBlock.design.xml -verbose -f -dv "
@I [HLS-100] Command 'report' returned 0; elapsed 2.10788Total elapsed time: 83.536 sec.
@I [HLS-100] Command "report -model SHA1ProcessMessageBlock -o /home/matt/workspace/sha1_hls/unroll_partitionw_datapackcont_inline/.autopilot/db/SHA1ProcessMessageBlock.sdaccel.xml -verbose -f -sdaccel "
@I [HLS-100] Command 'report' returned 0; elapsed 2.95659Total elapsed time: 86.506 sec.
@I [HLS-100] Command "gen_tb_info SHA1ProcessMessageBlock -o /home/matt/workspace/sha1_hls/unroll_partitionw_datapackcont_inline/.autopilot/db/SHA1ProcessMessageBlock -p /home/matt/workspace/sha1_hls/unroll_partitionw_datapackcont_inline/.autopilot/db "
@I [HLS-100] Command 'gen_tb_info' returned 0; elapsed 0.006503Total elapsed time: 86.513 sec.
@I [HLS-100] Command "report -model SHA1ProcessMessageBlock -o /home/matt/workspace/sha1_hls/unroll_partitionw_datapackcont_inline/syn/report/SHA1ProcessMessageBlock_csynth.rpt -f "
@I [HLS-100] Command 'report' returned 0; elapsed 1.0137Total elapsed time: 87.528 sec.
@I [HLS-100] Command "report -model SHA1ProcessMessageBlock -o /home/matt/workspace/sha1_hls/unroll_partitionw_datapackcont_inline/syn/report/SHA1ProcessMessageBlock_csynth.xml -f -x "
@I [HLS-100] Command 'report' returned 0; elapsed 0.94155Total elapsed time: 88.473 sec.
@I [HLS-100] Command "report -model SHA1ProcessMessageBlock -o /home/matt/workspace/sha1_hls/unroll_partitionw_datapackcont_inline/.autopilot/db/SHA1ProcessMessageBlock.verbose.rpt -verbose -f "
@I [HLS-100] Command 'report' returned 0; elapsed 4.24073Total elapsed time: 92.730 sec.
@I [HLS-100] Command "db_write -model SHA1ProcessMessageBlock -o /home/matt/workspace/sha1_hls/unroll_partitionw_datapackcont_inline/.autopilot/db/SHA1ProcessMessageBlock.adb -f "
@I [HLS-100] Command 'db_write' returned 0; elapsed 1.78057Total elapsed time: 94.514 sec.
@I [HLS-100] Command "sc_get_clocks SHA1ProcessMessageBlock "
@I [HLS-100] Command 'sc_get_clocks' returned 0; elapsed 1.8e-05Total elapsed time: 95.662 sec.
@I [HLS-100] Command "sc_get_portdomain SHA1ProcessMessageBlock "
@I [HLS-100] Command 'sc_get_portdomain' returned 0; elapsed 1.4e-05Total elapsed time: 95.662 sec.
@I [HLS-0] Model list for RTL component generation: SHA1ProcessMessageBlock
@I [HLS-0] Handling components in module [SHA1ProcessMessageBlock] ... 
@I [HLS-100] Command "source /home/matt/workspace/sha1_hls/unroll_partitionw_datapackcont_inline/.autopilot/db/SHA1ProcessMessageBlock.compgen.tcl "
@I [HLS-100] Command 'ap_source' returned 0; elapsed 0.00056Total elapsed time: 95.669 sec.
@I [HLS-0] Append model SHA1ProcessMessageBlock
@I [HLS-0] Generating RTL model list ...
@I [HLS-0] All models in this session: SHA1ProcessMessageBlock
@I [HLS-0] To file: write model SHA1ProcessMessageBlock
@I [HLS-0] Finished generating RTL model list.


@I [HLS-0] RTL Generation done.
@I [HLS-0] CAS Generation done.
@I [HLS-0] CBC Generation done.
@I [HLS-100] Command "export_ssdm /home/matt/workspace/sha1_hls/unroll_partitionw_datapackcont_inline/.autopilot/db/a.export.ll "
@I [HLS-100] Command 'export_ssdm' returned 0; elapsed 0.005758Total elapsed time: 95.679 sec.
@I [HLS-100] Command "source /home/matt/workspace/sha1_hls/unroll_partitionw_datapackcont_inline/.autopilot/db/global.setting.tcl "
@I [HLS-100] Command 'ap_source' returned 0; elapsed 0.000548Total elapsed time: 95.689 sec.
@I [HLS-100] Command "source /opt/Xilinx/Vivado_HLS/2016.1/common/technology/generic/autopilot/common.gen "
@I [HLS-100] Command "source /opt/Xilinx/Vivado_HLS/2016.1/common/technology/generic/autopilot/APCoreGen.gen "
@I [HLS-100] Command 'ap_source' returned 0; elapsed 0.001455Total elapsed time: 95.693 sec.
@I [HLS-100] Command 'ap_source' returned 0; elapsed 0.003306Total elapsed time: 95.694 sec.
@I [HLS-100] Command "source /opt/Xilinx/Vivado_HLS/2016.1/common/technology/generic/autopilot/op.gen "
@I [HLS-100] Command 'ap_source' returned 0; elapsed 0.000793Total elapsed time: 95.695 sec.
@I [HLS-100] Command "source /opt/Xilinx/Vivado_HLS/2016.1/common/technology/generic/autopilot/op_simcore.gen "
@I [HLS-100] Command 'ap_source' returned 0; elapsed 0.002383Total elapsed time: 95.698 sec.
@I [HLS-100] Command "source /opt/Xilinx/Vivado_HLS/2016.1/common/technology/generic/autopilot/interface.gen "
@I [HLS-100] Command 'ap_source' returned 0; elapsed 0.00027Total elapsed time: 95.699 sec.
@I [HLS-100] Command "source /home/matt/workspace/sha1_hls/unroll_partitionw_datapackcont_inline/.autopilot/db/global.setting.tcl "
@I [HLS-100] Command 'ap_source' returned 0; elapsed 0.000459Total elapsed time: 95.700 sec.
@I [HLS-100] Command "source /opt/Xilinx/Vivado_HLS/2016.1/common/technology/xilinx/zynq/zynq.gen "
@I [HLS-100] Command "source /opt/Xilinx/Vivado_HLS/2016.1/common/technology/xilinx/common/virtex.gen "
@I [HLS-100] Command "source /opt/Xilinx/Vivado_HLS/2016.1/common/technology/xilinx/common/xilinx.gen "
@I [HLS-100] Command "source /opt/Xilinx/Vivado_HLS/2016.1/common/technology/xilinx/interface/plb46.gen "
@I [HLS-100] Command 'ap_source' returned 0; elapsed 0.004509Total elapsed time: 95.708 sec.
@I [HLS-100] Command "source /opt/Xilinx/Vivado_HLS/2016.1/common/technology/xilinx/interface/fsl.gen "
@I [HLS-100] Command 'ap_source' returned 0; elapsed 0.002018Total elapsed time: 95.711 sec.
@I [HLS-100] Command "source /opt/Xilinx/Vivado_HLS/2016.1/common/technology/xilinx/interface/axi4.gen "
@I [HLS-100] Command 'ap_source' returned 0; elapsed 0.006683Total elapsed time: 95.718 sec.
@I [HLS-100] Command "source /opt/Xilinx/Vivado_HLS/2016.1/common/technology/xilinx/interface/nativeAXI4.gen "
@I [HLS-100] Command "source /opt/Xilinx/Vivado_HLS/2016.1/common/technology/xilinx/interface/saxilite.gen "
@I [HLS-100] Command 'ap_source' returned 0; elapsed 0.010553Total elapsed time: 95.730 sec.
@I [HLS-100] Command "source /opt/Xilinx/Vivado_HLS/2016.1/common/technology/xilinx/interface/maxi.gen "
@I [HLS-100] Command 'ap_source' returned 0; elapsed 0.023142Total elapsed time: 95.754 sec.
@I [HLS-100] Command 'ap_source' returned 0; elapsed 0.035355Total elapsed time: 95.754 sec.
@I [HLS-100] Command "source /opt/Xilinx/Vivado_HLS/2016.1/common/technology/xilinx/scripts/xilinxcoregen.gen "
@I [HLS-100] Command 'ap_source' returned 0; elapsed 0.03483Total elapsed time: 95.790 sec.
@I [HLS-100] Command "source /opt/Xilinx/Vivado_HLS/2016.1/common/technology/xilinx/interface/XilEDKCoreGen.gen "
@I [HLS-100] Command 'ap_source' returned 0; elapsed 0.026411Total elapsed time: 95.817 sec.
@I [HLS-100] Command "source /opt/Xilinx/Vivado_HLS/2016.1/common/technology/xilinx/ip/util.gen "
@I [HLS-100] Command 'ap_source' returned 0; elapsed 0.000438Total elapsed time: 95.819 sec.
@I [HLS-100] Command "source /opt/Xilinx/Vivado_HLS/2016.1/common/technology/xilinx/ip/xfir.gen "
@I [HLS-100] Command 'ap_source' returned 0; elapsed 0.002151Total elapsed time: 95.821 sec.
@I [HLS-100] Command "source /opt/Xilinx/Vivado_HLS/2016.1/common/technology/xilinx/ip/dds_compiler.gen "
@I [HLS-100] Command 'ap_source' returned 0; elapsed 0.01083Total elapsed time: 95.833 sec.
@I [HLS-100] Command "source /opt/Xilinx/Vivado_HLS/2016.1/common/technology/xilinx/ip/xfft.gen "
@I [HLS-100] Command 'ap_source' returned 0; elapsed 0.384217Total elapsed time: 96.218 sec.
@I [HLS-100] Command 'ap_source' returned 0; elapsed 0.514971Total elapsed time: 96.218 sec.
@I [HLS-100] Command "source /opt/Xilinx/Vivado_HLS/2016.1/common/technology/xilinx/common/dsp48.gen "
@I [HLS-100] Command 'ap_source' returned 0; elapsed 0.000447Total elapsed time: 96.225 sec.
@I [HLS-100] Command 'ap_source' returned 0; elapsed 0.523333Total elapsed time: 96.226 sec.
@I [HLS-100] Command 'ap_source' returned 0; elapsed 0.524148Total elapsed time: 96.226 sec.
@I [HLS-100] Command "source /opt/Xilinx/Vivado_HLS/2016.1/common/technology/xilinx/zynq/zynq_fpv6.gen "
@I [HLS-100] Command "source /opt/Xilinx/Vivado_HLS/2016.1/common/technology/xilinx/common/xilinx_fpv6.gen "
@I [HLS-100] Command 'ap_source' returned 0; elapsed 0.005045Total elapsed time: 96.232 sec.
@I [HLS-100] Command 'ap_source' returned 0; elapsed 0.005793Total elapsed time: 96.232 sec.
@I [HLS-100] Command "source /home/matt/workspace/sha1_hls/unroll_partitionw_datapackcont_inline/.autopilot/db/global.setting.tcl "
@I [HLS-100] Command 'ap_source' returned 0; elapsed 0.000469Total elapsed time: 96.234 sec.
@I [HLS-100] Command "source /home/matt/workspace/sha1_hls/unroll_partitionw_datapackcont_inline/.autopilot/db/global.setting.tcl "
@I [HLS-100] Command 'ap_source' returned 0; elapsed 0.000439Total elapsed time: 96.236 sec.
@I [HLS-100] Command "source /home/matt/workspace/sha1_hls/unroll_partitionw_datapackcont_inline/.autopilot/db/global.setting.tcl "
@I [HLS-100] Command 'ap_source' returned 0; elapsed 0.000435Total elapsed time: 96.238 sec.
@I [HLS-100] Command "source /home/matt/workspace/sha1_hls/unroll_partitionw_datapackcont_inline/.autopilot/db/global.setting.tcl "
@I [HLS-100] Command 'ap_source' returned 0; elapsed 0.000414Total elapsed time: 96.239 sec.
@I [HLS-100] Command "source /home/matt/workspace/sha1_hls/unroll_partitionw_datapackcont_inline/.autopilot/db/SHA1ProcessMessageBlock.compgen.tcl "
@I [HLS-100] Command 'ap_source' returned 0; elapsed 0.000341Total elapsed time: 96.241 sec.
@I [HLS-10] Finished generating all RTL models.
@0 [HLS-0] Finished generating all RTL models.
@I [SYSC-301] Generating SystemC RTL for SHA1ProcessMessageBlock.
@I [VHDL-304] Generating VHDL RTL for SHA1ProcessMessageBlock.
@I [VLOG-307] Generating Verilog RTL for SHA1ProcessMessageBlock.
@I [HLS-100] Command 'autosyn' returned 0; elapsed 31.3055Total elapsed time: 96.245 sec.
@I [HLS-100] Command 'csynth_design' returned 0; elapsed 84.9598Total elapsed time: 96.245 sec.
@I [HLS-100] Command 'ap_source' returned 0; elapsed 85.7265Total elapsed time: 96.246 sec.
@I [HLS-100] Command "cleanup_all "
@I [HLS-100] Command 'cleanup_all' returned 0; elapsed 0.092401Total elapsed time: 96.339 sec.
