==============================================================
File generated by Vivado(TM) HLS - High-Level Synthesis from C, C++ and SystemC
Version: 2016.1
Copyright (C) 1986-2016 Xilinx, Inc. All Rights Reserved.

==============================================================

@I [SYN-201] Setting up clock 'default' with a period of 10ns.
@I [HLS-10] Setting target device to 'xc7z020clg484-1'
@I [HLS-10] Analyzing design file 'sha1_hls/sha1.c' ... 
@I [HLS-10] Analyzing design file 'sha1_hls/sha1_original.c' ... 
@I [HLS-10] Validating synthesis directives ...
@I [HLS-10] Starting code transformations ...
@I [HLS-10] Checking synthesizability ...
@I [XFORM-502] Unrolling all loops for pipelining in function 'SHA1ProcessMessageBlock' (sha1_hls/sha1.c:37).
@I [XFORM-501] Unrolling loop 'loop1' (sha1_hls/sha1.c:54) in function 'SHA1ProcessMessageBlock' completely.
@I [XFORM-501] Unrolling loop 'loop2' (sha1_hls/sha1.c:62) in function 'SHA1ProcessMessageBlock' completely.
@I [XFORM-501] Unrolling loop 'loop3' (sha1_hls/sha1.c:73) in function 'SHA1ProcessMessageBlock' completely.
@I [XFORM-501] Unrolling loop 'loop4' (sha1_hls/sha1.c:79) in function 'SHA1ProcessMessageBlock' completely.
@I [XFORM-501] Unrolling loop 'loop5' (sha1_hls/sha1.c:85) in function 'SHA1ProcessMessageBlock' completely.
@I [XFORM-501] Unrolling loop 'loop6' (sha1_hls/sha1.c:91) in function 'SHA1ProcessMessageBlock' completely.
@I [XFORM-11] Balancing expressions in function 'SHA1ProcessMessageBlock' (sha1_hls/sha1.c:37)...512 expression(s) balanced.
@I [HLS-111] Elapsed time: 35.0468 seconds; current memory usage: 84 MB.
@I [HLS-10] Starting hardware synthesis ...
@I [HLS-10] Synthesizing 'SHA1ProcessMessageBlock' ...
@I [HLS-10] ----------------------------------------------------------------
@I [HLS-10] -- Scheduling module 'SHA1ProcessMessageBlock_SHA1CircularShift' 
@I [HLS-10] ----------------------------------------------------------------
@I [SCHED-11] Starting scheduling ...
@I [SCHED-61] Pipelining function 'SHA1ProcessMessageBlock_SHA1CircularShift'.
@I [SCHED-61] Pipelining result: Target II: 4, Final II: 1, Depth: 1.
@I [SCHED-11] Finished scheduling.
@I [HLS-111] Elapsed time: 4.50775 seconds; current memory usage: 84.3 MB.
@I [HLS-10] ----------------------------------------------------------------
@I [HLS-10] -- Exploring micro-architecture for module 'SHA1ProcessMessageBlock_SHA1CircularShift' 
@I [HLS-10] ----------------------------------------------------------------
@I [BIND-100] Starting micro-architecture generation ...
@I [BIND-101] Performing variable lifetime analysis.
@I [BIND-101] Exploring resource sharing.
@I [BIND-101] Binding ...
@I [BIND-100] Finished micro-architecture generation.
@I [HLS-111] Elapsed time: 0.035552 seconds; current memory usage: 84.4 MB.
@I [HLS-10] ----------------------------------------------------------------
@I [HLS-10] -- Scheduling module 'SHA1ProcessMessageBlock_Swapping' 
@I [HLS-10] ----------------------------------------------------------------
@I [SCHED-11] Starting scheduling ...
@I [SCHED-61] Pipelining function 'SHA1ProcessMessageBlock_Swapping'.
@I [SCHED-61] Pipelining result: Target II: 4, Final II: 1, Depth: 1.
@I [SCHED-11] Finished scheduling.
@I [HLS-111] Elapsed time: 0.073755 seconds; current memory usage: 84.5 MB.
@I [HLS-10] ----------------------------------------------------------------
@I [HLS-10] -- Exploring micro-architecture for module 'SHA1ProcessMessageBlock_Swapping' 
@I [HLS-10] ----------------------------------------------------------------
@I [BIND-100] Starting micro-architecture generation ...
@I [BIND-101] Performing variable lifetime analysis.
@I [BIND-101] Exploring resource sharing.
@I [BIND-101] Binding ...
@I [BIND-100] Finished micro-architecture generation.
@I [HLS-111] Elapsed time: 0.036798 seconds; current memory usage: 84.5 MB.
@I [HLS-10] ----------------------------------------------------------------
@I [HLS-10] -- Scheduling module 'SHA1ProcessMessageBlock' 
@I [HLS-10] ----------------------------------------------------------------
@I [SCHED-11] Starting scheduling ...
@I [SCHED-61] Pipelining function 'SHA1ProcessMessageBlock'.
@W [SCHED-69] Unable to schedule 'load' operation ('context_Message_Block_load', sha1_hls/sha1.c:56) on array 'context_Message_Block' due to limited memory ports.
@I [SCHED-61] Pipelining result: Target II: 4, Final II: 166, Depth: 166.
@I [SCHED-11] Finished scheduling.
@I [HLS-111] Elapsed time: 152.209 seconds; current memory usage: 89.2 MB.
@I [HLS-10] ----------------------------------------------------------------
@I [HLS-10] -- Exploring micro-architecture for module 'SHA1ProcessMessageBlock' 
@I [HLS-10] ----------------------------------------------------------------
@I [BIND-100] Starting micro-architecture generation ...
@I [BIND-101] Performing variable lifetime analysis.
@I [BIND-101] Exploring resource sharing.
@I [BIND-101] Binding ...
@I [BIND-100] Finished micro-architecture generation.
@I [HLS-111] Elapsed time: 6.19336 seconds; current memory usage: 93.4 MB.
@I [HLS-10] ----------------------------------------------------------------
@I [HLS-10] -- Generating RTL for module 'SHA1ProcessMessageBlock_SHA1CircularShift' 
@I [HLS-10] ----------------------------------------------------------------
@I [RTGEN-100] Finished creating RTL model for 'SHA1ProcessMessageBlock_SHA1CircularShift'.
@I [HLS-111] Elapsed time: 2.54207 seconds; current memory usage: 93.6 MB.
@I [HLS-10] ----------------------------------------------------------------
@I [HLS-10] -- Generating RTL for module 'SHA1ProcessMessageBlock_Swapping' 
@I [HLS-10] ----------------------------------------------------------------
@I [RTGEN-100] Finished creating RTL model for 'SHA1ProcessMessageBlock_Swapping'.
@I [HLS-111] Elapsed time: 0.169758 seconds; current memory usage: 94 MB.
@I [HLS-10] ----------------------------------------------------------------
@I [HLS-10] -- Generating RTL for module 'SHA1ProcessMessageBlock' 
@I [HLS-10] ----------------------------------------------------------------
@I [RTGEN-500] Setting interface mode on port 'SHA1ProcessMessageBlock/context_Intermediate_Hash' to 'ap_memory'.
@I [RTGEN-500] Setting interface mode on port 'SHA1ProcessMessageBlock/context_Message_Block_Index' to 'ap_vld'.
@I [RTGEN-500] Setting interface mode on port 'SHA1ProcessMessageBlock/context_Message_Block' to 'ap_memory'.
@I [RTGEN-500] Setting interface mode on function 'SHA1ProcessMessageBlock' to 'ap_ctrl_hs'.
@I [RTGEN-100] Finished creating RTL model for 'SHA1ProcessMessageBlock'.
@I [HLS-111] Elapsed time: 5.29219 seconds; current memory usage: 100 MB.
@I [RTMG-278] Implementing memory 'SHA1ProcessMessageBlock_W_ram' using block RAMs.
@I [HLS-10] Finished generating all RTL models.
@I [SYSC-301] Generating SystemC RTL for SHA1ProcessMessageBlock.
@I [VHDL-304] Generating VHDL RTL for SHA1ProcessMessageBlock.
@I [VLOG-307] Generating Verilog RTL for SHA1ProcessMessageBlock.
@I [HLS-112] Total elapsed time: 228.713 seconds; peak memory usage: 100 MB.
