==============================================================
File generated by Vivado(TM) HLS - High-Level Synthesis from C, C++ and SystemC
Version: 2016.1
Copyright (C) 1986-2016 Xilinx, Inc. All Rights Reserved.

==============================================================

@I [SYN-201] Setting up clock 'default' with a period of 10ns.
@I [HLS-10] Setting target device to 'xc7z020clg484-1'
@I [HLS-10] Analyzing design file 'sha1_hls/sha1.c' ... 
@I [HLS-10] Analyzing design file 'sha1_hls/sha1_original.c' ... 
@I [HLS-10] Validating synthesis directives ...
@I [HLS-10] Starting code transformations ...
@I [XFORM-603] Inlining function 'SHA1CircularShift' into 'SHA1ProcessMessageBlock' (sha1_hls/sha1.c:92).
@I [XFORM-603] Inlining function 'SHA1CircularShift' into 'SHA1ProcessMessageBlock' (sha1_hls/sha1.c:86).
@I [XFORM-603] Inlining function 'SHA1CircularShift' into 'SHA1ProcessMessageBlock' (sha1_hls/sha1.c:80).
@I [XFORM-603] Inlining function 'SHA1CircularShift' into 'SHA1ProcessMessageBlock' (sha1_hls/sha1.c:74).
@I [XFORM-603] Inlining function 'SHA1CircularShift' into 'SHA1ProcessMessageBlock' (sha1_hls/sha1.c:63).
@I [XFORM-603] Inlining function 'SHA1CircularShift' into 'Swapping' (sha1_hls/sha1.c:10).
@I [XFORM-603] Inlining function 'Swapping' into 'SHA1ProcessMessageBlock' (sha1_hls/sha1.c:94).
@I [XFORM-603] Inlining function 'Swapping' into 'SHA1ProcessMessageBlock' (sha1_hls/sha1.c:88).
@I [XFORM-603] Inlining function 'Swapping' into 'SHA1ProcessMessageBlock' (sha1_hls/sha1.c:82).
@I [XFORM-603] Inlining function 'Swapping' into 'SHA1ProcessMessageBlock' (sha1_hls/sha1.c:76).
@I [HLS-10] Checking synthesizability ...
@I [XFORM-1101] Packing variable 'context' (sha1_hls/sha1.c:37) into a 688-bit variable.
@I [XFORM-501] Unrolling loop 'loop1' (sha1_hls/sha1.c:54) in function 'SHA1ProcessMessageBlock' completely.
@I [XFORM-501] Unrolling loop 'loop2' (sha1_hls/sha1.c:62) in function 'SHA1ProcessMessageBlock' completely.
@I [XFORM-501] Unrolling loop 'loop3' (sha1_hls/sha1.c:73) in function 'SHA1ProcessMessageBlock' completely.
@I [XFORM-501] Unrolling loop 'loop4' (sha1_hls/sha1.c:79) in function 'SHA1ProcessMessageBlock' completely.
@I [XFORM-501] Unrolling loop 'loop5' (sha1_hls/sha1.c:85) in function 'SHA1ProcessMessageBlock' completely.
@I [XFORM-501] Unrolling loop 'loop6' (sha1_hls/sha1.c:91) in function 'SHA1ProcessMessageBlock' completely.
@I [XFORM-101] Partitioning array 'W' (sha1_hls/sha1.c:47) in dimension 1 completely.
@I [XFORM-11] Balancing expressions in function 'SHA1ProcessMessageBlock' (sha1_hls/sha1.c:37)...750 expression(s) balanced.
@I [HLS-111] Elapsed time: 58.1419 seconds; current memory usage: 66.3 MB.
@I [HLS-10] Starting hardware synthesis ...
@I [HLS-10] Synthesizing 'SHA1ProcessMessageBlock' ...
@I [HLS-10] ----------------------------------------------------------------
@I [HLS-10] -- Scheduling module 'SHA1ProcessMessageBlock' 
@I [HLS-10] ----------------------------------------------------------------
@I [SCHED-11] Starting scheduling ...
@I [SCHED-11] Finished scheduling.
@I [HLS-111] Elapsed time: 4.25466 seconds; current memory usage: 70.6 MB.
@I [HLS-10] ----------------------------------------------------------------
@I [HLS-10] -- Exploring micro-architecture for module 'SHA1ProcessMessageBlock' 
@I [HLS-10] ----------------------------------------------------------------
@I [BIND-100] Starting micro-architecture generation ...
@I [BIND-101] Performing variable lifetime analysis.
@I [BIND-101] Exploring resource sharing.
@I [BIND-101] Binding ...
@I [BIND-100] Finished micro-architecture generation.
@I [HLS-111] Elapsed time: 4.21973 seconds; current memory usage: 76.8 MB.
@I [HLS-10] ----------------------------------------------------------------
@I [HLS-10] -- Generating RTL for module 'SHA1ProcessMessageBlock' 
@I [HLS-10] ----------------------------------------------------------------
@I [RTGEN-500] Setting interface mode on port 'SHA1ProcessMessageBlock/context' to 'ap_ovld'.
@I [RTGEN-500] Setting interface mode on function 'SHA1ProcessMessageBlock' to 'ap_ctrl_hs'.
@I [RTGEN-100] Finished creating RTL model for 'SHA1ProcessMessageBlock'.
@I [HLS-111] Elapsed time: 5.63402 seconds; current memory usage: 86.8 MB.
@I [HLS-10] Finished generating all RTL models.
@I [SYSC-301] Generating SystemC RTL for SHA1ProcessMessageBlock.
@I [VHDL-304] Generating VHDL RTL for SHA1ProcessMessageBlock.
@I [VLOG-307] Generating Verilog RTL for SHA1ProcessMessageBlock.
@I [HLS-112] Total elapsed time: 99.965 seconds; peak memory usage: 86.8 MB.
