

================================================================
== Vivado HLS Report for 'SHA1ProcessMessageBlock'
================================================================
* Date:           Tue Sep 13 00:41:01 2016

* Version:        2016.1 (Build 1538259 on Fri Apr 08 16:12:49 MDT 2016)
* Project:        sha1_hls
* Solution:       dataflow_inline_stream
* Product family: zynq
* Target device:  xc7z020clg484-1


================================================================
== Performance Estimates
================================================================
+ Timing (ns): 
    * Summary: 
    +--------+-------+----------+------------+
    |  Clock | Target| Estimated| Uncertainty|
    +--------+-------+----------+------------+
    |ap_clk  |  10.00|      7.28|        1.25|
    +--------+-------+----------+------------+

+ Latency (clock cycles): 
    * Summary: 
    +-----+-----+-----+-----+----------+
    |  Latency  |  Interval | Pipeline |
    | min | max | min | max |   Type   |
    +-----+-----+-----+-----+----------+
    |  412|  412|  243|  243| dataflow |
    +-----+-----+-----+-----+----------+

    + Detail: 
        * Instance: 
        +---------------------------------------------------+-----------------------------------------+-----+-----+-----+-----+---------+
        |                                                   |                                         |  Latency  |  Interval | Pipeline|
        |                      Instance                     |                  Module                 | min | max | min | max |   Type  |
        +---------------------------------------------------+-----------------------------------------+-----+-----+-----+-----+---------+
        |grp_SHA1ProcessMessageBlock_Loop_loop1_proc_fu_37  |SHA1ProcessMessageBlock_Loop_loop1_proc  |  242|  242|  242|  242|   none  |
        |grp_SHA1ProcessMessageBlock_Block_proc_fu_28       |SHA1ProcessMessageBlock_Block_proc       |  169|  169|  169|  169|   none  |
        +---------------------------------------------------+-----------------------------------------+-----+-----+-----+-----+---------+

        * Loop: 
        N/A



================================================================
== Utilization Estimates
================================================================
* Summary: 
+-----------------+---------+-------+--------+-------+
|       Name      | BRAM_18K| DSP48E|   FF   |  LUT  |
+-----------------+---------+-------+--------+-------+
|DSP              |        -|      -|       -|      -|
|Expression       |        -|      -|       0|      1|
|FIFO             |        -|      -|       -|      -|
|Instance         |        -|      -|    1060|   2086|
|Memory           |        4|      -|       0|      0|
|Multiplexer      |        -|      -|       -|      6|
|Register         |        -|      -|       2|      -|
+-----------------+---------+-------+--------+-------+
|Total            |        4|      0|    1062|   2093|
+-----------------+---------+-------+--------+-------+
|Available        |      280|    220|  106400|  53200|
+-----------------+---------+-------+--------+-------+
|Utilization (%)  |        1|      0|   ~0   |      3|
+-----------------+---------+-------+--------+-------+

+ Detail: 
    * Instance: 
    +--------------------------------------------+-----------------------------------------+---------+-------+-----+------+
    |                  Instance                  |                  Module                 | BRAM_18K| DSP48E|  FF |  LUT |
    +--------------------------------------------+-----------------------------------------+---------+-------+-----+------+
    |SHA1ProcessMessageBlock_Block_proc_U0       |SHA1ProcessMessageBlock_Block_proc       |        0|      0|  948|  1820|
    |SHA1ProcessMessageBlock_Loop_loop1_proc_U0  |SHA1ProcessMessageBlock_Loop_loop1_proc  |        0|      0|  112|   266|
    +--------------------------------------------+-----------------------------------------+---------+-------+-----+------+
    |Total                                       |                                         |        0|      0| 1060|  2086|
    +--------------------------------------------+-----------------------------------------+---------+-------+-----+------+

    * DSP48: 
    N/A

    * Memory: 
    +-------+---------------------------+---------+---+----+------+-----+------+-------------+
    | Memory|           Module          | BRAM_18K| FF| LUT| Words| Bits| Banks| W*Bits*Banks|
    +-------+---------------------------+---------+---+----+------+-----+------+-------------+
    |W_U    |SHA1ProcessMessageBlock_W  |        4|  0|   0|    80|   32|     2|         5120|
    +-------+---------------------------+---------+---+----+------+-----+------+-------------+
    |Total  |                           |        4|  0|   0|    80|   32|     2|         5120|
    +-------+---------------------------+---------+---+----+------+-----+------+-------------+

    * FIFO: 
    N/A

    * Expression: 
    +------------------------------------------------+----------+-------+---+----+------------+------------+
    |                  Variable Name                 | Operation| DSP48E| FF| LUT| Bitwidth P0| Bitwidth P1|
    +------------------------------------------------+----------+-------+---+----+------------+------------+
    |SHA1ProcessMessageBlock_Block_proc_U0_ap_start  |    and   |      0|  0|   1|           1|           1|
    +------------------------------------------------+----------+-------+---+----+------------+------------+
    |Total                                           |          |      0|  0|   1|           1|           1|
    +------------------------------------------------+----------+-------+---+----+------------+------------+

    * Multiplexer: 
    +------------------------------------------------------------+----+-----------+-----+-----------+
    |                            Name                            | LUT| Input Size| Bits| Total Bits|
    +------------------------------------------------------------+----+-----------+-----+-----------+
    |ap_reg_SHA1ProcessMessageBlock_Block_proc_U0_ap_ready       |   1|          2|    1|          2|
    |ap_reg_SHA1ProcessMessageBlock_Loop_loop1_proc_U0_ap_ready  |   1|          2|    1|          2|
    |ap_sig_SHA1ProcessMessageBlock_Block_proc_U0_ap_ready       |   1|          2|    1|          2|
    |ap_sig_SHA1ProcessMessageBlock_Block_proc_U0_ap_start       |   1|          2|    1|          2|
    |ap_sig_SHA1ProcessMessageBlock_Loop_loop1_proc_U0_ap_ready  |   1|          2|    1|          2|
    |ap_sig_SHA1ProcessMessageBlock_Loop_loop1_proc_U0_ap_start  |   1|          2|    1|          2|
    +------------------------------------------------------------+----+-----------+-----+-----------+
    |Total                                                       |   6|         12|    6|         12|
    +------------------------------------------------------------+----+-----------+-----+-----------+

    * Register: 
    +------------------------------------------------------------+---+----+-----+-----------+
    |                            Name                            | FF| LUT| Bits| Const Bits|
    +------------------------------------------------------------+---+----+-----+-----------+
    |ap_reg_SHA1ProcessMessageBlock_Block_proc_U0_ap_ready       |  1|   0|    1|          0|
    |ap_reg_SHA1ProcessMessageBlock_Loop_loop1_proc_U0_ap_ready  |  1|   0|    1|          0|
    +------------------------------------------------------------+---+----+-----+-----------+
    |Total                                                       |  2|   0|    2|          0|
    +------------------------------------------------------------+---+----+-----+-----------+



================================================================
== Interface
================================================================
* Summary: 
+------------------------------------+-----+-----+------------+-----------------------------+--------------+
|              RTL Ports             | Dir | Bits|  Protocol  |        Source Object        |    C Type    |
+------------------------------------+-----+-----+------------+-----------------------------+--------------+
|ap_clk                              |  in |    1| ap_ctrl_hs |   SHA1ProcessMessageBlock   | return value |
|ap_rst                              |  in |    1| ap_ctrl_hs |   SHA1ProcessMessageBlock   | return value |
|ap_done                             | out |    1| ap_ctrl_hs |   SHA1ProcessMessageBlock   | return value |
|ap_start                            |  in |    1| ap_ctrl_hs |   SHA1ProcessMessageBlock   | return value |
|ap_ready                            | out |    1| ap_ctrl_hs |   SHA1ProcessMessageBlock   | return value |
|ap_idle                             | out |    1| ap_ctrl_hs |   SHA1ProcessMessageBlock   | return value |
|context_Intermediate_Hash_address0  | out |    3|  ap_memory |  context_Intermediate_Hash  |     array    |
|context_Intermediate_Hash_ce0       | out |    1|  ap_memory |  context_Intermediate_Hash  |     array    |
|context_Intermediate_Hash_d0        | out |   32|  ap_memory |  context_Intermediate_Hash  |     array    |
|context_Intermediate_Hash_q0        |  in |   32|  ap_memory |  context_Intermediate_Hash  |     array    |
|context_Intermediate_Hash_we0       | out |    1|  ap_memory |  context_Intermediate_Hash  |     array    |
|context_Intermediate_Hash_address1  | out |    3|  ap_memory |  context_Intermediate_Hash  |     array    |
|context_Intermediate_Hash_ce1       | out |    1|  ap_memory |  context_Intermediate_Hash  |     array    |
|context_Intermediate_Hash_d1        | out |   32|  ap_memory |  context_Intermediate_Hash  |     array    |
|context_Intermediate_Hash_q1        |  in |   32|  ap_memory |  context_Intermediate_Hash  |     array    |
|context_Intermediate_Hash_we1       | out |    1|  ap_memory |  context_Intermediate_Hash  |     array    |
|context_Message_Block_Index         | out |   16|   ap_vld   | context_Message_Block_Index |    pointer   |
|context_Message_Block_Index_ap_vld  | out |    1|   ap_vld   | context_Message_Block_Index |    pointer   |
|context_Message_Block_address0      | out |    6|  ap_memory |    context_Message_Block    |     array    |
|context_Message_Block_ce0           | out |    1|  ap_memory |    context_Message_Block    |     array    |
|context_Message_Block_d0            | out |    8|  ap_memory |    context_Message_Block    |     array    |
|context_Message_Block_q0            |  in |    8|  ap_memory |    context_Message_Block    |     array    |
|context_Message_Block_we0           | out |    1|  ap_memory |    context_Message_Block    |     array    |
|context_Message_Block_address1      | out |    6|  ap_memory |    context_Message_Block    |     array    |
|context_Message_Block_ce1           | out |    1|  ap_memory |    context_Message_Block    |     array    |
|context_Message_Block_d1            | out |    8|  ap_memory |    context_Message_Block    |     array    |
|context_Message_Block_q1            |  in |    8|  ap_memory |    context_Message_Block    |     array    |
|context_Message_Block_we1           | out |    1|  ap_memory |    context_Message_Block    |     array    |
+------------------------------------+-----+-----+------------+-----------------------------+--------------+

